@Sonygps/ver3.0/wgs-84/
$GPGGA,102002.000,5321.1526,N,00113.1072,W,1,0,,76.0,M,,M,,*7C
$GPRMC,102002.000,A,5321.1526,N,00113.1072,W,0.000,0.00,031112,,A*63
$GPGGA,102017.000,5321.1530,N,00113.1070,W,1,0,,76.0,M,,M,,*7D
$GPRMC,102017.000,A,5321.1530,N,00113.1070,W,0.000,0.00,031112,,A*62
$GPGGA,102032.000,5321.1535,N,00113.1060,W,1,0,,76.0,M,,M,,*7E
$GPRMC,102032.000,A,5321.1535,N,00113.1060,W,0.000,0.00,031112,,A*61
$GPGGA,102048.000,5321.1535,N,00113.1113,W,1,0,,76.0,M,,M,,*76
$GPRMC,102048.000,A,5321.1535,N,00113.1113,W,0.000,0.00,031112,,A*69
$GPGGA,102103.000,5321.1505,N,00113.1114,W,1,0,,76.0,M,,M,,*7C
$GPRMC,102103.000,A,5321.1505,N,00113.1114,W,0.000,0.00,031112,,A*63
$GPGGA,102118.000,5321.1526,N,00113.1091,W,1,0,,76.0,M,,M,,*7B
$GPRMC,102118.000,A,5321.1526,N,00113.1091,W,0.000,0.00,031112,,A*64
$GPGGA,102133.000,5321.1469,N,00113.1067,W,1,0,,76.0,M,,M,,*71
$GPRMC,102133.000,A,5321.1469,N,00113.1067,W,0.000,0.00,031112,,A*6E
$GPGGA,102153.000,5321.1322,N,00113.0931,W,1,0,,77.0,M,,M,,*75
$GPRMC,102153.000,A,5321.1322,N,00113.0931,W,0.000,0.00,031112,,A*6B
$GPGGA,102208.000,5321.1226,N,00113.0895,W,1,0,,76.0,M,,M,,*73
$GPRMC,102208.000,A,5321.1226,N,00113.0895,W,0.000,0.00,031112,,A*6C
$GPGGA,102223.000,5321.1187,N,00113.0871,W,1,0,,76.0,M,,M,,*78
$GPRMC,102223.000,A,5321.1187,N,00113.0871,W,0.000,0.00,031112,,A*67
$GPGGA,102239.000,5321.1091,N,00113.0819,W,1,0,,76.0,M,,M,,*7B
$GPRMC,102239.000,A,5321.1091,N,00113.0819,W,0.000,0.00,031112,,A*64
$GPGGA,102254.000,5321.0979,N,00113.0764,W,1,0,,76.0,M,,M,,*7B
$GPRMC,102254.000,A,5321.0979,N,00113.0764,W,0.000,0.00,031112,,A*64
$GPGGA,102309.000,5321.0844,N,00113.0648,W,1,0,,76.0,M,,M,,*72
$GPRMC,102309.000,A,5321.0844,N,00113.0648,W,0.000,0.00,031112,,A*6D
$GPGGA,102324.000,5321.0796,N,00113.0569,W,1,0,,76.0,M,,M,,*7D
$GPRMC,102324.000,A,5321.0796,N,00113.0569,W,0.000,0.00,031112,,A*62
$GPGGA,102340.000,5321.0757,N,00113.0483,W,1,0,,76.0,M,,M,,*77
$GPRMC,102340.000,A,5321.0757,N,00113.0483,W,0.000,0.00,031112,,A*68
$GPGGA,102355.000,5321.0736,N,00113.0449,W,1,0,,76.0,M,,M,,*72
$GPRMC,102355.000,A,5321.0736,N,00113.0449,W,0.000,0.00,031112,,A*6D
$GPGGA,102412.000,5321.0633,N,00113.0334,W,1,0,,76.0,M,,M,,*7F
$GPRMC,102412.000,A,5321.0633,N,00113.0334,W,0.000,0.00,031112,,A*60
$GPGGA,102427.000,5321.0553,N,00113.0207,W,1,0,,76.0,M,,M,,*7D
$GPRMC,102427.000,A,5321.0553,N,00113.0207,W,0.000,0.00,031112,,A*62
$GPGGA,102442.000,5321.0464,N,00113.0097,W,1,0,,75.0,M,,M,,*73
$GPRMC,102442.000,A,5321.0464,N,00113.0097,W,0.000,0.00,031112,,A*6F
$GPGGA,102458.000,5321.0354,N,00112.9949,W,1,0,,75.0,M,,M,,*7E
$GPRMC,102458.000,A,5321.0354,N,00112.9949,W,0.000,0.00,031112,,A*62
$GPGGA,102513.000,5321.0260,N,00112.9822,W,1,0,,75.0,M,,M,,*7A
$GPRMC,102513.000,A,5321.0260,N,00112.9822,W,0.000,0.00,031112,,A*66
$GPGGA,102528.000,5321.0187,N,00112.9746,W,1,0,,75.0,M,,M,,*75
$GPRMC,102528.000,A,5321.0187,N,00112.9746,W,0.000,0.00,031112,,A*69
$GPGGA,102543.000,5321.0059,N,00112.9687,W,1,0,,75.0,M,,M,,*76
$GPRMC,102543.000,A,5321.0059,N,00112.9687,W,0.000,0.00,031112,,A*6A
$GPGGA,102559.000,5320.9962,N,00112.9602,W,1,0,,75.0,M,,M,,*79
$GPRMC,102559.000,A,5320.9962,N,00112.9602,W,0.000,0.00,031112,,A*65
$GPGGA,102617.000,5320.9869,N,00112.9452,W,1,0,,75.0,M,,M,,*7D
$GPRMC,102617.000,A,5320.9869,N,00112.9452,W,0.000,0.00,031112,,A*61
$GPGGA,102632.000,5320.9789,N,00112.9363,W,1,0,,75.0,M,,M,,*7E
$GPRMC,102632.000,A,5320.9789,N,00112.9363,W,0.000,0.00,031112,,A*62
$GPGGA,102647.000,5320.9681,N,00112.9164,W,1,0,,75.0,M,,M,,*70
$GPRMC,102647.000,A,5320.9681,N,00112.9164,W,0.000,0.00,031112,,A*6C
$GPGGA,102704.000,5320.9592,N,00112.9022,W,1,0,,75.0,M,,M,,*74
$GPRMC,102704.000,A,5320.9592,N,00112.9022,W,0.000,0.00,031112,,A*68
$GPGGA,102719.000,5320.9544,N,00112.8727,W,1,0,,75.0,M,,M,,*70
$GPRMC,102719.000,A,5320.9544,N,00112.8727,W,0.000,0.00,031112,,A*6C
$GPGGA,102734.000,5320.9496,N,00112.8587,W,1,0,,75.0,M,,M,,*79
$GPRMC,102734.000,A,5320.9496,N,00112.8587,W,0.000,0.00,031112,,A*65
$GPGGA,102749.000,5320.9409,N,00112.8487,W,1,0,,75.0,M,,M,,*74
$GPRMC,102749.000,A,5320.9409,N,00112.8487,W,0.000,0.00,031112,,A*68
$GPGGA,102805.000,5320.9331,N,00112.8388,W,1,0,,75.0,M,,M,,*77
$GPRMC,102805.000,A,5320.9331,N,00112.8388,W,0.000,0.00,031112,,A*6B
$GPGGA,102820.000,5320.9241,N,00112.8219,W,1,0,,75.0,M,,M,,*7F
$GPRMC,102820.000,A,5320.9241,N,00112.8219,W,0.000,0.00,031112,,A*63
$GPGGA,102835.000,5320.9177,N,00112.8069,W,1,0,,75.0,M,,M,,*78
$GPRMC,102835.000,A,5320.9177,N,00112.8069,W,0.000,0.00,031112,,A*64
$GPGGA,102850.000,5320.9134,N,00112.7954,W,1,0,,75.0,M,,M,,*74
$GPRMC,102850.000,A,5320.9134,N,00112.7954,W,0.000,0.00,031112,,A*68
$GPGGA,102905.000,5320.9058,N,00112.7709,W,1,0,,75.0,M,,M,,*78
$GPRMC,102905.000,A,5320.9058,N,00112.7709,W,0.000,0.00,031112,,A*64
$GPGGA,102920.000,5320.9015,N,00112.7547,W,1,0,,75.0,M,,M,,*7E
$GPRMC,102920.000,A,5320.9015,N,00112.7547,W,0.000,0.00,031112,,A*62
$GPGGA,102935.000,5320.8923,N,00112.7379,W,1,0,,75.0,M,,M,,*7C
$GPRMC,102935.000,A,5320.8923,N,00112.7379,W,0.000,0.00,031112,,A*60
$GPGGA,102951.000,5320.8866,N,00112.7218,W,1,0,,75.0,M,,M,,*78
$GPRMC,102951.000,A,5320.8866,N,00112.7218,W,0.000,0.00,031112,,A*64
$GPGGA,103006.000,5320.8829,N,00112.7185,W,1,0,,75.0,M,,M,,*7E
$GPRMC,103006.000,A,5320.8829,N,00112.7185,W,0.000,0.00,031112,,A*62
$GPGGA,103021.000,5320.8784,N,00112.7167,W,1,0,,75.0,M,,M,,*7F
$GPRMC,103021.000,A,5320.8784,N,00112.7167,W,0.000,0.00,031112,,A*63
$GPGGA,103037.000,5320.8759,N,00112.7084,W,1,0,,75.0,M,,M,,*74
$GPRMC,103037.000,A,5320.8759,N,00112.7084,W,0.000,0.00,031112,,A*68
$GPGGA,103052.000,5320.8701,N,00112.7002,W,1,0,,75.0,M,,M,,*74
$GPRMC,103052.000,A,5320.8701,N,00112.7002,W,0.000,0.00,031112,,A*68
$GPGGA,103107.000,5320.8626,N,00112.6962,W,1,0,,75.0,M,,M,,*7F
$GPRMC,103107.000,A,5320.8626,N,00112.6962,W,0.000,0.00,031112,,A*63
$GPGGA,103124.000,5320.8564,N,00112.6833,W,1,0,,75.0,M,,M,,*7E
$GPRMC,103124.000,A,5320.8564,N,00112.6833,W,0.000,0.00,031112,,A*62
$GPGGA,103139.000,5320.8399,N,00112.6562,W,1,0,,75.0,M,,M,,*7F
$GPRMC,103139.000,A,5320.8399,N,00112.6562,W,0.000,0.00,031112,,A*63
$GPGGA,103154.000,5320.8340,N,00112.6522,W,1,0,,74.0,M,,M,,*75
$GPRMC,103154.000,A,5320.8340,N,00112.6522,W,0.000,0.00,031112,,A*68
$GPGGA,103209.000,5320.8296,N,00112.6438,W,1,0,,74.0,M,,M,,*7E
$GPRMC,103209.000,A,5320.8296,N,00112.6438,W,0.000,0.00,031112,,A*63
$GPGGA,103224.000,5320.8202,N,00112.6367,W,1,0,,74.0,M,,M,,*71
$GPRMC,103224.000,A,5320.8202,N,00112.6367,W,0.000,0.00,031112,,A*6C
$GPGGA,103239.000,5320.8120,N,00112.6258,W,1,0,,74.0,M,,M,,*73
$GPRMC,103239.000,A,5320.8120,N,00112.6258,W,0.000,0.00,031112,,A*6E
$GPGGA,103254.000,5320.8038,N,00112.6044,W,1,0,,74.0,M,,M,,*7F
$GPRMC,103254.000,A,5320.8038,N,00112.6044,W,0.000,0.00,031112,,A*62
$GPGGA,103310.000,5320.7925,N,00112.5900,W,1,0,,74.0,M,,M,,*7E
$GPRMC,103310.000,A,5320.7925,N,00112.5900,W,0.000,0.00,031112,,A*63
$GPGGA,103325.000,5320.7845,N,00112.5840,W,1,0,,74.0,M,,M,,*7A
$GPRMC,103325.000,A,5320.7845,N,00112.5840,W,0.000,0.00,031112,,A*67
$GPGGA,103341.000,5320.7735,N,00112.5652,W,1,0,,74.0,M,,M,,*7D
$GPRMC,103341.000,A,5320.7735,N,00112.5652,W,0.000,0.00,031112,,A*60
$GPGGA,103358.000,5320.7747,N,00112.5702,W,1,0,,74.0,M,,M,,*74
$GPRMC,103358.000,A,5320.7747,N,00112.5702,W,0.000,0.00,031112,,A*69
$GPGGA,103414.000,5320.7887,N,00112.5826,W,1,0,,74.0,M,,M,,*71
$GPRMC,103414.000,A,5320.7887,N,00112.5826,W,0.000,0.00,031112,,A*6C
$GPGGA,103429.000,5320.8010,N,00112.5877,W,1,0,,74.0,M,,M,,*72
$GPRMC,103429.000,A,5320.8010,N,00112.5877,W,0.000,0.00,031112,,A*6F
$GPGGA,103444.000,5320.8008,N,00112.5973,W,1,0,,74.0,M,,M,,*75
$GPRMC,103444.000,A,5320.8008,N,00112.5973,W,0.000,0.00,031112,,A*68
$GPGGA,103500.000,5320.8026,N,00112.6103,W,1,0,,74.0,M,,M,,*74
$GPRMC,103500.000,A,5320.8026,N,00112.6103,W,0.000,0.00,031112,,A*69
$GPGGA,103515.000,5320.8118,N,00112.6197,W,1,0,,74.0,M,,M,,*71
$GPRMC,103515.000,A,5320.8118,N,00112.6197,W,0.000,0.00,031112,,A*6C
$GPGGA,103530.000,5320.8292,N,00112.6369,W,1,0,,74.0,M,,M,,*74
$GPRMC,103530.000,A,5320.8292,N,00112.6369,W,0.000,0.00,031112,,A*69
$GPGGA,103546.000,5320.8308,N,00112.6319,W,1,0,,74.0,M,,M,,*70
$GPRMC,103546.000,A,5320.8308,N,00112.6319,W,0.000,0.00,031112,,A*6D
$GPGGA,103601.000,5320.8319,N,00112.6281,W,1,0,,74.0,M,,M,,*70
$GPRMC,103601.000,A,5320.8319,N,00112.6281,W,0.000,0.00,031112,,A*6D
$GPGGA,103616.000,5320.8315,N,00112.6202,W,1,0,,74.0,M,,M,,*71
$GPRMC,103616.000,A,5320.8315,N,00112.6202,W,0.000,0.00,031112,,A*6C
$GPGGA,103631.000,5320.8353,N,00112.6127,W,1,0,,74.0,M,,M,,*72
$GPRMC,103631.000,A,5320.8353,N,00112.6127,W,0.000,0.00,031112,,A*6F
$GPGGA,103646.000,5320.8411,N,00112.6042,W,1,0,,74.0,M,,M,,*71
$GPRMC,103646.000,A,5320.8411,N,00112.6042,W,0.000,0.00,031112,,A*6C
$GPGGA,103701.000,5320.8443,N,00112.5931,W,1,0,,74.0,M,,M,,*7A
$GPRMC,103701.000,A,5320.8443,N,00112.5931,W,0.000,0.00,031112,,A*67
$GPGGA,103716.000,5320.8408,N,00112.5923,W,1,0,,74.0,M,,M,,*70
$GPRMC,103716.000,A,5320.8408,N,00112.5923,W,0.000,0.00,031112,,A*6D
$GPGGA,103732.000,5320.8289,N,00112.5815,W,1,0,,74.0,M,,M,,*7D
$GPRMC,103732.000,A,5320.8289,N,00112.5815,W,0.000,0.00,031112,,A*60
$GPGGA,103748.000,5320.8218,N,00112.5656,W,1,0,,74.0,M,,M,,*71
$GPRMC,103748.000,A,5320.8218,N,00112.5656,W,0.000,0.00,031112,,A*6C
$GPGGA,103803.000,5320.8138,N,00112.5487,W,1,0,,74.0,M,,M,,*7E
$GPRMC,103803.000,A,5320.8138,N,00112.5487,W,0.000,0.00,031112,,A*63
$GPGGA,103818.000,5320.8038,N,00112.5315,W,1,0,,74.0,M,,M,,*79
$GPRMC,103818.000,A,5320.8038,N,00112.5315,W,0.000,0.00,031112,,A*64
$GPGGA,103834.000,5320.7953,N,00112.5153,W,1,0,,74.0,M,,M,,*7C
$GPRMC,103834.000,A,5320.7953,N,00112.5153,W,0.000,0.00,031112,,A*61
$GPGGA,103849.000,5320.7884,N,00112.4991,W,1,0,,74.0,M,,M,,*7A
$GPRMC,103849.000,A,5320.7884,N,00112.4991,W,0.000,0.00,031112,,A*67
$GPGGA,103904.000,5320.7829,N,00112.4937,W,1,0,,74.0,M,,M,,*79
$GPRMC,103904.000,A,5320.7829,N,00112.4937,W,0.000,0.00,031112,,A*64
$GPGGA,103919.000,5320.7779,N,00112.4924,W,1,0,,74.0,M,,M,,*7D
$GPRMC,103919.000,A,5320.7779,N,00112.4924,W,0.000,0.00,031112,,A*60
$GPGGA,103935.000,5320.7697,N,00112.4879,W,1,0,,74.0,M,,M,,*7B
$GPRMC,103935.000,A,5320.7697,N,00112.4879,W,0.000,0.00,031112,,A*66
$GPGGA,104003.000,5320.7651,N,00112.4784,W,1,0,,74.0,M,,M,,*77
$GPRMC,104003.000,A,5320.7651,N,00112.4784,W,0.000,0.00,031112,,A*6A
$GPGGA,104018.000,5320.7596,N,00112.4728,W,1,0,,74.0,M,,M,,*73
$GPRMC,104018.000,A,5320.7596,N,00112.4728,W,0.000,0.00,031112,,A*6E
$GPGGA,104033.000,5320.7578,N,00112.4705,W,1,0,,74.0,M,,M,,*75
$GPRMC,104033.000,A,5320.7578,N,00112.4705,W,0.000,0.00,031112,,A*68
$GPGGA,104048.000,5320.7541,N,00112.4566,W,1,0,,74.0,M,,M,,*74
$GPRMC,104048.000,A,5320.7541,N,00112.4566,W,0.000,0.00,031112,,A*69
$GPGGA,104103.000,5320.7518,N,00112.4573,W,1,0,,74.0,M,,M,,*72
$GPRMC,104103.000,A,5320.7518,N,00112.4573,W,0.000,0.00,031112,,A*6F
$GPGGA,104119.000,5320.7481,N,00112.4523,W,1,0,,74.0,M,,M,,*7D
$GPRMC,104119.000,A,5320.7481,N,00112.4523,W,0.000,0.00,031112,,A*60
$GPGGA,104134.000,5320.7486,N,00112.4499,W,1,0,,74.0,M,,M,,*75
$GPRMC,104134.000,A,5320.7486,N,00112.4499,W,0.000,0.00,031112,,A*68
$GPGGA,104149.000,5320.7438,N,00112.4504,W,1,0,,74.0,M,,M,,*7F
$GPRMC,104149.000,A,5320.7438,N,00112.4504,W,0.000,0.00,031112,,A*62
$GPGGA,104204.000,5320.7440,N,00112.4482,W,1,0,,74.0,M,,M,,*75
$GPRMC,104204.000,A,5320.7440,N,00112.4482,W,0.000,0.00,031112,,A*68
$GPGGA,104220.000,5320.7436,N,00112.4405,W,1,0,,74.0,M,,M,,*7D
$GPRMC,104220.000,A,5320.7436,N,00112.4405,W,0.000,0.00,031112,,A*60
$GPGGA,104236.000,5320.7399,N,00112.4188,W,1,0,,74.0,M,,M,,*78
$GPRMC,104236.000,A,5320.7399,N,00112.4188,W,0.000,0.00,031112,,A*65
$GPGGA,104251.000,5320.7372,N,00112.4139,W,1,0,,74.0,M,,M,,*76
$GPRMC,104251.000,A,5320.7372,N,00112.4139,W,0.000,0.00,031112,,A*6B
$GPGGA,104307.000,5320.7312,N,00112.4056,W,1,0,,74.0,M,,M,,*7A
$GPRMC,104307.000,A,5320.7312,N,00112.4056,W,0.000,0.00,031112,,A*67
$GPGGA,104322.000,5320.7220,N,00112.3935,W,1,0,,73.0,M,,M,,*71
$GPRMC,104322.000,A,5320.7220,N,00112.3935,W,0.000,0.00,031112,,A*6B
$GPGGA,104337.000,5320.7156,N,00112.3854,W,1,0,,74.0,M,,M,,*76
$GPRMC,104337.000,A,5320.7156,N,00112.3854,W,0.000,0.00,031112,,A*6B
$GPGGA,104352.000,5320.7017,N,00112.3626,W,1,0,,73.0,M,,M,,*7D
$GPRMC,104352.000,A,5320.7017,N,00112.3626,W,0.000,0.00,031112,,A*67
$GPGGA,104407.000,5320.6955,N,00112.3656,W,1,0,,74.0,M,,M,,*74
$GPRMC,104407.000,A,5320.6955,N,00112.3656,W,0.000,0.00,031112,,A*69
$GPGGA,104422.000,5320.6882,N,00112.3522,W,1,0,,74.0,M,,M,,*78
$GPRMC,104422.000,A,5320.6882,N,00112.3522,W,0.000,0.00,031112,,A*65
$GPGGA,104437.000,5320.6756,N,00112.3451,W,1,0,,74.0,M,,M,,*7F
$GPRMC,104437.000,A,5320.6756,N,00112.3451,W,0.000,0.00,031112,,A*62
$GPGGA,104452.000,5320.6685,N,00112.3407,W,1,0,,74.0,M,,M,,*70
$GPRMC,104452.000,A,5320.6685,N,00112.3407,W,0.000,0.00,031112,,A*6D
$GPGGA,104509.000,5320.6596,N,00112.3261,W,1,0,,73.0,M,,M,,*7F
$GPRMC,104509.000,A,5320.6596,N,00112.3261,W,0.000,0.00,031112,,A*65
$GPGGA,104524.000,5320.6483,N,00112.3142,W,1,0,,73.0,M,,M,,*77
$GPRMC,104524.000,A,5320.6483,N,00112.3142,W,0.000,0.00,031112,,A*6D
$GPGGA,104539.000,5320.6387,N,00112.3090,W,1,0,,73.0,M,,M,,*76
$GPRMC,104539.000,A,5320.6387,N,00112.3090,W,0.000,0.00,031112,,A*6C
$GPGGA,104554.000,5320.6321,N,00112.3006,W,1,0,,73.0,M,,M,,*7E
$GPRMC,104554.000,A,5320.6321,N,00112.3006,W,0.000,0.00,031112,,A*64
$GPGGA,104610.000,5320.6170,N,00112.2778,W,1,0,,73.0,M,,M,,*74
$GPRMC,104610.000,A,5320.6170,N,00112.2778,W,0.000,0.00,031112,,A*6E
$GPGGA,104625.000,5320.6081,N,00112.2685,W,1,0,,73.0,M,,M,,*7E
$GPRMC,104625.000,A,5320.6081,N,00112.2685,W,0.000,0.00,031112,,A*64
$GPGGA,104640.000,5320.6012,N,00112.2594,W,1,0,,73.0,M,,M,,*74
$GPRMC,104640.000,A,5320.6012,N,00112.2594,W,0.000,0.00,031112,,A*6E
$GPGGA,104655.000,5320.5927,N,00112.2544,W,1,0,,73.0,M,,M,,*71
$GPRMC,104655.000,A,5320.5927,N,00112.2544,W,0.000,0.00,031112,,A*6B
$GPGGA,104710.000,5320.5856,N,00112.2382,W,1,0,,73.0,M,,M,,*7A
$GPRMC,104710.000,A,5320.5856,N,00112.2382,W,0.000,0.00,031112,,A*60
$GPGGA,104725.000,5320.5804,N,00112.2279,W,1,0,,73.0,M,,M,,*7E
$GPRMC,104725.000,A,5320.5804,N,00112.2279,W,0.000,0.00,031112,,A*64
$GPGGA,104740.000,5320.5760,N,00112.1964,W,1,0,,73.0,M,,M,,*74
$GPRMC,104740.000,A,5320.5760,N,00112.1964,W,0.000,0.00,031112,,A*6E
$GPGGA,104755.000,5320.5712,N,00112.1885,W,1,0,,73.0,M,,M,,*7B
$GPRMC,104755.000,A,5320.5712,N,00112.1885,W,0.000,0.00,031112,,A*61
$GPGGA,104811.000,5320.5618,N,00112.1714,W,1,0,,73.0,M,,M,,*78
$GPRMC,104811.000,A,5320.5618,N,00112.1714,W,0.000,0.00,031112,,A*62
$GPGGA,104826.000,5320.5522,N,00112.1612,W,1,0,,73.0,M,,M,,*71
$GPRMC,104826.000,A,5320.5522,N,00112.1612,W,0.000,0.00,031112,,A*6B
$GPGGA,104841.000,5320.5504,N,00112.1502,W,1,0,,73.0,M,,M,,*76
$GPRMC,104841.000,A,5320.5504,N,00112.1502,W,0.000,0.00,031112,,A*6C
$GPGGA,104857.000,5320.5479,N,00112.1306,W,1,0,,73.0,M,,M,,*78
$GPRMC,104857.000,A,5320.5479,N,00112.1306,W,0.000,0.00,031112,,A*62
$GPGGA,104912.000,5320.5467,N,00112.1275,W,1,0,,73.0,M,,M,,*72
$GPRMC,104912.000,A,5320.5467,N,00112.1275,W,0.000,0.00,031112,,A*68
$GPGGA,104927.000,5320.5435,N,00112.1240,W,1,0,,73.0,M,,M,,*75
$GPRMC,104927.000,A,5320.5435,N,00112.1240,W,0.000,0.00,031112,,A*6F
$GPGGA,104942.000,5320.5371,N,00112.1108,W,1,0,,73.0,M,,M,,*7E
$GPRMC,104942.000,A,5320.5371,N,00112.1108,W,0.000,0.00,031112,,A*64
$GPGGA,104958.000,5320.5282,N,00112.0978,W,1,0,,72.0,M,,M,,*77
$GPRMC,104958.000,A,5320.5282,N,00112.0978,W,0.000,0.00,031112,,A*6C
$GPGGA,105013.000,5320.5195,N,00112.0806,W,1,0,,72.0,M,,M,,*7D
$GPRMC,105013.000,A,5320.5195,N,00112.0806,W,0.000,0.00,031112,,A*66
$GPGGA,105029.000,5320.5167,N,00112.0622,W,1,0,,72.0,M,,M,,*71
$GPRMC,105029.000,A,5320.5167,N,00112.0622,W,0.000,0.00,031112,,A*6A
$GPGGA,105044.000,5320.5135,N,00112.0430,W,1,0,,72.0,M,,M,,*7C
$GPRMC,105044.000,A,5320.5135,N,00112.0430,W,0.000,0.00,031112,,A*67
$GPGGA,105059.000,5320.5080,N,00112.0243,W,1,0,,72.0,M,,M,,*7D
$GPRMC,105059.000,A,5320.5080,N,00112.0243,W,0.000,0.00,031112,,A*66
$GPGGA,105114.000,5320.5035,N,00112.0094,W,1,0,,72.0,M,,M,,*73
$GPRMC,105114.000,A,5320.5035,N,00112.0094,W,0.000,0.00,031112,,A*68
$GPGGA,105129.000,5320.4998,N,00111.9935,W,1,0,,72.0,M,,M,,*7A
$GPRMC,105129.000,A,5320.4998,N,00111.9935,W,0.000,0.00,031112,,A*61
$GPGGA,105145.000,5320.4939,N,00111.9745,W,1,0,,72.0,M,,M,,*72
$GPRMC,105145.000,A,5320.4939,N,00111.9745,W,0.000,0.00,031112,,A*69
$GPGGA,105200.000,5320.4888,N,00111.9565,W,1,0,,72.0,M,,M,,*7B
$GPRMC,105200.000,A,5320.4888,N,00111.9565,W,0.000,0.00,031112,,A*60
$GPGGA,105215.000,5320.4861,N,00111.9394,W,1,0,,72.0,M,,M,,*70
$GPRMC,105215.000,A,5320.4861,N,00111.9394,W,0.000,0.00,031112,,A*6B
$GPGGA,105232.000,5320.4838,N,00111.9279,W,1,0,,72.0,M,,M,,*7B
$GPRMC,105232.000,A,5320.4838,N,00111.9279,W,0.000,0.00,031112,,A*60
$GPGGA,105247.000,5320.4865,N,00111.9126,W,1,0,,72.0,M,,M,,*78
$GPRMC,105247.000,A,5320.4865,N,00111.9126,W,0.000,0.00,031112,,A*63
$GPGGA,105302.000,5320.4813,N,00111.8908,W,1,0,,72.0,M,,M,,*7C
$GPRMC,105302.000,A,5320.4813,N,00111.8908,W,0.000,0.00,031112,,A*67
$GPGGA,105317.000,5320.4790,N,00111.8846,W,1,0,,72.0,M,,M,,*77
$GPRMC,105317.000,A,5320.4790,N,00111.8846,W,0.000,0.00,031112,,A*6C
$GPGGA,105333.000,5320.4758,N,00111.8789,W,1,0,,72.0,M,,M,,*79
$GPRMC,105333.000,A,5320.4758,N,00111.8789,W,0.000,0.00,031112,,A*62
$GPGGA,105348.000,5320.4641,N,00111.8788,W,1,0,,72.0,M,,M,,*7D
$GPRMC,105348.000,A,5320.4641,N,00111.8788,W,0.000,0.00,031112,,A*66
$GPGGA,105403.000,5320.4568,N,00111.8765,W,1,0,,72.0,M,,M,,*7E
$GPRMC,105403.000,A,5320.4568,N,00111.8765,W,0.000,0.00,031112,,A*65
$GPGGA,105419.000,5320.4506,N,00111.8702,W,1,0,,72.0,M,,M,,*7C
$GPRMC,105419.000,A,5320.4506,N,00111.8702,W,0.000,0.00,031112,,A*67
$GPGGA,105434.000,5320.4462,N,00111.8702,W,1,0,,72.0,M,,M,,*70
$GPRMC,105434.000,A,5320.4462,N,00111.8702,W,0.000,0.00,031112,,A*6B
$GPGGA,105449.000,5320.4396,N,00111.8646,W,1,0,,72.0,M,,M,,*77
$GPRMC,105449.000,A,5320.4396,N,00111.8646,W,0.000,0.00,031112,,A*6C
$GPGGA,105506.000,5320.4346,N,00111.8607,W,1,0,,72.0,M,,M,,*75
$GPRMC,105506.000,A,5320.4346,N,00111.8607,W,0.000,0.00,031112,,A*6E
$GPGGA,105529.000,5320.4318,N,00111.8743,W,1,0,,72.0,M,,M,,*72
$GPRMC,105529.000,A,5320.4318,N,00111.8743,W,0.000,0.00,031112,,A*69
$GPGGA,105544.000,5320.4286,N,00111.8733,W,1,0,,72.0,M,,M,,*78
$GPRMC,105544.000,A,5320.4286,N,00111.8733,W,0.000,0.00,031112,,A*63
$GPGGA,105559.000,5320.4337,N,00111.8674,W,1,0,,72.0,M,,M,,*7D
$GPRMC,105559.000,A,5320.4337,N,00111.8674,W,0.000,0.00,031112,,A*66
$GPGGA,105614.000,5320.4371,N,00111.8610,W,1,0,,72.0,M,,M,,*77
$GPRMC,105614.000,A,5320.4371,N,00111.8610,W,0.000,0.00,031112,,A*6C
$GPGGA,105632.000,5320.4307,N,00111.8486,W,1,0,,72.0,M,,M,,*7F
$GPRMC,105632.000,A,5320.4307,N,00111.8486,W,0.000,0.00,031112,,A*64
$GPGGA,105648.000,5320.4391,N,00111.8604,W,1,0,,72.0,M,,M,,*75
$GPRMC,105648.000,A,5320.4391,N,00111.8604,W,0.000,0.00,031112,,A*6E
$GPGGA,105715.000,5320.4403,N,00111.8513,W,1,0,,72.0,M,,M,,*75
$GPRMC,105715.000,A,5320.4403,N,00111.8513,W,0.000,0.00,031112,,A*6E
$GPGGA,105731.000,5320.4375,N,00111.8449,W,1,0,,72.0,M,,M,,*7B
$GPRMC,105731.000,A,5320.4375,N,00111.8449,W,0.000,0.00,031112,,A*60
$GPGGA,105746.000,5320.4359,N,00111.8426,W,1,0,,72.0,M,,M,,*7C
$GPRMC,105746.000,A,5320.4359,N,00111.8426,W,0.000,0.00,031112,,A*67
$GPGGA,105801.000,5320.4339,N,00111.8449,W,1,0,,72.0,M,,M,,*7F
$GPRMC,105801.000,A,5320.4339,N,00111.8449,W,0.000,0.00,031112,,A*64
$GPGGA,105816.000,5320.4346,N,00111.8469,W,1,0,,72.0,M,,M,,*73
$GPRMC,105816.000,A,5320.4346,N,00111.8469,W,0.000,0.00,031112,,A*68
$GPGGA,105832.000,5320.4364,N,00111.8538,W,1,0,,72.0,M,,M,,*70
$GPRMC,105832.000,A,5320.4364,N,00111.8538,W,0.000,0.00,031112,,A*6B
$GPGGA,105848.000,5320.4293,N,00111.8795,W,1,0,,72.0,M,,M,,*71
$GPRMC,105848.000,A,5320.4293,N,00111.8795,W,0.000,0.00,031112,,A*6A
$GPGGA,105905.000,5320.4261,N,00111.8846,W,1,0,,72.0,M,,M,,*75
$GPRMC,105905.000,A,5320.4261,N,00111.8846,W,0.000,0.00,031112,,A*6E
$GPGGA,105920.000,5320.4256,N,00111.8862,W,1,0,,72.0,M,,M,,*70
$GPRMC,105920.000,A,5320.4256,N,00111.8862,W,0.000,0.00,031112,,A*6B
$GPGGA,105936.000,5320.4391,N,00111.8826,W,1,0,,72.0,M,,M,,*7D
$GPRMC,105936.000,A,5320.4391,N,00111.8826,W,0.000,0.00,031112,,A*66
$GPGGA,105951.000,5320.4373,N,00111.8786,W,1,0,,72.0,M,,M,,*75
$GPRMC,105951.000,A,5320.4373,N,00111.8786,W,0.000,0.00,031112,,A*6E
$GPGGA,110006.000,5320.4314,N,00111.8652,W,1,0,,72.0,M,,M,,*73
$GPRMC,110006.000,A,5320.4314,N,00111.8652,W,0.000,0.00,031112,,A*68
$GPGGA,110021.000,5320.4270,N,00111.8573,W,1,0,,72.0,M,,M,,*75
$GPRMC,110021.000,A,5320.4270,N,00111.8573,W,0.000,0.00,031112,,A*6E
$GPGGA,110036.000,5320.4231,N,00111.8480,W,1,0,,72.0,M,,M,,*7B
$GPRMC,110036.000,A,5320.4231,N,00111.8480,W,0.000,0.00,031112,,A*60
$GPGGA,110051.000,5320.4165,N,00111.8405,W,1,0,,72.0,M,,M,,*75
$GPRMC,110051.000,A,5320.4165,N,00111.8405,W,0.000,0.00,031112,,A*6E
$GPGGA,110106.000,5320.4156,N,00111.8406,W,1,0,,72.0,M,,M,,*75
$GPRMC,110106.000,A,5320.4156,N,00111.8406,W,0.000,0.00,031112,,A*6E
$GPGGA,110122.000,5320.4151,N,00111.8302,W,1,0,,72.0,M,,M,,*77
$GPRMC,110122.000,A,5320.4151,N,00111.8302,W,0.000,0.00,031112,,A*6C
$GPGGA,110137.000,5320.4108,N,00111.8265,W,1,0,,72.0,M,,M,,*7F
$GPRMC,110137.000,A,5320.4108,N,00111.8265,W,0.000,0.00,031112,,A*64
$GPGGA,110153.000,5320.4050,N,00111.8224,W,1,0,,72.0,M,,M,,*74
$GPRMC,110153.000,A,5320.4050,N,00111.8224,W,0.000,0.00,031112,,A*6F
$GPGGA,110208.000,5320.3931,N,00111.8077,W,1,0,,72.0,M,,M,,*74
$GPRMC,110208.000,A,5320.3931,N,00111.8077,W,0.000,0.00,031112,,A*6F
$GPGGA,110223.000,5320.3950,N,00111.8013,W,1,0,,72.0,M,,M,,*78
$GPRMC,110223.000,A,5320.3950,N,00111.8013,W,0.000,0.00,031112,,A*63
$GPGGA,110238.000,5320.3970,N,00111.7784,W,1,0,,72.0,M,,M,,*76
$GPRMC,110238.000,A,5320.3970,N,00111.7784,W,0.000,0.00,031112,,A*6D
$GPGGA,110254.000,5320.3943,N,00111.7721,W,1,0,,72.0,M,,M,,*73
$GPRMC,110254.000,A,5320.3943,N,00111.7721,W,0.000,0.00,031112,,A*68
$GPGGA,110322.000,5320.3984,N,00111.7609,W,1,0,,72.0,M,,M,,*73
$GPRMC,110322.000,A,5320.3984,N,00111.7609,W,0.000,0.00,031112,,A*68
$GPGGA,110337.000,5320.4032,N,00111.7477,W,1,0,,72.0,M,,M,,*7F
$GPRMC,110337.000,A,5320.4032,N,00111.7477,W,0.000,0.00,031112,,A*64
$GPGGA,110353.000,5320.4034,N,00111.7386,W,1,0,,72.0,M,,M,,*72
$GPRMC,110353.000,A,5320.4034,N,00111.7386,W,0.000,0.00,031112,,A*69
$GPGGA,110410.000,5320.3952,N,00111.6964,W,1,0,,72.0,M,,M,,*7B
$GPRMC,110410.000,A,5320.3952,N,00111.6964,W,0.000,0.00,031112,,A*60
$GPGGA,110425.000,5320.3883,N,00111.6908,W,1,0,,72.0,M,,M,,*7A
$GPRMC,110425.000,A,5320.3883,N,00111.6908,W,0.000,0.00,031112,,A*61
$GPGGA,110441.000,5320.3810,N,00111.6748,W,1,0,,72.0,M,,M,,*78
$GPRMC,110441.000,A,5320.3810,N,00111.6748,W,0.000,0.00,031112,,A*63
$GPGGA,110456.000,5320.3806,N,00111.6749,W,1,0,,72.0,M,,M,,*78
$GPRMC,110456.000,A,5320.3806,N,00111.6749,W,0.000,0.00,031112,,A*63
$GPGGA,110511.000,5320.3771,N,00111.6759,W,1,0,,72.0,M,,M,,*74
$GPRMC,110511.000,A,5320.3771,N,00111.6759,W,0.000,0.00,031112,,A*6F
$GPGGA,110526.000,5320.3735,N,00111.6632,W,1,0,,72.0,M,,M,,*7C
$GPRMC,110526.000,A,5320.3735,N,00111.6632,W,0.000,0.00,031112,,A*67
$GPGGA,110541.000,5320.3691,N,00111.6504,W,1,0,,72.0,M,,M,,*74
$GPRMC,110541.000,A,5320.3691,N,00111.6504,W,0.000,0.00,031112,,A*6F
$GPGGA,110557.000,5320.3682,N,00111.6306,W,1,0,,72.0,M,,M,,*75
$GPRMC,110557.000,A,5320.3682,N,00111.6306,W,0.000,0.00,031112,,A*6E
$GPGGA,110612.000,5320.3693,N,00111.6133,W,1,0,,71.0,M,,M,,*70
$GPRMC,110612.000,A,5320.3693,N,00111.6133,W,0.000,0.00,031112,,A*68
$GPGGA,110627.000,5320.3645,N,00111.5980,W,1,0,,71.0,M,,M,,*7E
$GPRMC,110627.000,A,5320.3645,N,00111.5980,W,0.000,0.00,031112,,A*66
$GPGGA,110643.000,5320.3645,N,00111.5800,W,1,0,,71.0,M,,M,,*75
$GPRMC,110643.000,A,5320.3645,N,00111.5800,W,0.000,0.00,031112,,A*6D
$GPGGA,110658.000,5320.3638,N,00111.5614,W,1,0,,71.0,M,,M,,*7E
$GPRMC,110658.000,A,5320.3638,N,00111.5614,W,0.000,0.00,031112,,A*66
$GPGGA,110713.000,5320.3613,N,00111.5337,W,1,0,,71.0,M,,M,,*7D
$GPRMC,110713.000,A,5320.3613,N,00111.5337,W,0.000,0.00,031112,,A*65
$GPGGA,110728.000,5320.3625,N,00111.5205,W,1,0,,71.0,M,,M,,*70
$GPRMC,110728.000,A,5320.3625,N,00111.5205,W,0.000,0.00,031112,,A*68
$GPGGA,110744.000,5320.3590,N,00111.4999,W,1,0,,71.0,M,,M,,*78
$GPRMC,110744.000,A,5320.3590,N,00111.4999,W,0.000,0.00,031112,,A*60
$GPGGA,110759.000,5320.3572,N,00111.4872,W,1,0,,71.0,M,,M,,*7C
$GPRMC,110759.000,A,5320.3572,N,00111.4872,W,0.000,0.00,031112,,A*64
$GPGGA,110815.000,5320.3574,N,00111.4707,W,1,0,,71.0,M,,M,,*70
$GPRMC,110815.000,A,5320.3574,N,00111.4707,W,0.000,0.00,031112,,A*68
$GPGGA,110830.000,5320.3600,N,00111.4521,W,1,0,,71.0,M,,M,,*71
$GPRMC,110830.000,A,5320.3600,N,00111.4521,W,0.000,0.00,031112,,A*69
$GPGGA,110845.000,5320.3561,N,00111.4391,W,1,0,,71.0,M,,M,,*7A
$GPRMC,110845.000,A,5320.3561,N,00111.4391,W,0.000,0.00,031112,,A*62
$GPGGA,110901.000,5320.3632,N,00111.4227,W,1,0,,71.0,M,,M,,*72
$GPRMC,110901.000,A,5320.3632,N,00111.4227,W,0.000,0.00,031112,,A*6A
$GPGGA,110916.000,5320.3524,N,00111.4193,W,1,0,,71.0,M,,M,,*7C
$GPRMC,110916.000,A,5320.3524,N,00111.4193,W,0.000,0.00,031112,,A*64
$GPGGA,110931.000,5320.3343,N,00111.4193,W,1,0,,71.0,M,,M,,*7E
$GPRMC,110931.000,A,5320.3343,N,00111.4193,W,0.000,0.00,031112,,A*66
$GPGGA,110946.000,5320.3270,N,00111.4179,W,1,0,,71.0,M,,M,,*7B
$GPRMC,110946.000,A,5320.3270,N,00111.4179,W,0.000,0.00,031112,,A*63
$GPGGA,111002.000,5320.3160,N,00111.4130,W,1,0,,71.0,M,,M,,*7C
$GPRMC,111002.000,A,5320.3160,N,00111.4130,W,0.000,0.00,031112,,A*64
$GPGGA,111017.000,5320.3048,N,00111.4114,W,1,0,,71.0,M,,M,,*75
$GPRMC,111017.000,A,5320.3048,N,00111.4114,W,0.000,0.00,031112,,A*6D
$GPGGA,111032.000,5320.2963,N,00111.4058,W,1,0,,71.0,M,,M,,*7A
$GPRMC,111032.000,A,5320.2963,N,00111.4058,W,0.000,0.00,031112,,A*62
$GPGGA,111048.000,5320.2817,N,00111.4029,W,1,0,,70.0,M,,M,,*72
$GPRMC,111048.000,A,5320.2817,N,00111.4029,W,0.000,0.00,031112,,A*6B
$GPGGA,111103.000,5320.2698,N,00111.3935,W,1,0,,70.0,M,,M,,*76
$GPRMC,111103.000,A,5320.2698,N,00111.3935,W,0.000,0.00,031112,,A*6F
$GPGGA,111118.000,5320.2643,N,00111.3907,W,1,0,,70.0,M,,M,,*7B
$GPRMC,111118.000,A,5320.2643,N,00111.3907,W,0.000,0.00,031112,,A*62
$GPGGA,111134.000,5320.2590,N,00111.3875,W,1,0,,70.0,M,,M,,*7C
$GPRMC,111134.000,A,5320.2590,N,00111.3875,W,0.000,0.00,031112,,A*65
$GPGGA,111149.000,5320.2503,N,00111.3810,W,1,0,,70.0,M,,M,,*7F
$GPRMC,111149.000,A,5320.2503,N,00111.3810,W,0.000,0.00,031112,,A*66
$GPGGA,111205.000,5320.2437,N,00111.3752,W,1,0,,70.0,M,,M,,*7B
$GPRMC,111205.000,A,5320.2437,N,00111.3752,W,0.000,0.00,031112,,A*62
$GPGGA,111220.000,5320.2341,N,00111.3641,W,1,0,,70.0,M,,M,,*79
$GPRMC,111220.000,A,5320.2341,N,00111.3641,W,0.000,0.00,031112,,A*60
$GPGGA,111248.000,5320.2155,N,00111.3580,W,1,0,,70.0,M,,M,,*7E
$GPRMC,111248.000,A,5320.2155,N,00111.3580,W,0.000,0.00,031112,,A*67
$GPGGA,111304.000,5320.2080,N,00111.3551,W,1,0,,70.0,M,,M,,*72
$GPRMC,111304.000,A,5320.2080,N,00111.3551,W,0.000,0.00,031112,,A*6B
$GPGGA,111319.000,5320.2023,N,00111.3553,W,1,0,,70.0,M,,M,,*75
$GPRMC,111319.000,A,5320.2023,N,00111.3553,W,0.000,0.00,031112,,A*6C
$GPGGA,111334.000,5320.1915,N,00111.3512,W,1,0,,70.0,M,,M,,*70
$GPRMC,111334.000,A,5320.1915,N,00111.3512,W,0.000,0.00,031112,,A*69
$GPGGA,111350.000,5320.1826,N,00111.3509,W,1,0,,70.0,M,,M,,*79
$GPRMC,111350.000,A,5320.1826,N,00111.3509,W,0.000,0.00,031112,,A*60
$GPGGA,111405.000,5320.1746,N,00111.3527,W,1,0,,70.0,M,,M,,*7B
$GPRMC,111405.000,A,5320.1746,N,00111.3527,W,0.000,0.00,031112,,A*62
$GPGGA,111420.000,5320.1647,N,00111.3511,W,1,0,,70.0,M,,M,,*79
$GPRMC,111420.000,A,5320.1647,N,00111.3511,W,0.000,0.00,031112,,A*60
$GPGGA,111436.000,5320.1537,N,00111.3501,W,1,0,,70.0,M,,M,,*7B
$GPRMC,111436.000,A,5320.1537,N,00111.3501,W,0.000,0.00,031112,,A*62
$GPGGA,111451.000,5320.1373,N,00111.3523,W,1,0,,70.0,M,,M,,*7C
$GPRMC,111451.000,A,5320.1373,N,00111.3523,W,0.000,0.00,031112,,A*65
$GPGGA,111506.000,5320.1320,N,00111.3545,W,1,0,,70.0,M,,M,,*79
$GPRMC,111506.000,A,5320.1320,N,00111.3545,W,0.000,0.00,031112,,A*60
$GPGGA,111521.000,5320.1240,N,00111.3547,W,1,0,,70.0,M,,M,,*79
$GPRMC,111521.000,A,5320.1240,N,00111.3547,W,0.000,0.00,031112,,A*60
$GPGGA,111536.000,5320.1112,N,00111.3536,W,1,0,,70.0,M,,M,,*7D
$GPRMC,111536.000,A,5320.1112,N,00111.3536,W,0.000,0.00,031112,,A*64
$GPGGA,111551.000,5320.1011,N,00111.3542,W,1,0,,70.0,M,,M,,*7D
$GPRMC,111551.000,A,5320.1011,N,00111.3542,W,0.000,0.00,031112,,A*64
$GPGGA,111611.000,5320.0949,N,00111.3564,W,1,0,,70.0,M,,M,,*7B
$GPRMC,111611.000,A,5320.0949,N,00111.3564,W,0.000,0.00,031112,,A*62
$GPGGA,111626.000,5320.0917,N,00111.3515,W,1,0,,70.0,M,,M,,*72
$GPRMC,111626.000,A,5320.0917,N,00111.3515,W,0.000,0.00,031112,,A*6B
$GPGGA,111641.000,5320.0871,N,00111.3430,W,1,0,,70.0,M,,M,,*74
$GPRMC,111641.000,A,5320.0871,N,00111.3430,W,0.000,0.00,031112,,A*6D
$GPGGA,111656.000,5320.0867,N,00111.3206,W,1,0,,70.0,M,,M,,*76
$GPRMC,111656.000,A,5320.0867,N,00111.3206,W,0.000,0.00,031112,,A*6F
$GPGGA,111711.000,5320.0855,N,00111.3159,W,1,0,,70.0,M,,M,,*7C
$GPRMC,111711.000,A,5320.0855,N,00111.3159,W,0.000,0.00,031112,,A*65
$GPGGA,111726.000,5320.0787,N,00111.3046,W,1,0,,70.0,M,,M,,*77
$GPRMC,111726.000,A,5320.0787,N,00111.3046,W,0.000,0.00,031112,,A*6E
$GPGGA,111741.000,5320.0766,N,00111.2856,W,1,0,,70.0,M,,M,,*71
$GPRMC,111741.000,A,5320.0766,N,00111.2856,W,0.000,0.00,031112,,A*68
$GPGGA,111758.000,5320.0734,N,00111.2733,W,1,0,,70.0,M,,M,,*72
$GPRMC,111758.000,A,5320.0734,N,00111.2733,W,0.000,0.00,031112,,A*6B
$GPGGA,111814.000,5320.0690,N,00111.2418,W,1,0,,70.0,M,,M,,*70
$GPRMC,111814.000,A,5320.0690,N,00111.2418,W,0.000,0.00,031112,,A*69
$GPGGA,111829.000,5320.0686,N,00111.2348,W,1,0,,70.0,M,,M,,*7B
$GPRMC,111829.000,A,5320.0686,N,00111.2348,W,0.000,0.00,031112,,A*62
$GPGGA,111844.000,5320.0638,N,00111.2215,W,1,0,,69.0,M,,M,,*74
$GPRMC,111844.000,A,5320.0638,N,00111.2215,W,0.000,0.00,031112,,A*65
$GPGGA,111859.000,5320.0654,N,00111.2009,W,1,0,,69.0,M,,M,,*7D
$GPRMC,111859.000,A,5320.0654,N,00111.2009,W,0.000,0.00,031112,,A*6C
$GPGGA,111914.000,5320.0622,N,00111.1926,W,1,0,,70.0,M,,M,,*7B
$GPRMC,111914.000,A,5320.0622,N,00111.1926,W,0.000,0.00,031112,,A*62
$GPGGA,111929.000,5320.0592,N,00111.1896,W,1,0,,70.0,M,,M,,*77
$GPRMC,111929.000,A,5320.0592,N,00111.1896,W,0.000,0.00,031112,,A*6E
$GPGGA,111944.000,5320.0585,N,00111.1920,W,1,0,,69.0,M,,M,,*7E
$GPRMC,111944.000,A,5320.0585,N,00111.1920,W,0.000,0.00,031112,,A*6F
$GPGGA,111959.000,5320.0567,N,00111.1859,W,1,0,,69.0,M,,M,,*71
$GPRMC,111959.000,A,5320.0567,N,00111.1859,W,0.000,0.00,031112,,A*60
$GPGGA,112014.000,5320.0542,N,00111.1810,W,1,0,,69.0,M,,M,,*78
$GPRMC,112014.000,A,5320.0542,N,00111.1810,W,0.000,0.00,031112,,A*69
$GPGGA,112031.000,5320.0599,N,00111.1810,W,1,0,,69.0,M,,M,,*79
$GPRMC,112031.000,A,5320.0599,N,00111.1810,W,0.000,0.00,031112,,A*68
$GPGGA,112046.000,5320.0608,N,00111.1742,W,1,0,,69.0,M,,M,,*7A
$GPRMC,112046.000,A,5320.0608,N,00111.1742,W,0.000,0.00,031112,,A*6B
$GPGGA,112101.000,5320.0581,N,00111.1678,W,1,0,,69.0,M,,M,,*72
$GPRMC,112101.000,A,5320.0581,N,00111.1678,W,0.000,0.00,031112,,A*63
$GPGGA,112120.000,5320.0597,N,00111.1389,W,1,0,,69.0,M,,M,,*7D
$GPRMC,112120.000,A,5320.0597,N,00111.1389,W,0.000,0.00,031112,,A*6C
$GPGGA,112135.000,5320.0523,N,00111.1155,W,1,0,,69.0,M,,M,,*75
$GPRMC,112135.000,A,5320.0523,N,00111.1155,W,0.000,0.00,031112,,A*64
$GPGGA,112150.000,5320.0503,N,00111.1052,W,1,0,,69.0,M,,M,,*72
$GPRMC,112150.000,A,5320.0503,N,00111.1052,W,0.000,0.00,031112,,A*63
$GPGGA,112217.000,5320.0521,N,00111.0810,W,1,0,,69.0,M,,M,,*7D
$GPRMC,112217.000,A,5320.0521,N,00111.0810,W,0.000,0.00,031112,,A*6C
$GPGGA,112232.000,5320.0462,N,00111.0493,W,1,0,,69.0,M,,M,,*7B
$GPRMC,112232.000,A,5320.0462,N,00111.0493,W,0.000,0.00,031112,,A*6A
$GPGGA,112247.000,5320.0478,N,00111.0297,W,1,0,,69.0,M,,M,,*70
$GPRMC,112247.000,A,5320.0478,N,00111.0297,W,0.000,0.00,031112,,A*61
$GPGGA,112302.000,5320.0487,N,00111.0116,W,1,0,,69.0,M,,M,,*7A
$GPRMC,112302.000,A,5320.0487,N,00111.0116,W,0.000,0.00,031112,,A*6B
$GPGGA,112318.000,5320.0562,N,00110.9957,W,1,0,,68.0,M,,M,,*7F
$GPRMC,112318.000,A,5320.0562,N,00110.9957,W,0.000,0.00,031112,,A*6F
$GPGGA,112333.000,5320.0533,N,00110.9760,W,1,0,,69.0,M,,M,,*79
$GPRMC,112333.000,A,5320.0533,N,00110.9760,W,0.000,0.00,031112,,A*68
$GPGGA,112348.000,5320.0542,N,00110.9655,W,1,0,,68.0,M,,M,,*75
$GPRMC,112348.000,A,5320.0542,N,00110.9655,W,0.000,0.00,031112,,A*65
$GPGGA,112404.000,5320.0462,N,00110.9445,W,1,0,,68.0,M,,M,,*7A
$GPRMC,112404.000,A,5320.0462,N,00110.9445,W,0.000,0.00,031112,,A*6A
$GPGGA,112420.000,5320.0416,N,00110.9292,W,1,0,,68.0,M,,M,,*73
$GPRMC,112420.000,A,5320.0416,N,00110.9292,W,0.000,0.00,031112,,A*63
$GPGGA,112435.000,5320.0500,N,00110.9005,W,1,0,,68.0,M,,M,,*7D
$GPRMC,112435.000,A,5320.0500,N,00110.9005,W,0.000,0.00,031112,,A*6D
$GPGGA,112451.000,5320.0446,N,00110.8858,W,1,0,,68.0,M,,M,,*7D
$GPRMC,112451.000,A,5320.0446,N,00110.8858,W,0.000,0.00,031112,,A*6D
$GPGGA,112506.000,5320.0441,N,00110.8821,W,1,0,,68.0,M,,M,,*77
$GPRMC,112506.000,A,5320.0441,N,00110.8821,W,0.000,0.00,031112,,A*67
$GPGGA,112521.000,5320.0404,N,00110.8721,W,1,0,,68.0,M,,M,,*7C
$GPRMC,112521.000,A,5320.0404,N,00110.8721,W,0.000,0.00,031112,,A*6C
$GPGGA,112545.000,5320.0370,N,00110.8633,W,1,0,,67.0,M,,M,,*77
$GPRMC,112545.000,A,5320.0370,N,00110.8633,W,0.000,0.00,031112,,A*68
$GPGGA,112600.000,5320.0343,N,00110.8527,W,1,0,,67.0,M,,M,,*73
$GPRMC,112600.000,A,5320.0343,N,00110.8527,W,0.000,0.00,031112,,A*6C
$GPGGA,112615.000,5320.0317,N,00110.8441,W,1,0,,67.0,M,,M,,*77
$GPRMC,112615.000,A,5320.0317,N,00110.8441,W,0.000,0.00,031112,,A*68
$GPGGA,112632.000,5320.0221,N,00110.8218,W,1,0,,68.0,M,,M,,*73
$GPRMC,112632.000,A,5320.0221,N,00110.8218,W,0.000,0.00,031112,,A*63
$GPGGA,112647.000,5320.0148,N,00110.8108,W,1,0,,67.0,M,,M,,*70
$GPRMC,112647.000,A,5320.0148,N,00110.8108,W,0.000,0.00,031112,,A*6F
$GPGGA,112703.000,5319.9992,N,00110.7987,W,1,0,,67.0,M,,M,,*7D
$GPRMC,112703.000,A,5319.9992,N,00110.7987,W,0.000,0.00,031112,,A*62
$GPGGA,112719.000,5319.9947,N,00110.7943,W,1,0,,67.0,M,,M,,*76
$GPRMC,112719.000,A,5319.9947,N,00110.7943,W,0.000,0.00,031112,,A*69
$GPGGA,112734.000,5319.9912,N,00110.7944,W,1,0,,67.0,M,,M,,*7E
$GPRMC,112734.000,A,5319.9912,N,00110.7944,W,0.000,0.00,031112,,A*61
$GPGGA,112750.000,5319.9757,N,00110.7878,W,1,0,,67.0,M,,M,,*7D
$GPRMC,112750.000,A,5319.9757,N,00110.7878,W,0.000,0.00,031112,,A*62
$GPGGA,112805.000,5319.9697,N,00110.7940,W,1,0,,67.0,M,,M,,*75
$GPRMC,112805.000,A,5319.9697,N,00110.7940,W,0.000,0.00,031112,,A*6A
$GPGGA,112820.000,5319.9601,N,00110.7873,W,1,0,,67.0,M,,M,,*7C
$GPRMC,112820.000,A,5319.9601,N,00110.7873,W,0.000,0.00,031112,,A*63
$GPGGA,112836.000,5319.9432,N,00110.7816,W,1,0,,67.0,M,,M,,*7A
$GPRMC,112836.000,A,5319.9432,N,00110.7816,W,0.000,0.00,031112,,A*65
$GPGGA,112851.000,5319.9390,N,00110.7886,W,1,0,,67.0,M,,M,,*7D
$GPRMC,112851.000,A,5319.9390,N,00110.7886,W,0.000,0.00,031112,,A*62
$GPGGA,112906.000,5319.9365,N,00110.7864,W,1,0,,67.0,M,,M,,*78
$GPRMC,112906.000,A,5319.9365,N,00110.7864,W,0.000,0.00,031112,,A*67
$GPGGA,112921.000,5319.9370,N,00110.7863,W,1,0,,68.0,M,,M,,*71
$GPRMC,112921.000,A,5319.9370,N,00110.7863,W,0.000,0.00,031112,,A*61
$GPGGA,112936.000,5319.9365,N,00110.7858,W,1,0,,67.0,M,,M,,*74
$GPRMC,112936.000,A,5319.9365,N,00110.7858,W,0.000,0.00,031112,,A*6B
$GPGGA,112951.000,5319.9361,N,00110.7876,W,1,0,,67.0,M,,M,,*7D
$GPRMC,112951.000,A,5319.9361,N,00110.7876,W,0.000,0.00,031112,,A*62
$GPGGA,113007.000,5319.9358,N,00110.7856,W,1,0,,67.0,M,,M,,*7E
$GPRMC,113007.000,A,5319.9358,N,00110.7856,W,0.000,0.00,031112,,A*61
$GPGGA,113023.000,5319.9276,N,00110.7833,W,1,0,,68.0,M,,M,,*79
$GPRMC,113023.000,A,5319.9276,N,00110.7833,W,0.000,0.00,031112,,A*69
$GPGGA,113039.000,5319.9232,N,00110.7863,W,1,0,,68.0,M,,M,,*77
$GPRMC,113039.000,A,5319.9232,N,00110.7863,W,0.000,0.00,031112,,A*67
$GPGGA,113054.000,5319.9120,N,00110.7854,W,1,0,,68.0,M,,M,,*78
$GPRMC,113054.000,A,5319.9120,N,00110.7854,W,0.000,0.00,031112,,A*68
$GPGGA,113109.000,5319.9004,N,00110.7925,W,1,0,,68.0,M,,M,,*71
$GPRMC,113109.000,A,5319.9004,N,00110.7925,W,0.000,0.00,031112,,A*61
$GPGGA,113124.000,5319.8875,N,00110.7939,W,1,0,,68.0,M,,M,,*7C
$GPRMC,113124.000,A,5319.8875,N,00110.7939,W,0.000,0.00,031112,,A*6C
$GPGGA,113139.000,5319.8793,N,00110.7918,W,1,0,,68.0,M,,M,,*74
$GPRMC,113139.000,A,5319.8793,N,00110.7918,W,0.000,0.00,031112,,A*64
$GPGGA,113155.000,5319.8674,N,00110.7884,W,1,0,,68.0,M,,M,,*72
$GPRMC,113155.000,A,5319.8674,N,00110.7884,W,0.000,0.00,031112,,A*62
$GPGGA,113210.000,5319.8555,N,00110.7857,W,1,0,,68.0,M,,M,,*7E
$GPRMC,113210.000,A,5319.8555,N,00110.7857,W,0.000,0.00,031112,,A*6E
$GPGGA,113225.000,5319.8418,N,00110.7884,W,1,0,,68.0,M,,M,,*7E
$GPRMC,113225.000,A,5319.8418,N,00110.7884,W,0.000,0.00,031112,,A*6E
$GPGGA,113241.000,5319.8273,N,00110.7883,W,1,0,,67.0,M,,M,,*7F
$GPRMC,113241.000,A,5319.8273,N,00110.7883,W,0.000,0.00,031112,,A*60
$GPGGA,113256.000,5319.8154,N,00110.7829,W,1,0,,67.0,M,,M,,*7F
$GPRMC,113256.000,A,5319.8154,N,00110.7829,W,0.000,0.00,031112,,A*60
$GPGGA,113311.000,5319.8088,N,00110.7810,W,1,0,,67.0,M,,M,,*77
$GPRMC,113311.000,A,5319.8088,N,00110.7810,W,0.000,0.00,031112,,A*68
$GPGGA,113326.000,5319.7994,N,00110.7769,W,1,0,,67.0,M,,M,,*79
$GPRMC,113326.000,A,5319.7994,N,00110.7769,W,0.000,0.00,031112,,A*66
$GPGGA,113342.000,5319.7896,N,00110.7757,W,1,0,,67.0,M,,M,,*75
$GPRMC,113342.000,A,5319.7896,N,00110.7757,W,0.000,0.00,031112,,A*6A
$GPGGA,113357.000,5319.7804,N,00110.7681,W,1,0,,67.0,M,,M,,*70
$GPRMC,113357.000,A,5319.7804,N,00110.7681,W,0.000,0.00,031112,,A*6F
$GPGGA,113412.000,5319.7816,N,00110.7607,W,1,0,,66.0,M,,M,,*7A
$GPRMC,113412.000,A,5319.7816,N,00110.7607,W,0.000,0.00,031112,,A*64
$GPGGA,113428.000,5319.7800,N,00110.7398,W,1,0,,66.0,M,,M,,*77
$GPRMC,113428.000,A,5319.7800,N,00110.7398,W,0.000,0.00,031112,,A*69
$GPGGA,113443.000,5319.7724,N,00110.7247,W,1,0,,66.0,M,,M,,*70
$GPRMC,113443.000,A,5319.7724,N,00110.7247,W,0.000,0.00,031112,,A*6E
$GPGGA,113458.000,5319.7651,N,00110.7190,W,1,0,,66.0,M,,M,,*70
$GPRMC,113458.000,A,5319.7651,N,00110.7190,W,0.000,0.00,031112,,A*6E
$GPGGA,113513.000,5319.7550,N,00110.7146,W,1,0,,66.0,M,,M,,*77
$GPRMC,113513.000,A,5319.7550,N,00110.7146,W,0.000,0.00,031112,,A*69
$GPGGA,113529.000,5319.7381,N,00110.7078,W,1,0,,66.0,M,,M,,*78
$GPRMC,113529.000,A,5319.7381,N,00110.7078,W,0.000,0.00,031112,,A*66
$GPGGA,113544.000,5319.7282,N,00110.7012,W,1,0,,65.0,M,,M,,*7E
$GPRMC,113544.000,A,5319.7282,N,00110.7012,W,0.000,0.00,031112,,A*63
$GPGGA,113559.000,5319.7253,N,00110.7114,W,1,0,,65.0,M,,M,,*79
$GPRMC,113559.000,A,5319.7253,N,00110.7114,W,0.000,0.00,031112,,A*64
$GPGGA,113615.000,5319.7154,N,00110.7441,W,1,0,,65.0,M,,M,,*73
$GPRMC,113615.000,A,5319.7154,N,00110.7441,W,0.000,0.00,031112,,A*6E
$GPGGA,113630.000,5319.7106,N,00110.7472,W,1,0,,64.0,M,,M,,*72
$GPRMC,113630.000,A,5319.7106,N,00110.7472,W,0.000,0.00,031112,,A*6E
$GPGGA,113645.000,5319.6962,N,00110.7393,W,1,0,,64.0,M,,M,,*73
$GPRMC,113645.000,A,5319.6962,N,00110.7393,W,0.000,0.00,031112,,A*6F
$GPGGA,113700.000,5319.6832,N,00110.7339,W,1,0,,64.0,M,,M,,*77
$GPRMC,113700.000,A,5319.6832,N,00110.7339,W,0.000,0.00,031112,,A*6B
$GPGGA,113715.000,5319.6763,N,00110.7311,W,1,0,,63.0,M,,M,,*75
$GPRMC,113715.000,A,5319.6763,N,00110.7311,W,0.000,0.00,031112,,A*6E
$GPGGA,113730.000,5319.6674,N,00110.7317,W,1,0,,63.0,M,,M,,*73
$GPRMC,113730.000,A,5319.6674,N,00110.7317,W,0.000,0.00,031112,,A*68
$GPGGA,113745.000,5319.6552,N,00110.7310,W,1,0,,63.0,M,,M,,*71
$GPRMC,113745.000,A,5319.6552,N,00110.7310,W,0.000,0.00,031112,,A*6A
$GPGGA,113800.000,5319.6424,N,00110.7346,W,1,0,,63.0,M,,M,,*7C
$GPRMC,113800.000,A,5319.6424,N,00110.7346,W,0.000,0.00,031112,,A*67
$GPGGA,113816.000,5319.6355,N,00110.7299,W,1,0,,63.0,M,,M,,*79
$GPRMC,113816.000,A,5319.6355,N,00110.7299,W,0.000,0.00,031112,,A*62
$GPGGA,113831.000,5319.6337,N,00110.7166,W,1,0,,63.0,M,,M,,*7B
$GPRMC,113831.000,A,5319.6337,N,00110.7166,W,0.000,0.00,031112,,A*60
$GPGGA,113846.000,5319.6328,N,00110.6991,W,1,0,,63.0,M,,M,,*74
$GPRMC,113846.000,A,5319.6328,N,00110.6991,W,0.000,0.00,031112,,A*6F
$GPGGA,113903.000,5319.6294,N,00110.6716,W,1,0,,63.0,M,,M,,*73
$GPRMC,113903.000,A,5319.6294,N,00110.6716,W,0.000,0.00,031112,,A*68
$GPGGA,113918.000,5319.6241,N,00110.6516,W,1,0,,62.0,M,,M,,*72
$GPRMC,113918.000,A,5319.6241,N,00110.6516,W,0.000,0.00,031112,,A*68
$GPGGA,113933.000,5319.6211,N,00110.6222,W,1,0,,62.0,M,,M,,*7E
$GPRMC,113933.000,A,5319.6211,N,00110.6222,W,0.000,0.00,031112,,A*64
$GPGGA,113948.000,5319.6193,N,00110.6032,W,1,0,,62.0,M,,M,,*78
$GPRMC,113948.000,A,5319.6193,N,00110.6032,W,0.000,0.00,031112,,A*62
$GPGGA,114003.000,5319.6161,N,00110.5855,W,1,0,,62.0,M,,M,,*7E
$GPRMC,114003.000,A,5319.6161,N,00110.5855,W,0.000,0.00,031112,,A*64
$GPGGA,114018.000,5319.6131,N,00110.5668,W,1,0,,62.0,M,,M,,*71
$GPRMC,114018.000,A,5319.6131,N,00110.5668,W,0.000,0.00,031112,,A*6B
$GPGGA,114046.000,5319.6030,N,00110.5412,W,1,0,,62.0,M,,M,,*75
$GPRMC,114046.000,A,5319.6030,N,00110.5412,W,0.000,0.00,031112,,A*6F
$GPGGA,114105.000,5319.5932,N,00110.5424,W,1,0,,62.0,M,,M,,*7E
$GPRMC,114105.000,A,5319.5932,N,00110.5424,W,0.000,0.00,031112,,A*64
$GPGGA,114120.000,5319.5813,N,00110.5427,W,1,0,,62.0,M,,M,,*78
$GPRMC,114120.000,A,5319.5813,N,00110.5427,W,0.000,0.00,031112,,A*62
$GPGGA,114135.000,5319.5781,N,00110.5547,W,1,0,,62.0,M,,M,,*7F
$GPRMC,114135.000,A,5319.5781,N,00110.5547,W,0.000,0.00,031112,,A*65
$GPGGA,114202.000,5319.5685,N,00110.5662,W,1,0,,62.0,M,,M,,*79
$GPRMC,114202.000,A,5319.5685,N,00110.5662,W,0.000,0.00,031112,,A*63
$GPGGA,114217.000,5319.5669,N,00110.5781,W,1,0,,62.0,M,,M,,*73
$GPRMC,114217.000,A,5319.5669,N,00110.5781,W,0.000,0.00,031112,,A*69
$GPGGA,114232.000,5319.5648,N,00110.5892,W,1,0,,62.0,M,,M,,*7A
$GPRMC,114232.000,A,5319.5648,N,00110.5892,W,0.000,0.00,031112,,A*60
$GPGGA,114248.000,5319.5582,N,00110.5968,W,1,0,,62.0,M,,M,,*76
$GPRMC,114248.000,A,5319.5582,N,00110.5968,W,0.000,0.00,031112,,A*6C
$GPGGA,114303.000,5319.5586,N,00110.5919,W,1,0,,62.0,M,,M,,*7A
$GPRMC,114303.000,A,5319.5586,N,00110.5919,W,0.000,0.00,031112,,A*60
$GPGGA,114318.000,5319.5573,N,00110.5872,W,1,0,,62.0,M,,M,,*76
$GPRMC,114318.000,A,5319.5573,N,00110.5872,W,0.000,0.00,031112,,A*6C
$GPGGA,114334.000,5319.5527,N,00110.5822,W,1,0,,62.0,M,,M,,*7C
$GPRMC,114334.000,A,5319.5527,N,00110.5822,W,0.000,0.00,031112,,A*66
$GPGGA,114349.000,5319.5447,N,00110.5815,W,1,0,,62.0,M,,M,,*75
$GPRMC,114349.000,A,5319.5447,N,00110.5815,W,0.000,0.00,031112,,A*6F
$GPGGA,114405.000,5319.5383,N,00110.5877,W,1,0,,62.0,M,,M,,*71
$GPRMC,114405.000,A,5319.5383,N,00110.5877,W,0.000,0.00,031112,,A*6B
$GPGGA,114420.000,5319.5371,N,00110.5885,W,1,0,,62.0,M,,M,,*76
$GPRMC,114420.000,A,5319.5371,N,00110.5885,W,0.000,0.00,031112,,A*6C
$GPGGA,114435.000,5319.5339,N,00110.5877,W,1,0,,62.0,M,,M,,*73
$GPRMC,114435.000,A,5319.5339,N,00110.5877,W,0.000,0.00,031112,,A*69
$GPGGA,114450.000,5319.5344,N,00110.5860,W,1,0,,62.0,M,,M,,*7C
$GPRMC,114450.000,A,5319.5344,N,00110.5860,W,0.000,0.00,031112,,A*66
$GPGGA,114507.000,5319.5332,N,00110.5912,W,1,0,,62.0,M,,M,,*7A
$GPRMC,114507.000,A,5319.5332,N,00110.5912,W,0.000,0.00,031112,,A*60
$GPGGA,114522.000,5319.5330,N,00110.5926,W,1,0,,62.0,M,,M,,*78
$GPRMC,114522.000,A,5319.5330,N,00110.5926,W,0.000,0.00,031112,,A*62
$GPGGA,114537.000,5319.5312,N,00110.5962,W,1,0,,62.0,M,,M,,*7C
$GPRMC,114537.000,A,5319.5312,N,00110.5962,W,0.000,0.00,031112,,A*66
$GPGGA,114553.000,5319.5330,N,00110.5924,W,1,0,,62.0,M,,M,,*7C
$GPRMC,114553.000,A,5319.5330,N,00110.5924,W,0.000,0.00,031112,,A*66
$GPGGA,114608.000,5319.5360,N,00110.5893,W,1,0,,62.0,M,,M,,*79
$GPRMC,114608.000,A,5319.5360,N,00110.5893,W,0.000,0.00,031112,,A*63
$GPGGA,114623.000,5319.5344,N,00110.5937,W,1,0,,63.0,M,,M,,*78
$GPRMC,114623.000,A,5319.5344,N,00110.5937,W,0.000,0.00,031112,,A*63
$GPGGA,114638.000,5319.5323,N,00110.5949,W,1,0,,62.0,M,,M,,*7B
$GPRMC,114638.000,A,5319.5323,N,00110.5949,W,0.000,0.00,031112,,A*61
$GPGGA,114653.000,5319.5346,N,00110.5890,W,1,0,,62.0,M,,M,,*70
$GPRMC,114653.000,A,5319.5346,N,00110.5890,W,0.000,0.00,031112,,A*6A
$GPGGA,114709.000,5319.5337,N,00110.5898,W,1,0,,62.0,M,,M,,*70
$GPRMC,114709.000,A,5319.5337,N,00110.5898,W,0.000,0.00,031112,,A*6A
$GPGGA,114724.000,5319.5323,N,00110.5894,W,1,0,,62.0,M,,M,,*76
$GPRMC,114724.000,A,5319.5323,N,00110.5894,W,0.000,0.00,031112,,A*6C
$GPGGA,114739.000,5319.5323,N,00110.5904,W,1,0,,62.0,M,,M,,*72
$GPRMC,114739.000,A,5319.5323,N,00110.5904,W,0.000,0.00,031112,,A*68
$GPGGA,114755.000,5319.5335,N,00110.5916,W,1,0,,62.0,M,,M,,*7C
$GPRMC,114755.000,A,5319.5335,N,00110.5916,W,0.000,0.00,031112,,A*66
$GPGGA,114810.000,5319.5348,N,00110.5908,W,1,0,,62.0,M,,M,,*77
$GPRMC,114810.000,A,5319.5348,N,00110.5908,W,0.000,0.00,031112,,A*6D
$GPGGA,114827.000,5319.5351,N,00110.5949,W,1,0,,62.0,M,,M,,*7E
$GPRMC,114827.000,A,5319.5351,N,00110.5949,W,0.000,0.00,031112,,A*64
$GPGGA,114843.000,5319.5369,N,00110.6013,W,1,0,,62.0,M,,M,,*72
$GPRMC,114843.000,A,5319.5369,N,00110.6013,W,0.000,0.00,031112,,A*68
$GPGGA,114858.000,5319.5344,N,00110.6245,W,1,0,,60.0,M,,M,,*74
$GPRMC,114858.000,A,5319.5344,N,00110.6245,W,0.000,0.00,031112,,A*6C
$GPGGA,114915.000,5319.5337,N,00110.6343,W,1,0,,60.0,M,,M,,*7F
$GPRMC,114915.000,A,5319.5337,N,00110.6343,W,0.000,0.00,031112,,A*67
$GPGGA,114930.000,5319.5360,N,00110.6413,W,1,0,,60.0,M,,M,,*78
$GPRMC,114930.000,A,5319.5360,N,00110.6413,W,0.000,0.00,031112,,A*60
$GPGGA,114946.000,5319.5351,N,00110.6661,W,1,0,,60.0,M,,M,,*7C
$GPRMC,114946.000,A,5319.5351,N,00110.6661,W,0.000,0.00,031112,,A*64
$GPGGA,115002.000,5319.5358,N,00110.6764,W,1,0,,60.0,M,,M,,*79
$GPRMC,115002.000,A,5319.5358,N,00110.6764,W,0.000,0.00,031112,,A*61
$GPGGA,115017.000,5319.5392,N,00110.6895,W,1,0,,60.0,M,,M,,*7A
$GPRMC,115017.000,A,5319.5392,N,00110.6895,W,0.000,0.00,031112,,A*62
$GPGGA,115032.000,5319.5431,N,00110.7114,W,1,0,,60.0,M,,M,,*72
$GPRMC,115032.000,A,5319.5431,N,00110.7114,W,0.000,0.00,031112,,A*6A
$GPGGA,115047.000,5319.5435,N,00110.7210,W,1,0,,60.0,M,,M,,*73
$GPRMC,115047.000,A,5319.5435,N,00110.7210,W,0.000,0.00,031112,,A*6B
$GPGGA,115102.000,5319.5442,N,00110.7460,W,1,0,,60.0,M,,M,,*72
$GPRMC,115102.000,A,5319.5442,N,00110.7460,W,0.000,0.00,031112,,A*6A
$GPGGA,115117.000,5319.5422,N,00110.7574,W,1,0,,60.0,M,,M,,*74
$GPRMC,115117.000,A,5319.5422,N,00110.7574,W,0.000,0.00,031112,,A*6C
$GPGGA,115132.000,5319.5479,N,00110.7682,W,1,0,,60.0,M,,M,,*77
$GPRMC,115132.000,A,5319.5479,N,00110.7682,W,0.000,0.00,031112,,A*6F
$GPGGA,115148.000,5319.5504,N,00110.7824,W,1,0,,60.0,M,,M,,*73
$GPRMC,115148.000,A,5319.5504,N,00110.7824,W,0.000,0.00,031112,,A*6B
$GPGGA,115203.000,5319.5527,N,00110.8149,W,1,0,,60.0,M,,M,,*73
$GPRMC,115203.000,A,5319.5527,N,00110.8149,W,0.000,0.00,031112,,A*6B
$GPGGA,115218.000,5319.5541,N,00110.8285,W,1,0,,60.0,M,,M,,*7A
$GPRMC,115218.000,A,5319.5541,N,00110.8285,W,0.000,0.00,031112,,A*62
$GPGGA,115234.000,5319.5573,N,00110.8552,W,1,0,,59.0,M,,M,,*72
$GPRMC,115234.000,A,5319.5573,N,00110.8552,W,0.000,0.00,031112,,A*60
$GPGGA,115249.000,5319.5561,N,00110.8771,W,1,0,,59.0,M,,M,,*78
$GPRMC,115249.000,A,5319.5561,N,00110.8771,W,0.000,0.00,031112,,A*6A
$GPGGA,115305.000,5319.5554,N,00110.8897,W,1,0,,59.0,M,,M,,*70
$GPRMC,115305.000,A,5319.5554,N,00110.8897,W,0.000,0.00,031112,,A*62
$GPGGA,115320.000,5319.5550,N,00110.9118,W,1,0,,59.0,M,,M,,*7C
$GPRMC,115320.000,A,5319.5550,N,00110.9118,W,0.000,0.00,031112,,A*6E
$GPGGA,115336.000,5319.5582,N,00110.9213,W,1,0,,59.0,M,,M,,*7C
$GPRMC,115336.000,A,5319.5582,N,00110.9213,W,0.000,0.00,031112,,A*6E
$GPGGA,115351.000,5319.5554,N,00110.9399,W,1,0,,59.0,M,,M,,*75
$GPRMC,115351.000,A,5319.5554,N,00110.9399,W,0.000,0.00,031112,,A*67
$GPGGA,115406.000,5319.5547,N,00110.9581,W,1,0,,59.0,M,,M,,*7D
$GPRMC,115406.000,A,5319.5547,N,00110.9581,W,0.000,0.00,031112,,A*6F
$GPGGA,115421.000,5319.5529,N,00110.9793,W,1,0,,59.0,M,,M,,*71
$GPRMC,115421.000,A,5319.5529,N,00110.9793,W,0.000,0.00,031112,,A*63
$GPGGA,115436.000,5319.5543,N,00110.9974,W,1,0,,59.0,M,,M,,*7C
$GPRMC,115436.000,A,5319.5543,N,00110.9974,W,0.000,0.00,031112,,A*6E
$GPGGA,115452.000,5319.5541,N,00111.0297,W,1,0,,59.0,M,,M,,*72
$GPRMC,115452.000,A,5319.5541,N,00111.0297,W,0.000,0.00,031112,,A*60
$GPGGA,115508.000,5319.5493,N,00111.0566,W,1,0,,59.0,M,,M,,*7B
$GPRMC,115508.000,A,5319.5493,N,00111.0566,W,0.000,0.00,031112,,A*69
$GPGGA,115523.000,5319.5538,N,00111.0683,W,1,0,,59.0,M,,M,,*7A
$GPRMC,115523.000,A,5319.5538,N,00111.0683,W,0.000,0.00,031112,,A*68
$GPGGA,115538.000,5319.5570,N,00111.0820,W,1,0,,59.0,M,,M,,*7B
$GPRMC,115538.000,A,5319.5570,N,00111.0820,W,0.000,0.00,031112,,A*69
$GPGGA,115554.000,5319.5600,N,00111.0991,W,1,0,,59.0,M,,M,,*7E
$GPRMC,115554.000,A,5319.5600,N,00111.0991,W,0.000,0.00,031112,,A*6C
$GPGGA,115618.000,5319.5648,N,00111.1281,W,1,0,,59.0,M,,M,,*72
$GPRMC,115618.000,A,5319.5648,N,00111.1281,W,0.000,0.00,031112,,A*60
$GPGGA,115634.000,5319.5648,N,00111.1458,W,1,0,,59.0,M,,M,,*7E
$GPRMC,115634.000,A,5319.5648,N,00111.1458,W,0.000,0.00,031112,,A*6C
$GPGGA,115649.000,5319.5655,N,00111.1646,W,1,0,,59.0,M,,M,,*75
$GPRMC,115649.000,A,5319.5655,N,00111.1646,W,0.000,0.00,031112,,A*67
$GPGGA,115705.000,5319.5703,N,00111.1785,W,1,0,,59.0,M,,M,,*70
$GPRMC,115705.000,A,5319.5703,N,00111.1785,W,0.000,0.00,031112,,A*62
$GPGGA,115720.000,5319.5797,N,00111.2074,W,1,0,,59.0,M,,M,,*70
$GPRMC,115720.000,A,5319.5797,N,00111.2074,W,0.000,0.00,031112,,A*62
$GPGGA,115735.000,5319.5834,N,00111.2229,W,1,0,,59.0,M,,M,,*78
$GPRMC,115735.000,A,5319.5834,N,00111.2229,W,0.000,0.00,031112,,A*6A
$GPGGA,115750.000,5319.5884,N,00111.2258,W,1,0,,59.0,M,,M,,*76
$GPRMC,115750.000,A,5319.5884,N,00111.2258,W,0.000,0.00,031112,,A*64
$GPGGA,115805.000,5319.5916,N,00111.2297,W,1,0,,59.0,M,,M,,*70
$GPRMC,115805.000,A,5319.5916,N,00111.2297,W,0.000,0.00,031112,,A*62
$GPGGA,115820.000,5319.5882,N,00111.2335,W,1,0,,59.0,M,,M,,*72
$GPRMC,115820.000,A,5319.5882,N,00111.2335,W,0.000,0.00,031112,,A*60
$GPGGA,115836.000,5319.5937,N,00111.2399,W,1,0,,59.0,M,,M,,*7C
$GPRMC,115836.000,A,5319.5937,N,00111.2399,W,0.000,0.00,031112,,A*6E
$GPGGA,115851.000,5319.6037,N,00111.2552,W,1,0,,59.0,M,,M,,*76
$GPRMC,115851.000,A,5319.6037,N,00111.2552,W,0.000,0.00,031112,,A*64
$GPGGA,115906.000,5319.6108,N,00111.2630,W,1,0,,58.0,M,,M,,*7E
$GPRMC,115906.000,A,5319.6108,N,00111.2630,W,0.000,0.00,031112,,A*6D
$GPGGA,115922.000,5319.6156,N,00111.2732,W,1,0,,58.0,M,,M,,*70
$GPRMC,115922.000,A,5319.6156,N,00111.2732,W,0.000,0.00,031112,,A*63
$GPGGA,115937.000,5319.6216,N,00111.2856,W,1,0,,58.0,M,,M,,*7E
$GPRMC,115937.000,A,5319.6216,N,00111.2856,W,0.000,0.00,031112,,A*6D
$GPGGA,115952.000,5319.6257,N,00111.2946,W,1,0,,58.0,M,,M,,*78
$GPRMC,115952.000,A,5319.6257,N,00111.2946,W,0.000,0.00,031112,,A*6B
$GPGGA,120008.000,5319.6296,N,00111.3131,W,1,0,,58.0,M,,M,,*7C
$GPRMC,120008.000,A,5319.6296,N,00111.3131,W,0.000,0.00,031112,,A*6F
$GPGGA,120023.000,5319.6243,N,00111.3288,W,1,0,,58.0,M,,M,,*7C
$GPRMC,120023.000,A,5319.6243,N,00111.3288,W,0.000,0.00,031112,,A*6F
$GPGGA,120038.000,5319.6181,N,00111.3416,W,1,0,,58.0,M,,M,,*7A
$GPRMC,120038.000,A,5319.6181,N,00111.3416,W,0.000,0.00,031112,,A*69
$GPGGA,120054.000,5319.6117,N,00111.3553,W,1,0,,58.0,M,,M,,*7F
$GPRMC,120054.000,A,5319.6117,N,00111.3553,W,0.000,0.00,031112,,A*6C
$GPGGA,120109.000,5319.6097,N,00111.3725,W,1,0,,58.0,M,,M,,*7C
$GPRMC,120109.000,A,5319.6097,N,00111.3725,W,0.000,0.00,031112,,A*6F
$GPGGA,120124.000,5319.6097,N,00111.3845,W,1,0,,58.0,M,,M,,*7A
$GPRMC,120124.000,A,5319.6097,N,00111.3845,W,0.000,0.00,031112,,A*69
$GPGGA,120140.000,5319.6152,N,00111.4088,W,1,0,,57.0,M,,M,,*71
$GPRMC,120140.000,A,5319.6152,N,00111.4088,W,0.000,0.00,031112,,A*6D
$GPGGA,120155.000,5319.6145,N,00111.4374,W,1,0,,57.0,M,,M,,*73
$GPRMC,120155.000,A,5319.6145,N,00111.4374,W,0.000,0.00,031112,,A*6F
$GPGGA,120210.000,5319.6156,N,00111.4564,W,1,0,,57.0,M,,M,,*74
$GPRMC,120210.000,A,5319.6156,N,00111.4564,W,0.000,0.00,031112,,A*68
$GPGGA,120225.000,5319.6227,N,00111.4668,W,1,0,,57.0,M,,M,,*78
$GPRMC,120225.000,A,5319.6227,N,00111.4668,W,0.000,0.00,031112,,A*64
$GPGGA,120241.000,5319.6259,N,00111.4762,W,1,0,,57.0,M,,M,,*78
$GPRMC,120241.000,A,5319.6259,N,00111.4762,W,0.000,0.00,031112,,A*64
$GPGGA,120256.000,5319.6323,N,00111.4924,W,1,0,,57.0,M,,M,,*7E
$GPRMC,120256.000,A,5319.6323,N,00111.4924,W,0.000,0.00,031112,,A*62
$GPGGA,120312.000,5319.6349,N,00111.4997,W,1,0,,56.0,M,,M,,*7A
$GPRMC,120312.000,A,5319.6349,N,00111.4997,W,0.000,0.00,031112,,A*67
$GPGGA,120328.000,5319.6449,N,00111.5136,W,1,0,,56.0,M,,M,,*76
$GPRMC,120328.000,A,5319.6449,N,00111.5136,W,0.000,0.00,031112,,A*6B
$GPGGA,120350.000,5319.6429,N,00111.5426,W,1,0,,56.0,M,,M,,*7B
$GPRMC,120350.000,A,5319.6429,N,00111.5426,W,0.000,0.00,031112,,A*66
$GPGGA,120405.000,5319.6420,N,00111.5455,W,1,0,,56.0,M,,M,,*71
$GPRMC,120405.000,A,5319.6420,N,00111.5455,W,0.000,0.00,031112,,A*6C
$GPGGA,120420.000,5319.6413,N,00111.5456,W,1,0,,56.0,M,,M,,*75
$GPRMC,120420.000,A,5319.6413,N,00111.5456,W,0.000,0.00,031112,,A*68
$GPGGA,120435.000,5319.6445,N,00111.5543,W,1,0,,56.0,M,,M,,*77
$GPRMC,120435.000,A,5319.6445,N,00111.5543,W,0.000,0.00,031112,,A*6A
$GPGGA,120450.000,5319.6490,N,00111.5672,W,1,0,,56.0,M,,M,,*7D
$GPRMC,120450.000,A,5319.6490,N,00111.5672,W,0.000,0.00,031112,,A*60
$GPGGA,120505.000,5319.6490,N,00111.5690,W,1,0,,56.0,M,,M,,*70
$GPRMC,120505.000,A,5319.6490,N,00111.5690,W,0.000,0.00,031112,,A*6D
$GPGGA,120520.000,5319.6523,N,00111.5778,W,1,0,,56.0,M,,M,,*79
$GPRMC,120520.000,A,5319.6523,N,00111.5778,W,0.000,0.00,031112,,A*64
$GPGGA,120536.000,5319.6548,N,00111.5910,W,1,0,,56.0,M,,M,,*73
$GPRMC,120536.000,A,5319.6548,N,00111.5910,W,0.000,0.00,031112,,A*6E
$GPGGA,120551.000,5319.6609,N,00111.6050,W,1,0,,55.0,M,,M,,*79
$GPRMC,120551.000,A,5319.6609,N,00111.6050,W,0.000,0.00,031112,,A*67
$GPGGA,120608.000,5319.6655,N,00111.6283,W,1,0,,55.0,M,,M,,*73
$GPRMC,120608.000,A,5319.6655,N,00111.6283,W,0.000,0.00,031112,,A*6D
$GPGGA,120623.000,5319.6687,N,00111.6373,W,1,0,,55.0,M,,M,,*7B
$GPRMC,120623.000,A,5319.6687,N,00111.6373,W,0.000,0.00,031112,,A*65
$GPGGA,120638.000,5319.6719,N,00111.6561,W,1,0,,55.0,M,,M,,*72
$GPRMC,120638.000,A,5319.6719,N,00111.6561,W,0.000,0.00,031112,,A*6C
$GPGGA,120653.000,5319.6726,N,00111.6746,W,1,0,,55.0,M,,M,,*74
$GPRMC,120653.000,A,5319.6726,N,00111.6746,W,0.000,0.00,031112,,A*6A
$GPGGA,120708.000,5319.6756,N,00111.6849,W,1,0,,55.0,M,,M,,*7C
$GPRMC,120708.000,A,5319.6756,N,00111.6849,W,0.000,0.00,031112,,A*62
$GPGGA,120724.000,5319.6786,N,00111.6984,W,1,0,,55.0,M,,M,,*7F
$GPRMC,120724.000,A,5319.6786,N,00111.6984,W,0.000,0.00,031112,,A*61
$GPGGA,120739.000,5319.6749,N,00111.7169,W,1,0,,55.0,M,,M,,*7A
$GPRMC,120739.000,A,5319.6749,N,00111.7169,W,0.000,0.00,031112,,A*64
$GPGGA,120755.000,5319.6719,N,00111.7319,W,1,0,,55.0,M,,M,,*70
$GPRMC,120755.000,A,5319.6719,N,00111.7319,W,0.000,0.00,031112,,A*6E
$GPGGA,120810.000,5319.6809,N,00111.7483,W,1,0,,55.0,M,,M,,*74
$GPRMC,120810.000,A,5319.6809,N,00111.7483,W,0.000,0.00,031112,,A*6A
$GPGGA,120826.000,5319.6811,N,00111.7581,W,1,0,,55.0,M,,M,,*7B
$GPRMC,120826.000,A,5319.6811,N,00111.7581,W,0.000,0.00,031112,,A*65
$GPGGA,120841.000,5319.6845,N,00111.7863,W,1,0,,54.0,M,,M,,*7B
$GPRMC,120841.000,A,5319.6845,N,00111.7863,W,0.000,0.00,031112,,A*64
$GPGGA,120856.000,5319.6838,N,00111.8000,W,1,0,,52.0,M,,M,,*73
$GPRMC,120856.000,A,5319.6838,N,00111.8000,W,0.000,0.00,031112,,A*6A
$GPGGA,120911.000,5319.6832,N,00111.8213,W,1,0,,52.0,M,,M,,*7B
$GPRMC,120911.000,A,5319.6832,N,00111.8213,W,0.000,0.00,031112,,A*62
$GPGGA,120926.000,5319.6838,N,00111.8340,W,1,0,,53.0,M,,M,,*73
$GPRMC,120926.000,A,5319.6838,N,00111.8340,W,0.000,0.00,031112,,A*6B
$GPGGA,120941.000,5319.6813,N,00111.8406,W,1,0,,52.0,M,,M,,*7F
$GPRMC,120941.000,A,5319.6813,N,00111.8406,W,0.000,0.00,031112,,A*66
$GPGGA,120956.000,5319.6827,N,00111.8456,W,1,0,,52.0,M,,M,,*7B
$GPRMC,120956.000,A,5319.6827,N,00111.8456,W,0.000,0.00,031112,,A*62
$GPGGA,121011.000,5319.6841,N,00111.8579,W,1,0,,53.0,M,,M,,*7D
$GPRMC,121011.000,A,5319.6841,N,00111.8579,W,0.000,0.00,031112,,A*65
$GPGGA,121026.000,5319.6852,N,00111.8709,W,1,0,,53.0,M,,M,,*7E
$GPRMC,121026.000,A,5319.6852,N,00111.8709,W,0.000,0.00,031112,,A*66
$GPGGA,121041.000,5319.6882,N,00111.8900,W,1,0,,55.0,M,,M,,*73
$GPRMC,121041.000,A,5319.6882,N,00111.8900,W,0.000,0.00,031112,,A*6D
$GPGGA,121056.000,5319.6861,N,00111.9095,W,1,0,,70.0,M,,M,,*7B
$GPRMC,121056.000,A,5319.6861,N,00111.9095,W,0.000,0.00,031112,,A*62
$GPGGA,121111.000,5319.6925,N,00111.9123,W,1,0,,55.0,M,,M,,*73
$GPRMC,121111.000,A,5319.6925,N,00111.9123,W,0.000,0.00,031112,,A*6D
$GPGGA,121126.000,5319.6937,N,00111.9211,W,1,0,,53.0,M,,M,,*70
$GPRMC,121126.000,A,5319.6937,N,00111.9211,W,0.000,0.00,031112,,A*68
$GPGGA,121141.000,5319.6932,N,00111.9241,W,1,0,,54.0,M,,M,,*76
$GPRMC,121141.000,A,5319.6932,N,00111.9241,W,0.000,0.00,031112,,A*69
$GPGGA,121156.000,5319.6935,N,00111.9245,W,1,0,,54.0,M,,M,,*73
$GPRMC,121156.000,A,5319.6935,N,00111.9245,W,0.000,0.00,031112,,A*6C
$GPGGA,121211.000,5319.6978,N,00111.9288,W,1,0,,54.0,M,,M,,*7B
$GPRMC,121211.000,A,5319.6978,N,00111.9288,W,0.000,0.00,031112,,A*64
$GPGGA,121226.000,5319.7042,N,00111.9460,W,1,0,,54.0,M,,M,,*7E
$GPRMC,121226.000,A,5319.7042,N,00111.9460,W,0.000,0.00,031112,,A*61
$GPGGA,121241.000,5319.7060,N,00111.9649,W,1,0,,54.0,M,,M,,*76
$GPRMC,121241.000,A,5319.7060,N,00111.9649,W,0.000,0.00,031112,,A*69
$GPGGA,121256.000,5319.7099,N,00111.9778,W,1,0,,53.0,M,,M,,*72
$GPRMC,121256.000,A,5319.7099,N,00111.9778,W,0.000,0.00,031112,,A*6A
$GPGGA,121311.000,5319.7200,N,00111.9909,W,1,0,,52.0,M,,M,,*7B
$GPRMC,121311.000,A,5319.7200,N,00111.9909,W,0.000,0.00,031112,,A*62
$GPGGA,121326.000,5319.7237,N,00112.0047,W,1,0,,50.0,M,,M,,*70
$GPRMC,121326.000,A,5319.7237,N,00112.0047,W,0.000,0.00,031112,,A*6B
$GPGGA,121341.000,5319.7237,N,00112.0143,W,1,0,,47.0,M,,M,,*72
$GPRMC,121341.000,A,5319.7237,N,00112.0143,W,0.000,0.00,031112,,A*6F
$GPGGA,121356.000,5319.7303,N,00112.0246,W,1,0,,45.0,M,,M,,*76
$GPRMC,121356.000,A,5319.7303,N,00112.0246,W,0.000,0.00,031112,,A*69
$GPGGA,121411.000,5319.7358,N,00112.0345,W,1,0,,43.0,M,,M,,*78
$GPRMC,121411.000,A,5319.7358,N,00112.0345,W,0.000,0.00,031112,,A*61
$GPGGA,121426.000,5319.7381,N,00112.0500,W,1,0,,40.0,M,,M,,*7C
$GPRMC,121426.000,A,5319.7381,N,00112.0500,W,0.000,0.00,031112,,A*66
$GPGGA,121441.000,5319.7429,N,00112.0629,W,1,0,,37.0,M,,M,,*70
$GPRMC,121441.000,A,5319.7429,N,00112.0629,W,0.000,0.00,031112,,A*6A
$GPGGA,121501.000,5319.7557,N,00112.0870,W,1,0,,39.0,M,,M,,*71
$GPRMC,121501.000,A,5319.7557,N,00112.0870,W,0.000,0.00,031112,,A*65
$GPGGA,121516.000,5319.7623,N,00112.1024,W,1,0,,38.0,M,,M,,*7E
$GPRMC,121516.000,A,5319.7623,N,00112.1024,W,0.000,0.00,031112,,A*6B
$GPGGA,121531.000,5319.7619,N,00112.1186,W,1,0,,37.0,M,,M,,*74
$GPRMC,121531.000,A,5319.7619,N,00112.1186,W,0.000,0.00,031112,,A*6E
$GPGGA,121546.000,5319.7607,N,00112.1342,W,1,0,,37.0,M,,M,,*71
$GPRMC,121546.000,A,5319.7607,N,00112.1342,W,0.000,0.00,031112,,A*6B
$GPGGA,121601.000,5319.7532,N,00112.1517,W,1,0,,38.0,M,,M,,*7D
$GPRMC,121601.000,A,5319.7532,N,00112.1517,W,0.000,0.00,031112,,A*68
$GPGGA,121616.000,5319.7470,N,00112.1626,W,1,0,,37.0,M,,M,,*72
$GPRMC,121616.000,A,5319.7470,N,00112.1626,W,0.000,0.00,031112,,A*68
$GPGGA,121631.000,5319.7427,N,00112.1633,W,1,0,,37.0,M,,M,,*71
$GPRMC,121631.000,A,5319.7427,N,00112.1633,W,0.000,0.00,031112,,A*6B
$GPGGA,121646.000,5319.7346,N,00112.1775,W,1,0,,38.0,M,,M,,*7D
$GPRMC,121646.000,A,5319.7346,N,00112.1775,W,0.000,0.00,031112,,A*68
$GPGGA,121701.000,5319.7253,N,00112.1920,W,1,0,,41.0,M,,M,,*7A
$GPRMC,121701.000,A,5319.7253,N,00112.1920,W,0.000,0.00,031112,,A*61
$GPGGA,121716.000,5319.7147,N,00112.2003,W,1,0,,47.0,M,,M,,*77
$GPRMC,121716.000,A,5319.7147,N,00112.2003,W,0.000,0.00,031112,,A*6A
$GPGGA,121731.000,5319.7063,N,00112.2089,W,1,0,,56.0,M,,M,,*77
$GPRMC,121731.000,A,5319.7063,N,00112.2089,W,0.000,0.00,031112,,A*6A
$GPGGA,121746.000,5319.6976,N,00112.2154,W,1,0,,66.0,M,,M,,*79
$GPRMC,121746.000,A,5319.6976,N,00112.2154,W,0.000,0.00,031112,,A*67
$GPGGA,121801.000,5319.6864,N,00112.2237,W,1,0,,77.0,M,,M,,*71
$GPRMC,121801.000,A,5319.6864,N,00112.2237,W,0.000,0.00,031112,,A*6F
$GPGGA,121816.000,5319.6751,N,00112.2346,W,1,0,,88.0,M,,M,,*79
$GPRMC,121816.000,A,5319.6751,N,00112.2346,W,0.000,0.00,031112,,A*67
$GPGGA,121831.000,5319.6653,N,00112.2486,W,1,0,,97.0,M,,M,,*7A
$GPRMC,121831.000,A,5319.6653,N,00112.2486,W,0.000,0.00,031112,,A*6A
$GPGGA,121847.000,5319.6559,N,00112.2514,W,1,0,,98.0,M,,M,,*77
$GPRMC,121847.000,A,5319.6559,N,00112.2514,W,0.000,0.00,031112,,A*68
$GPGGA,121903.000,5319.6488,N,00112.2606,W,1,0,,98.0,M,,M,,*7B
$GPRMC,121903.000,A,5319.6488,N,00112.2606,W,0.000,0.00,031112,,A*64
$GPGGA,121919.000,5319.6420,N,00112.2905,W,1,0,,98.0,M,,M,,*7E
$GPRMC,121919.000,A,5319.6420,N,00112.2905,W,0.000,0.00,031112,,A*61
$GPGGA,121934.000,5319.6378,N,00112.3059,W,1,0,,98.0,M,,M,,*7A
$GPRMC,121934.000,A,5319.6378,N,00112.3059,W,0.000,0.00,031112,,A*65
$GPGGA,121949.000,5319.6406,N,00112.3259,W,1,0,,98.0,M,,M,,*7C
$GPRMC,121949.000,A,5319.6406,N,00112.3259,W,0.000,0.00,031112,,A*63
$GPGGA,122005.000,5319.6406,N,00112.3466,W,1,0,,98.0,M,,M,,*74
$GPRMC,122005.000,A,5319.6406,N,00112.3466,W,0.000,0.00,031112,,A*6B
$GPGGA,122020.000,5319.6408,N,00112.3622,W,1,0,,98.0,M,,M,,*7F
$GPRMC,122020.000,A,5319.6408,N,00112.3622,W,0.000,0.00,031112,,A*60
$GPGGA,122035.000,5319.6397,N,00112.3834,W,1,0,,98.0,M,,M,,*73
$GPRMC,122035.000,A,5319.6397,N,00112.3834,W,0.000,0.00,031112,,A*6C
$GPGGA,122051.000,5319.6374,N,00112.4045,W,1,0,,97.0,M,,M,,*7A
$GPRMC,122051.000,A,5319.6374,N,00112.4045,W,0.000,0.00,031112,,A*6A
$GPGGA,122106.000,5319.6383,N,00112.4127,W,1,0,,97.0,M,,M,,*74
$GPRMC,122106.000,A,5319.6383,N,00112.4127,W,0.000,0.00,031112,,A*64
$GPGGA,122121.000,5319.6509,N,00112.4251,W,1,0,,97.0,M,,M,,*77
$GPRMC,122121.000,A,5319.6509,N,00112.4251,W,0.000,0.00,031112,,A*67
$GPGGA,122137.000,5319.6525,N,00112.4416,W,1,0,,97.0,M,,M,,*7B
$GPRMC,122137.000,A,5319.6525,N,00112.4416,W,0.000,0.00,031112,,A*6B
$GPGGA,122152.000,5319.6639,N,00112.4738,W,1,0,,97.0,M,,M,,*79
$GPRMC,122152.000,A,5319.6639,N,00112.4738,W,0.000,0.00,031112,,A*69
$GPGGA,122207.000,5319.6669,N,00112.4828,W,1,0,,97.0,M,,M,,*71
$GPRMC,122207.000,A,5319.6669,N,00112.4828,W,0.000,0.00,031112,,A*61
$GPGGA,122225.000,5319.6795,N,00112.4893,W,1,0,,97.0,M,,M,,*73
$GPRMC,122225.000,A,5319.6795,N,00112.4893,W,0.000,0.00,031112,,A*63
$GPGGA,122253.000,5319.6761,N,00112.4944,W,1,0,,97.0,M,,M,,*72
$GPRMC,122253.000,A,5319.6761,N,00112.4944,W,0.000,0.00,031112,,A*62
$GPGGA,122308.000,5319.6756,N,00112.4942,W,1,0,,97.0,M,,M,,*7F
$GPRMC,122308.000,A,5319.6756,N,00112.4942,W,0.000,0.00,031112,,A*6F
$GPGGA,122323.000,5319.6765,N,00112.4971,W,1,0,,97.0,M,,M,,*76
$GPRMC,122323.000,A,5319.6765,N,00112.4971,W,0.000,0.00,031112,,A*66
$GPGGA,122338.000,5319.6770,N,00112.5112,W,1,0,,97.0,M,,M,,*74
$GPRMC,122338.000,A,5319.6770,N,00112.5112,W,0.000,0.00,031112,,A*64
$GPGGA,122354.000,5319.6779,N,00112.5434,W,1,0,,96.0,M,,M,,*77
$GPRMC,122354.000,A,5319.6779,N,00112.5434,W,0.000,0.00,031112,,A*66
$GPGGA,122409.000,5319.6763,N,00112.5505,W,1,0,,96.0,M,,M,,*70
$GPRMC,122409.000,A,5319.6763,N,00112.5505,W,0.000,0.00,031112,,A*61
$GPGGA,122425.000,5319.6813,N,00112.5616,W,1,0,,96.0,M,,M,,*77
$GPRMC,122425.000,A,5319.6813,N,00112.5616,W,0.000,0.00,031112,,A*66
$GPGGA,122440.000,5319.6891,N,00112.5791,W,1,0,,96.0,M,,M,,*70
$GPRMC,122440.000,A,5319.6891,N,00112.5791,W,0.000,0.00,031112,,A*61
$GPGGA,122455.000,5319.6971,N,00112.5950,W,1,0,,96.0,M,,M,,*78
$GPRMC,122455.000,A,5319.6971,N,00112.5950,W,0.000,0.00,031112,,A*69
$GPGGA,122510.000,5319.7049,N,00112.6137,W,1,0,,96.0,M,,M,,*71
$GPRMC,122510.000,A,5319.7049,N,00112.6137,W,0.000,0.00,031112,,A*60
$GPGGA,122526.000,5319.7083,N,00112.6256,W,1,0,,96.0,M,,M,,*76
$GPRMC,122526.000,A,5319.7083,N,00112.6256,W,0.000,0.00,031112,,A*67
$GPGGA,122541.000,5319.7237,N,00112.6483,W,1,0,,96.0,M,,M,,*74
$GPRMC,122541.000,A,5319.7237,N,00112.6483,W,0.000,0.00,031112,,A*65
$GPGGA,122556.000,5319.7271,N,00112.6553,W,1,0,,96.0,M,,M,,*7C
$GPRMC,122556.000,A,5319.7271,N,00112.6553,W,0.000,0.00,031112,,A*6D
$GPGGA,122611.000,5319.7353,N,00112.6646,W,1,0,,96.0,M,,M,,*7A
$GPRMC,122611.000,A,5319.7353,N,00112.6646,W,0.000,0.00,031112,,A*6B
$GPGGA,122627.000,5319.7482,N,00112.6921,W,1,0,,96.0,M,,M,,*7A
$GPRMC,122627.000,A,5319.7482,N,00112.6921,W,0.000,0.00,031112,,A*6B
$GPGGA,122643.000,5319.7523,N,00112.6995,W,1,0,,96.0,M,,M,,*7D
$GPRMC,122643.000,A,5319.7523,N,00112.6995,W,0.000,0.00,031112,,A*6C
$GPGGA,122658.000,5319.7704,N,00112.7191,W,1,0,,96.0,M,,M,,*7D
$GPRMC,122658.000,A,5319.7704,N,00112.7191,W,0.000,0.00,031112,,A*6C
$GPGGA,122713.000,5319.7720,N,00112.7207,W,1,0,,95.0,M,,M,,*7A
$GPRMC,122713.000,A,5319.7720,N,00112.7207,W,0.000,0.00,031112,,A*68
$GPGGA,122728.000,5319.7713,N,00112.7287,W,1,0,,95.0,M,,M,,*7A
$GPRMC,122728.000,A,5319.7713,N,00112.7287,W,0.000,0.00,031112,,A*68
$GPGGA,122743.000,5319.7852,N,00112.7472,W,1,0,,95.0,M,,M,,*71
$GPRMC,122743.000,A,5319.7852,N,00112.7472,W,0.000,0.00,031112,,A*63
$GPGGA,122758.000,5319.7944,N,00112.7589,W,1,0,,95.0,M,,M,,*78
$GPRMC,122758.000,A,5319.7944,N,00112.7589,W,0.000,0.00,031112,,A*6A
$GPGGA,122814.000,5319.8031,N,00112.7724,W,1,0,,95.0,M,,M,,*7E
$GPRMC,122814.000,A,5319.8031,N,00112.7724,W,0.000,0.00,031112,,A*6C
$GPGGA,122830.000,5319.8074,N,00112.7869,W,1,0,,95.0,M,,M,,*7F
$GPRMC,122830.000,A,5319.8074,N,00112.7869,W,0.000,0.00,031112,,A*6D
$GPGGA,122845.000,5319.8120,N,00112.7944,W,1,0,,95.0,M,,M,,*73
$GPRMC,122845.000,A,5319.8120,N,00112.7944,W,0.000,0.00,031112,,A*61
$GPGGA,122900.000,5319.8148,N,00112.8019,W,1,0,,95.0,M,,M,,*73
$GPRMC,122900.000,A,5319.8148,N,00112.8019,W,0.000,0.00,031112,,A*61
$GPGGA,122915.000,5319.8235,N,00112.8213,W,1,0,,95.0,M,,M,,*76
$GPRMC,122915.000,A,5319.8235,N,00112.8213,W,0.000,0.00,031112,,A*64
$GPGGA,122930.000,5319.8310,N,00112.8334,W,1,0,,95.0,M,,M,,*73
$GPRMC,122930.000,A,5319.8310,N,00112.8334,W,0.000,0.00,031112,,A*61
$GPGGA,122945.000,5319.8271,N,00112.8530,W,1,0,,95.0,M,,M,,*75
$GPRMC,122945.000,A,5319.8271,N,00112.8530,W,0.000,0.00,031112,,A*67
$GPGGA,123001.000,5319.8365,N,00112.8724,W,1,0,,95.0,M,,M,,*7E
$GPRMC,123001.000,A,5319.8365,N,00112.8724,W,0.000,0.00,031112,,A*6C
$GPGGA,123017.000,5319.8546,N,00112.8814,W,1,0,,95.0,M,,M,,*72
$GPRMC,123017.000,A,5319.8546,N,00112.8814,W,0.000,0.00,031112,,A*60
$GPGGA,123032.000,5319.8681,N,00112.8972,W,1,0,,94.0,M,,M,,*7D
$GPRMC,123032.000,A,5319.8681,N,00112.8972,W,0.000,0.00,031112,,A*6E
$GPGGA,123047.000,5319.8807,N,00112.9077,W,1,0,,94.0,M,,M,,*72
$GPRMC,123047.000,A,5319.8807,N,00112.9077,W,0.000,0.00,031112,,A*61
$GPGGA,123102.000,5319.8887,N,00112.9229,W,1,0,,94.0,M,,M,,*73
$GPRMC,123102.000,A,5319.8887,N,00112.9229,W,0.000,0.00,031112,,A*60
$GPGGA,123117.000,5319.8907,N,00112.9264,W,1,0,,94.0,M,,M,,*77
$GPRMC,123117.000,A,5319.8907,N,00112.9264,W,0.000,0.00,031112,,A*64
$GPGGA,123132.000,5319.8978,N,00112.9474,W,1,0,,94.0,M,,M,,*7F
$GPRMC,123132.000,A,5319.8978,N,00112.9474,W,0.000,0.00,031112,,A*6C
$GPGGA,123148.000,5319.9015,N,00112.9581,W,1,0,,94.0,M,,M,,*7A
$GPRMC,123148.000,A,5319.9015,N,00112.9581,W,0.000,0.00,031112,,A*69
$GPGGA,123204.000,5319.9104,N,00112.9759,W,1,0,,94.0,M,,M,,*77
$GPRMC,123204.000,A,5319.9104,N,00112.9759,W,0.000,0.00,031112,,A*64
$GPGGA,123219.000,5319.9178,N,00112.9861,W,1,0,,94.0,M,,M,,*74
$GPRMC,123219.000,A,5319.9178,N,00112.9861,W,0.000,0.00,031112,,A*67
$GPGGA,123234.000,5319.9303,N,00112.9945,W,1,0,,94.0,M,,M,,*72
$GPRMC,123234.000,A,5319.9303,N,00112.9945,W,0.000,0.00,031112,,A*61
$GPGGA,123249.000,5319.9354,N,00113.0173,W,1,0,,94.0,M,,M,,*7F
$GPRMC,123249.000,A,5319.9354,N,00113.0173,W,0.000,0.00,031112,,A*6C
$GPGGA,123305.000,5319.9372,N,00113.0316,W,1,0,,94.0,M,,M,,*73
$GPRMC,123305.000,A,5319.9372,N,00113.0316,W,0.000,0.00,031112,,A*60
$GPGGA,123320.000,5319.9358,N,00113.0552,W,1,0,,94.0,M,,M,,*7A
$GPRMC,123320.000,A,5319.9358,N,00113.0552,W,0.000,0.00,031112,,A*69
$GPGGA,123335.000,5319.9400,N,00113.0689,W,1,0,,94.0,M,,M,,*71
$GPRMC,123335.000,A,5319.9400,N,00113.0689,W,0.000,0.00,031112,,A*62
$GPGGA,123350.000,5319.9471,N,00113.0832,W,1,0,,94.0,M,,M,,*7A
$GPRMC,123350.000,A,5319.9471,N,00113.0832,W,0.000,0.00,031112,,A*69
$GPGGA,123405.000,5319.9555,N,00113.0950,W,1,0,,94.0,M,,M,,*7F
$GPRMC,123405.000,A,5319.9555,N,00113.0950,W,0.000,0.00,031112,,A*6C
$GPGGA,123420.000,5319.9578,N,00113.1206,W,1,0,,94.0,M,,M,,*7E
$GPRMC,123420.000,A,5319.9578,N,00113.1206,W,0.000,0.00,031112,,A*6D
$GPGGA,123435.000,5319.9683,N,00113.1357,W,1,0,,93.0,M,,M,,*7F
$GPRMC,123435.000,A,5319.9683,N,00113.1357,W,0.000,0.00,031112,,A*6B
$GPGGA,123454.000,5319.9759,N,00113.1739,W,1,0,,93.0,M,,M,,*72
$GPRMC,123454.000,A,5319.9759,N,00113.1739,W,0.000,0.00,031112,,A*66
$GPGGA,123509.000,5319.9910,N,00113.1916,W,1,0,,93.0,M,,M,,*7B
$GPRMC,123509.000,A,5319.9910,N,00113.1916,W,0.000,0.00,031112,,A*6F
$GPGGA,123524.000,5319.9928,N,00113.2005,W,1,0,,93.0,M,,M,,*77
$GPRMC,123524.000,A,5319.9928,N,00113.2005,W,0.000,0.00,031112,,A*63
$GPGGA,123540.000,5319.9953,N,00113.2132,W,1,0,,93.0,M,,M,,*7C
$GPRMC,123540.000,A,5319.9953,N,00113.2132,W,0.000,0.00,031112,,A*68
$GPGGA,123555.000,5319.9986,N,00113.2285,W,1,0,,93.0,M,,M,,*7F
$GPRMC,123555.000,A,5319.9986,N,00113.2285,W,0.000,0.00,031112,,A*6B
$GPGGA,123610.000,5320.0068,N,00113.2424,W,1,0,,93.0,M,,M,,*7A
$GPRMC,123610.000,A,5320.0068,N,00113.2424,W,0.000,0.00,031112,,A*6E
$GPGGA,123626.000,5320.0107,N,00113.2698,W,1,0,,93.0,M,,M,,*72
$GPRMC,123626.000,A,5320.0107,N,00113.2698,W,0.000,0.00,031112,,A*66
$GPGGA,123641.000,5320.0084,N,00113.2818,W,1,0,,93.0,M,,M,,*7F
$GPRMC,123641.000,A,5320.0084,N,00113.2818,W,0.000,0.00,031112,,A*6B
$GPGGA,123656.000,5320.0068,N,00113.3021,W,1,0,,93.0,M,,M,,*78
$GPRMC,123656.000,A,5320.0068,N,00113.3021,W,0.000,0.00,031112,,A*6C
$GPGGA,123711.000,5320.0189,N,00113.3128,W,1,0,,92.0,M,,M,,*7D
$GPRMC,123711.000,A,5320.0189,N,00113.3128,W,0.000,0.00,031112,,A*68
$GPGGA,123727.000,5320.0251,N,00113.3296,W,1,0,,92.0,M,,M,,*78
$GPRMC,123727.000,A,5320.0251,N,00113.3296,W,0.000,0.00,031112,,A*6D
$GPGGA,123742.000,5320.0294,N,00113.3518,W,1,0,,92.0,M,,M,,*73
$GPRMC,123742.000,A,5320.0294,N,00113.3518,W,0.000,0.00,031112,,A*66
$GPGGA,123757.000,5320.0363,N,00113.3613,W,1,0,,92.0,M,,M,,*76
$GPRMC,123757.000,A,5320.0363,N,00113.3613,W,0.000,0.00,031112,,A*63
$GPGGA,123813.000,5320.0464,N,00113.3794,W,1,0,,92.0,M,,M,,*77
$GPRMC,123813.000,A,5320.0464,N,00113.3794,W,0.000,0.00,031112,,A*62
$GPGGA,123828.000,5320.0446,N,00113.3886,W,1,0,,92.0,M,,M,,*73
$GPRMC,123828.000,A,5320.0446,N,00113.3886,W,0.000,0.00,031112,,A*66
$GPGGA,123843.000,5320.0484,N,00113.3987,W,1,0,,92.0,M,,M,,*70
$GPRMC,123843.000,A,5320.0484,N,00113.3987,W,0.000,0.00,031112,,A*65
$GPGGA,123858.000,5320.0482,N,00113.4172,W,1,0,,92.0,M,,M,,*79
$GPRMC,123858.000,A,5320.0482,N,00113.4172,W,0.000,0.00,031112,,A*6C
$GPGGA,123914.000,5320.0553,N,00113.4341,W,1,0,,92.0,M,,M,,*7F
$GPRMC,123914.000,A,5320.0553,N,00113.4341,W,0.000,0.00,031112,,A*6A
$GPGGA,123929.000,5320.0626,N,00113.4424,W,1,0,,92.0,M,,M,,*74
$GPRMC,123929.000,A,5320.0626,N,00113.4424,W,0.000,0.00,031112,,A*61
$GPGGA,123944.000,5320.0702,N,00113.4432,W,1,0,,92.0,M,,M,,*7F
$GPRMC,123944.000,A,5320.0702,N,00113.4432,W,0.000,0.00,031112,,A*6A
$GPGGA,124000.000,5320.0688,N,00113.4452,W,1,0,,92.0,M,,M,,*74
$GPRMC,124000.000,A,5320.0688,N,00113.4452,W,0.000,0.00,031112,,A*61
$GPGGA,124015.000,5320.0768,N,00113.4434,W,1,0,,92.0,M,,M,,*7F
$GPRMC,124015.000,A,5320.0768,N,00113.4434,W,0.000,0.00,031112,,A*6A
$GPGGA,124030.000,5320.0777,N,00113.4420,W,1,0,,92.0,M,,M,,*73
$GPRMC,124030.000,A,5320.0777,N,00113.4420,W,0.000,0.00,031112,,A*66
$GPGGA,124046.000,5320.0926,N,00113.4416,W,1,0,,92.0,M,,M,,*7D
$GPRMC,124046.000,A,5320.0926,N,00113.4416,W,0.000,0.00,031112,,A*68
$GPGGA,124101.000,5320.1027,N,00113.4331,W,1,0,,92.0,M,,M,,*74
$GPRMC,124101.000,A,5320.1027,N,00113.4331,W,0.000,0.00,031112,,A*61
$GPGGA,124116.000,5320.1096,N,00113.4317,W,1,0,,92.0,M,,M,,*7C
$GPRMC,124116.000,A,5320.1096,N,00113.4317,W,0.000,0.00,031112,,A*69
$GPGGA,124131.000,5320.1199,N,00113.4320,W,1,0,,92.0,M,,M,,*73
$GPRMC,124131.000,A,5320.1199,N,00113.4320,W,0.000,0.00,031112,,A*66
$GPGGA,124146.000,5320.1311,N,00113.4273,W,1,0,,92.0,M,,M,,*76
$GPRMC,124146.000,A,5320.1311,N,00113.4273,W,0.000,0.00,031112,,A*63
$GPGGA,124202.000,5320.1382,N,00113.4274,W,1,0,,93.0,M,,M,,*79
$GPRMC,124202.000,A,5320.1382,N,00113.4274,W,0.000,0.00,031112,,A*6D
$GPGGA,124217.000,5320.1505,N,00113.4221,W,1,0,,93.0,M,,M,,*74
$GPRMC,124217.000,A,5320.1505,N,00113.4221,W,0.000,0.00,031112,,A*60
$GPGGA,124232.000,5320.1620,N,00113.4205,W,1,0,,93.0,M,,M,,*71
$GPRMC,124232.000,A,5320.1620,N,00113.4205,W,0.000,0.00,031112,,A*65
$GPGGA,124248.000,5320.1695,N,00113.4198,W,1,0,,93.0,M,,M,,*75
$GPRMC,124248.000,A,5320.1695,N,00113.4198,W,0.000,0.00,031112,,A*61
$GPGGA,124303.000,5320.1787,N,00113.4200,W,1,0,,93.0,M,,M,,*7B
$GPRMC,124303.000,A,5320.1787,N,00113.4200,W,0.000,0.00,031112,,A*6F
$GPGGA,124319.000,5320.1894,N,00113.4208,W,1,0,,93.0,M,,M,,*75
$GPRMC,124319.000,A,5320.1894,N,00113.4208,W,0.000,0.00,031112,,A*61
$GPGGA,124334.000,5320.1991,N,00113.4156,W,1,0,,93.0,M,,M,,*76
$GPRMC,124334.000,A,5320.1991,N,00113.4156,W,0.000,0.00,031112,,A*62
$GPGGA,124349.000,5320.2096,N,00113.4144,W,1,0,,93.0,M,,M,,*72
$GPRMC,124349.000,A,5320.2096,N,00113.4144,W,0.000,0.00,031112,,A*66
$GPGGA,124405.000,5320.2217,N,00113.4110,W,1,0,,93.0,M,,M,,*77
$GPRMC,124405.000,A,5320.2217,N,00113.4110,W,0.000,0.00,031112,,A*63
$GPGGA,124420.000,5320.2286,N,00113.4094,W,1,0,,93.0,M,,M,,*75
$GPRMC,124420.000,A,5320.2286,N,00113.4094,W,0.000,0.00,031112,,A*61
$GPGGA,124435.000,5320.2380,N,00113.4061,W,1,0,,93.0,M,,M,,*7C
$GPRMC,124435.000,A,5320.2380,N,00113.4061,W,0.000,0.00,031112,,A*68
$GPGGA,124450.000,5320.2512,N,00113.4038,W,1,0,,93.0,M,,M,,*7E
$GPRMC,124450.000,A,5320.2512,N,00113.4038,W,0.000,0.00,031112,,A*6A
$GPGGA,124515.000,5320.2620,N,00113.4027,W,1,0,,93.0,M,,M,,*72
$GPRMC,124515.000,A,5320.2620,N,00113.4027,W,0.000,0.00,031112,,A*66
$GPGGA,124530.000,5320.2666,N,00113.3989,W,1,0,,93.0,M,,M,,*7D
$GPRMC,124530.000,A,5320.2666,N,00113.3989,W,0.000,0.00,031112,,A*69
$GPGGA,124545.000,5320.2716,N,00113.3985,W,1,0,,93.0,M,,M,,*75
$GPRMC,124545.000,A,5320.2716,N,00113.3985,W,0.000,0.00,031112,,A*61
$GPGGA,124601.000,5320.2773,N,00113.4045,W,1,0,,93.0,M,,M,,*77
$GPRMC,124601.000,A,5320.2773,N,00113.4045,W,0.000,0.00,031112,,A*63
$GPGGA,124616.000,5320.2819,N,00113.3985,W,1,0,,93.0,M,,M,,*70
$GPRMC,124616.000,A,5320.2819,N,00113.3985,W,0.000,0.00,031112,,A*64
$GPGGA,124631.000,5320.2917,N,00113.3995,W,1,0,,93.0,M,,M,,*7B
$GPRMC,124631.000,A,5320.2917,N,00113.3995,W,0.000,0.00,031112,,A*6F
$GPGGA,124647.000,5320.3007,N,00113.3947,W,1,0,,93.0,M,,M,,*7C
$GPRMC,124647.000,A,5320.3007,N,00113.3947,W,0.000,0.00,031112,,A*68
$GPGGA,124702.000,5320.3117,N,00113.3911,W,1,0,,93.0,M,,M,,*7F
$GPRMC,124702.000,A,5320.3117,N,00113.3911,W,0.000,0.00,031112,,A*6B
$GPGGA,124717.000,5320.3215,N,00113.3944,W,1,0,,93.0,M,,M,,*7A
$GPRMC,124717.000,A,5320.3215,N,00113.3944,W,0.000,0.00,031112,,A*6E
$GPGGA,124733.000,5320.3311,N,00113.3885,W,1,0,,94.0,M,,M,,*72
$GPRMC,124733.000,A,5320.3311,N,00113.3885,W,0.000,0.00,031112,,A*61
$GPGGA,124748.000,5320.3396,N,00113.3868,W,1,0,,94.0,M,,M,,*72
$GPRMC,124748.000,A,5320.3396,N,00113.3868,W,0.000,0.00,031112,,A*61
$GPGGA,124803.000,5320.3487,N,00113.3857,W,1,0,,94.0,M,,M,,*79
$GPRMC,124803.000,A,5320.3487,N,00113.3857,W,0.000,0.00,031112,,A*6A
$GPGGA,124819.000,5320.3616,N,00113.3781,W,1,0,,95.0,M,,M,,*7D
$GPRMC,124819.000,A,5320.3616,N,00113.3781,W,0.000,0.00,031112,,A*6F
$GPGGA,124834.000,5320.3712,N,00113.3803,W,1,0,,95.0,M,,M,,*72
$GPRMC,124834.000,A,5320.3712,N,00113.3803,W,0.000,0.00,031112,,A*60
$GPGGA,124849.000,5320.3854,N,00113.3807,W,1,0,,95.0,M,,M,,*71
$GPRMC,124849.000,A,5320.3854,N,00113.3807,W,0.000,0.00,031112,,A*63
$GPGGA,124904.000,5320.3918,N,00113.3804,W,1,0,,94.0,M,,M,,*72
$GPRMC,124904.000,A,5320.3918,N,00113.3804,W,0.000,0.00,031112,,A*61
$GPGGA,124919.000,5320.4007,N,00113.3797,W,1,0,,94.0,M,,M,,*7B
$GPRMC,124919.000,A,5320.4007,N,00113.3797,W,0.000,0.00,031112,,A*68
$GPGGA,124936.000,5320.4137,N,00113.3777,W,1,0,,94.0,M,,M,,*7A
$GPRMC,124936.000,A,5320.4137,N,00113.3777,W,0.000,0.00,031112,,A*69
$GPGGA,124951.000,5320.4250,N,00113.3696,W,1,0,,94.0,M,,M,,*77
$GPRMC,124951.000,A,5320.4250,N,00113.3696,W,0.000,0.00,031112,,A*64
$GPGGA,125011.000,5320.4286,N,00113.3663,W,1,0,,94.0,M,,M,,*7A
$GPRMC,125011.000,A,5320.4286,N,00113.3663,W,0.000,0.00,031112,,A*69
$GPGGA,125027.000,5320.4357,N,00113.3570,W,1,0,,95.0,M,,M,,*72
$GPRMC,125027.000,A,5320.4357,N,00113.3570,W,0.000,0.00,031112,,A*60
$GPGGA,125042.000,5320.4424,N,00113.3548,W,1,0,,95.0,M,,M,,*79
$GPRMC,125042.000,A,5320.4424,N,00113.3548,W,0.000,0.00,031112,,A*6B
$GPGGA,125058.000,5320.4559,N,00113.3436,W,1,0,,95.0,M,,M,,*71
$GPRMC,125058.000,A,5320.4559,N,00113.3436,W,0.000,0.00,031112,,A*63
$GPGGA,125113.000,5320.4588,N,00113.3379,W,1,0,,95.0,M,,M,,*7F
$GPRMC,125113.000,A,5320.4588,N,00113.3379,W,0.000,0.00,031112,,A*6D
$GPGGA,125129.000,5320.4705,N,00113.3263,W,1,0,,95.0,M,,M,,*7B
$GPRMC,125129.000,A,5320.4705,N,00113.3263,W,0.000,0.00,031112,,A*69
$GPGGA,125144.000,5320.4792,N,00113.3119,W,1,0,,95.0,M,,M,,*70
$GPRMC,125144.000,A,5320.4792,N,00113.3119,W,0.000,0.00,031112,,A*62
$GPGGA,125159.000,5320.4849,N,00113.3037,W,1,0,,95.0,M,,M,,*78
$GPRMC,125159.000,A,5320.4849,N,00113.3037,W,0.000,0.00,031112,,A*6A
$GPGGA,125214.000,5320.4982,N,00113.2964,W,1,0,,95.0,M,,M,,*7A
$GPRMC,125214.000,A,5320.4982,N,00113.2964,W,0.000,0.00,031112,,A*68
$GPGGA,125229.000,5320.5009,N,00113.2874,W,1,0,,95.0,M,,M,,*7F
$GPRMC,125229.000,A,5320.5009,N,00113.2874,W,0.000,0.00,031112,,A*6D
$GPGGA,125245.000,5320.5071,N,00113.2821,W,1,0,,95.0,M,,M,,*7A
$GPRMC,125245.000,A,5320.5071,N,00113.2821,W,0.000,0.00,031112,,A*68
$GPGGA,125300.000,5320.5195,N,00113.2704,W,1,0,,95.0,M,,M,,*79
$GPRMC,125300.000,A,5320.5195,N,00113.2704,W,0.000,0.00,031112,,A*6B
$GPGGA,125315.000,5320.5350,N,00113.2594,W,1,0,,95.0,M,,M,,*7D
$GPRMC,125315.000,A,5320.5350,N,00113.2594,W,0.000,0.00,031112,,A*6F
$GPGGA,125331.000,5320.5447,N,00113.2512,W,1,0,,95.0,M,,M,,*74
$GPRMC,125331.000,A,5320.5447,N,00113.2512,W,0.000,0.00,031112,,A*66
$GPGGA,125347.000,5320.5524,N,00113.2406,W,1,0,,95.0,M,,M,,*75
$GPRMC,125347.000,A,5320.5524,N,00113.2406,W,0.000,0.00,031112,,A*67
$GPGGA,125402.000,5320.5611,N,00113.2307,W,1,0,,95.0,M,,M,,*70
$GPRMC,125402.000,A,5320.5611,N,00113.2307,W,0.000,0.00,031112,,A*62
$GPGGA,125417.000,5320.5781,N,00113.2205,W,1,0,,95.0,M,,M,,*7F
$GPRMC,125417.000,A,5320.5781,N,00113.2205,W,0.000,0.00,031112,,A*6D
$GPGGA,125432.000,5320.5813,N,00113.2159,W,1,0,,95.0,M,,M,,*76
$GPRMC,125432.000,A,5320.5813,N,00113.2159,W,0.000,0.00,031112,,A*64
$GPGGA,125447.000,5320.5904,N,00113.2086,W,1,0,,95.0,M,,M,,*70
$GPRMC,125447.000,A,5320.5904,N,00113.2086,W,0.000,0.00,031112,,A*62
$GPGGA,125502.000,5320.5962,N,00113.2019,W,1,0,,95.0,M,,M,,*76
$GPRMC,125502.000,A,5320.5962,N,00113.2019,W,0.000,0.00,031112,,A*64
$GPGGA,125518.000,5320.6074,N,00113.1943,W,1,0,,95.0,M,,M,,*75
$GPRMC,125518.000,A,5320.6074,N,00113.1943,W,0.000,0.00,031112,,A*67
$GPGGA,125533.000,5320.6282,N,00113.1938,W,1,0,,95.0,M,,M,,*7B
$GPRMC,125533.000,A,5320.6282,N,00113.1938,W,0.000,0.00,031112,,A*69
$GPGGA,125548.000,5320.6348,N,00113.1907,W,1,0,,95.0,M,,M,,*7C
$GPRMC,125548.000,A,5320.6348,N,00113.1907,W,0.000,0.00,031112,,A*6E
$GPGGA,125604.000,5320.6440,N,00113.1853,W,1,0,,95.0,M,,M,,*78
$GPRMC,125604.000,A,5320.6440,N,00113.1853,W,0.000,0.00,031112,,A*6A
$GPGGA,125619.000,5320.6506,N,00113.1820,W,1,0,,95.0,M,,M,,*73
$GPRMC,125619.000,A,5320.6506,N,00113.1820,W,0.000,0.00,031112,,A*61
$GPGGA,125634.000,5320.6593,N,00113.1776,W,1,0,,95.0,M,,M,,*7C
$GPRMC,125634.000,A,5320.6593,N,00113.1776,W,0.000,0.00,031112,,A*6E
$GPGGA,125649.000,5320.6699,N,00113.1685,W,1,0,,95.0,M,,M,,*72
$GPRMC,125649.000,A,5320.6699,N,00113.1685,W,0.000,0.00,031112,,A*60
$GPGGA,125705.000,5320.6808,N,00113.1569,W,1,0,,95.0,M,,M,,*7C
$GPRMC,125705.000,A,5320.6808,N,00113.1569,W,0.000,0.00,031112,,A*6E
$GPGGA,125720.000,5320.6960,N,00113.1518,W,1,0,,96.0,M,,M,,*71
$GPRMC,125720.000,A,5320.6960,N,00113.1518,W,0.000,0.00,031112,,A*60
$GPGGA,125735.000,5320.7049,N,00113.1448,W,1,0,,96.0,M,,M,,*72
$GPRMC,125735.000,A,5320.7049,N,00113.1448,W,0.000,0.00,031112,,A*63
$GPGGA,125751.000,5320.7168,N,00113.1377,W,1,0,,96.0,M,,M,,*79
$GPRMC,125751.000,A,5320.7168,N,00113.1377,W,0.000,0.00,031112,,A*68
$GPGGA,125806.000,5320.7289,N,00113.1290,W,1,0,,96.0,M,,M,,*70
$GPRMC,125806.000,A,5320.7289,N,00113.1290,W,0.000,0.00,031112,,A*61
$GPGGA,125821.000,5320.7378,N,00113.1244,W,1,0,,96.0,M,,M,,*73
$GPRMC,125821.000,A,5320.7378,N,00113.1244,W,0.000,0.00,031112,,A*62
$GPGGA,125838.000,5320.7461,N,00113.1122,W,1,0,,96.0,M,,M,,*77
$GPRMC,125838.000,A,5320.7461,N,00113.1122,W,0.000,0.00,031112,,A*66
$GPGGA,125853.000,5320.7598,N,00113.1055,W,1,0,,96.0,M,,M,,*7C
$GPRMC,125853.000,A,5320.7598,N,00113.1055,W,0.000,0.00,031112,,A*6D
$GPGGA,125908.000,5320.7703,N,00113.0956,W,1,0,,96.0,M,,M,,*78
$GPRMC,125908.000,A,5320.7703,N,00113.0956,W,0.000,0.00,031112,,A*69
$GPGGA,125923.000,5320.7790,N,00113.0972,W,1,0,,96.0,M,,M,,*7D
$GPRMC,125923.000,A,5320.7790,N,00113.0972,W,0.000,0.00,031112,,A*6C
$GPGGA,125938.000,5320.7838,N,00113.1046,W,1,0,,96.0,M,,M,,*75
$GPRMC,125938.000,A,5320.7838,N,00113.1046,W,0.000,0.00,031112,,A*64
$GPGGA,125953.000,5320.7882,N,00113.1157,W,1,0,,96.0,M,,M,,*78
$GPRMC,125953.000,A,5320.7882,N,00113.1157,W,0.000,0.00,031112,,A*69
$GPGGA,130008.000,5320.7928,N,00113.1304,W,1,0,,96.0,M,,M,,*7E
$GPRMC,130008.000,A,5320.7928,N,00113.1304,W,0.000,0.00,031112,,A*6F
$GPGGA,130024.000,5320.8044,N,00113.1380,W,1,0,,96.0,M,,M,,*70
$GPRMC,130024.000,A,5320.8044,N,00113.1380,W,0.000,0.00,031112,,A*61
$GPGGA,130040.000,5320.8104,N,00113.1498,W,1,0,,96.0,M,,M,,*79
$GPRMC,130040.000,A,5320.8104,N,00113.1498,W,0.000,0.00,031112,,A*68
$GPGGA,130055.000,5320.8287,N,00113.1662,W,1,0,,96.0,M,,M,,*72
$GPRMC,130055.000,A,5320.8287,N,00113.1662,W,0.000,0.00,031112,,A*63
$GPGGA,130110.000,5320.8360,N,00113.1692,W,1,0,,96.0,M,,M,,*75
$GPRMC,130110.000,A,5320.8360,N,00113.1692,W,0.000,0.00,031112,,A*64
$GPGGA,130125.000,5320.8413,N,00113.1716,W,1,0,,96.0,M,,M,,*7D
$GPRMC,130125.000,A,5320.8413,N,00113.1716,W,0.000,0.00,031112,,A*6C
$GPGGA,130140.000,5320.8504,N,00113.1813,W,1,0,,96.0,M,,M,,*73
$GPRMC,130140.000,A,5320.8504,N,00113.1813,W,0.000,0.00,031112,,A*62
$GPGGA,130155.000,5320.8626,N,00113.1922,W,1,0,,95.0,M,,M,,*74
$GPRMC,130155.000,A,5320.8626,N,00113.1922,W,0.000,0.00,031112,,A*66
$GPGGA,130210.000,5320.8683,N,00113.2011,W,1,0,,95.0,M,,M,,*73
$GPRMC,130210.000,A,5320.8683,N,00113.2011,W,0.000,0.00,031112,,A*61
$GPGGA,130226.000,5320.8745,N,00113.2131,W,1,0,,95.0,M,,M,,*7E
$GPRMC,130226.000,A,5320.8745,N,00113.2131,W,0.000,0.00,031112,,A*6C
$GPGGA,130241.000,5320.8788,N,00113.2261,W,1,0,,95.0,M,,M,,*78
$GPRMC,130241.000,A,5320.8788,N,00113.2261,W,0.000,0.00,031112,,A*6A
$GPGGA,130256.000,5320.8875,N,00113.2394,W,1,0,,95.0,M,,M,,*78
$GPRMC,130256.000,A,5320.8875,N,00113.2394,W,0.000,0.00,031112,,A*6A
$GPGGA,130312.000,5320.8832,N,00113.2558,W,1,0,,95.0,M,,M,,*7C
$GPRMC,130312.000,A,5320.8832,N,00113.2558,W,0.000,0.00,031112,,A*6E
$GPGGA,130327.000,5320.8816,N,00113.2731,W,1,0,,95.0,M,,M,,*71
$GPRMC,130327.000,A,5320.8816,N,00113.2731,W,0.000,0.00,031112,,A*63
$GPGGA,130342.000,5320.8816,N,00113.2826,W,1,0,,95.0,M,,M,,*7B
$GPRMC,130342.000,A,5320.8816,N,00113.2826,W,0.000,0.00,031112,,A*69
$GPGGA,130357.000,5320.8827,N,00113.3033,W,1,0,,95.0,M,,M,,*70
$GPRMC,130357.000,A,5320.8827,N,00113.3033,W,0.000,0.00,031112,,A*62
$GPGGA,130413.000,5320.8809,N,00113.3253,W,1,0,,95.0,M,,M,,*7F
$GPRMC,130413.000,A,5320.8809,N,00113.3253,W,0.000,0.00,031112,,A*6D
$GPGGA,130428.000,5320.8827,N,00113.3407,W,1,0,,95.0,M,,M,,*7C
$GPRMC,130428.000,A,5320.8827,N,00113.3407,W,0.000,0.00,031112,,A*6E
$GPGGA,130443.000,5320.8802,N,00113.3556,W,1,0,,95.0,M,,M,,*73
$GPRMC,130443.000,A,5320.8802,N,00113.3556,W,0.000,0.00,031112,,A*61
$GPGGA,130459.000,5320.8820,N,00113.3757,W,1,0,,95.0,M,,M,,*7B
$GPRMC,130459.000,A,5320.8820,N,00113.3757,W,0.000,0.00,031112,,A*69
$GPGGA,132102.000,5320.8731,N,00113.3670,W,1,0,,107.0,M,,M,,*43
$GPRMC,132102.000,A,5320.8731,N,00113.3670,W,0.000,0.00,031112,,A*6B
$GPGGA,132117.000,5320.8836,N,00113.3951,W,1,0,,108.0,M,,M,,*4C
$GPRMC,132117.000,A,5320.8836,N,00113.3951,W,0.000,0.00,031112,,A*6B
$GPGGA,132133.000,5320.8928,N,00113.4123,W,1,0,,106.0,M,,M,,*40
$GPRMC,132133.000,A,5320.8928,N,00113.4123,W,0.000,0.00,031112,,A*69
$GPGGA,132148.000,5320.8944,N,00113.4225,W,1,0,,106.0,M,,M,,*43
$GPRMC,132148.000,A,5320.8944,N,00113.4225,W,0.000,0.00,031112,,A*6A
$GPGGA,132204.000,5320.9015,N,00113.4351,W,1,0,,106.0,M,,M,,*46
$GPRMC,132204.000,A,5320.9015,N,00113.4351,W,0.000,0.00,031112,,A*6F
$GPGGA,132219.000,5320.9122,N,00113.4527,W,1,0,,106.0,M,,M,,*48
$GPRMC,132219.000,A,5320.9122,N,00113.4527,W,0.000,0.00,031112,,A*61
$GPGGA,132237.000,5320.9230,N,00113.4514,W,1,0,,106.0,M,,M,,*44
$GPRMC,132237.000,A,5320.9230,N,00113.4514,W,0.000,0.00,031112,,A*6D
$GPGGA,132253.000,5320.9276,N,00113.4481,W,1,0,,106.0,M,,M,,*49
$GPRMC,132253.000,A,5320.9276,N,00113.4481,W,0.000,0.00,031112,,A*60
$GPGGA,132309.000,5320.9415,N,00113.4358,W,1,0,,106.0,M,,M,,*47
$GPRMC,132309.000,A,5320.9415,N,00113.4358,W,0.000,0.00,031112,,A*6E
$GPGGA,132324.000,5320.9461,N,00113.4323,W,1,0,,106.0,M,,M,,*47
$GPRMC,132324.000,A,5320.9461,N,00113.4323,W,0.000,0.00,031112,,A*6E
$GPGGA,132339.000,5320.9651,N,00113.4141,W,1,0,,106.0,M,,M,,*4C
$GPRMC,132339.000,A,5320.9651,N,00113.4141,W,0.000,0.00,031112,,A*65
$GPGGA,132355.000,5320.9750,N,00113.4059,W,1,0,,106.0,M,,M,,*4E
$GPRMC,132355.000,A,5320.9750,N,00113.4059,W,0.000,0.00,031112,,A*67
$GPGGA,132410.000,5320.9821,N,00113.3976,W,1,0,,106.0,M,,M,,*42
$GPRMC,132410.000,A,5320.9821,N,00113.3976,W,0.000,0.00,031112,,A*6B
$GPGGA,132430.000,5320.9827,N,00113.3737,W,1,0,,106.0,M,,M,,*4D
$GPRMC,132430.000,A,5320.9827,N,00113.3737,W,0.000,0.00,031112,,A*64
$GPGGA,132446.000,5320.9772,N,00113.3435,W,1,0,,106.0,M,,M,,*42
$GPRMC,132446.000,A,5320.9772,N,00113.3435,W,0.000,0.00,031112,,A*6B
$GPGGA,132502.000,5320.9734,N,00113.3319,W,1,0,,106.0,M,,M,,*48
$GPRMC,132502.000,A,5320.9734,N,00113.3319,W,0.000,0.00,031112,,A*61
$GPGGA,132517.000,5320.9683,N,00113.3147,W,1,0,,106.0,M,,M,,*48
$GPRMC,132517.000,A,5320.9683,N,00113.3147,W,0.000,0.00,031112,,A*61
$GPGGA,132533.000,5320.9683,N,00113.2935,W,1,0,,105.0,M,,M,,*41
$GPRMC,132533.000,A,5320.9683,N,00113.2935,W,0.000,0.00,031112,,A*6B
$GPGGA,132548.000,5320.9768,N,00113.2857,W,1,0,,105.0,M,,M,,*4C
$GPRMC,132548.000,A,5320.9768,N,00113.2857,W,0.000,0.00,031112,,A*66
$GPGGA,132603.000,5320.9857,N,00113.2616,W,1,0,,105.0,M,,M,,*48
$GPRMC,132603.000,A,5320.9857,N,00113.2616,W,0.000,0.00,031112,,A*62
$GPGGA,132618.000,5320.9990,N,00113.2633,W,1,0,,105.0,M,,M,,*4F
$GPRMC,132618.000,A,5320.9990,N,00113.2633,W,0.000,0.00,031112,,A*65
$GPGGA,132642.000,5321.0214,N,00113.2533,W,1,0,,105.0,M,,M,,*4C
$GPRMC,132642.000,A,5321.0214,N,00113.2533,W,0.000,0.00,031112,,A*66
$GPGGA,132701.000,5321.0292,N,00113.2498,W,1,0,,105.0,M,,M,,*44
$GPRMC,132701.000,A,5321.0292,N,00113.2498,W,0.000,0.00,031112,,A*6E
$GPGGA,132716.000,5321.0390,N,00113.2317,W,1,0,,105.0,M,,M,,*41
$GPRMC,132716.000,A,5321.0390,N,00113.2317,W,0.000,0.00,031112,,A*6B
$GPGGA,132732.000,5321.0436,N,00113.2333,W,1,0,,105.0,M,,M,,*4A
$GPRMC,132732.000,A,5321.0436,N,00113.2333,W,0.000,0.00,031112,,A*60
$GPGGA,132747.000,5321.0406,N,00113.2271,W,1,0,,105.0,M,,M,,*4C
$GPRMC,132747.000,A,5321.0406,N,00113.2271,W,0.000,0.00,031112,,A*66
$GPGGA,132802.000,5321.0519,N,00113.2208,W,1,0,,105.0,M,,M,,*43
$GPRMC,132802.000,A,5321.0519,N,00113.2208,W,0.000,0.00,031112,,A*69
$GPGGA,132817.000,5321.0512,N,00113.2081,W,1,0,,105.0,M,,M,,*4F
$GPRMC,132817.000,A,5321.0512,N,00113.2081,W,0.000,0.00,031112,,A*65
$GPGGA,132832.000,5321.0423,N,00113.1883,W,1,0,,105.0,M,,M,,*42
$GPRMC,132832.000,A,5321.0423,N,00113.1883,W,0.000,0.00,031112,,A*68
$GPGGA,132848.000,5321.0338,N,00113.1768,W,1,0,,105.0,M,,M,,*48
$GPRMC,132848.000,A,5321.0338,N,00113.1768,W,0.000,0.00,031112,,A*62
$GPGGA,132903.000,5321.0276,N,00113.1648,W,1,0,,104.0,M,,M,,*4F
$GPRMC,132903.000,A,5321.0276,N,00113.1648,W,0.000,0.00,031112,,A*64
$GPGGA,132919.000,5321.0297,N,00113.1386,W,1,0,,104.0,M,,M,,*4C
$GPRMC,132919.000,A,5321.0297,N,00113.1386,W,0.000,0.00,031112,,A*67
$GPGGA,132946.000,5321.0329,N,00113.1226,W,1,0,,104.0,M,,M,,*49
$GPRMC,132946.000,A,5321.0329,N,00113.1226,W,0.000,0.00,031112,,A*62
$GPGGA,133001.000,5321.0358,N,00113.1040,W,1,0,,104.0,M,,M,,*46
$GPRMC,133001.000,A,5321.0358,N,00113.1040,W,0.000,0.00,031112,,A*6D
$GPGGA,133017.000,5321.0384,N,00113.0847,W,1,0,,104.0,M,,M,,*4E
$GPRMC,133017.000,A,5321.0384,N,00113.0847,W,0.000,0.00,031112,,A*65
$GPGGA,133032.000,5321.0397,N,00113.0734,W,1,0,,104.0,M,,M,,*40
$GPRMC,133032.000,A,5321.0397,N,00113.0734,W,0.000,0.00,031112,,A*6B
$GPGGA,133047.000,5321.0475,N,00113.0660,W,1,0,,104.0,M,,M,,*49
$GPRMC,133047.000,A,5321.0475,N,00113.0660,W,0.000,0.00,031112,,A*62
$GPGGA,133102.000,5321.0576,N,00113.0613,W,1,0,,104.0,M,,M,,*4F
$GPRMC,133102.000,A,5321.0576,N,00113.0613,W,0.000,0.00,031112,,A*64
$GPGGA,133118.000,5321.0670,N,00113.0542,W,1,0,,104.0,M,,M,,*46
$GPRMC,133118.000,A,5321.0670,N,00113.0542,W,0.000,0.00,031112,,A*6D
$GPGGA,133133.000,5321.0720,N,00113.0553,W,1,0,,104.0,M,,M,,*4B
$GPRMC,133133.000,A,5321.0720,N,00113.0553,W,0.000,0.00,031112,,A*60
$GPGGA,133148.000,5321.0857,N,00113.0542,W,1,0,,104.0,M,,M,,*48
$GPRMC,133148.000,A,5321.0857,N,00113.0542,W,0.000,0.00,031112,,A*63
$GPGGA,133213.000,5321.0999,N,00113.0643,W,1,0,,104.0,M,,M,,*44
$GPRMC,133213.000,A,5321.0999,N,00113.0643,W,0.000,0.00,031112,,A*6F
$GPGGA,133228.000,5321.1093,N,00113.0699,W,1,0,,104.0,M,,M,,*49
$GPRMC,133228.000,A,5321.1093,N,00113.0699,W,0.000,0.00,031112,,A*62
$GPGGA,133243.000,5321.1192,N,00113.0762,W,1,0,,104.0,M,,M,,*41
$GPRMC,133243.000,A,5321.1192,N,00113.0762,W,0.000,0.00,031112,,A*6A
$GPGGA,133258.000,5321.1246,N,00113.0801,W,1,0,,104.0,M,,M,,*4B
$GPRMC,133258.000,A,5321.1246,N,00113.0801,W,0.000,0.00,031112,,A*60
$GPGGA,133313.000,5321.1363,N,00113.0878,W,1,0,,104.0,M,,M,,*4D
$GPRMC,133313.000,A,5321.1363,N,00113.0878,W,0.000,0.00,031112,,A*66
$GPGGA,133330.000,5321.1489,N,00113.1115,W,1,0,,105.0,M,,M,,*4D
$GPRMC,133330.000,A,5321.1489,N,00113.1115,W,0.000,0.00,031112,,A*67
$GPGGA,133345.000,5321.1462,N,00113.1173,W,1,0,,105.0,M,,M,,*4A
$GPRMC,133345.000,A,5321.1462,N,00113.1173,W,0.000,0.00,031112,,A*60
