@Sonygps/ver3.0/wgs-84/
$GPGGA,103951.000,5326.8790,N,00124.5570,W,1,0,,89.0,M,,M,,*74
$GPRMC,103951.000,A,5326.8790,N,00124.5570,W,0.000,0.00,021212,,A*69
$GPGGA,104014.000,5326.8760,N,00124.5647,W,1,0,,120.0,M,,M,,*41
$GPRMC,104014.000,A,5326.8760,N,00124.5647,W,0.000,0.00,021212,,A*6E
$GPGGA,104029.000,5326.8797,N,00124.5752,W,1,0,,120.0,M,,M,,*42
$GPRMC,104029.000,A,5326.8797,N,00124.5752,W,0.000,0.00,021212,,A*6D
$GPGGA,104045.000,5326.8858,N,00124.5920,W,1,0,,120.0,M,,M,,*4F
$GPRMC,104045.000,A,5326.8858,N,00124.5920,W,0.000,0.00,021212,,A*60
$GPGGA,104101.000,5326.8970,N,00124.5988,W,1,0,,120.0,M,,M,,*47
$GPRMC,104101.000,A,5326.8970,N,00124.5988,W,0.000,0.00,021212,,A*68
$GPGGA,104116.000,5326.9069,N,00124.5979,W,1,0,,120.0,M,,M,,*4F
$GPRMC,104116.000,A,5326.9069,N,00124.5979,W,0.000,0.00,021212,,A*60
$GPGGA,104132.000,5326.9076,N,00124.6013,W,1,0,,120.0,M,,M,,*41
$GPRMC,104132.000,A,5326.9076,N,00124.6013,W,0.000,0.00,021212,,A*6E
$GPGGA,104147.000,5326.9110,N,00124.6006,W,1,0,,120.0,M,,M,,*46
$GPRMC,104147.000,A,5326.9110,N,00124.6006,W,0.000,0.00,021212,,A*69
$GPGGA,104202.000,5326.9101,N,00124.6045,W,1,0,,120.0,M,,M,,*43
$GPRMC,104202.000,A,5326.9101,N,00124.6045,W,0.000,0.00,021212,,A*6C
$GPGGA,104217.000,5326.9103,N,00124.6035,W,1,0,,120.0,M,,M,,*42
$GPRMC,104217.000,A,5326.9103,N,00124.6035,W,0.000,0.00,021212,,A*6D
$GPGGA,104234.000,5326.9080,N,00124.6036,W,1,0,,120.0,M,,M,,*4A
$GPRMC,104234.000,A,5326.9080,N,00124.6036,W,0.000,0.00,021212,,A*65
$GPGGA,104249.000,5326.9099,N,00124.6050,W,1,0,,120.0,M,,M,,*48
$GPRMC,104249.000,A,5326.9099,N,00124.6050,W,0.000,0.00,021212,,A*67
$GPGGA,104305.000,5326.9085,N,00124.6178,W,1,0,,120.0,M,,M,,*47
$GPRMC,104305.000,A,5326.9085,N,00124.6178,W,0.000,0.00,021212,,A*68
$GPGGA,104320.000,5326.9087,N,00124.6193,W,1,0,,120.0,M,,M,,*47
$GPRMC,104320.000,A,5326.9087,N,00124.6193,W,0.000,0.00,021212,,A*68
$GPGGA,104335.000,5326.9128,N,00124.6205,W,1,0,,120.0,M,,M,,*4B
$GPRMC,104335.000,A,5326.9128,N,00124.6205,W,0.000,0.00,021212,,A*64
$GPGGA,104350.000,5326.9128,N,00124.6209,W,1,0,,120.0,M,,M,,*44
$GPRMC,104350.000,A,5326.9128,N,00124.6209,W,0.000,0.00,021212,,A*6B
$GPGGA,104405.000,5326.9135,N,00124.6205,W,1,0,,120.0,M,,M,,*43
$GPRMC,104405.000,A,5326.9135,N,00124.6205,W,0.000,0.00,021212,,A*6C
$GPGGA,104420.000,5326.9096,N,00124.6228,W,1,0,,120.0,M,,M,,*43
$GPRMC,104420.000,A,5326.9096,N,00124.6228,W,0.000,0.00,021212,,A*6C
$GPGGA,104435.000,5326.9112,N,00124.6272,W,1,0,,120.0,M,,M,,*45
$GPRMC,104435.000,A,5326.9112,N,00124.6272,W,0.000,0.00,021212,,A*6A
$GPGGA,104450.000,5326.9096,N,00124.6371,W,1,0,,119.0,M,,M,,*43
$GPRMC,104450.000,A,5326.9096,N,00124.6371,W,0.000,0.00,021212,,A*66
$GPGGA,104506.000,5326.9195,N,00124.6461,W,1,0,,120.0,M,,M,,*4F
$GPRMC,104506.000,A,5326.9195,N,00124.6461,W,0.000,0.00,021212,,A*60
$GPGGA,104521.000,5326.9234,N,00124.6592,W,1,0,,120.0,M,,M,,*4F
$GPRMC,104521.000,A,5326.9234,N,00124.6592,W,0.000,0.00,021212,,A*60
$GPGGA,104536.000,5326.9227,N,00124.6562,W,1,0,,120.0,M,,M,,*44
$GPRMC,104536.000,A,5326.9227,N,00124.6562,W,0.000,0.00,021212,,A*6B
$GPGGA,104552.000,5326.9257,N,00124.6536,W,1,0,,120.0,M,,M,,*40
$GPRMC,104552.000,A,5326.9257,N,00124.6536,W,0.000,0.00,021212,,A*6F
$GPGGA,104607.000,5326.9277,N,00124.6464,W,1,0,,120.0,M,,M,,*47
$GPRMC,104607.000,A,5326.9277,N,00124.6464,W,0.000,0.00,021212,,A*68
$GPGGA,104623.000,5326.9307,N,00124.6367,W,1,0,,120.0,M,,M,,*43
$GPRMC,104623.000,A,5326.9307,N,00124.6367,W,0.000,0.00,021212,,A*6C
$GPGGA,104638.000,5326.9321,N,00124.6262,W,1,0,,120.0,M,,M,,*49
$GPRMC,104638.000,A,5326.9321,N,00124.6262,W,0.000,0.00,021212,,A*66
$GPGGA,104653.000,5326.9371,N,00124.6113,W,1,0,,120.0,M,,M,,*44
$GPRMC,104653.000,A,5326.9371,N,00124.6113,W,0.000,0.00,021212,,A*6B
$GPGGA,104709.000,5326.9415,N,00124.5958,W,1,0,,120.0,M,,M,,*4B
$GPRMC,104709.000,A,5326.9415,N,00124.5958,W,0.000,0.00,021212,,A*64
$GPGGA,104724.000,5326.9499,N,00124.5781,W,1,0,,120.0,M,,M,,*4A
$GPRMC,104724.000,A,5326.9499,N,00124.5781,W,0.000,0.00,021212,,A*65
$GPGGA,104740.000,5326.9575,N,00124.5488,W,1,0,,120.0,M,,M,,*41
$GPRMC,104740.000,A,5326.9575,N,00124.5488,W,0.000,0.00,021212,,A*6E
$GPGGA,104755.000,5326.9653,N,00124.5403,W,1,0,,120.0,M,,M,,*41
$GPRMC,104755.000,A,5326.9653,N,00124.5403,W,0.000,0.00,021212,,A*6E
$GPGGA,104810.000,5326.9749,N,00124.5384,W,1,0,,121.0,M,,M,,*4C
$GPRMC,104810.000,A,5326.9749,N,00124.5384,W,0.000,0.00,021212,,A*62
$GPGGA,104825.000,5326.9824,N,00124.5338,W,1,0,,121.0,M,,M,,*49
$GPRMC,104825.000,A,5326.9824,N,00124.5338,W,0.000,0.00,021212,,A*67
$GPGGA,104840.000,5326.9925,N,00124.5386,W,1,0,,120.0,M,,M,,*4E
$GPRMC,104840.000,A,5326.9925,N,00124.5386,W,0.000,0.00,021212,,A*61
$GPGGA,104855.000,5327.0039,N,00124.5375,W,1,0,,120.0,M,,M,,*4A
$GPRMC,104855.000,A,5327.0039,N,00124.5375,W,0.000,0.00,021212,,A*65
$GPGGA,104910.000,5327.0138,N,00124.5457,W,1,0,,120.0,M,,M,,*4D
$GPRMC,104910.000,A,5327.0138,N,00124.5457,W,0.000,0.00,021212,,A*62
$GPGGA,104925.000,5327.0218,N,00124.5612,W,1,0,,120.0,M,,M,,*49
$GPRMC,104925.000,A,5327.0218,N,00124.5612,W,0.000,0.00,021212,,A*66
$GPGGA,104941.000,5327.0266,N,00124.5777,W,1,0,,120.0,M,,M,,*40
$GPRMC,104941.000,A,5327.0266,N,00124.5777,W,0.000,0.00,021212,,A*6F
$GPGGA,104956.000,5327.0298,N,00124.5936,W,1,0,,120.0,M,,M,,*4C
$GPRMC,104956.000,A,5327.0298,N,00124.5936,W,0.000,0.00,021212,,A*63
$GPGGA,105012.000,5327.0300,N,00124.6091,W,1,0,,120.0,M,,M,,*43
$GPRMC,105012.000,A,5327.0300,N,00124.6091,W,0.000,0.00,021212,,A*6C
$GPGGA,105028.000,5327.0277,N,00124.6117,W,1,0,,120.0,M,,M,,*44
$GPRMC,105028.000,A,5327.0277,N,00124.6117,W,0.000,0.00,021212,,A*6B
$GPGGA,105043.000,5327.0282,N,00124.6176,W,1,0,,121.0,M,,M,,*45
$GPRMC,105043.000,A,5327.0282,N,00124.6176,W,0.000,0.00,021212,,A*6B
$GPGGA,105058.000,5327.0287,N,00124.6184,W,1,0,,121.0,M,,M,,*47
$GPRMC,105058.000,A,5327.0287,N,00124.6184,W,0.000,0.00,021212,,A*69
$GPGGA,105114.000,5327.0296,N,00124.6174,W,1,0,,121.0,M,,M,,*41
$GPRMC,105114.000,A,5327.0296,N,00124.6174,W,0.000,0.00,021212,,A*6F
$GPGGA,105129.000,5327.0268,N,00124.6164,W,1,0,,121.0,M,,M,,*4F
$GPRMC,105129.000,A,5327.0268,N,00124.6164,W,0.000,0.00,021212,,A*61
$GPGGA,105144.000,5327.0291,N,00124.6265,W,1,0,,121.0,M,,M,,*40
$GPRMC,105144.000,A,5327.0291,N,00124.6265,W,0.000,0.00,021212,,A*6E
$GPGGA,105159.000,5327.0328,N,00124.6409,W,1,0,,121.0,M,,M,,*43
$GPRMC,105159.000,A,5327.0328,N,00124.6409,W,0.000,0.00,021212,,A*6D
$GPGGA,105214.000,5327.0392,N,00124.6521,W,1,0,,121.0,M,,M,,*43
$GPRMC,105214.000,A,5327.0392,N,00124.6521,W,0.000,0.00,021212,,A*6D
$GPGGA,105229.000,5327.0490,N,00124.6603,W,1,0,,121.0,M,,M,,*4B
$GPRMC,105229.000,A,5327.0490,N,00124.6603,W,0.000,0.00,021212,,A*65
$GPGGA,105245.000,5327.0564,N,00124.6723,W,1,0,,120.0,M,,M,,*49
$GPRMC,105245.000,A,5327.0564,N,00124.6723,W,0.000,0.00,021212,,A*66
$GPGGA,105300.000,5327.0621,N,00124.6794,W,1,0,,120.0,M,,M,,*47
$GPRMC,105300.000,A,5327.0621,N,00124.6794,W,0.000,0.00,021212,,A*68
$GPGGA,105316.000,5327.0641,N,00124.6960,W,1,0,,120.0,M,,M,,*43
$GPRMC,105316.000,A,5327.0641,N,00124.6960,W,0.000,0.00,021212,,A*6C
$GPGGA,105331.000,5327.0612,N,00124.7101,W,1,0,,120.0,M,,M,,*4E
$GPRMC,105331.000,A,5327.0612,N,00124.7101,W,0.000,0.00,021212,,A*61
$GPGGA,105346.000,5327.0582,N,00124.7255,W,1,0,,120.0,M,,M,,*46
$GPRMC,105346.000,A,5327.0582,N,00124.7255,W,0.000,0.00,021212,,A*69
$GPGGA,105402.000,5327.0559,N,00124.7504,W,1,0,,120.0,M,,M,,*44
$GPRMC,105402.000,A,5327.0559,N,00124.7504,W,0.000,0.00,021212,,A*6B
$GPGGA,105417.000,5327.0529,N,00124.7690,W,1,0,,120.0,M,,M,,*49
$GPRMC,105417.000,A,5327.0529,N,00124.7690,W,0.000,0.00,021212,,A*66
$GPGGA,105433.000,5327.0493,N,00124.7785,W,1,0,,119.0,M,,M,,*40
$GPRMC,105433.000,A,5327.0493,N,00124.7785,W,0.000,0.00,021212,,A*65
$GPGGA,105448.000,5327.0520,N,00124.7810,W,1,0,,119.0,M,,M,,*46
$GPRMC,105448.000,A,5327.0520,N,00124.7810,W,0.000,0.00,021212,,A*63
$GPGGA,105503.000,5327.0538,N,00124.7829,W,1,0,,119.0,M,,M,,*4B
$GPRMC,105503.000,A,5327.0538,N,00124.7829,W,0.000,0.00,021212,,A*6E
$GPGGA,105519.000,5327.0568,N,00124.7807,W,1,0,,119.0,M,,M,,*49
$GPRMC,105519.000,A,5327.0568,N,00124.7807,W,0.000,0.00,021212,,A*6C
$GPGGA,105534.000,5327.0731,N,00124.7699,W,1,0,,119.0,M,,M,,*41
$GPRMC,105534.000,A,5327.0731,N,00124.7699,W,0.000,0.00,021212,,A*64
$GPGGA,105549.000,5327.0772,N,00124.7640,W,1,0,,119.0,M,,M,,*48
$GPRMC,105549.000,A,5327.0772,N,00124.7640,W,0.000,0.00,021212,,A*6D
$GPGGA,105605.000,5327.0877,N,00124.7619,W,1,0,,119.0,M,,M,,*45
$GPRMC,105605.000,A,5327.0877,N,00124.7619,W,0.000,0.00,021212,,A*60
$GPGGA,105620.000,5327.0934,N,00124.7587,W,1,0,,119.0,M,,M,,*40
$GPRMC,105620.000,A,5327.0934,N,00124.7587,W,0.000,0.00,021212,,A*65
$GPGGA,105635.000,5327.1014,N,00124.7513,W,1,0,,119.0,M,,M,,*43
$GPRMC,105635.000,A,5327.1014,N,00124.7513,W,0.000,0.00,021212,,A*66
$GPGGA,105651.000,5327.1095,N,00124.7376,W,1,0,,119.0,M,,M,,*4D
$GPRMC,105651.000,A,5327.1095,N,00124.7376,W,0.000,0.00,021212,,A*68
$GPGGA,105707.000,5327.1127,N,00124.7280,W,1,0,,118.0,M,,M,,*4E
$GPRMC,105707.000,A,5327.1127,N,00124.7280,W,0.000,0.00,021212,,A*6A
$GPGGA,105722.000,5327.1136,N,00124.7165,W,1,0,,119.0,M,,M,,*40
$GPRMC,105722.000,A,5327.1136,N,00124.7165,W,0.000,0.00,021212,,A*65
$GPGGA,105737.000,5327.1223,N,00124.7129,W,1,0,,119.0,M,,M,,*4B
$GPRMC,105737.000,A,5327.1223,N,00124.7129,W,0.000,0.00,021212,,A*6E
$GPGGA,105752.000,5327.1289,N,00124.6999,W,1,0,,119.0,M,,M,,*4A
$GPRMC,105752.000,A,5327.1289,N,00124.6999,W,0.000,0.00,021212,,A*6F
$GPGGA,105807.000,5327.1262,N,00124.7029,W,1,0,,119.0,M,,M,,*43
$GPRMC,105807.000,A,5327.1262,N,00124.7029,W,0.000,0.00,021212,,A*66
$GPGGA,105824.000,5327.1191,N,00124.7081,W,1,0,,119.0,M,,M,,*4F
$GPRMC,105824.000,A,5327.1191,N,00124.7081,W,0.000,0.00,021212,,A*6A
$GPGGA,105840.000,5327.1305,N,00124.6916,W,1,0,,118.0,M,,M,,*45
$GPRMC,105840.000,A,5327.1305,N,00124.6916,W,0.000,0.00,021212,,A*61
$GPGGA,105855.000,5327.1296,N,00124.6876,W,1,0,,119.0,M,,M,,*4C
$GPRMC,105855.000,A,5327.1296,N,00124.6876,W,0.000,0.00,021212,,A*69
$GPGGA,105911.000,5327.1266,N,00124.6924,W,1,0,,118.0,M,,M,,*45
$GPRMC,105911.000,A,5327.1266,N,00124.6924,W,0.000,0.00,021212,,A*61
$GPGGA,105926.000,5327.1275,N,00124.6967,W,1,0,,118.0,M,,M,,*44
$GPRMC,105926.000,A,5327.1275,N,00124.6967,W,0.000,0.00,021212,,A*60
$GPGGA,105942.000,5327.1296,N,00124.6904,W,1,0,,119.0,M,,M,,*4F
$GPRMC,105942.000,A,5327.1296,N,00124.6904,W,0.000,0.00,021212,,A*6A
$GPGGA,105957.000,5327.1339,N,00124.6825,W,1,0,,119.0,M,,M,,*4D
$GPRMC,105957.000,A,5327.1339,N,00124.6825,W,0.000,0.00,021212,,A*68
$GPGGA,110012.000,5327.1465,N,00124.6593,W,1,0,,119.0,M,,M,,*4F
$GPRMC,110012.000,A,5327.1465,N,00124.6593,W,0.000,0.00,021212,,A*6A
$GPGGA,110027.000,5327.1477,N,00124.6448,W,1,0,,119.0,M,,M,,*4D
$GPRMC,110027.000,A,5327.1477,N,00124.6448,W,0.000,0.00,021212,,A*68
$GPGGA,110042.000,5327.1490,N,00124.6426,W,1,0,,119.0,M,,M,,*4F
$GPRMC,110042.000,A,5327.1490,N,00124.6426,W,0.000,0.00,021212,,A*6A
$GPGGA,110057.000,5327.1504,N,00124.6354,W,1,0,,119.0,M,,M,,*45
$GPRMC,110057.000,A,5327.1504,N,00124.6354,W,0.000,0.00,021212,,A*60
$GPGGA,110112.000,5327.1598,N,00124.6315,W,1,0,,118.0,M,,M,,*44
$GPRMC,110112.000,A,5327.1598,N,00124.6315,W,0.000,0.00,021212,,A*60
$GPGGA,110127.000,5327.1781,N,00124.6356,W,1,0,,118.0,M,,M,,*4F
$GPRMC,110127.000,A,5327.1781,N,00124.6356,W,0.000,0.00,021212,,A*6B
$GPGGA,110144.000,5327.1868,N,00124.6241,W,1,0,,118.0,M,,M,,*45
$GPRMC,110144.000,A,5327.1868,N,00124.6241,W,0.000,0.00,021212,,A*61
$GPGGA,110159.000,5327.1994,N,00124.6183,W,1,0,,118.0,M,,M,,*46
$GPRMC,110159.000,A,5327.1994,N,00124.6183,W,0.000,0.00,021212,,A*62
$GPGGA,110215.000,5327.2136,N,00124.6065,W,1,0,,118.0,M,,M,,*47
$GPRMC,110215.000,A,5327.2136,N,00124.6065,W,0.000,0.00,021212,,A*63
$GPGGA,110230.000,5327.2186,N,00124.6003,W,1,0,,118.0,M,,M,,*4B
$GPRMC,110230.000,A,5327.2186,N,00124.6003,W,0.000,0.00,021212,,A*6F
$GPGGA,110246.000,5327.2200,N,00124.5965,W,1,0,,118.0,M,,M,,*4D
$GPRMC,110246.000,A,5327.2200,N,00124.5965,W,0.000,0.00,021212,,A*69
$GPGGA,110301.000,5327.2273,N,00124.5930,W,1,0,,118.0,M,,M,,*4B
$GPRMC,110301.000,A,5327.2273,N,00124.5930,W,0.000,0.00,021212,,A*6F
$GPGGA,110316.000,5327.2518,N,00124.5835,W,1,0,,118.0,M,,M,,*43
$GPRMC,110316.000,A,5327.2518,N,00124.5835,W,0.000,0.00,021212,,A*67
$GPGGA,110331.000,5327.2543,N,00124.5823,W,1,0,,118.0,M,,M,,*4F
$GPRMC,110331.000,A,5327.2543,N,00124.5823,W,0.000,0.00,021212,,A*6B
$GPGGA,110347.000,5327.2502,N,00124.5791,W,1,0,,118.0,M,,M,,*4D
$GPRMC,110347.000,A,5327.2502,N,00124.5791,W,0.000,0.00,021212,,A*69
$GPGGA,110402.000,5327.2500,N,00124.5782,W,1,0,,117.0,M,,M,,*44
$GPRMC,110402.000,A,5327.2500,N,00124.5782,W,0.000,0.00,021212,,A*6F
$GPGGA,110417.000,5327.2541,N,00124.5677,W,1,0,,117.0,M,,M,,*4E
$GPRMC,110417.000,A,5327.2541,N,00124.5677,W,0.000,0.00,021212,,A*65
$GPGGA,110432.000,5327.2674,N,00124.5498,W,1,0,,117.0,M,,M,,*4F
$GPRMC,110432.000,A,5327.2674,N,00124.5498,W,0.000,0.00,021212,,A*64
$GPGGA,110447.000,5327.2708,N,00124.5457,W,1,0,,117.0,M,,M,,*44
$GPRMC,110447.000,A,5327.2708,N,00124.5457,W,0.000,0.00,021212,,A*6F
$GPGGA,110503.000,5327.2740,N,00124.5313,W,1,0,,117.0,M,,M,,*4E
$GPRMC,110503.000,A,5327.2740,N,00124.5313,W,0.000,0.00,021212,,A*65
$GPGGA,110518.000,5327.2758,N,00124.4993,W,1,0,,117.0,M,,M,,*4E
$GPRMC,110518.000,A,5327.2758,N,00124.4993,W,0.000,0.00,021212,,A*65
$GPGGA,110533.000,5327.2802,N,00124.4816,W,1,0,,117.0,M,,M,,*4B
$GPRMC,110533.000,A,5327.2802,N,00124.4816,W,0.000,0.00,021212,,A*60
$GPGGA,110548.000,5327.2816,N,00124.4712,W,1,0,,117.0,M,,M,,*49
$GPRMC,110548.000,A,5327.2816,N,00124.4712,W,0.000,0.00,021212,,A*62
$GPGGA,110604.000,5327.2951,N,00124.4567,W,1,0,,117.0,M,,M,,*40
$GPRMC,110604.000,A,5327.2951,N,00124.4567,W,0.000,0.00,021212,,A*6B
$GPGGA,110619.000,5327.2985,N,00124.4596,W,1,0,,117.0,M,,M,,*4B
$GPRMC,110619.000,A,5327.2985,N,00124.4596,W,0.000,0.00,021212,,A*60
$GPGGA,110635.000,5327.3024,N,00124.4626,W,1,0,,117.0,M,,M,,*4E
$GPRMC,110635.000,A,5327.3024,N,00124.4626,W,0.000,0.00,021212,,A*65
$GPGGA,110650.000,5327.3102,N,00124.4654,W,1,0,,117.0,M,,M,,*4D
$GPRMC,110650.000,A,5327.3102,N,00124.4654,W,0.000,0.00,021212,,A*66
$GPGGA,110705.000,5327.3189,N,00124.4671,W,1,0,,117.0,M,,M,,*48
$GPRMC,110705.000,A,5327.3189,N,00124.4671,W,0.000,0.00,021212,,A*63
$GPGGA,110721.000,5327.3278,N,00124.4710,W,1,0,,117.0,M,,M,,*45
$GPRMC,110721.000,A,5327.3278,N,00124.4710,W,0.000,0.00,021212,,A*6E
$GPGGA,110736.000,5327.3358,N,00124.4739,W,1,0,,117.0,M,,M,,*4B
$GPRMC,110736.000,A,5327.3358,N,00124.4739,W,0.000,0.00,021212,,A*60
$GPGGA,110804.000,5327.3409,N,00124.4810,W,1,0,,117.0,M,,M,,*42
$GPRMC,110804.000,A,5327.3409,N,00124.4810,W,0.000,0.00,021212,,A*69
$GPGGA,110820.000,5327.3447,N,00124.4840,W,1,0,,117.0,M,,M,,*4B
$GPRMC,110820.000,A,5327.3447,N,00124.4840,W,0.000,0.00,021212,,A*60
$GPGGA,110837.000,5327.3663,N,00124.4897,W,1,0,,117.0,M,,M,,*43
$GPRMC,110837.000,A,5327.3663,N,00124.4897,W,0.000,0.00,021212,,A*68
$GPGGA,110852.000,5327.3679,N,00124.4916,W,1,0,,117.0,M,,M,,*43
$GPRMC,110852.000,A,5327.3679,N,00124.4916,W,0.000,0.00,021212,,A*68
$GPGGA,110908.000,5327.3834,N,00124.4961,W,1,0,,117.0,M,,M,,*4A
$GPRMC,110908.000,A,5327.3834,N,00124.4961,W,0.000,0.00,021212,,A*61
$GPGGA,110923.000,5327.3871,N,00124.4993,W,1,0,,117.0,M,,M,,*4F
$GPRMC,110923.000,A,5327.3871,N,00124.4993,W,0.000,0.00,021212,,A*64
$GPGGA,110951.000,5327.4038,N,00124.4929,W,1,0,,117.0,M,,M,,*49
$GPRMC,110951.000,A,5327.4038,N,00124.4929,W,0.000,0.00,021212,,A*62
$GPGGA,111007.000,5327.4205,N,00124.4742,W,1,0,,117.0,M,,M,,*4D
$GPRMC,111007.000,A,5327.4205,N,00124.4742,W,0.000,0.00,021212,,A*66
$GPGGA,111022.000,5327.4230,N,00124.4731,W,1,0,,117.0,M,,M,,*48
$GPRMC,111022.000,A,5327.4230,N,00124.4731,W,0.000,0.00,021212,,A*63
$GPGGA,111037.000,5327.4384,N,00124.4672,W,1,0,,117.0,M,,M,,*44
$GPRMC,111037.000,A,5327.4384,N,00124.4672,W,0.000,0.00,021212,,A*6F
$GPGGA,111053.000,5327.4390,N,00124.4629,W,1,0,,117.0,M,,M,,*4D
$GPRMC,111053.000,A,5327.4390,N,00124.4629,W,0.000,0.00,021212,,A*66
$GPGGA,111108.000,5327.4436,N,00124.4588,W,1,0,,116.0,M,,M,,*40
$GPRMC,111108.000,A,5327.4436,N,00124.4588,W,0.000,0.00,021212,,A*6A
$GPGGA,111123.000,5327.4505,N,00124.4566,W,1,0,,117.0,M,,M,,*49
$GPRMC,111123.000,A,5327.4505,N,00124.4566,W,0.000,0.00,021212,,A*62
$GPGGA,111138.000,5327.4679,N,00124.4547,W,1,0,,116.0,M,,M,,*49
$GPRMC,111138.000,A,5327.4679,N,00124.4547,W,0.000,0.00,021212,,A*63
$GPGGA,111153.000,5327.4786,N,00124.4531,W,1,0,,116.0,M,,M,,*44
$GPRMC,111153.000,A,5327.4786,N,00124.4531,W,0.000,0.00,021212,,A*6E
$GPGGA,111208.000,5327.4866,N,00124.4506,W,1,0,,116.0,M,,M,,*4C
$GPRMC,111208.000,A,5327.4866,N,00124.4506,W,0.000,0.00,021212,,A*66
$GPGGA,111226.000,5327.4876,N,00124.4507,W,1,0,,116.0,M,,M,,*40
$GPRMC,111226.000,A,5327.4876,N,00124.4507,W,0.000,0.00,021212,,A*6A
$GPGGA,111242.000,5327.4864,N,00124.4509,W,1,0,,116.0,M,,M,,*4F
$GPRMC,111242.000,A,5327.4864,N,00124.4509,W,0.000,0.00,021212,,A*65
$GPGGA,111257.000,5327.4931,N,00124.4441,W,1,0,,116.0,M,,M,,*47
$GPRMC,111257.000,A,5327.4931,N,00124.4441,W,0.000,0.00,021212,,A*6D
$GPGGA,111312.000,5327.4942,N,00124.4421,W,1,0,,116.0,M,,M,,*45
$GPRMC,111312.000,A,5327.4942,N,00124.4421,W,0.000,0.00,021212,,A*6F
$GPGGA,111327.000,5327.4992,N,00124.4416,W,1,0,,115.0,M,,M,,*49
$GPRMC,111327.000,A,5327.4992,N,00124.4416,W,0.000,0.00,021212,,A*60
$GPGGA,111342.000,5327.5063,N,00124.4426,W,1,0,,115.0,M,,M,,*4F
$GPRMC,111342.000,A,5327.5063,N,00124.4426,W,0.000,0.00,021212,,A*66
$GPGGA,111357.000,5327.5143,N,00124.4435,W,1,0,,115.0,M,,M,,*4A
$GPRMC,111357.000,A,5327.5143,N,00124.4435,W,0.000,0.00,021212,,A*63
$GPGGA,111412.000,5327.5235,N,00124.4412,W,1,0,,115.0,M,,M,,*4B
$GPRMC,111412.000,A,5327.5235,N,00124.4412,W,0.000,0.00,021212,,A*62
$GPGGA,111428.000,5327.5365,N,00124.4373,W,1,0,,115.0,M,,M,,*46
$GPRMC,111428.000,A,5327.5365,N,00124.4373,W,0.000,0.00,021212,,A*6F
$GPGGA,111443.000,5327.5464,N,00124.4319,W,1,0,,115.0,M,,M,,*41
$GPRMC,111443.000,A,5327.5464,N,00124.4319,W,0.000,0.00,021212,,A*68
$GPGGA,111459.000,5327.5512,N,00124.4288,W,1,0,,114.0,M,,M,,*42
$GPRMC,111459.000,A,5327.5512,N,00124.4288,W,0.000,0.00,021212,,A*6A
$GPGGA,111514.000,5327.5517,N,00124.4296,W,1,0,,114.0,M,,M,,*40
$GPRMC,111514.000,A,5327.5517,N,00124.4296,W,0.000,0.00,021212,,A*68
$GPGGA,111531.000,5327.5571,N,00124.4257,W,1,0,,114.0,M,,M,,*4A
$GPRMC,111531.000,A,5327.5571,N,00124.4257,W,0.000,0.00,021212,,A*62
$GPGGA,111546.000,5327.5636,N,00124.4264,W,1,0,,114.0,M,,M,,*4A
$GPRMC,111546.000,A,5327.5636,N,00124.4264,W,0.000,0.00,021212,,A*62
$GPGGA,111601.000,5327.5679,N,00124.4296,W,1,0,,114.0,M,,M,,*4C
$GPRMC,111601.000,A,5327.5679,N,00124.4296,W,0.000,0.00,021212,,A*64
$GPGGA,111616.000,5327.5690,N,00124.4284,W,1,0,,114.0,M,,M,,*4E
$GPRMC,111616.000,A,5327.5690,N,00124.4284,W,0.000,0.00,021212,,A*66
$GPGGA,111631.000,5327.5741,N,00124.4221,W,1,0,,114.0,M,,M,,*49
$GPRMC,111631.000,A,5327.5741,N,00124.4221,W,0.000,0.00,021212,,A*61
$GPGGA,111646.000,5327.5764,N,00124.4189,W,1,0,,113.0,M,,M,,*48
$GPRMC,111646.000,A,5327.5764,N,00124.4189,W,0.000,0.00,021212,,A*67
$GPGGA,111701.000,5327.5780,N,00124.4176,W,1,0,,113.0,M,,M,,*40
$GPRMC,111701.000,A,5327.5780,N,00124.4176,W,0.000,0.00,021212,,A*6F
$GPGGA,111722.000,5327.5835,N,00124.4033,W,1,0,,113.0,M,,M,,*40
$GPRMC,111722.000,A,5327.5835,N,00124.4033,W,0.000,0.00,021212,,A*6F
$GPGGA,111749.000,5327.5869,N,00124.4001,W,1,0,,113.0,M,,M,,*45
$GPRMC,111749.000,A,5327.5869,N,00124.4001,W,0.000,0.00,021212,,A*6A
$GPGGA,111805.000,5327.6043,N,00124.4027,W,1,0,,113.0,M,,M,,*45
$GPRMC,111805.000,A,5327.6043,N,00124.4027,W,0.000,0.00,021212,,A*6A
$GPGGA,111820.000,5327.6093,N,00124.3956,W,1,0,,113.0,M,,M,,*47
$GPRMC,111820.000,A,5327.6093,N,00124.3956,W,0.000,0.00,021212,,A*68
$GPGGA,111836.000,5327.6160,N,00124.3807,W,1,0,,113.0,M,,M,,*48
$GPRMC,111836.000,A,5327.6160,N,00124.3807,W,0.000,0.00,021212,,A*67
$GPGGA,111851.000,5327.6173,N,00124.3808,W,1,0,,113.0,M,,M,,*44
$GPRMC,111851.000,A,5327.6173,N,00124.3808,W,0.000,0.00,021212,,A*6B
$GPGGA,111906.000,5327.6244,N,00124.3824,W,1,0,,113.0,M,,M,,*4E
$GPRMC,111906.000,A,5327.6244,N,00124.3824,W,0.000,0.00,021212,,A*61
$GPGGA,111931.000,5327.6311,N,00124.3707,W,1,0,,113.0,M,,M,,*45
$GPRMC,111931.000,A,5327.6311,N,00124.3707,W,0.000,0.00,021212,,A*6A
$GPGGA,111946.000,5327.6416,N,00124.3593,W,1,0,,113.0,M,,M,,*4A
$GPRMC,111946.000,A,5327.6416,N,00124.3593,W,0.000,0.00,021212,,A*65
$GPGGA,112001.000,5327.6530,N,00124.3473,W,1,0,,113.0,M,,M,,*49
$GPRMC,112001.000,A,5327.6530,N,00124.3473,W,0.000,0.00,021212,,A*66
$GPGGA,112016.000,5327.6665,N,00124.3392,W,1,0,,113.0,M,,M,,*44
$GPRMC,112016.000,A,5327.6665,N,00124.3392,W,0.000,0.00,021212,,A*6B
$GPGGA,112031.000,5327.6720,N,00124.3325,W,1,0,,113.0,M,,M,,*4D
$GPRMC,112031.000,A,5327.6720,N,00124.3325,W,0.000,0.00,021212,,A*62
$GPGGA,112046.000,5327.6718,N,00124.3254,W,1,0,,113.0,M,,M,,*41
$GPRMC,112046.000,A,5327.6718,N,00124.3254,W,0.000,0.00,021212,,A*6E
$GPGGA,112104.000,5327.6601,N,00124.3191,W,1,0,,113.0,M,,M,,*45
$GPRMC,112104.000,A,5327.6601,N,00124.3191,W,0.000,0.00,021212,,A*6A
$GPGGA,112120.000,5327.6787,N,00124.3086,W,1,0,,113.0,M,,M,,*4B
$GPRMC,112120.000,A,5327.6787,N,00124.3086,W,0.000,0.00,021212,,A*64
$GPGGA,112135.000,5327.6878,N,00124.3049,W,1,0,,112.0,M,,M,,*42
$GPRMC,112135.000,A,5327.6878,N,00124.3049,W,0.000,0.00,021212,,A*6C
$GPGGA,112150.000,5327.6890,N,00124.2978,W,1,0,,112.0,M,,M,,*4D
$GPRMC,112150.000,A,5327.6890,N,00124.2978,W,0.000,0.00,021212,,A*63
$GPGGA,112205.000,5327.6936,N,00124.2955,W,1,0,,112.0,M,,M,,*4C
$GPRMC,112205.000,A,5327.6936,N,00124.2955,W,0.000,0.00,021212,,A*62
$GPGGA,112220.000,5327.7132,N,00124.2937,W,1,0,,112.0,M,,M,,*42
$GPRMC,112220.000,A,5327.7132,N,00124.2937,W,0.000,0.00,021212,,A*6C
$GPGGA,112235.000,5327.7226,N,00124.2848,W,1,0,,112.0,M,,M,,*49
$GPRMC,112235.000,A,5327.7226,N,00124.2848,W,0.000,0.00,021212,,A*67
$GPGGA,112251.000,5327.7249,N,00124.2766,W,1,0,,111.0,M,,M,,*42
$GPRMC,112251.000,A,5327.7249,N,00124.2766,W,0.000,0.00,021212,,A*6F
$GPGGA,112306.000,5327.7258,N,00124.2711,W,1,0,,111.0,M,,M,,*41
$GPRMC,112306.000,A,5327.7258,N,00124.2711,W,0.000,0.00,021212,,A*6C
$GPGGA,112321.000,5327.7270,N,00124.2662,W,1,0,,111.0,M,,M,,*4B
$GPRMC,112321.000,A,5327.7270,N,00124.2662,W,0.000,0.00,021212,,A*66
$GPGGA,112336.000,5327.7290,N,00124.2636,W,1,0,,111.0,M,,M,,*42
$GPRMC,112336.000,A,5327.7290,N,00124.2636,W,0.000,0.00,021212,,A*6F
$GPGGA,112351.000,5327.7313,N,00124.2693,W,1,0,,111.0,M,,M,,*46
$GPRMC,112351.000,A,5327.7313,N,00124.2693,W,0.000,0.00,021212,,A*6B
$GPGGA,112407.000,5327.7258,N,00124.2717,W,1,0,,111.0,M,,M,,*41
$GPRMC,112407.000,A,5327.7258,N,00124.2717,W,0.000,0.00,021212,,A*6C
$GPGGA,112422.000,5327.7270,N,00124.2597,W,1,0,,110.0,M,,M,,*47
$GPRMC,112422.000,A,5327.7270,N,00124.2597,W,0.000,0.00,021212,,A*6B
$GPGGA,112437.000,5327.7302,N,00124.2428,W,1,0,,108.0,M,,M,,*4B
$GPRMC,112437.000,A,5327.7302,N,00124.2428,W,0.000,0.00,021212,,A*6E
$GPGGA,112452.000,5327.7311,N,00124.2483,W,1,0,,110.0,M,,M,,*42
$GPRMC,112452.000,A,5327.7311,N,00124.2483,W,0.000,0.00,021212,,A*6E
$GPGGA,112507.000,5327.7364,N,00124.2461,W,1,0,,111.0,M,,M,,*4C
$GPRMC,112507.000,A,5327.7364,N,00124.2461,W,0.000,0.00,021212,,A*61
$GPGGA,112522.000,5327.7428,N,00124.2406,W,1,0,,111.0,M,,M,,*45
$GPRMC,112522.000,A,5327.7428,N,00124.2406,W,0.000,0.00,021212,,A*68
$GPGGA,112537.000,5327.7494,N,00124.2371,W,1,0,,111.0,M,,M,,*41
$GPRMC,112537.000,A,5327.7494,N,00124.2371,W,0.000,0.00,021212,,A*6C
$GPGGA,112603.000,5327.7668,N,00124.2224,W,1,0,,111.0,M,,M,,*45
$GPRMC,112603.000,A,5327.7668,N,00124.2224,W,0.000,0.00,021212,,A*68
$GPGGA,112618.000,5327.7739,N,00124.2143,W,1,0,,111.0,M,,M,,*48
$GPRMC,112618.000,A,5327.7739,N,00124.2143,W,0.000,0.00,021212,,A*65
$GPGGA,112633.000,5327.7753,N,00124.2086,W,1,0,,111.0,M,,M,,*45
$GPRMC,112633.000,A,5327.7753,N,00124.2086,W,0.000,0.00,021212,,A*68
$GPGGA,112648.000,5327.7707,N,00124.1820,W,1,0,,111.0,M,,M,,*4F
$GPRMC,112648.000,A,5327.7707,N,00124.1820,W,0.000,0.00,021212,,A*62
$GPGGA,112703.000,5327.7741,N,00124.1799,W,1,0,,110.0,M,,M,,*4F
$GPRMC,112703.000,A,5327.7741,N,00124.1799,W,0.000,0.00,021212,,A*63
$GPGGA,112718.000,5327.7721,N,00124.1800,W,1,0,,110.0,M,,M,,*4C
$GPRMC,112718.000,A,5327.7721,N,00124.1800,W,0.000,0.00,021212,,A*60
$GPGGA,112733.000,5327.7709,N,00124.1839,W,1,0,,110.0,M,,M,,*45
$GPRMC,112733.000,A,5327.7709,N,00124.1839,W,0.000,0.00,021212,,A*69
$GPGGA,112748.000,5327.7705,N,00124.1725,W,1,0,,109.0,M,,M,,*4F
$GPRMC,112748.000,A,5327.7705,N,00124.1725,W,0.000,0.00,021212,,A*6B
$GPGGA,112803.000,5327.7757,N,00124.1645,W,1,0,,109.0,M,,M,,*4F
$GPRMC,112803.000,A,5327.7757,N,00124.1645,W,0.000,0.00,021212,,A*6B
$GPGGA,112818.000,5327.7837,N,00124.1638,W,1,0,,109.0,M,,M,,*46
$GPRMC,112818.000,A,5327.7837,N,00124.1638,W,0.000,0.00,021212,,A*62
$GPGGA,112833.000,5327.7982,N,00124.1833,W,1,0,,109.0,M,,M,,*45
$GPRMC,112833.000,A,5327.7982,N,00124.1833,W,0.000,0.00,021212,,A*61
$GPGGA,112849.000,5327.8059,N,00124.1899,W,1,0,,108.0,M,,M,,*49
$GPRMC,112849.000,A,5327.8059,N,00124.1899,W,0.000,0.00,021212,,A*6C
$GPGGA,112904.000,5327.8055,N,00124.1907,W,1,0,,108.0,M,,M,,*4B
$GPRMC,112904.000,A,5327.8055,N,00124.1907,W,0.000,0.00,021212,,A*6E
$GPGGA,112920.000,5327.7991,N,00124.1899,W,1,0,,108.0,M,,M,,*45
$GPRMC,112920.000,A,5327.7991,N,00124.1899,W,0.000,0.00,021212,,A*60
$GPGGA,112935.000,5327.7913,N,00124.1798,W,1,0,,107.0,M,,M,,*4A
$GPRMC,112935.000,A,5327.7913,N,00124.1798,W,0.000,0.00,021212,,A*60
$GPGGA,112950.000,5327.7897,N,00124.1652,W,1,0,,107.0,M,,M,,*43
$GPRMC,112950.000,A,5327.7897,N,00124.1652,W,0.000,0.00,021212,,A*69
$GPGGA,113006.000,5327.8018,N,00124.1555,W,1,0,,106.0,M,,M,,*4D
$GPRMC,113006.000,A,5327.8018,N,00124.1555,W,0.000,0.00,021212,,A*66
$GPGGA,113021.000,5327.8009,N,00124.1572,W,1,0,,106.0,M,,M,,*4D
$GPRMC,113021.000,A,5327.8009,N,00124.1572,W,0.000,0.00,021212,,A*66
$GPGGA,113036.000,5327.7950,N,00124.1545,W,1,0,,105.0,M,,M,,*46
$GPRMC,113036.000,A,5327.7950,N,00124.1545,W,0.000,0.00,021212,,A*6E
$GPGGA,113051.000,5327.7979,N,00124.1434,W,1,0,,105.0,M,,M,,*4B
$GPRMC,113051.000,A,5327.7979,N,00124.1434,W,0.000,0.00,021212,,A*63
$GPGGA,113107.000,5327.7890,N,00124.1264,W,1,0,,104.0,M,,M,,*4D
$GPRMC,113107.000,A,5327.7890,N,00124.1264,W,0.000,0.00,021212,,A*64
$GPGGA,113123.000,5327.7979,N,00124.1231,W,1,0,,104.0,M,,M,,*4D
$GPRMC,113123.000,A,5327.7979,N,00124.1231,W,0.000,0.00,021212,,A*64
$GPGGA,113138.000,5327.7901,N,00124.1142,W,1,0,,103.0,M,,M,,*48
$GPRMC,113138.000,A,5327.7901,N,00124.1142,W,0.000,0.00,021212,,A*66
$GPGGA,113153.000,5327.7888,N,00124.1169,W,1,0,,100.0,M,,M,,*4F
$GPRMC,113153.000,A,5327.7888,N,00124.1169,W,0.000,0.00,021212,,A*62
$GPGGA,113208.000,5327.7888,N,00124.1043,W,1,0,,102.0,M,,M,,*49
$GPRMC,113208.000,A,5327.7888,N,00124.1043,W,0.000,0.00,021212,,A*66
$GPGGA,113223.000,5327.7858,N,00124.0896,W,1,0,,103.0,M,,M,,*4D
$GPRMC,113223.000,A,5327.7858,N,00124.0896,W,0.000,0.00,021212,,A*63
$GPGGA,113238.000,5327.7858,N,00124.0714,W,1,0,,103.0,M,,M,,*42
$GPRMC,113238.000,A,5327.7858,N,00124.0714,W,0.000,0.00,021212,,A*6C
$GPGGA,113253.000,5327.7831,N,00124.0516,W,1,0,,104.0,M,,M,,*47
$GPRMC,113253.000,A,5327.7831,N,00124.0516,W,0.000,0.00,021212,,A*6E
$GPGGA,113308.000,5327.7808,N,00124.0381,W,1,0,,103.0,M,,M,,*4D
$GPRMC,113308.000,A,5327.7808,N,00124.0381,W,0.000,0.00,021212,,A*63
$GPGGA,113323.000,5327.7819,N,00124.0380,W,1,0,,101.0,M,,M,,*47
$GPRMC,113323.000,A,5327.7819,N,00124.0380,W,0.000,0.00,021212,,A*6B
$GPGGA,113338.000,5327.7826,N,00124.0293,W,1,0,,99.0,M,,M,,*72
$GPRMC,113338.000,A,5327.7826,N,00124.0293,W,0.000,0.00,021212,,A*6E
$GPGGA,113353.000,5327.7851,N,00124.0159,W,1,0,,98.0,M,,M,,*7B
$GPRMC,113353.000,A,5327.7851,N,00124.0159,W,0.000,0.00,021212,,A*66
$GPGGA,113408.000,5327.7899,N,00123.9975,W,1,0,,98.0,M,,M,,*7E
$GPRMC,113408.000,A,5327.7899,N,00123.9975,W,0.000,0.00,021212,,A*63
$GPGGA,113423.000,5327.7917,N,00123.9792,W,1,0,,97.0,M,,M,,*78
$GPRMC,113423.000,A,5327.7917,N,00123.9792,W,0.000,0.00,021212,,A*6A
$GPGGA,113438.000,5327.7904,N,00123.9610,W,1,0,,96.0,M,,M,,*7A
$GPRMC,113438.000,A,5327.7904,N,00123.9610,W,0.000,0.00,021212,,A*69
$GPGGA,113453.000,5327.7824,N,00123.9442,W,1,0,,95.0,M,,M,,*72
$GPRMC,113453.000,A,5327.7824,N,00123.9442,W,0.000,0.00,021212,,A*62
$GPGGA,113508.000,5327.7798,N,00123.9205,W,1,0,,96.0,M,,M,,*73
$GPRMC,113508.000,A,5327.7798,N,00123.9205,W,0.000,0.00,021212,,A*60
$GPGGA,113523.000,5327.7769,N,00123.9045,W,1,0,,97.0,M,,M,,*73
$GPRMC,113523.000,A,5327.7769,N,00123.9045,W,0.000,0.00,021212,,A*61
$GPGGA,113548.000,5327.7734,N,00123.8720,W,1,0,,96.0,M,,M,,*72
$GPRMC,113548.000,A,5327.7734,N,00123.8720,W,0.000,0.00,021212,,A*61
$GPGGA,113603.000,5327.7666,N,00123.8594,W,1,0,,96.0,M,,M,,*75
$GPRMC,113603.000,A,5327.7666,N,00123.8594,W,0.000,0.00,021212,,A*66
$GPGGA,113619.000,5327.7586,N,00123.8473,W,1,0,,96.0,M,,M,,*7B
$GPRMC,113619.000,A,5327.7586,N,00123.8473,W,0.000,0.00,021212,,A*68
$GPGGA,113634.000,5327.7455,N,00123.8476,W,1,0,,95.0,M,,M,,*7D
$GPRMC,113634.000,A,5327.7455,N,00123.8476,W,0.000,0.00,021212,,A*6D
$GPGGA,113650.000,5327.7393,N,00123.8468,W,1,0,,95.0,M,,M,,*7D
$GPRMC,113650.000,A,5327.7393,N,00123.8468,W,0.000,0.00,021212,,A*6D
$GPGGA,113705.000,5327.7412,N,00123.8460,W,1,0,,95.0,M,,M,,*7A
$GPRMC,113705.000,A,5327.7412,N,00123.8460,W,0.000,0.00,021212,,A*6A
$GPGGA,113720.000,5327.7338,N,00123.8427,W,1,0,,95.0,M,,M,,*71
$GPRMC,113720.000,A,5327.7338,N,00123.8427,W,0.000,0.00,021212,,A*61
$GPGGA,113735.000,5327.7309,N,00123.8360,W,1,0,,95.0,M,,M,,*73
$GPRMC,113735.000,A,5327.7309,N,00123.8360,W,0.000,0.00,021212,,A*63
$GPGGA,113750.000,5327.7348,N,00123.8178,W,1,0,,94.0,M,,M,,*7F
$GPRMC,113750.000,A,5327.7348,N,00123.8178,W,0.000,0.00,021212,,A*6E
$GPGGA,113806.000,5327.7462,N,00123.8016,W,1,0,,94.0,M,,M,,*75
$GPRMC,113806.000,A,5327.7462,N,00123.8016,W,0.000,0.00,021212,,A*64
$GPGGA,113822.000,5327.7528,N,00123.7910,W,1,0,,94.0,M,,M,,*7C
$GPRMC,113822.000,A,5327.7528,N,00123.7910,W,0.000,0.00,021212,,A*6D
$GPGGA,113838.000,5327.7549,N,00123.7858,W,1,0,,93.0,M,,M,,*7A
$GPRMC,113838.000,A,5327.7549,N,00123.7858,W,0.000,0.00,021212,,A*6C
$GPGGA,113854.000,5327.7659,N,00123.7839,W,1,0,,93.0,M,,M,,*75
$GPRMC,113854.000,A,5327.7659,N,00123.7839,W,0.000,0.00,021212,,A*63
$GPGGA,113910.000,5327.7741,N,00123.7776,W,1,0,,92.0,M,,M,,*79
$GPRMC,113910.000,A,5327.7741,N,00123.7776,W,0.000,0.00,021212,,A*6E
$GPGGA,113925.000,5327.7833,N,00123.7713,W,1,0,,92.0,M,,M,,*76
$GPRMC,113925.000,A,5327.7833,N,00123.7713,W,0.000,0.00,021212,,A*61
$GPGGA,113940.000,5327.7895,N,00123.7702,W,1,0,,91.0,M,,M,,*7A
$GPRMC,113940.000,A,5327.7895,N,00123.7702,W,0.000,0.00,021212,,A*6E
$GPGGA,113955.000,5327.7972,N,00123.7595,W,1,0,,91.0,M,,M,,*7A
$GPRMC,113955.000,A,5327.7972,N,00123.7595,W,0.000,0.00,021212,,A*6E
$GPGGA,114010.000,5327.8004,N,00123.7588,W,1,0,,91.0,M,,M,,*7E
$GPRMC,114010.000,A,5327.8004,N,00123.7588,W,0.000,0.00,021212,,A*6A
$GPGGA,114025.000,5327.8078,N,00123.7557,W,1,0,,91.0,M,,M,,*71
$GPRMC,114025.000,A,5327.8078,N,00123.7557,W,0.000,0.00,021212,,A*65
$GPGGA,114040.000,5327.8142,N,00123.7480,W,1,0,,91.0,M,,M,,*71
$GPRMC,114040.000,A,5327.8142,N,00123.7480,W,0.000,0.00,021212,,A*65
$GPGGA,114103.000,5327.8270,N,00123.7380,W,1,0,,91.0,M,,M,,*72
$GPRMC,114103.000,A,5327.8270,N,00123.7380,W,0.000,0.00,021212,,A*66
$GPGGA,114119.000,5327.8336,N,00123.7340,W,1,0,,91.0,M,,M,,*76
$GPRMC,114119.000,A,5327.8336,N,00123.7340,W,0.000,0.00,021212,,A*62
$GPGGA,114134.000,5327.8426,N,00123.7276,W,1,0,,90.0,M,,M,,*7A
$GPRMC,114134.000,A,5327.8426,N,00123.7276,W,0.000,0.00,021212,,A*6F
$GPGGA,114150.000,5327.8542,N,00123.7112,W,1,0,,90.0,M,,M,,*7A
$GPRMC,114150.000,A,5327.8542,N,00123.7112,W,0.000,0.00,021212,,A*6F
$GPGGA,114205.000,5327.8645,N,00123.6945,W,1,0,,90.0,M,,M,,*76
$GPRMC,114205.000,A,5327.8645,N,00123.6945,W,0.000,0.00,021212,,A*63
$GPGGA,114220.000,5327.8698,N,00123.6833,W,1,0,,90.0,M,,M,,*71
$GPRMC,114220.000,A,5327.8698,N,00123.6833,W,0.000,0.00,021212,,A*64
$GPGGA,114235.000,5327.8801,N,00123.6684,W,1,0,,90.0,M,,M,,*79
$GPRMC,114235.000,A,5327.8801,N,00123.6684,W,0.000,0.00,021212,,A*6C
$GPGGA,114250.000,5327.8879,N,00123.6536,W,1,0,,90.0,M,,M,,*7F
$GPRMC,114250.000,A,5327.8879,N,00123.6536,W,0.000,0.00,021212,,A*6A
$GPGGA,114305.000,5327.8947,N,00123.6414,W,1,0,,89.0,M,,M,,*7B
$GPRMC,114305.000,A,5327.8947,N,00123.6414,W,0.000,0.00,021212,,A*66
$GPGGA,114321.000,5327.9021,N,00123.6226,W,1,0,,89.0,M,,M,,*72
$GPRMC,114321.000,A,5327.9021,N,00123.6226,W,0.000,0.00,021212,,A*6F
$GPGGA,114336.000,5327.9105,N,00123.6133,W,1,0,,89.0,M,,M,,*74
$GPRMC,114336.000,A,5327.9105,N,00123.6133,W,0.000,0.00,021212,,A*69
$GPGGA,114352.000,5327.9181,N,00123.5991,W,1,0,,89.0,M,,M,,*79
$GPRMC,114352.000,A,5327.9181,N,00123.5991,W,0.000,0.00,021212,,A*64
$GPGGA,114407.000,5327.9268,N,00123.5874,W,1,0,,89.0,M,,M,,*70
$GPRMC,114407.000,A,5327.9268,N,00123.5874,W,0.000,0.00,021212,,A*6D
$GPGGA,114422.000,5327.9378,N,00123.5812,W,1,0,,89.0,M,,M,,*77
$GPRMC,114422.000,A,5327.9378,N,00123.5812,W,0.000,0.00,021212,,A*6A
$GPGGA,114437.000,5327.9481,N,00123.5759,W,1,0,,89.0,M,,M,,*72
$GPRMC,114437.000,A,5327.9481,N,00123.5759,W,0.000,0.00,021212,,A*6F
$GPGGA,114452.000,5327.9559,N,00123.5817,W,1,0,,89.0,M,,M,,*70
$GPRMC,114452.000,A,5327.9559,N,00123.5817,W,0.000,0.00,021212,,A*6D
$GPGGA,114507.000,5327.9641,N,00123.5869,W,1,0,,89.0,M,,M,,*72
$GPRMC,114507.000,A,5327.9641,N,00123.5869,W,0.000,0.00,021212,,A*6F
$GPGGA,114522.000,5327.9753,N,00123.6057,W,1,0,,88.0,M,,M,,*70
$GPRMC,114522.000,A,5327.9753,N,00123.6057,W,0.000,0.00,021212,,A*6C
$GPGGA,114537.000,5327.9813,N,00123.6054,W,1,0,,88.0,M,,M,,*7C
$GPRMC,114537.000,A,5327.9813,N,00123.6054,W,0.000,0.00,021212,,A*60
$GPGGA,114553.000,5327.9911,N,00123.6166,W,1,0,,88.0,M,,M,,*7D
$GPRMC,114553.000,A,5327.9911,N,00123.6166,W,0.000,0.00,021212,,A*61
$GPGGA,114608.000,5328.0023,N,00123.6319,W,1,0,,88.0,M,,M,,*74
$GPRMC,114608.000,A,5328.0023,N,00123.6319,W,0.000,0.00,021212,,A*68
$GPGGA,114624.000,5328.0112,N,00123.6404,W,1,0,,87.0,M,,M,,*7D
$GPRMC,114624.000,A,5328.0112,N,00123.6404,W,0.000,0.00,021212,,A*6E
$GPGGA,114639.000,5328.0211,N,00123.6519,W,1,0,,87.0,M,,M,,*7C
$GPRMC,114639.000,A,5328.0211,N,00123.6519,W,0.000,0.00,021212,,A*6F
$GPGGA,114654.000,5328.0339,N,00123.6623,W,1,0,,87.0,M,,M,,*76
$GPRMC,114654.000,A,5328.0339,N,00123.6623,W,0.000,0.00,021212,,A*65
$GPGGA,114710.000,5328.0405,N,00123.6706,W,1,0,,87.0,M,,M,,*79
$GPRMC,114710.000,A,5328.0405,N,00123.6706,W,0.000,0.00,021212,,A*6A
$GPGGA,114725.000,5328.0490,N,00123.6759,W,1,0,,88.0,M,,M,,*76
$GPRMC,114725.000,A,5328.0490,N,00123.6759,W,0.000,0.00,021212,,A*6A
$GPGGA,114741.000,5328.0650,N,00123.6864,W,1,0,,88.0,M,,M,,*7B
$GPRMC,114741.000,A,5328.0650,N,00123.6864,W,0.000,0.00,021212,,A*67
$GPGGA,114756.000,5328.0781,N,00123.6903,W,1,0,,87.0,M,,M,,*7F
$GPRMC,114756.000,A,5328.0781,N,00123.6903,W,0.000,0.00,021212,,A*6C
$GPGGA,114811.000,5328.0902,N,00123.6853,W,1,0,,87.0,M,,M,,*72
$GPRMC,114811.000,A,5328.0902,N,00123.6853,W,0.000,0.00,021212,,A*61
$GPGGA,114826.000,5328.0950,N,00123.7061,W,1,0,,87.0,M,,M,,*79
$GPRMC,114826.000,A,5328.0950,N,00123.7061,W,0.000,0.00,021212,,A*6A
$GPGGA,114841.000,5328.1053,N,00123.7170,W,1,0,,87.0,M,,M,,*72
$GPRMC,114841.000,A,5328.1053,N,00123.7170,W,0.000,0.00,021212,,A*61
$GPGGA,114857.000,5328.1170,N,00123.7307,W,1,0,,87.0,M,,M,,*77
$GPRMC,114857.000,A,5328.1170,N,00123.7307,W,0.000,0.00,021212,,A*64
$GPGGA,114912.000,5328.1284,N,00123.7353,W,1,0,,87.0,M,,M,,*7E
$GPRMC,114912.000,A,5328.1284,N,00123.7353,W,0.000,0.00,021212,,A*6D
$GPGGA,114927.000,5328.1413,N,00123.7414,W,1,0,,87.0,M,,M,,*74
$GPRMC,114927.000,A,5328.1413,N,00123.7414,W,0.000,0.00,021212,,A*67
$GPGGA,114942.000,5328.1497,N,00123.7669,W,1,0,,87.0,M,,M,,*73
$GPRMC,114942.000,A,5328.1497,N,00123.7669,W,0.000,0.00,021212,,A*60
$GPGGA,114958.000,5328.1591,N,00123.7713,W,1,0,,87.0,M,,M,,*73
$GPRMC,114958.000,A,5328.1591,N,00123.7713,W,0.000,0.00,021212,,A*60
$GPGGA,115013.000,5328.1669,N,00123.7762,W,1,0,,87.0,M,,M,,*76
$GPRMC,115013.000,A,5328.1669,N,00123.7762,W,0.000,0.00,021212,,A*65
$GPGGA,115028.000,5328.1740,N,00123.7800,W,1,0,,87.0,M,,M,,*7F
$GPRMC,115028.000,A,5328.1740,N,00123.7800,W,0.000,0.00,021212,,A*6C
$GPGGA,115044.000,5328.1838,N,00123.8022,W,1,0,,87.0,M,,M,,*72
$GPRMC,115044.000,A,5328.1838,N,00123.8022,W,0.000,0.00,021212,,A*61
$GPGGA,115059.000,5328.1895,N,00123.8088,W,1,0,,86.0,M,,M,,*78
$GPRMC,115059.000,A,5328.1895,N,00123.8088,W,0.000,0.00,021212,,A*6A
$GPGGA,115115.000,5328.2014,N,00123.8204,W,1,0,,87.0,M,,M,,*74
$GPRMC,115115.000,A,5328.2014,N,00123.8204,W,0.000,0.00,021212,,A*67
$GPGGA,115130.000,5328.2239,N,00123.8261,W,1,0,,86.0,M,,M,,*7C
$GPRMC,115130.000,A,5328.2239,N,00123.8261,W,0.000,0.00,021212,,A*6E
$GPGGA,115146.000,5328.2227,N,00123.8508,W,1,0,,86.0,M,,M,,*7A
$GPRMC,115146.000,A,5328.2227,N,00123.8508,W,0.000,0.00,021212,,A*68
$GPGGA,115202.000,5328.2319,N,00123.8639,W,1,0,,86.0,M,,M,,*74
$GPRMC,115202.000,A,5328.2319,N,00123.8639,W,0.000,0.00,021212,,A*66
$GPGGA,115217.000,5328.2408,N,00123.8681,W,1,0,,85.0,M,,M,,*77
$GPRMC,115217.000,A,5328.2408,N,00123.8681,W,0.000,0.00,021212,,A*66
$GPGGA,115233.000,5328.2475,N,00123.8873,W,1,0,,86.0,M,,M,,*7B
$GPRMC,115233.000,A,5328.2475,N,00123.8873,W,0.000,0.00,021212,,A*69
$GPGGA,115249.000,5328.2580,N,00123.8926,W,1,0,,86.0,M,,M,,*7C
$GPRMC,115249.000,A,5328.2580,N,00123.8926,W,0.000,0.00,021212,,A*6E
$GPGGA,115316.000,5328.2713,N,00123.9087,W,1,0,,86.0,M,,M,,*7C
$GPRMC,115316.000,A,5328.2713,N,00123.9087,W,0.000,0.00,021212,,A*6E
$GPGGA,115332.000,5328.2912,N,00123.9201,W,1,0,,86.0,M,,M,,*79
$GPRMC,115332.000,A,5328.2912,N,00123.9201,W,0.000,0.00,021212,,A*6B
$GPGGA,115347.000,5328.2964,N,00123.9240,W,1,0,,85.0,M,,M,,*7C
$GPRMC,115347.000,A,5328.2964,N,00123.9240,W,0.000,0.00,021212,,A*6D
$GPGGA,115402.000,5328.3033,N,00123.9303,W,1,0,,85.0,M,,M,,*76
$GPRMC,115402.000,A,5328.3033,N,00123.9303,W,0.000,0.00,021212,,A*67
$GPGGA,115420.000,5328.3079,N,00123.9420,W,1,0,,85.0,M,,M,,*7E
$GPRMC,115420.000,A,5328.3079,N,00123.9420,W,0.000,0.00,021212,,A*6F
$GPGGA,115435.000,5328.3253,N,00123.9545,W,1,0,,85.0,M,,M,,*72
$GPRMC,115435.000,A,5328.3253,N,00123.9545,W,0.000,0.00,021212,,A*63
$GPGGA,115450.000,5328.3351,N,00123.9639,W,1,0,,85.0,M,,M,,*7A
$GPRMC,115450.000,A,5328.3351,N,00123.9639,W,0.000,0.00,021212,,A*6B
$GPGGA,115505.000,5328.3461,N,00123.9723,W,1,0,,85.0,M,,M,,*75
$GPRMC,115505.000,A,5328.3461,N,00123.9723,W,0.000,0.00,021212,,A*64
$GPGGA,115520.000,5328.3557,N,00123.9814,W,1,0,,85.0,M,,M,,*7D
$GPRMC,115520.000,A,5328.3557,N,00123.9814,W,0.000,0.00,021212,,A*6C
$GPGGA,115535.000,5328.3672,N,00123.9861,W,1,0,,86.0,M,,M,,*7C
$GPRMC,115535.000,A,5328.3672,N,00123.9861,W,0.000,0.00,021212,,A*6E
$GPGGA,115550.000,5328.3793,N,00123.9900,W,1,0,,87.0,M,,M,,*76
$GPRMC,115550.000,A,5328.3793,N,00123.9900,W,0.000,0.00,021212,,A*65
$GPGGA,115605.000,5328.3852,N,00124.0006,W,1,0,,87.0,M,,M,,*76
$GPRMC,115605.000,A,5328.3852,N,00124.0006,W,0.000,0.00,021212,,A*65
$GPGGA,115620.000,5328.3866,N,00124.0082,W,1,0,,88.0,M,,M,,*75
$GPRMC,115620.000,A,5328.3866,N,00124.0082,W,0.000,0.00,021212,,A*69
$GPGGA,115635.000,5328.3912,N,00124.0077,W,1,0,,89.0,M,,M,,*78
$GPRMC,115635.000,A,5328.3912,N,00124.0077,W,0.000,0.00,021212,,A*65
$GPGGA,115650.000,5328.4031,N,00124.0046,W,1,0,,89.0,M,,M,,*76
$GPRMC,115650.000,A,5328.4031,N,00124.0046,W,0.000,0.00,021212,,A*6B
$GPGGA,115705.000,5328.4116,N,00124.0102,W,1,0,,89.0,M,,M,,*72
$GPRMC,115705.000,A,5328.4116,N,00124.0102,W,0.000,0.00,021212,,A*6F
$GPGGA,115721.000,5328.4171,N,00124.0223,W,1,0,,89.0,M,,M,,*75
$GPRMC,115721.000,A,5328.4171,N,00124.0223,W,0.000,0.00,021212,,A*68
$GPGGA,115736.000,5328.4262,N,00124.0307,W,1,0,,89.0,M,,M,,*75
$GPRMC,115736.000,A,5328.4262,N,00124.0307,W,0.000,0.00,021212,,A*68
$GPGGA,115751.000,5328.4335,N,00124.0404,W,1,0,,89.0,M,,M,,*73
$GPRMC,115751.000,A,5328.4335,N,00124.0404,W,0.000,0.00,021212,,A*6E
$GPGGA,115806.000,5328.4418,N,00124.0603,W,1,0,,89.0,M,,M,,*73
$GPRMC,115806.000,A,5328.4418,N,00124.0603,W,0.000,0.00,021212,,A*6E
$GPGGA,115821.000,5328.4470,N,00124.0657,W,1,0,,89.0,M,,M,,*79
$GPRMC,115821.000,A,5328.4470,N,00124.0657,W,0.000,0.00,021212,,A*64
$GPGGA,115836.000,5328.4525,N,00124.0723,W,1,0,,89.0,M,,M,,*7C
$GPRMC,115836.000,A,5328.4525,N,00124.0723,W,0.000,0.00,021212,,A*61
$GPGGA,115851.000,5328.4605,N,00124.0890,W,1,0,,89.0,M,,M,,*7B
$GPRMC,115851.000,A,5328.4605,N,00124.0890,W,0.000,0.00,021212,,A*66
$GPGGA,115907.000,5328.4635,N,00124.0925,W,1,0,,89.0,M,,M,,*75
$GPRMC,115907.000,A,5328.4635,N,00124.0925,W,0.000,0.00,021212,,A*68
$GPGGA,115922.000,5328.4720,N,00124.0993,W,1,0,,89.0,M,,M,,*7A
$GPRMC,115922.000,A,5328.4720,N,00124.0993,W,0.000,0.00,021212,,A*67
$GPGGA,115937.000,5328.4770,N,00124.1180,W,1,0,,88.0,M,,M,,*71
$GPRMC,115937.000,A,5328.4770,N,00124.1180,W,0.000,0.00,021212,,A*6D
$GPGGA,115953.000,5328.4825,N,00124.1276,W,1,0,,89.0,M,,M,,*77
$GPRMC,115953.000,A,5328.4825,N,00124.1276,W,0.000,0.00,021212,,A*6A
$GPGGA,120008.000,5328.4940,N,00124.1432,W,1,0,,88.0,M,,M,,*73
$GPRMC,120008.000,A,5328.4940,N,00124.1432,W,0.000,0.00,021212,,A*6F
$GPGGA,120024.000,5328.4962,N,00124.1521,W,1,0,,88.0,M,,M,,*7E
$GPRMC,120024.000,A,5328.4962,N,00124.1521,W,0.000,0.00,021212,,A*62
$GPGGA,120039.000,5328.5040,N,00124.1616,W,1,0,,88.0,M,,M,,*7D
$GPRMC,120039.000,A,5328.5040,N,00124.1616,W,0.000,0.00,021212,,A*61
$GPGGA,120054.000,5328.5120,N,00124.1809,W,1,0,,88.0,M,,M,,*71
$GPRMC,120054.000,A,5328.5120,N,00124.1809,W,0.000,0.00,021212,,A*6D
$GPGGA,120109.000,5328.5189,N,00124.1896,W,1,0,,89.0,M,,M,,*7C
$GPRMC,120109.000,A,5328.5189,N,00124.1896,W,0.000,0.00,021212,,A*61
$GPGGA,120125.000,5328.5237,N,00124.2022,W,1,0,,88.0,M,,M,,*71
$GPRMC,120125.000,A,5328.5237,N,00124.2022,W,0.000,0.00,021212,,A*6D
$GPGGA,120140.000,5328.5338,N,00124.2088,W,1,0,,88.0,M,,M,,*7C
$GPRMC,120140.000,A,5328.5338,N,00124.2088,W,0.000,0.00,021212,,A*60
$GPGGA,120156.000,5328.5363,N,00124.2248,W,1,0,,88.0,M,,M,,*7B
$GPRMC,120156.000,A,5328.5363,N,00124.2248,W,0.000,0.00,021212,,A*67
$GPGGA,120211.000,5328.5448,N,00124.2380,W,1,0,,88.0,M,,M,,*70
$GPRMC,120211.000,A,5328.5448,N,00124.2380,W,0.000,0.00,021212,,A*6C
$GPGGA,120226.000,5328.5519,N,00124.2492,W,1,0,,88.0,M,,M,,*75
$GPRMC,120226.000,A,5328.5519,N,00124.2492,W,0.000,0.00,021212,,A*69
$GPGGA,120241.000,5328.5626,N,00124.2712,W,1,0,,88.0,M,,M,,*70
$GPRMC,120241.000,A,5328.5626,N,00124.2712,W,0.000,0.00,021212,,A*6C
$GPGGA,120256.000,5328.5642,N,00124.2910,W,1,0,,89.0,M,,M,,*79
$GPRMC,120256.000,A,5328.5642,N,00124.2910,W,0.000,0.00,021212,,A*64
$GPGGA,120312.000,5328.5667,N,00124.3055,W,1,0,,89.0,M,,M,,*76
$GPRMC,120312.000,A,5328.5667,N,00124.3055,W,0.000,0.00,021212,,A*6B
$GPGGA,120327.000,5328.5738,N,00124.3202,W,1,0,,89.0,M,,M,,*7B
$GPRMC,120327.000,A,5328.5738,N,00124.3202,W,0.000,0.00,021212,,A*66
$GPGGA,120342.000,5328.5807,N,00124.3450,W,1,0,,89.0,M,,M,,*7A
$GPRMC,120342.000,A,5328.5807,N,00124.3450,W,0.000,0.00,021212,,A*67
$GPGGA,120358.000,5328.5839,N,00124.3587,W,1,0,,89.0,M,,M,,*77
$GPRMC,120358.000,A,5328.5839,N,00124.3587,W,0.000,0.00,021212,,A*6A
$GPGGA,120413.000,5328.5903,N,00124.3712,W,1,0,,89.0,M,,M,,*79
$GPRMC,120413.000,A,5328.5903,N,00124.3712,W,0.000,0.00,021212,,A*64
$GPGGA,120428.000,5328.5970,N,00124.3948,W,1,0,,89.0,M,,M,,*74
$GPRMC,120428.000,A,5328.5970,N,00124.3948,W,0.000,0.00,021212,,A*69
$GPGGA,120443.000,5328.6027,N,00124.4129,W,1,0,,89.0,M,,M,,*79
$GPRMC,120443.000,A,5328.6027,N,00124.4129,W,0.000,0.00,021212,,A*64
$GPGGA,120459.000,5328.6020,N,00124.4275,W,1,0,,89.0,M,,M,,*7F
$GPRMC,120459.000,A,5328.6020,N,00124.4275,W,0.000,0.00,021212,,A*62
$GPGGA,120514.000,5328.6024,N,00124.4442,W,1,0,,89.0,M,,M,,*71
$GPRMC,120514.000,A,5328.6024,N,00124.4442,W,0.000,0.00,021212,,A*6C
$GPGGA,120529.000,5328.6018,N,00124.4682,W,1,0,,89.0,M,,M,,*7E
$GPRMC,120529.000,A,5328.6018,N,00124.4682,W,0.000,0.00,021212,,A*63
$GPGGA,120544.000,5328.6011,N,00124.4726,W,1,0,,89.0,M,,M,,*73
$GPRMC,120544.000,A,5328.6011,N,00124.4726,W,0.000,0.00,021212,,A*6E
$GPGGA,120600.000,5328.5933,N,00124.4630,W,1,0,,89.0,M,,M,,*7C
$GPRMC,120600.000,A,5328.5933,N,00124.4630,W,0.000,0.00,021212,,A*61
$GPGGA,120615.000,5328.5860,N,00124.4613,W,1,0,,89.0,M,,M,,*7E
$GPRMC,120615.000,A,5328.5860,N,00124.4613,W,0.000,0.00,021212,,A*63
$GPGGA,120631.000,5328.5883,N,00124.4609,W,1,0,,89.0,M,,M,,*7E
$GPRMC,120631.000,A,5328.5883,N,00124.4609,W,0.000,0.00,021212,,A*63
$GPGGA,120658.000,5328.5876,N,00124.4666,W,1,0,,89.0,M,,M,,*72
$GPRMC,120658.000,A,5328.5876,N,00124.4666,W,0.000,0.00,021212,,A*6F
$GPGGA,120714.000,5328.5878,N,00124.4685,W,1,0,,89.0,M,,M,,*78
$GPRMC,120714.000,A,5328.5878,N,00124.4685,W,0.000,0.00,021212,,A*65
$GPGGA,120729.000,5328.5896,N,00124.4673,W,1,0,,89.0,M,,M,,*7F
$GPRMC,120729.000,A,5328.5896,N,00124.4673,W,0.000,0.00,021212,,A*62
$GPGGA,120744.000,5328.5887,N,00124.4714,W,1,0,,89.0,M,,M,,*74
$GPRMC,120744.000,A,5328.5887,N,00124.4714,W,0.000,0.00,021212,,A*69
$GPGGA,120759.000,5328.5873,N,00124.4717,W,1,0,,90.0,M,,M,,*78
$GPRMC,120759.000,A,5328.5873,N,00124.4717,W,0.000,0.00,021212,,A*6D
$GPGGA,120814.000,5328.5885,N,00124.4729,W,1,0,,90.0,M,,M,,*7A
$GPRMC,120814.000,A,5328.5885,N,00124.4729,W,0.000,0.00,021212,,A*6F
$GPGGA,120830.000,5328.5878,N,00124.4740,W,1,0,,90.0,M,,M,,*71
$GPRMC,120830.000,A,5328.5878,N,00124.4740,W,0.000,0.00,021212,,A*64
$GPGGA,120846.000,5328.5894,N,00124.4638,W,1,0,,90.0,M,,M,,*7C
$GPRMC,120846.000,A,5328.5894,N,00124.4638,W,0.000,0.00,021212,,A*69
$GPGGA,120901.000,5328.5825,N,00124.4674,W,1,0,,90.0,M,,M,,*7C
$GPRMC,120901.000,A,5328.5825,N,00124.4674,W,0.000,0.00,021212,,A*69
$GPGGA,120916.000,5328.5821,N,00124.4745,W,1,0,,90.0,M,,M,,*7D
$GPRMC,120916.000,A,5328.5821,N,00124.4745,W,0.000,0.00,021212,,A*68
$GPGGA,120931.000,5328.5812,N,00124.4752,W,1,0,,90.0,M,,M,,*7E
$GPRMC,120931.000,A,5328.5812,N,00124.4752,W,0.000,0.00,021212,,A*6B
$GPGGA,120946.000,5328.5812,N,00124.4763,W,1,0,,90.0,M,,M,,*7C
$GPRMC,120946.000,A,5328.5812,N,00124.4763,W,0.000,0.00,021212,,A*69
$GPGGA,121001.000,5328.5814,N,00124.4764,W,1,0,,90.0,M,,M,,*76
$GPRMC,121001.000,A,5328.5814,N,00124.4764,W,0.000,0.00,021212,,A*63
$GPGGA,121016.000,5328.5841,N,00124.4776,W,1,0,,90.0,M,,M,,*73
$GPRMC,121016.000,A,5328.5841,N,00124.4776,W,0.000,0.00,021212,,A*66
$GPGGA,121032.000,5328.5832,N,00124.4831,W,1,0,,90.0,M,,M,,*7D
$GPRMC,121032.000,A,5328.5832,N,00124.4831,W,0.000,0.00,021212,,A*68
$GPGGA,121047.000,5328.5844,N,00124.4817,W,1,0,,90.0,M,,M,,*7A
$GPRMC,121047.000,A,5328.5844,N,00124.4817,W,0.000,0.00,021212,,A*6F
$GPGGA,121104.000,5328.5857,N,00124.4804,W,1,0,,90.0,M,,M,,*7C
$GPRMC,121104.000,A,5328.5857,N,00124.4804,W,0.000,0.00,021212,,A*69
$GPGGA,121119.000,5328.5853,N,00124.4811,W,1,0,,90.0,M,,M,,*70
$GPRMC,121119.000,A,5328.5853,N,00124.4811,W,0.000,0.00,021212,,A*65
$GPGGA,121134.000,5328.5885,N,00124.4785,W,1,0,,90.0,M,,M,,*76
$GPRMC,121134.000,A,5328.5885,N,00124.4785,W,0.000,0.00,021212,,A*63
$GPGGA,121149.000,5328.5855,N,00124.4850,W,1,0,,91.0,M,,M,,*77
$GPRMC,121149.000,A,5328.5855,N,00124.4850,W,0.000,0.00,021212,,A*63
$GPGGA,121204.000,5328.5835,N,00124.4869,W,1,0,,91.0,M,,M,,*71
$GPRMC,121204.000,A,5328.5835,N,00124.4869,W,0.000,0.00,021212,,A*65
$GPGGA,121219.000,5328.5832,N,00124.4842,W,1,0,,91.0,M,,M,,*73
$GPRMC,121219.000,A,5328.5832,N,00124.4842,W,0.000,0.00,021212,,A*67
$GPGGA,121234.000,5328.5851,N,00124.4841,W,1,0,,91.0,M,,M,,*7A
$GPRMC,121234.000,A,5328.5851,N,00124.4841,W,0.000,0.00,021212,,A*6E
$GPGGA,121250.000,5328.5905,N,00124.4720,W,1,0,,91.0,M,,M,,*70
$GPRMC,121250.000,A,5328.5905,N,00124.4720,W,0.000,0.00,021212,,A*64
$GPGGA,121305.000,5328.5860,N,00124.4804,W,1,0,,91.0,M,,M,,*7A
$GPRMC,121305.000,A,5328.5860,N,00124.4804,W,0.000,0.00,021212,,A*6E
$GPGGA,121320.000,5328.5825,N,00124.4836,W,1,0,,91.0,M,,M,,*7D
$GPRMC,121320.000,A,5328.5825,N,00124.4836,W,0.000,0.00,021212,,A*69
$GPGGA,121336.000,5328.5846,N,00124.4801,W,1,0,,91.0,M,,M,,*7B
$GPRMC,121336.000,A,5328.5846,N,00124.4801,W,0.000,0.00,021212,,A*6F
$GPGGA,121351.000,5328.5816,N,00124.4823,W,1,0,,91.0,M,,M,,*7F
$GPRMC,121351.000,A,5328.5816,N,00124.4823,W,0.000,0.00,021212,,A*6B
$GPGGA,121406.000,5328.5745,N,00124.4885,W,1,0,,91.0,M,,M,,*7F
$GPRMC,121406.000,A,5328.5745,N,00124.4885,W,0.000,0.00,021212,,A*6B
$GPGGA,121421.000,5328.5835,N,00124.4783,W,1,0,,91.0,M,,M,,*7B
$GPRMC,121421.000,A,5328.5835,N,00124.4783,W,0.000,0.00,021212,,A*6F
$GPGGA,121437.000,5328.5885,N,00124.4734,W,1,0,,91.0,M,,M,,*7B
$GPRMC,121437.000,A,5328.5885,N,00124.4734,W,0.000,0.00,021212,,A*6F
$GPGGA,121452.000,5328.5853,N,00124.4896,W,1,0,,91.0,M,,M,,*74
$GPRMC,121452.000,A,5328.5853,N,00124.4896,W,0.000,0.00,021212,,A*60
$GPGGA,121507.000,5328.5846,N,00124.4874,W,1,0,,91.0,M,,M,,*7D
$GPRMC,121507.000,A,5328.5846,N,00124.4874,W,0.000,0.00,021212,,A*69
$GPGGA,121522.000,5328.5867,N,00124.4881,W,1,0,,91.0,M,,M,,*73
$GPRMC,121522.000,A,5328.5867,N,00124.4881,W,0.000,0.00,021212,,A*67
$GPGGA,121537.000,5328.5818,N,00124.4897,W,1,0,,91.0,M,,M,,*78
$GPRMC,121537.000,A,5328.5818,N,00124.4897,W,0.000,0.00,021212,,A*6C
$GPGGA,121552.000,5328.5960,N,00124.4754,W,1,0,,91.0,M,,M,,*75
$GPRMC,121552.000,A,5328.5960,N,00124.4754,W,0.000,0.00,021212,,A*61
$GPGGA,121608.000,5328.5825,N,00124.4867,W,1,0,,92.0,M,,M,,*75
$GPRMC,121608.000,A,5328.5825,N,00124.4867,W,0.000,0.00,021212,,A*62
$GPGGA,121624.000,5328.5887,N,00124.4766,W,1,0,,92.0,M,,M,,*7D
$GPRMC,121624.000,A,5328.5887,N,00124.4766,W,0.000,0.00,021212,,A*6A
$GPGGA,121639.000,5328.5912,N,00124.4738,W,1,0,,92.0,M,,M,,*77
$GPRMC,121639.000,A,5328.5912,N,00124.4738,W,0.000,0.00,021212,,A*60
$GPGGA,121654.000,5328.5924,N,00124.4787,W,1,0,,91.0,M,,M,,*7E
$GPRMC,121654.000,A,5328.5924,N,00124.4787,W,0.000,0.00,021212,,A*6A
$GPGGA,121709.000,5328.5894,N,00124.4783,W,1,0,,92.0,M,,M,,*7A
$GPRMC,121709.000,A,5328.5894,N,00124.4783,W,0.000,0.00,021212,,A*6D
$GPGGA,121724.000,5328.5873,N,00124.4874,W,1,0,,92.0,M,,M,,*7B
$GPRMC,121724.000,A,5328.5873,N,00124.4874,W,0.000,0.00,021212,,A*6C
$GPGGA,121740.000,5328.5754,N,00124.4864,W,1,0,,92.0,M,,M,,*72
$GPRMC,121740.000,A,5328.5754,N,00124.4864,W,0.000,0.00,021212,,A*65
$GPGGA,121755.000,5328.5784,N,00124.4842,W,1,0,,92.0,M,,M,,*7F
$GPRMC,121755.000,A,5328.5784,N,00124.4842,W,0.000,0.00,021212,,A*68
$GPGGA,121810.000,5328.5784,N,00124.4839,W,1,0,,92.0,M,,M,,*7D
$GPRMC,121810.000,A,5328.5784,N,00124.4839,W,0.000,0.00,021212,,A*6A
$GPGGA,121826.000,5328.5793,N,00124.4836,W,1,0,,92.0,M,,M,,*71
$GPRMC,121826.000,A,5328.5793,N,00124.4836,W,0.000,0.00,021212,,A*66
$GPGGA,121841.000,5328.5702,N,00124.4908,W,1,0,,92.0,M,,M,,*74
$GPRMC,121841.000,A,5328.5702,N,00124.4908,W,0.000,0.00,021212,,A*63
$GPGGA,121857.000,5328.5841,N,00124.4856,W,1,0,,93.0,M,,M,,*70
$GPRMC,121857.000,A,5328.5841,N,00124.4856,W,0.000,0.00,021212,,A*66
$GPGGA,121912.000,5328.5862,N,00124.4846,W,1,0,,93.0,M,,M,,*70
$GPRMC,121912.000,A,5328.5862,N,00124.4846,W,0.000,0.00,021212,,A*66
$GPGGA,121927.000,5328.5867,N,00124.4808,W,1,0,,93.0,M,,M,,*79
$GPRMC,121927.000,A,5328.5867,N,00124.4808,W,0.000,0.00,021212,,A*6F
$GPGGA,121942.000,5328.5867,N,00124.4807,W,1,0,,93.0,M,,M,,*75
$GPRMC,121942.000,A,5328.5867,N,00124.4807,W,0.000,0.00,021212,,A*63
$GPGGA,121957.000,5328.5862,N,00124.4822,W,1,0,,93.0,M,,M,,*73
$GPRMC,121957.000,A,5328.5862,N,00124.4822,W,0.000,0.00,021212,,A*65
$GPGGA,122013.000,5328.5956,N,00124.4722,W,1,0,,92.0,M,,M,,*71
$GPRMC,122013.000,A,5328.5956,N,00124.4722,W,0.000,0.00,021212,,A*66
$GPGGA,122028.000,5328.5899,N,00124.4710,W,1,0,,93.0,M,,M,,*7B
$GPRMC,122028.000,A,5328.5899,N,00124.4710,W,0.000,0.00,021212,,A*6D
$GPGGA,122044.000,5328.5864,N,00124.4774,W,1,0,,92.0,M,,M,,*70
$GPRMC,122044.000,A,5328.5864,N,00124.4774,W,0.000,0.00,021212,,A*67
$GPGGA,122059.000,5328.5825,N,00124.4783,W,1,0,,92.0,M,,M,,*71
$GPRMC,122059.000,A,5328.5825,N,00124.4783,W,0.000,0.00,021212,,A*66
$GPGGA,122114.000,5328.5839,N,00124.4728,W,1,0,,92.0,M,,M,,*75
$GPRMC,122114.000,A,5328.5839,N,00124.4728,W,0.000,0.00,021212,,A*62
$GPGGA,122129.000,5328.5809,N,00124.4795,W,1,0,,92.0,M,,M,,*7E
$GPRMC,122129.000,A,5328.5809,N,00124.4795,W,0.000,0.00,021212,,A*69
$GPGGA,122144.000,5328.5777,N,00124.4831,W,1,0,,92.0,M,,M,,*72
$GPRMC,122144.000,A,5328.5777,N,00124.4831,W,0.000,0.00,021212,,A*65
$GPGGA,122200.000,5328.5796,N,00124.4823,W,1,0,,92.0,M,,M,,*7D
$GPRMC,122200.000,A,5328.5796,N,00124.4823,W,0.000,0.00,021212,,A*6A
$GPGGA,122215.000,5328.5853,N,00124.4737,W,1,0,,92.0,M,,M,,*75
$GPRMC,122215.000,A,5328.5853,N,00124.4737,W,0.000,0.00,021212,,A*62
$GPGGA,122230.000,5328.5864,N,00124.4744,W,1,0,,93.0,M,,M,,*73
$GPRMC,122230.000,A,5328.5864,N,00124.4744,W,0.000,0.00,021212,,A*65
$GPGGA,122245.000,5328.5947,N,00124.4602,W,1,0,,94.0,M,,M,,*75
$GPRMC,122245.000,A,5328.5947,N,00124.4602,W,0.000,0.00,021212,,A*64
$GPGGA,122301.000,5328.5844,N,00124.4712,W,1,0,,93.0,M,,M,,*71
$GPRMC,122301.000,A,5328.5844,N,00124.4712,W,0.000,0.00,021212,,A*67
$GPGGA,122316.000,5328.5704,N,00124.4983,W,1,0,,93.0,M,,M,,*7A
$GPRMC,122316.000,A,5328.5704,N,00124.4983,W,0.000,0.00,021212,,A*6C
$GPGGA,122331.000,5328.5805,N,00124.4787,W,1,0,,93.0,M,,M,,*7B
$GPRMC,122331.000,A,5328.5805,N,00124.4787,W,0.000,0.00,021212,,A*6D
$GPGGA,122346.000,5328.5757,N,00124.4861,W,1,0,,94.0,M,,M,,*73
$GPRMC,122346.000,A,5328.5757,N,00124.4861,W,0.000,0.00,021212,,A*62
$GPGGA,122402.000,5328.5752,N,00124.4906,W,1,0,,94.0,M,,M,,*71
$GPRMC,122402.000,A,5328.5752,N,00124.4906,W,0.000,0.00,021212,,A*60
$GPGGA,122418.000,5328.5853,N,00124.4650,W,1,0,,94.0,M,,M,,*78
$GPRMC,122418.000,A,5328.5853,N,00124.4650,W,0.000,0.00,021212,,A*69
$GPGGA,122433.000,5328.5860,N,00124.4681,W,1,0,,95.0,M,,M,,*7C
$GPRMC,122433.000,A,5328.5860,N,00124.4681,W,0.000,0.00,021212,,A*6C
$GPGGA,122448.000,5328.5848,N,00124.4672,W,1,0,,94.0,M,,M,,*77
$GPRMC,122448.000,A,5328.5848,N,00124.4672,W,0.000,0.00,021212,,A*66
$GPGGA,122503.000,5328.5830,N,00124.4696,W,1,0,,94.0,M,,M,,*7C
$GPRMC,122503.000,A,5328.5830,N,00124.4696,W,0.000,0.00,021212,,A*6D
$GPGGA,122518.000,5328.5851,N,00124.4708,W,1,0,,95.0,M,,M,,*76
$GPRMC,122518.000,A,5328.5851,N,00124.4708,W,0.000,0.00,021212,,A*66
$GPGGA,122533.000,5328.5835,N,00124.4791,W,1,0,,95.0,M,,M,,*7D
$GPRMC,122533.000,A,5328.5835,N,00124.4791,W,0.000,0.00,021212,,A*6D
$GPGGA,122550.000,5328.5855,N,00124.4745,W,1,0,,95.0,M,,M,,*77
$GPRMC,122550.000,A,5328.5855,N,00124.4745,W,0.000,0.00,021212,,A*67
$GPGGA,122605.000,5328.5887,N,00124.4644,W,1,0,,95.0,M,,M,,*7B
$GPRMC,122605.000,A,5328.5887,N,00124.4644,W,0.000,0.00,021212,,A*6B
$GPGGA,122621.000,5328.5889,N,00124.4707,W,1,0,,95.0,M,,M,,*75
$GPRMC,122621.000,A,5328.5889,N,00124.4707,W,0.000,0.00,021212,,A*65
$GPGGA,122636.000,5328.5885,N,00124.4709,W,1,0,,95.0,M,,M,,*71
$GPRMC,122636.000,A,5328.5885,N,00124.4709,W,0.000,0.00,021212,,A*61
$GPGGA,122652.000,5328.5887,N,00124.4741,W,1,0,,95.0,M,,M,,*7D
$GPRMC,122652.000,A,5328.5887,N,00124.4741,W,0.000,0.00,021212,,A*6D
$GPGGA,122707.000,5328.5963,N,00124.4741,W,1,0,,95.0,M,,M,,*77
$GPRMC,122707.000,A,5328.5963,N,00124.4741,W,0.000,0.00,021212,,A*67
$GPGGA,122722.000,5328.6091,N,00124.4715,W,1,0,,95.0,M,,M,,*76
$GPRMC,122722.000,A,5328.6091,N,00124.4715,W,0.000,0.00,021212,,A*66
$GPGGA,122737.000,5328.6166,N,00124.4794,W,1,0,,95.0,M,,M,,*72
$GPRMC,122737.000,A,5328.6166,N,00124.4794,W,0.000,0.00,021212,,A*62
$GPGGA,122753.000,5328.6281,N,00124.4905,W,1,0,,95.0,M,,M,,*7C
$GPRMC,122753.000,A,5328.6281,N,00124.4905,W,0.000,0.00,021212,,A*6C
$GPGGA,122808.000,5328.6205,N,00124.5145,W,1,0,,95.0,M,,M,,*7C
$GPRMC,122808.000,A,5328.6205,N,00124.5145,W,0.000,0.00,021212,,A*6C
$GPGGA,122823.000,5328.6308,N,00124.5198,W,1,0,,95.0,M,,M,,*79
$GPRMC,122823.000,A,5328.6308,N,00124.5198,W,0.000,0.00,021212,,A*69
$GPGGA,122839.000,5328.6372,N,00124.5430,W,1,0,,95.0,M,,M,,*78
$GPRMC,122839.000,A,5328.6372,N,00124.5430,W,0.000,0.00,021212,,A*68
$GPGGA,122854.000,5328.6411,N,00124.5456,W,1,0,,95.0,M,,M,,*71
$GPRMC,122854.000,A,5328.6411,N,00124.5456,W,0.000,0.00,021212,,A*61
$GPGGA,122909.000,5328.6505,N,00124.5531,W,1,0,,95.0,M,,M,,*7C
$GPRMC,122909.000,A,5328.6505,N,00124.5531,W,0.000,0.00,021212,,A*6C
$GPGGA,122924.000,5328.6558,N,00124.5618,W,1,0,,95.0,M,,M,,*73
$GPRMC,122924.000,A,5328.6558,N,00124.5618,W,0.000,0.00,021212,,A*63
$GPGGA,122941.000,5328.6677,N,00124.5705,W,1,0,,95.0,M,,M,,*73
$GPRMC,122941.000,A,5328.6677,N,00124.5705,W,0.000,0.00,021212,,A*63
$GPGGA,122957.000,5328.6768,N,00124.5858,W,1,0,,95.0,M,,M,,*7C
$GPRMC,122957.000,A,5328.6768,N,00124.5858,W,0.000,0.00,021212,,A*6C
$GPGGA,123012.000,5328.6761,N,00124.6008,W,1,0,,95.0,M,,M,,*72
$GPRMC,123012.000,A,5328.6761,N,00124.6008,W,0.000,0.00,021212,,A*62
$GPGGA,123027.000,5328.6771,N,00124.6239,W,1,0,,95.0,M,,M,,*75
$GPRMC,123027.000,A,5328.6771,N,00124.6239,W,0.000,0.00,021212,,A*65
$GPGGA,123043.000,5328.6745,N,00124.6393,W,1,0,,95.0,M,,M,,*71
$GPRMC,123043.000,A,5328.6745,N,00124.6393,W,0.000,0.00,021212,,A*61
$GPGGA,123058.000,5328.6777,N,00124.6467,W,1,0,,95.0,M,,M,,*76
$GPRMC,123058.000,A,5328.6777,N,00124.6467,W,0.000,0.00,021212,,A*66
$GPGGA,123113.000,5328.6702,N,00124.6689,W,1,0,,95.0,M,,M,,*78
$GPRMC,123113.000,A,5328.6702,N,00124.6689,W,0.000,0.00,021212,,A*68
$GPGGA,123128.000,5328.6592,N,00124.6954,W,1,0,,95.0,M,,M,,*74
$GPRMC,123128.000,A,5328.6592,N,00124.6954,W,0.000,0.00,021212,,A*64
$GPGGA,123144.000,5328.6544,N,00124.7105,W,1,0,,95.0,M,,M,,*78
$GPRMC,123144.000,A,5328.6544,N,00124.7105,W,0.000,0.00,021212,,A*68
$GPGGA,123159.000,5328.6491,N,00124.7258,W,1,0,,95.0,M,,M,,*76
$GPRMC,123159.000,A,5328.6491,N,00124.7258,W,0.000,0.00,021212,,A*66
$GPGGA,123215.000,5328.6462,N,00124.7422,W,1,0,,95.0,M,,M,,*7A
$GPRMC,123215.000,A,5328.6462,N,00124.7422,W,0.000,0.00,021212,,A*6A
$GPGGA,123230.000,5328.6427,N,00124.7578,W,1,0,,95.0,M,,M,,*72
$GPRMC,123230.000,A,5328.6427,N,00124.7578,W,0.000,0.00,021212,,A*62
$GPGGA,123245.000,5328.6384,N,00124.7757,W,1,0,,95.0,M,,M,,*71
$GPRMC,123245.000,A,5328.6384,N,00124.7757,W,0.000,0.00,021212,,A*61
$GPGGA,123301.000,5328.6333,N,00124.7956,W,1,0,,95.0,M,,M,,*73
$GPRMC,123301.000,A,5328.6333,N,00124.7956,W,0.000,0.00,021212,,A*63
$GPGGA,123316.000,5328.6308,N,00124.8089,W,1,0,,95.0,M,,M,,*79
$GPRMC,123316.000,A,5328.6308,N,00124.8089,W,0.000,0.00,021212,,A*69
$GPGGA,123331.000,5328.6233,N,00124.8268,W,1,0,,95.0,M,,M,,*78
$GPRMC,123331.000,A,5328.6233,N,00124.8268,W,0.000,0.00,021212,,A*68
$GPGGA,123346.000,5328.6166,N,00124.8491,W,1,0,,95.0,M,,M,,*7B
$GPRMC,123346.000,A,5328.6166,N,00124.8491,W,0.000,0.00,021212,,A*6B
$GPGGA,123401.000,5328.6121,N,00124.8546,W,1,0,,95.0,M,,M,,*77
$GPRMC,123401.000,A,5328.6121,N,00124.8546,W,0.000,0.00,021212,,A*67
$GPGGA,123417.000,5328.6052,N,00124.8560,W,1,0,,95.0,M,,M,,*71
$GPRMC,123417.000,A,5328.6052,N,00124.8560,W,0.000,0.00,021212,,A*61
$GPGGA,123433.000,5328.5947,N,00124.8612,W,1,0,,95.0,M,,M,,*7F
$GPRMC,123433.000,A,5328.5947,N,00124.8612,W,0.000,0.00,021212,,A*6F
$GPGGA,123448.000,5328.5835,N,00124.8618,W,1,0,,95.0,M,,M,,*7D
$GPRMC,123448.000,A,5328.5835,N,00124.8618,W,0.000,0.00,021212,,A*6D
$GPGGA,123515.000,5328.5693,N,00124.8791,W,1,0,,95.0,M,,M,,*76
$GPRMC,123515.000,A,5328.5693,N,00124.8791,W,0.000,0.00,021212,,A*66
$GPGGA,123532.000,5328.5505,N,00124.8888,W,1,0,,95.0,M,,M,,*78
$GPRMC,123532.000,A,5328.5505,N,00124.8888,W,0.000,0.00,021212,,A*68
$GPGGA,123547.000,5328.5358,N,00124.8899,W,1,0,,95.0,M,,M,,*74
$GPRMC,123547.000,A,5328.5358,N,00124.8899,W,0.000,0.00,021212,,A*64
$GPGGA,123602.000,5328.5255,N,00124.8906,W,1,0,,95.0,M,,M,,*7D
$GPRMC,123602.000,A,5328.5255,N,00124.8906,W,0.000,0.00,021212,,A*6D
$GPGGA,123617.000,5328.5132,N,00124.8914,W,1,0,,95.0,M,,M,,*78
$GPRMC,123617.000,A,5328.5132,N,00124.8914,W,0.000,0.00,021212,,A*68
$GPGGA,123632.000,5328.5088,N,00124.8954,W,1,0,,95.0,M,,M,,*7B
$GPRMC,123632.000,A,5328.5088,N,00124.8954,W,0.000,0.00,021212,,A*6B
$GPGGA,123648.000,5328.4919,N,00124.8952,W,1,0,,95.0,M,,M,,*70
$GPRMC,123648.000,A,5328.4919,N,00124.8952,W,0.000,0.00,021212,,A*60
$GPGGA,123703.000,5328.4830,N,00124.8981,W,1,0,,95.0,M,,M,,*7A
$GPRMC,123703.000,A,5328.4830,N,00124.8981,W,0.000,0.00,021212,,A*6A
$GPGGA,123719.000,5328.4720,N,00124.9004,W,1,0,,95.0,M,,M,,*7A
$GPRMC,123719.000,A,5328.4720,N,00124.9004,W,0.000,0.00,021212,,A*6A
$GPGGA,123735.000,5328.4528,N,00124.8965,W,1,0,,95.0,M,,M,,*71
$GPRMC,123735.000,A,5328.4528,N,00124.8965,W,0.000,0.00,021212,,A*61
$GPGGA,123750.000,5328.4445,N,00124.9000,W,1,0,,95.0,M,,M,,*73
$GPRMC,123750.000,A,5328.4445,N,00124.9000,W,0.000,0.00,021212,,A*63
$GPGGA,123806.000,5328.4331,N,00124.9007,W,1,0,,95.0,M,,M,,*7C
$GPRMC,123806.000,A,5328.4331,N,00124.9007,W,0.000,0.00,021212,,A*6C
$GPGGA,123821.000,5328.4294,N,00124.9009,W,1,0,,95.0,M,,M,,*79
$GPRMC,123821.000,A,5328.4294,N,00124.9009,W,0.000,0.00,021212,,A*69
$GPGGA,123836.000,5328.4138,N,00124.9055,W,1,0,,95.0,M,,M,,*73
$GPRMC,123836.000,A,5328.4138,N,00124.9055,W,0.000,0.00,021212,,A*63
$GPGGA,123852.000,5328.3976,N,00124.9052,W,1,0,,95.0,M,,M,,*73
$GPRMC,123852.000,A,5328.3976,N,00124.9052,W,0.000,0.00,021212,,A*63
$GPGGA,123907.000,5328.3919,N,00124.9108,W,1,0,,95.0,M,,M,,*75
$GPRMC,123907.000,A,5328.3919,N,00124.9108,W,0.000,0.00,021212,,A*65
$GPGGA,123922.000,5328.3880,N,00124.9051,W,1,0,,95.0,M,,M,,*7E
$GPRMC,123922.000,A,5328.3880,N,00124.9051,W,0.000,0.00,021212,,A*6E
$GPGGA,123937.000,5328.3905,N,00124.9071,W,1,0,,95.0,M,,M,,*74
$GPRMC,123937.000,A,5328.3905,N,00124.9071,W,0.000,0.00,021212,,A*64
$GPGGA,123952.000,5328.3896,N,00124.9076,W,1,0,,96.0,M,,M,,*78
$GPRMC,123952.000,A,5328.3896,N,00124.9076,W,0.000,0.00,021212,,A*6B
$GPGGA,124007.000,5328.3903,N,00124.9138,W,1,0,,96.0,M,,M,,*70
$GPRMC,124007.000,A,5328.3903,N,00124.9138,W,0.000,0.00,021212,,A*63
$GPGGA,124023.000,5328.3907,N,00124.9125,W,1,0,,96.0,M,,M,,*7E
$GPRMC,124023.000,A,5328.3907,N,00124.9125,W,0.000,0.00,021212,,A*6D
$GPGGA,124039.000,5328.3900,N,00124.9119,W,1,0,,96.0,M,,M,,*7D
$GPRMC,124039.000,A,5328.3900,N,00124.9119,W,0.000,0.00,021212,,A*6E
$GPGGA,124054.000,5328.3866,N,00124.9067,W,1,0,,96.0,M,,M,,*7F
$GPRMC,124054.000,A,5328.3866,N,00124.9067,W,0.000,0.00,021212,,A*6C
$GPGGA,124109.000,5328.3887,N,00124.9064,W,1,0,,96.0,M,,M,,*7A
$GPRMC,124109.000,A,5328.3887,N,00124.9064,W,0.000,0.00,021212,,A*69
$GPGGA,124124.000,5328.3848,N,00124.9013,W,1,0,,96.0,M,,M,,*76
$GPRMC,124124.000,A,5328.3848,N,00124.9013,W,0.000,0.00,021212,,A*65
$GPGGA,124140.000,5328.3781,N,00124.8973,W,1,0,,96.0,M,,M,,*70
$GPRMC,124140.000,A,5328.3781,N,00124.8973,W,0.000,0.00,021212,,A*63
$GPGGA,124155.000,5328.3678,N,00124.8861,W,1,0,,96.0,M,,M,,*71
$GPRMC,124155.000,A,5328.3678,N,00124.8861,W,0.000,0.00,021212,,A*62
$GPGGA,124210.000,5328.3614,N,00124.8731,W,1,0,,96.0,M,,M,,*73
$GPRMC,124210.000,A,5328.3614,N,00124.8731,W,0.000,0.00,021212,,A*60
$GPGGA,124226.000,5328.3523,N,00124.8597,W,1,0,,96.0,M,,M,,*7F
$GPRMC,124226.000,A,5328.3523,N,00124.8597,W,0.000,0.00,021212,,A*6C
$GPGGA,124241.000,5328.3427,N,00124.8476,W,1,0,,96.0,M,,M,,*75
$GPRMC,124241.000,A,5328.3427,N,00124.8476,W,0.000,0.00,021212,,A*66
$GPGGA,124256.000,5328.3342,N,00124.8361,W,1,0,,96.0,M,,M,,*76
$GPRMC,124256.000,A,5328.3342,N,00124.8361,W,0.000,0.00,021212,,A*65
$GPGGA,124312.000,5328.3228,N,00124.8223,W,1,0,,96.0,M,,M,,*7D
$GPRMC,124312.000,A,5328.3228,N,00124.8223,W,0.000,0.00,021212,,A*6E
$GPGGA,124327.000,5328.3184,N,00124.8151,W,1,0,,96.0,M,,M,,*78
$GPRMC,124327.000,A,5328.3184,N,00124.8151,W,0.000,0.00,021212,,A*6B
$GPGGA,124342.000,5328.3072,N,00124.8046,W,1,0,,96.0,M,,M,,*74
$GPRMC,124342.000,A,5328.3072,N,00124.8046,W,0.000,0.00,021212,,A*67
$GPGGA,124357.000,5328.2983,N,00124.7897,W,1,0,,96.0,M,,M,,*7D
$GPRMC,124357.000,A,5328.2983,N,00124.7897,W,0.000,0.00,021212,,A*6E
$GPGGA,124413.000,5328.2909,N,00124.7798,W,1,0,,96.0,M,,M,,*78
$GPRMC,124413.000,A,5328.2909,N,00124.7798,W,0.000,0.00,021212,,A*6B
$GPGGA,124428.000,5328.2836,N,00124.7701,W,1,0,,96.0,M,,M,,*7D
$GPRMC,124428.000,A,5328.2836,N,00124.7701,W,0.000,0.00,021212,,A*6E
$GPGGA,124443.000,5328.2729,N,00124.7557,W,1,0,,96.0,M,,M,,*70
$GPRMC,124443.000,A,5328.2729,N,00124.7557,W,0.000,0.00,021212,,A*63
$GPGGA,124459.000,5328.2642,N,00124.7444,W,1,0,,96.0,M,,M,,*74
$GPRMC,124459.000,A,5328.2642,N,00124.7444,W,0.000,0.00,021212,,A*67
$GPGGA,124514.000,5328.2545,N,00124.7362,W,1,0,,97.0,M,,M,,*7A
$GPRMC,124514.000,A,5328.2545,N,00124.7362,W,0.000,0.00,021212,,A*68
$GPGGA,124529.000,5328.2475,N,00124.7261,W,1,0,,97.0,M,,M,,*74
$GPRMC,124529.000,A,5328.2475,N,00124.7261,W,0.000,0.00,021212,,A*66
$GPGGA,124545.000,5328.2399,N,00124.7128,W,1,0,,97.0,M,,M,,*75
$GPRMC,124545.000,A,5328.2399,N,00124.7128,W,0.000,0.00,021212,,A*67
$GPGGA,124600.000,5328.2312,N,00124.7037,W,1,0,,97.0,M,,M,,*7B
$GPRMC,124600.000,A,5328.2312,N,00124.7037,W,0.000,0.00,021212,,A*69
$GPGGA,124615.000,5328.2204,N,00124.6856,W,1,0,,97.0,M,,M,,*77
$GPRMC,124615.000,A,5328.2204,N,00124.6856,W,0.000,0.00,021212,,A*65
$GPGGA,124630.000,5328.2115,N,00124.6730,W,1,0,,97.0,M,,M,,*7C
$GPRMC,124630.000,A,5328.2115,N,00124.6730,W,0.000,0.00,021212,,A*6E
$GPGGA,124646.000,5328.2040,N,00124.6610,W,1,0,,96.0,M,,M,,*7E
$GPRMC,124646.000,A,5328.2040,N,00124.6610,W,0.000,0.00,021212,,A*6D
$GPGGA,124701.000,5328.1964,N,00124.6465,W,1,0,,96.0,M,,M,,*70
$GPRMC,124701.000,A,5328.1964,N,00124.6465,W,0.000,0.00,021212,,A*63
$GPGGA,124716.000,5328.1879,N,00124.6338,W,1,0,,96.0,M,,M,,*74
$GPRMC,124716.000,A,5328.1879,N,00124.6338,W,0.000,0.00,021212,,A*67
$GPGGA,124732.000,5328.1815,N,00124.6160,W,1,0,,96.0,M,,M,,*77
$GPRMC,124732.000,A,5328.1815,N,00124.6160,W,0.000,0.00,021212,,A*64
$GPGGA,124747.000,5328.1758,N,00124.6085,W,1,0,,96.0,M,,M,,*79
$GPRMC,124747.000,A,5328.1758,N,00124.6085,W,0.000,0.00,021212,,A*6A
$GPGGA,124802.000,5328.1685,N,00124.6047,W,1,0,,96.0,M,,M,,*78
$GPRMC,124802.000,A,5328.1685,N,00124.6047,W,0.000,0.00,021212,,A*6B
$GPGGA,124817.000,5328.1618,N,00124.6060,W,1,0,,97.0,M,,M,,*7C
$GPRMC,124817.000,A,5328.1618,N,00124.6060,W,0.000,0.00,021212,,A*6E
$GPGGA,124832.000,5328.1561,N,00124.6053,W,1,0,,96.0,M,,M,,*77
$GPRMC,124832.000,A,5328.1561,N,00124.6053,W,0.000,0.00,021212,,A*64
$GPGGA,124847.000,5328.1550,N,00124.6259,W,1,0,,96.0,M,,M,,*7F
$GPRMC,124847.000,A,5328.1550,N,00124.6259,W,0.000,0.00,021212,,A*6C
$GPGGA,124902.000,5328.1525,N,00124.6257,W,1,0,,96.0,M,,M,,*73
$GPRMC,124902.000,A,5328.1525,N,00124.6257,W,0.000,0.00,021212,,A*60
$GPGGA,124918.000,5328.1394,N,00124.6258,W,1,0,,96.0,M,,M,,*7B
$GPRMC,124918.000,A,5328.1394,N,00124.6258,W,0.000,0.00,021212,,A*68
$GPGGA,124934.000,5328.1316,N,00124.6248,W,1,0,,96.0,M,,M,,*7E
$GPRMC,124934.000,A,5328.1316,N,00124.6248,W,0.000,0.00,021212,,A*6D
$GPGGA,125002.000,5328.1126,N,00124.6218,W,1,0,,96.0,M,,M,,*77
$GPRMC,125002.000,A,5328.1126,N,00124.6218,W,0.000,0.00,021212,,A*64
$GPGGA,125017.000,5328.0998,N,00124.6142,W,1,0,,96.0,M,,M,,*73
$GPRMC,125017.000,A,5328.0998,N,00124.6142,W,0.000,0.00,021212,,A*60
$GPGGA,125032.000,5328.0923,N,00124.6075,W,1,0,,96.0,M,,M,,*71
$GPRMC,125032.000,A,5328.0923,N,00124.6075,W,0.000,0.00,021212,,A*62
$GPGGA,125047.000,5328.0861,N,00124.6061,W,1,0,,96.0,M,,M,,*71
$GPRMC,125047.000,A,5328.0861,N,00124.6061,W,0.000,0.00,021212,,A*62
$GPGGA,125102.000,5328.0795,N,00124.5999,W,1,0,,96.0,M,,M,,*78
$GPRMC,125102.000,A,5328.0795,N,00124.5999,W,0.000,0.00,021212,,A*6B
$GPGGA,125118.000,5328.0655,N,00124.5906,W,1,0,,96.0,M,,M,,*78
$GPRMC,125118.000,A,5328.0655,N,00124.5906,W,0.000,0.00,021212,,A*6B
$GPGGA,125133.000,5328.0609,N,00124.5905,W,1,0,,96.0,M,,M,,*7B
$GPRMC,125133.000,A,5328.0609,N,00124.5905,W,0.000,0.00,021212,,A*68
$GPGGA,125148.000,5328.0589,N,00124.5900,W,1,0,,95.0,M,,M,,*7A
$GPRMC,125148.000,A,5328.0589,N,00124.5900,W,0.000,0.00,021212,,A*6A
$GPGGA,125203.000,5328.0550,N,00124.5913,W,1,0,,95.0,M,,M,,*70
$GPRMC,125203.000,A,5328.0550,N,00124.5913,W,0.000,0.00,021212,,A*60
$GPGGA,125219.000,5328.0518,N,00124.5902,W,1,0,,95.0,M,,M,,*77
$GPRMC,125219.000,A,5328.0518,N,00124.5902,W,0.000,0.00,021212,,A*67
$GPGGA,125235.000,5328.0479,N,00124.6153,W,1,0,,95.0,M,,M,,*70
$GPRMC,125235.000,A,5328.0479,N,00124.6153,W,0.000,0.00,021212,,A*60
$GPGGA,125251.000,5328.0401,N,00124.6354,W,1,0,,95.0,M,,M,,*78
$GPRMC,125251.000,A,5328.0401,N,00124.6354,W,0.000,0.00,021212,,A*68
$GPGGA,125307.000,5328.0341,N,00124.6417,W,1,0,,95.0,M,,M,,*79
$GPRMC,125307.000,A,5328.0341,N,00124.6417,W,0.000,0.00,021212,,A*69
$GPGGA,125323.000,5328.0268,N,00124.6504,W,1,0,,95.0,M,,M,,*76
$GPRMC,125323.000,A,5328.0268,N,00124.6504,W,0.000,0.00,021212,,A*66
$GPGGA,125338.000,5328.0154,N,00124.6519,W,1,0,,95.0,M,,M,,*7C
$GPRMC,125338.000,A,5328.0154,N,00124.6519,W,0.000,0.00,021212,,A*6C
$GPGGA,125353.000,5328.0055,N,00124.6637,W,1,0,,95.0,M,,M,,*7E
$GPRMC,125353.000,A,5328.0055,N,00124.6637,W,0.000,0.00,021212,,A*6E
$GPGGA,125409.000,5328.0062,N,00124.6706,W,1,0,,94.0,M,,M,,*70
$GPRMC,125409.000,A,5328.0062,N,00124.6706,W,0.000,0.00,021212,,A*61
$GPGGA,125424.000,5328.0051,N,00124.6714,W,1,0,,94.0,M,,M,,*7C
$GPRMC,125424.000,A,5328.0051,N,00124.6714,W,0.000,0.00,021212,,A*6D
$GPGGA,125439.000,5328.0117,N,00124.6711,W,1,0,,93.0,M,,M,,*71
$GPRMC,125439.000,A,5328.0117,N,00124.6711,W,0.000,0.00,021212,,A*67
$GPGGA,125454.000,5328.0021,N,00124.6787,W,1,0,,93.0,M,,M,,*71
$GPRMC,125454.000,A,5328.0021,N,00124.6787,W,0.000,0.00,021212,,A*67
$GPGGA,125509.000,5327.9991,N,00124.6730,W,1,0,,94.0,M,,M,,*77
$GPRMC,125509.000,A,5327.9991,N,00124.6730,W,0.000,0.00,021212,,A*66
$GPGGA,125524.000,5327.9925,N,00124.6755,W,1,0,,94.0,M,,M,,*74
$GPRMC,125524.000,A,5327.9925,N,00124.6755,W,0.000,0.00,021212,,A*65
$GPGGA,125540.000,5327.9906,N,00124.6754,W,1,0,,94.0,M,,M,,*76
$GPRMC,125540.000,A,5327.9906,N,00124.6754,W,0.000,0.00,021212,,A*67
$GPGGA,125555.000,5327.9847,N,00124.6778,W,1,0,,94.0,M,,M,,*78
$GPRMC,125555.000,A,5327.9847,N,00124.6778,W,0.000,0.00,021212,,A*69
$GPGGA,125611.000,5327.9723,N,00124.6903,W,1,0,,94.0,M,,M,,*74
$GPRMC,125611.000,A,5327.9723,N,00124.6903,W,0.000,0.00,021212,,A*65
$GPGGA,125627.000,5327.9625,N,00124.6875,W,1,0,,94.0,M,,M,,*76
$GPRMC,125627.000,A,5327.9625,N,00124.6875,W,0.000,0.00,021212,,A*67
$GPGGA,125642.000,5327.9561,N,00124.6961,W,1,0,,94.0,M,,M,,*72
$GPRMC,125642.000,A,5327.9561,N,00124.6961,W,0.000,0.00,021212,,A*63
$GPGGA,125658.000,5327.9398,N,00124.6970,W,1,0,,93.0,M,,M,,*7E
$GPRMC,125658.000,A,5327.9398,N,00124.6970,W,0.000,0.00,021212,,A*68
$GPGGA,125713.000,5327.9314,N,00124.6970,W,1,0,,93.0,M,,M,,*74
$GPRMC,125713.000,A,5327.9314,N,00124.6970,W,0.000,0.00,021212,,A*62
$GPGGA,125728.000,5327.9218,N,00124.6972,W,1,0,,92.0,M,,M,,*72
$GPRMC,125728.000,A,5327.9218,N,00124.6972,W,0.000,0.00,021212,,A*65
$GPGGA,125743.000,5327.9087,N,00124.6863,W,1,0,,92.0,M,,M,,*7A
$GPRMC,125743.000,A,5327.9087,N,00124.6863,W,0.000,0.00,021212,,A*6D
$GPGGA,125758.000,5327.8986,N,00124.6654,W,1,0,,92.0,M,,M,,*73
$GPRMC,125758.000,A,5327.8986,N,00124.6654,W,0.000,0.00,021212,,A*64
$GPGGA,125813.000,5327.8936,N,00124.6565,W,1,0,,92.0,M,,M,,*79
$GPRMC,125813.000,A,5327.8936,N,00124.6565,W,0.000,0.00,021212,,A*6E
$GPGGA,125828.000,5327.8867,N,00124.6407,W,1,0,,91.0,M,,M,,*72
$GPRMC,125828.000,A,5327.8867,N,00124.6407,W,0.000,0.00,021212,,A*66
$GPGGA,125844.000,5327.8835,N,00124.6301,W,1,0,,91.0,M,,M,,*7E
$GPRMC,125844.000,A,5327.8835,N,00124.6301,W,0.000,0.00,021212,,A*6A
$GPGGA,125859.000,5327.8744,N,00124.6158,W,1,0,,91.0,M,,M,,*75
$GPRMC,125859.000,A,5327.8744,N,00124.6158,W,0.000,0.00,021212,,A*61
$GPGGA,125914.000,5327.8677,N,00124.5989,W,1,0,,91.0,M,,M,,*7B
$GPRMC,125914.000,A,5327.8677,N,00124.5989,W,0.000,0.00,021212,,A*6F
$GPGGA,125929.000,5327.8590,N,00124.5948,W,1,0,,91.0,M,,M,,*72
$GPRMC,125929.000,A,5327.8590,N,00124.5948,W,0.000,0.00,021212,,A*66
$GPGGA,125945.000,5327.8556,N,00124.6094,W,1,0,,90.0,M,,M,,*78
$GPRMC,125945.000,A,5327.8556,N,00124.6094,W,0.000,0.00,021212,,A*6D
$GPGGA,130000.000,5327.8348,N,00124.6430,W,1,0,,89.0,M,,M,,*7F
$GPRMC,130000.000,A,5327.8348,N,00124.6430,W,0.000,0.00,021212,,A*62
$GPGGA,130016.000,5327.8396,N,00124.6418,W,1,0,,89.0,M,,M,,*71
$GPRMC,130016.000,A,5327.8396,N,00124.6418,W,0.000,0.00,021212,,A*6C
$GPGGA,130031.000,5327.8272,N,00124.6613,W,1,0,,89.0,M,,M,,*76
$GPRMC,130031.000,A,5327.8272,N,00124.6613,W,0.000,0.00,021212,,A*6B
$GPGGA,130046.000,5327.8240,N,00124.6691,W,1,0,,88.0,M,,M,,*7C
$GPRMC,130046.000,A,5327.8240,N,00124.6691,W,0.000,0.00,021212,,A*60
$GPGGA,130101.000,5327.8215,N,00124.6743,W,1,0,,88.0,M,,M,,*70
$GPRMC,130101.000,A,5327.8215,N,00124.6743,W,0.000,0.00,021212,,A*6C
$GPGGA,130116.000,5327.8112,N,00124.6878,W,1,0,,87.0,M,,M,,*7A
$GPRMC,130116.000,A,5327.8112,N,00124.6878,W,0.000,0.00,021212,,A*69
$GPGGA,130132.000,5327.8032,N,00124.6961,W,1,0,,87.0,M,,M,,*76
$GPRMC,130132.000,A,5327.8032,N,00124.6961,W,0.000,0.00,021212,,A*65
$GPGGA,130147.000,5327.7961,N,00124.7053,W,1,0,,86.0,M,,M,,*7C
$GPRMC,130147.000,A,5327.7961,N,00124.7053,W,0.000,0.00,021212,,A*6E
$GPGGA,130202.000,5327.7826,N,00124.7107,W,1,0,,86.0,M,,M,,*7C
$GPRMC,130202.000,A,5327.7826,N,00124.7107,W,0.000,0.00,021212,,A*6E
$GPGGA,130217.000,5327.7762,N,00124.7302,W,1,0,,86.0,M,,M,,*70
$GPRMC,130217.000,A,5327.7762,N,00124.7302,W,0.000,0.00,021212,,A*62
$GPGGA,130233.000,5327.7659,N,00124.7422,W,1,0,,85.0,M,,M,,*79
$GPRMC,130233.000,A,5327.7659,N,00124.7422,W,0.000,0.00,021212,,A*68
$GPGGA,130248.000,5327.7567,N,00124.7523,W,1,0,,84.0,M,,M,,*7A
$GPRMC,130248.000,A,5327.7567,N,00124.7523,W,0.000,0.00,021212,,A*6A
$GPGGA,130303.000,5327.7519,N,00124.7551,W,1,0,,84.0,M,,M,,*78
$GPRMC,130303.000,A,5327.7519,N,00124.7551,W,0.000,0.00,021212,,A*68
$GPGGA,130318.000,5327.7531,N,00124.7555,W,1,0,,84.0,M,,M,,*7C
$GPRMC,130318.000,A,5327.7531,N,00124.7555,W,0.000,0.00,021212,,A*6C
$GPGGA,130334.000,5327.7483,N,00124.7461,W,1,0,,84.0,M,,M,,*7C
$GPRMC,130334.000,A,5327.7483,N,00124.7461,W,0.000,0.00,021212,,A*6C
$GPGGA,130350.000,5327.7437,N,00124.7424,W,1,0,,84.0,M,,M,,*70
$GPRMC,130350.000,A,5327.7437,N,00124.7424,W,0.000,0.00,021212,,A*60
$GPGGA,130405.000,5327.7393,N,00124.7531,W,1,0,,84.0,M,,M,,*7B
$GPRMC,130405.000,A,5327.7393,N,00124.7531,W,0.000,0.00,021212,,A*6B
$GPGGA,130421.000,5327.7389,N,00124.7642,W,1,0,,83.0,M,,M,,*76
$GPRMC,130421.000,A,5327.7389,N,00124.7642,W,0.000,0.00,021212,,A*61
$GPGGA,130436.000,5327.7251,N,00124.7670,W,1,0,,83.0,M,,M,,*75
$GPRMC,130436.000,A,5327.7251,N,00124.7670,W,0.000,0.00,021212,,A*62
$GPGGA,130451.000,5327.7256,N,00124.7731,W,1,0,,83.0,M,,M,,*77
$GPRMC,130451.000,A,5327.7256,N,00124.7731,W,0.000,0.00,021212,,A*60
$GPGGA,130506.000,5327.7178,N,00124.8142,W,1,0,,83.0,M,,M,,*76
$GPRMC,130506.000,A,5327.7178,N,00124.8142,W,0.000,0.00,021212,,A*61
$GPGGA,130526.000,5327.7185,N,00124.8123,W,1,0,,83.0,M,,M,,*71
$GPRMC,130526.000,A,5327.7185,N,00124.8123,W,0.000,0.00,021212,,A*66
$GPGGA,130544.000,5327.7233,N,00124.8064,W,1,0,,83.0,M,,M,,*79
$GPRMC,130544.000,A,5327.7233,N,00124.8064,W,0.000,0.00,021212,,A*6E
$GPGGA,130559.000,5327.7222,N,00124.8073,W,1,0,,83.0,M,,M,,*73
$GPRMC,130559.000,A,5327.7222,N,00124.8073,W,0.000,0.00,021212,,A*64
$GPGGA,130627.000,5327.7180,N,00124.8175,W,1,0,,83.0,M,,M,,*75
$GPRMC,130627.000,A,5327.7180,N,00124.8175,W,0.000,0.00,021212,,A*62
$GPGGA,130642.000,5327.7167,N,00124.8288,W,1,0,,82.0,M,,M,,*7F
$GPRMC,130642.000,A,5327.7167,N,00124.8288,W,0.000,0.00,021212,,A*69
$GPGGA,130657.000,5327.7151,N,00124.8402,W,1,0,,82.0,M,,M,,*7A
$GPRMC,130657.000,A,5327.7151,N,00124.8402,W,0.000,0.00,021212,,A*6C
$GPGGA,130712.000,5327.7144,N,00124.8525,W,1,0,,82.0,M,,M,,*7A
$GPRMC,130712.000,A,5327.7144,N,00124.8525,W,0.000,0.00,021212,,A*6C
$GPGGA,130727.000,5327.7144,N,00124.8680,W,1,0,,82.0,M,,M,,*70
$GPRMC,130727.000,A,5327.7144,N,00124.8680,W,0.000,0.00,021212,,A*66
$GPGGA,130744.000,5327.7194,N,00124.8957,W,1,0,,81.0,M,,M,,*7E
$GPRMC,130744.000,A,5327.7194,N,00124.8957,W,0.000,0.00,021212,,A*6B
$GPGGA,130759.000,5327.7201,N,00124.9083,W,1,0,,81.0,M,,M,,*7C
$GPRMC,130759.000,A,5327.7201,N,00124.9083,W,0.000,0.00,021212,,A*69
$GPGGA,130814.000,5327.7194,N,00124.9156,W,1,0,,81.0,M,,M,,*7C
$GPRMC,130814.000,A,5327.7194,N,00124.9156,W,0.000,0.00,021212,,A*69
$GPGGA,130829.000,5327.7199,N,00124.9186,W,1,0,,81.0,M,,M,,*72
$GPRMC,130829.000,A,5327.7199,N,00124.9186,W,0.000,0.00,021212,,A*67
$GPGGA,130844.000,5327.7192,N,00124.9188,W,1,0,,81.0,M,,M,,*7C
$GPRMC,130844.000,A,5327.7192,N,00124.9188,W,0.000,0.00,021212,,A*69
$GPGGA,130859.000,5327.7206,N,00124.9202,W,1,0,,81.0,M,,M,,*7F
$GPRMC,130859.000,A,5327.7206,N,00124.9202,W,0.000,0.00,021212,,A*6A
$GPGGA,130914.000,5327.7162,N,00124.9248,W,1,0,,81.0,M,,M,,*78
$GPRMC,130914.000,A,5327.7162,N,00124.9248,W,0.000,0.00,021212,,A*6D
$GPGGA,130930.000,5327.7119,N,00124.9385,W,1,0,,81.0,M,,M,,*72
$GPRMC,130930.000,A,5327.7119,N,00124.9385,W,0.000,0.00,021212,,A*67
$GPGGA,130945.000,5327.7068,N,00124.9471,W,1,0,,81.0,M,,M,,*7B
$GPRMC,130945.000,A,5327.7068,N,00124.9471,W,0.000,0.00,021212,,A*6E
$GPGGA,131001.000,5327.6984,N,00124.9637,W,1,0,,81.0,M,,M,,*79
$GPRMC,131001.000,A,5327.6984,N,00124.9637,W,0.000,0.00,021212,,A*6C
$GPGGA,131016.000,5327.6942,N,00124.9766,W,1,0,,81.0,M,,M,,*70
$GPRMC,131016.000,A,5327.6942,N,00124.9766,W,0.000,0.00,021212,,A*65
$GPGGA,131031.000,5327.6867,N,00124.9850,W,1,0,,81.0,M,,M,,*79
$GPRMC,131031.000,A,5327.6867,N,00124.9850,W,0.000,0.00,021212,,A*6C
$GPGGA,131046.000,5327.6826,N,00124.9936,W,1,0,,81.0,M,,M,,*7D
$GPRMC,131046.000,A,5327.6826,N,00124.9936,W,0.000,0.00,021212,,A*68
$GPGGA,131101.000,5327.6698,N,00124.9941,W,1,0,,81.0,M,,M,,*74
$GPRMC,131101.000,A,5327.6698,N,00124.9941,W,0.000,0.00,021212,,A*61
$GPGGA,131116.000,5327.6652,N,00125.0096,W,1,0,,81.0,M,,M,,*7F
$GPRMC,131116.000,A,5327.6652,N,00125.0096,W,0.000,0.00,021212,,A*6A
$GPGGA,131132.000,5327.6551,N,00125.0072,W,1,0,,80.0,M,,M,,*72
$GPRMC,131132.000,A,5327.6551,N,00125.0072,W,0.000,0.00,021212,,A*66
$GPGGA,131226.000,5327.6295,N,00125.0254,W,1,0,,68.0,M,,M,,*7B
$GPRMC,131226.000,A,5327.6295,N,00125.0254,W,0.000,0.00,021212,,A*69
$GPGGA,131241.000,5327.6215,N,00125.0233,W,1,0,,68.0,M,,M,,*73
$GPRMC,131241.000,A,5327.6215,N,00125.0233,W,0.000,0.00,021212,,A*61
$GPGGA,131256.000,5327.6164,N,00125.0271,W,1,0,,68.0,M,,M,,*76
$GPRMC,131256.000,A,5327.6164,N,00125.0271,W,0.000,0.00,021212,,A*64
$GPGGA,131311.000,5327.6157,N,00125.0284,W,1,0,,68.0,M,,M,,*7E
$GPRMC,131311.000,A,5327.6157,N,00125.0284,W,0.000,0.00,021212,,A*6C
$GPGGA,131327.000,5327.6068,N,00125.0357,W,1,0,,68.0,M,,M,,*79
$GPRMC,131327.000,A,5327.6068,N,00125.0357,W,0.000,0.00,021212,,A*6B
$GPGGA,131342.000,5327.5977,N,00125.0470,W,1,0,,68.0,M,,M,,*7C
$GPRMC,131342.000,A,5327.5977,N,00125.0470,W,0.000,0.00,021212,,A*6E
$GPGGA,131357.000,5327.5878,N,00125.0516,W,1,0,,68.0,M,,M,,*77
$GPRMC,131357.000,A,5327.5878,N,00125.0516,W,0.000,0.00,021212,,A*65
$GPGGA,131412.000,5327.5773,N,00125.0569,W,1,0,,68.0,M,,M,,*7D
$GPRMC,131412.000,A,5327.5773,N,00125.0569,W,0.000,0.00,021212,,A*6F
$GPGGA,131427.000,5327.5638,N,00125.0597,W,1,0,,68.0,M,,M,,*74
$GPRMC,131427.000,A,5327.5638,N,00125.0597,W,0.000,0.00,021212,,A*66
$GPGGA,131443.000,5327.5661,N,00125.0589,W,1,0,,68.0,M,,M,,*75
$GPRMC,131443.000,A,5327.5661,N,00125.0589,W,0.000,0.00,021212,,A*67
$GPGGA,131458.000,5327.5622,N,00125.0604,W,1,0,,68.0,M,,M,,*7E
$GPRMC,131458.000,A,5327.5622,N,00125.0604,W,0.000,0.00,021212,,A*6C
$GPGGA,131513.000,5327.5587,N,00125.0577,W,1,0,,68.0,M,,M,,*7B
$GPRMC,131513.000,A,5327.5587,N,00125.0577,W,0.000,0.00,021212,,A*69
$GPGGA,131528.000,5327.5500,N,00125.0502,W,1,0,,68.0,M,,M,,*7E
$GPRMC,131528.000,A,5327.5500,N,00125.0502,W,0.000,0.00,021212,,A*6C
$GPGGA,131544.000,5327.5455,N,00125.0334,W,1,0,,68.0,M,,M,,*76
$GPRMC,131544.000,A,5327.5455,N,00125.0334,W,0.000,0.00,021212,,A*64
$GPGGA,131600.000,5327.5418,N,00125.0161,W,1,0,,68.0,M,,M,,*7E
$GPRMC,131600.000,A,5327.5418,N,00125.0161,W,0.000,0.00,021212,,A*6C
$GPGGA,131615.000,5327.5384,N,00125.0057,W,1,0,,68.0,M,,M,,*7C
$GPRMC,131615.000,A,5327.5384,N,00125.0057,W,0.000,0.00,021212,,A*6E
$GPGGA,131630.000,5327.5272,N,00124.9919,W,1,0,,68.0,M,,M,,*78
$GPRMC,131630.000,A,5327.5272,N,00124.9919,W,0.000,0.00,021212,,A*6A
$GPGGA,131646.000,5327.5203,N,00124.9609,W,1,0,,68.0,M,,M,,*71
$GPRMC,131646.000,A,5327.5203,N,00124.9609,W,0.000,0.00,021212,,A*63
$GPGGA,131701.000,5327.5137,N,00124.9599,W,1,0,,68.0,M,,M,,*7D
$GPRMC,131701.000,A,5327.5137,N,00124.9599,W,0.000,0.00,021212,,A*6F
$GPGGA,131729.000,5327.4976,N,00124.9446,W,1,0,,68.0,M,,M,,*78
$GPRMC,131729.000,A,5327.4976,N,00124.9446,W,0.000,0.00,021212,,A*6A
$GPGGA,131745.000,5327.4899,N,00124.9412,W,1,0,,68.0,M,,M,,*73
$GPRMC,131745.000,A,5327.4899,N,00124.9412,W,0.000,0.00,021212,,A*61
$GPGGA,131800.000,5327.4798,N,00124.9321,W,1,0,,68.0,M,,M,,*74
$GPRMC,131800.000,A,5327.4798,N,00124.9321,W,0.000,0.00,021212,,A*66
$GPGGA,131815.000,5327.4683,N,00124.9389,W,1,0,,69.0,M,,M,,*78
$GPRMC,131815.000,A,5327.4683,N,00124.9389,W,0.000,0.00,021212,,A*6B
$GPGGA,131830.000,5327.4557,N,00124.9396,W,1,0,,69.0,M,,M,,*7B
$GPRMC,131830.000,A,5327.4557,N,00124.9396,W,0.000,0.00,021212,,A*68
$GPGGA,131846.000,5327.4429,N,00124.9297,W,1,0,,69.0,M,,M,,*72
$GPRMC,131846.000,A,5327.4429,N,00124.9297,W,0.000,0.00,021212,,A*61
$GPGGA,131901.000,5327.4317,N,00124.9250,W,1,0,,69.0,M,,M,,*71
$GPRMC,131901.000,A,5327.4317,N,00124.9250,W,0.000,0.00,021212,,A*62
$GPGGA,131916.000,5327.4210,N,00124.9176,W,1,0,,69.0,M,,M,,*76
$GPRMC,131916.000,A,5327.4210,N,00124.9176,W,0.000,0.00,021212,,A*65
$GPGGA,131932.000,5327.4102,N,00124.9068,W,1,0,,69.0,M,,M,,*7E
$GPRMC,131932.000,A,5327.4102,N,00124.9068,W,0.000,0.00,021212,,A*6D
$GPGGA,131947.000,5327.4001,N,00124.9042,W,1,0,,69.0,M,,M,,*76
$GPRMC,131947.000,A,5327.4001,N,00124.9042,W,0.000,0.00,021212,,A*65
$GPGGA,132002.000,5327.3889,N,00124.9035,W,1,0,,69.0,M,,M,,*72
$GPRMC,132002.000,A,5327.3889,N,00124.9035,W,0.000,0.00,021212,,A*61
$GPGGA,132017.000,5327.3775,N,00124.9011,W,1,0,,69.0,M,,M,,*7C
$GPRMC,132017.000,A,5327.3775,N,00124.9011,W,0.000,0.00,021212,,A*6F
$GPGGA,132032.000,5327.3692,N,00124.9036,W,1,0,,69.0,M,,M,,*76
$GPRMC,132032.000,A,5327.3692,N,00124.9036,W,0.000,0.00,021212,,A*65
$GPGGA,132047.000,5327.3576,N,00124.9046,W,1,0,,69.0,M,,M,,*7A
$GPRMC,132047.000,A,5327.3576,N,00124.9046,W,0.000,0.00,021212,,A*69
$GPGGA,132105.000,5327.3381,N,00124.9013,W,1,0,,70.0,M,,M,,*7B
$GPRMC,132105.000,A,5327.3381,N,00124.9013,W,0.000,0.00,021212,,A*60
$GPGGA,132121.000,5327.3294,N,00124.9043,W,1,0,,70.0,M,,M,,*7D
$GPRMC,132121.000,A,5327.3294,N,00124.9043,W,0.000,0.00,021212,,A*66
$GPGGA,132136.000,5327.3193,N,00124.9072,W,1,0,,70.0,M,,M,,*7D
$GPRMC,132136.000,A,5327.3193,N,00124.9072,W,0.000,0.00,021212,,A*66
$GPGGA,132152.000,5327.3081,N,00124.9191,W,1,0,,70.0,M,,M,,*71
$GPRMC,132152.000,A,5327.3081,N,00124.9191,W,0.000,0.00,021212,,A*6A
$GPGGA,132207.000,5327.3042,N,00124.9125,W,1,0,,70.0,M,,M,,*72
$GPRMC,132207.000,A,5327.3042,N,00124.9125,W,0.000,0.00,021212,,A*69
$GPGGA,132222.000,5327.2976,N,00124.9062,W,1,0,,70.0,M,,M,,*78
$GPRMC,132222.000,A,5327.2976,N,00124.9062,W,0.000,0.00,021212,,A*63
$GPGGA,132237.000,5327.2900,N,00124.8982,W,1,0,,70.0,M,,M,,*7B
$GPRMC,132237.000,A,5327.2900,N,00124.8982,W,0.000,0.00,021212,,A*60
$GPGGA,132252.000,5327.2807,N,00124.8870,W,1,0,,70.0,M,,M,,*72
$GPRMC,132252.000,A,5327.2807,N,00124.8870,W,0.000,0.00,021212,,A*69
$GPGGA,132308.000,5327.2726,N,00124.8779,W,1,0,,70.0,M,,M,,*76
$GPRMC,132308.000,A,5327.2726,N,00124.8779,W,0.000,0.00,021212,,A*6D
$GPGGA,132323.000,5327.2619,N,00124.8645,W,1,0,,70.0,M,,M,,*7C
$GPRMC,132323.000,A,5327.2619,N,00124.8645,W,0.000,0.00,021212,,A*67
$GPGGA,132351.000,5327.2468,N,00124.8450,W,1,0,,70.0,M,,M,,*7B
$GPRMC,132351.000,A,5327.2468,N,00124.8450,W,0.000,0.00,021212,,A*60
$GPGGA,132408.000,5327.2381,N,00124.8221,W,1,0,,70.0,M,,M,,*70
$GPRMC,132408.000,A,5327.2381,N,00124.8221,W,0.000,0.00,021212,,A*6B
$GPGGA,132424.000,5327.2349,N,00124.7976,W,1,0,,70.0,M,,M,,*7C
$GPRMC,132424.000,A,5327.2349,N,00124.7976,W,0.000,0.00,021212,,A*67
$GPGGA,132439.000,5327.2216,N,00124.8072,W,1,0,,70.0,M,,M,,*79
$GPRMC,132439.000,A,5327.2216,N,00124.8072,W,0.000,0.00,021212,,A*62
$GPGGA,132455.000,5327.2115,N,00124.7967,W,1,0,,70.0,M,,M,,*71
$GPRMC,132455.000,A,5327.2115,N,00124.7967,W,0.000,0.00,021212,,A*6A
$GPGGA,132510.000,5327.2021,N,00124.7936,W,1,0,,70.0,M,,M,,*73
$GPRMC,132510.000,A,5327.2021,N,00124.7936,W,0.000,0.00,021212,,A*68
$GPGGA,132525.000,5327.1884,N,00124.7816,W,1,0,,70.0,M,,M,,*72
$GPRMC,132525.000,A,5327.1884,N,00124.7816,W,0.000,0.00,021212,,A*69
$GPGGA,132540.000,5327.1790,N,00124.7548,W,1,0,,70.0,M,,M,,*7D
$GPRMC,132540.000,A,5327.1790,N,00124.7548,W,0.000,0.00,021212,,A*66
$GPGGA,132556.000,5327.1692,N,00124.7634,W,1,0,,70.0,M,,M,,*71
$GPRMC,132556.000,A,5327.1692,N,00124.7634,W,0.000,0.00,021212,,A*6A
$GPGGA,132611.000,5327.1550,N,00124.7426,W,1,0,,70.0,M,,M,,*7D
$GPRMC,132611.000,A,5327.1550,N,00124.7426,W,0.000,0.00,021212,,A*66
$GPGGA,132626.000,5327.1463,N,00124.7474,W,1,0,,71.0,M,,M,,*7E
$GPRMC,132626.000,A,5327.1463,N,00124.7474,W,0.000,0.00,021212,,A*64
$GPGGA,132642.000,5327.1271,N,00124.7340,W,1,0,,71.0,M,,M,,*79
$GPRMC,132642.000,A,5327.1271,N,00124.7340,W,0.000,0.00,021212,,A*63
$GPGGA,132710.000,5327.1278,N,00124.7346,W,1,0,,71.0,M,,M,,*70
$GPRMC,132710.000,A,5327.1278,N,00124.7346,W,0.000,0.00,021212,,A*6A
$GPGGA,132727.000,5327.1195,N,00124.7287,W,1,0,,71.0,M,,M,,*78
$GPRMC,132727.000,A,5327.1195,N,00124.7287,W,0.000,0.00,021212,,A*62
$GPGGA,132743.000,5327.1319,N,00124.6856,W,1,0,,71.0,M,,M,,*7B
$GPRMC,132743.000,A,5327.1319,N,00124.6856,W,0.000,0.00,021212,,A*61
$GPGGA,132804.000,5327.1106,N,00124.6955,W,1,0,,71.0,M,,M,,*79
$GPRMC,132804.000,A,5327.1106,N,00124.6955,W,0.000,0.00,021212,,A*63
$GPGGA,132822.000,5327.1030,N,00124.7258,W,1,0,,72.0,M,,M,,*7D
$GPRMC,132822.000,A,5327.1030,N,00124.7258,W,0.000,0.00,021212,,A*64
$GPGGA,132838.000,5327.0875,N,00124.7314,W,1,0,,71.0,M,,M,,*74
$GPRMC,132838.000,A,5327.0875,N,00124.7314,W,0.000,0.00,021212,,A*6E
$GPGGA,132859.000,5327.0758,N,00124.7419,W,1,0,,72.0,M,,M,,*7A
$GPRMC,132859.000,A,5327.0758,N,00124.7419,W,0.000,0.00,021212,,A*63
$GPGGA,132920.000,5327.0733,N,00124.7671,W,1,0,,104.0,M,,M,,*44
$GPRMC,132920.000,A,5327.0733,N,00124.7671,W,0.000,0.00,021212,,A*6D
$GPGGA,133001.000,5327.0538,N,00124.7820,W,1,0,,102.0,M,,M,,*4A
$GPRMC,133001.000,A,5327.0538,N,00124.7820,W,0.000,0.00,021212,,A*65
$GPGGA,133016.000,5327.0472,N,00124.7874,W,1,0,,102.0,M,,M,,*42
$GPRMC,133016.000,A,5327.0472,N,00124.7874,W,0.000,0.00,021212,,A*6D
$GPGGA,133031.000,5327.0426,N,00124.7908,W,1,0,,102.0,M,,M,,*4C
$GPRMC,133031.000,A,5327.0426,N,00124.7908,W,0.000,0.00,021212,,A*63
$GPGGA,133046.000,5327.0358,N,00124.7983,W,1,0,,102.0,M,,M,,*41
$GPRMC,133046.000,A,5327.0358,N,00124.7983,W,0.000,0.00,021212,,A*6E
$GPGGA,133101.000,5327.0257,N,00124.8061,W,1,0,,102.0,M,,M,,*47
$GPRMC,133101.000,A,5327.0257,N,00124.8061,W,0.000,0.00,021212,,A*68
$GPGGA,133117.000,5327.0090,N,00124.8215,W,1,0,,102.0,M,,M,,*48
$GPRMC,133117.000,A,5327.0090,N,00124.8215,W,0.000,0.00,021212,,A*67
$GPGGA,133132.000,5327.0067,N,00124.8232,W,1,0,,102.0,M,,M,,*42
$GPRMC,133132.000,A,5327.0067,N,00124.8232,W,0.000,0.00,021212,,A*6D
$GPGGA,133147.000,5326.9982,N,00124.8316,W,1,0,,102.0,M,,M,,*4D
$GPRMC,133147.000,A,5326.9982,N,00124.8316,W,0.000,0.00,021212,,A*62
$GPGGA,133202.000,5326.9902,N,00124.8381,W,1,0,,102.0,M,,M,,*49
$GPRMC,133202.000,A,5326.9902,N,00124.8381,W,0.000,0.00,021212,,A*66
$GPGGA,133217.000,5326.9831,N,00124.8396,W,1,0,,103.0,M,,M,,*4B
$GPRMC,133217.000,A,5326.9831,N,00124.8396,W,0.000,0.00,021212,,A*65
$GPGGA,133232.000,5326.9776,N,00124.8418,W,1,0,,103.0,M,,M,,*41
$GPRMC,133232.000,A,5326.9776,N,00124.8418,W,0.000,0.00,021212,,A*6F
$GPGGA,133247.000,5326.9765,N,00124.8469,W,1,0,,103.0,M,,M,,*47
$GPRMC,133247.000,A,5326.9765,N,00124.8469,W,0.000,0.00,021212,,A*69
$GPGGA,133305.000,5326.9714,N,00124.8528,W,1,0,,102.0,M,,M,,*43
$GPRMC,133305.000,A,5326.9714,N,00124.8528,W,0.000,0.00,021212,,A*6C
$GPGGA,133320.000,5326.9616,N,00124.8611,W,1,0,,103.0,M,,M,,*4F
$GPRMC,133320.000,A,5326.9616,N,00124.8611,W,0.000,0.00,021212,,A*61
$GPGGA,133335.000,5326.9582,N,00124.8617,W,1,0,,103.0,M,,M,,*43
$GPRMC,133335.000,A,5326.9582,N,00124.8617,W,0.000,0.00,021212,,A*6D
$GPGGA,133351.000,5326.9488,N,00124.8681,W,1,0,,103.0,M,,M,,*45
$GPRMC,133351.000,A,5326.9488,N,00124.8681,W,0.000,0.00,021212,,A*6B
$GPGGA,133407.000,5326.9387,N,00124.8731,W,1,0,,103.0,M,,M,,*43
$GPRMC,133407.000,A,5326.9387,N,00124.8731,W,0.000,0.00,021212,,A*6D
$GPGGA,133422.000,5326.9321,N,00124.8767,W,1,0,,103.0,M,,M,,*4B
$GPRMC,133422.000,A,5326.9321,N,00124.8767,W,0.000,0.00,021212,,A*65
$GPGGA,133437.000,5326.9247,N,00124.8801,W,1,0,,103.0,M,,M,,*41
$GPRMC,133437.000,A,5326.9247,N,00124.8801,W,0.000,0.00,021212,,A*6F
$GPGGA,133452.000,5326.9186,N,00124.8819,W,1,0,,103.0,M,,M,,*45
$GPRMC,133452.000,A,5326.9186,N,00124.8819,W,0.000,0.00,021212,,A*6B
$GPGGA,133507.000,5326.9067,N,00124.8819,W,1,0,,103.0,M,,M,,*4A
$GPRMC,133507.000,A,5326.9067,N,00124.8819,W,0.000,0.00,021212,,A*64
$GPGGA,133524.000,5326.9060,N,00124.8818,W,1,0,,103.0,M,,M,,*4D
$GPRMC,133524.000,A,5326.9060,N,00124.8818,W,0.000,0.00,021212,,A*63
$GPGGA,133540.000,5326.9009,N,00124.8852,W,1,0,,102.0,M,,M,,*4F
$GPRMC,133540.000,A,5326.9009,N,00124.8852,W,0.000,0.00,021212,,A*60
$GPGGA,133556.000,5326.8959,N,00124.8907,W,1,0,,102.0,M,,M,,*44
$GPRMC,133556.000,A,5326.8959,N,00124.8907,W,0.000,0.00,021212,,A*6B
$GPGGA,133611.000,5326.8650,N,00124.9275,W,1,0,,102.0,M,,M,,*4D
$GPRMC,133611.000,A,5326.8650,N,00124.9275,W,0.000,0.00,021212,,A*62
$GPGGA,133626.000,5326.8632,N,00124.9215,W,1,0,,103.0,M,,M,,*4A
$GPRMC,133626.000,A,5326.8632,N,00124.9215,W,0.000,0.00,021212,,A*64
$GPGGA,133642.000,5326.8650,N,00124.9195,W,1,0,,103.0,M,,M,,*47
$GPRMC,133642.000,A,5326.8650,N,00124.9195,W,0.000,0.00,021212,,A*69
$GPGGA,133658.000,5326.8634,N,00124.9202,W,1,0,,103.0,M,,M,,*43
$GPRMC,133658.000,A,5326.8634,N,00124.9202,W,0.000,0.00,021212,,A*6D
$GPGGA,133714.000,5326.8639,N,00124.9199,W,1,0,,104.0,M,,M,,*41
$GPRMC,133714.000,A,5326.8639,N,00124.9199,W,0.000,0.00,021212,,A*68
$GPGGA,133729.000,5326.8639,N,00124.9189,W,1,0,,104.0,M,,M,,*4E
$GPRMC,133729.000,A,5326.8639,N,00124.9189,W,0.000,0.00,021212,,A*67
$GPGGA,133744.000,5326.8716,N,00124.9208,W,1,0,,104.0,M,,M,,*43
$GPRMC,133744.000,A,5326.8716,N,00124.9208,W,0.000,0.00,021212,,A*6A
$GPGGA,133759.000,5326.8643,N,00124.9187,W,1,0,,104.0,M,,M,,*4A
$GPRMC,133759.000,A,5326.8643,N,00124.9187,W,0.000,0.00,021212,,A*63
$GPGGA,133814.000,5326.8588,N,00124.9206,W,1,0,,104.0,M,,M,,*42
$GPRMC,133814.000,A,5326.8588,N,00124.9206,W,0.000,0.00,021212,,A*6B
$GPGGA,133829.000,5326.8575,N,00124.9208,W,1,0,,104.0,M,,M,,*40
$GPRMC,133829.000,A,5326.8575,N,00124.9208,W,0.000,0.00,021212,,A*69
$GPGGA,133844.000,5326.8547,N,00124.9195,W,1,0,,104.0,M,,M,,*4D
$GPRMC,133844.000,A,5326.8547,N,00124.9195,W,0.000,0.00,021212,,A*64
$GPGGA,133859.000,5326.8492,N,00124.9046,W,1,0,,105.0,M,,M,,*46
$GPRMC,133859.000,A,5326.8492,N,00124.9046,W,0.000,0.00,021212,,A*6E
$GPGGA,133914.000,5326.8497,N,00124.9050,W,1,0,,105.0,M,,M,,*4C
$GPRMC,133914.000,A,5326.8497,N,00124.9050,W,0.000,0.00,021212,,A*64
$GPGGA,133930.000,5326.8732,N,00124.9143,W,1,0,,106.0,M,,M,,*46
$GPRMC,133930.000,A,5326.8732,N,00124.9143,W,0.000,0.00,021212,,A*6D
$GPGGA,133945.000,5326.8705,N,00124.9186,W,1,0,,106.0,M,,M,,*49
$GPRMC,133945.000,A,5326.8705,N,00124.9186,W,0.000,0.00,021212,,A*62
$GPGGA,134000.000,5326.8661,N,00124.9130,W,1,0,,106.0,M,,M,,*48
$GPRMC,134000.000,A,5326.8661,N,00124.9130,W,0.000,0.00,021212,,A*63
$GPGGA,134020.000,5326.8636,N,00124.8831,W,1,0,,106.0,M,,M,,*41
$GPRMC,134020.000,A,5326.8636,N,00124.8831,W,0.000,0.00,021212,,A*6A
$GPGGA,134048.000,5326.8753,N,00124.8548,W,1,0,,107.0,M,,M,,*4F
$GPRMC,134048.000,A,5326.8753,N,00124.8548,W,0.000,0.00,021212,,A*65
$GPGGA,134104.000,5326.8730,N,00124.8530,W,1,0,,107.0,M,,M,,*4C
$GPRMC,134104.000,A,5326.8730,N,00124.8530,W,0.000,0.00,021212,,A*66
$GPGGA,134119.000,5326.8742,N,00124.8497,W,1,0,,107.0,M,,M,,*49
$GPRMC,134119.000,A,5326.8742,N,00124.8497,W,0.000,0.00,021212,,A*63
$GPGGA,134135.000,5326.8735,N,00124.8324,W,1,0,,107.0,M,,M,,*48
$GPRMC,134135.000,A,5326.8735,N,00124.8324,W,0.000,0.00,021212,,A*62
$GPGGA,134150.000,5326.8739,N,00124.7821,W,1,0,,107.0,M,,M,,*46
$GPRMC,134150.000,A,5326.8739,N,00124.7821,W,0.000,0.00,021212,,A*6C
$GPGGA,134205.000,5326.8737,N,00124.7843,W,1,0,,107.0,M,,M,,*4F
$GPRMC,134205.000,A,5326.8737,N,00124.7843,W,0.000,0.00,021212,,A*65
$GPGGA,134220.000,5326.8776,N,00124.7660,W,1,0,,107.0,M,,M,,*42
$GPRMC,134220.000,A,5326.8776,N,00124.7660,W,0.000,0.00,021212,,A*68
$GPGGA,134251.000,5326.8989,N,00124.7162,W,1,0,,107.0,M,,M,,*4F
$GPRMC,134251.000,A,5326.8989,N,00124.7162,W,0.000,0.00,021212,,A*65
$GPGGA,134308.000,5326.8815,N,00124.6979,W,1,0,,107.0,M,,M,,*45
$GPRMC,134308.000,A,5326.8815,N,00124.6979,W,0.000,0.00,021212,,A*6F
$GPGGA,134337.000,5326.8897,N,00124.6655,W,1,0,,107.0,M,,M,,*42
$GPRMC,134337.000,A,5326.8897,N,00124.6655,W,0.000,0.00,021212,,A*68
