@Sonygps/ver3.0/wgs-84/
$GPGGA,134524.000,5316.6846,N,00146.3932,W,1,0,,285.0,M,,M,,*41
$GPRMC,134524.000,A,5316.6846,N,00146.3932,W,0.000,0.00,240812,,A*6D
$GPGGA,134545.000,5316.6782,N,00146.4045,W,1,0,,282.0,M,,M,,*48
$GPRMC,134545.000,A,5316.6782,N,00146.4045,W,0.000,0.00,240812,,A*63
$GPGGA,134600.000,5316.6786,N,00146.4184,W,1,0,,282.0,M,,M,,*42
$GPRMC,134600.000,A,5316.6786,N,00146.4184,W,0.000,0.00,240812,,A*69
$GPGGA,134619.000,5316.6745,N,00146.4110,W,1,0,,282.0,M,,M,,*48
$GPRMC,134619.000,A,5316.6745,N,00146.4110,W,0.000,0.00,240812,,A*63
$GPGGA,134634.000,5316.6617,N,00146.4172,W,1,0,,282.0,M,,M,,*45
$GPRMC,134634.000,A,5316.6617,N,00146.4172,W,0.000,0.00,240812,,A*6E
$GPGGA,134649.000,5316.6530,N,00146.4253,W,1,0,,282.0,M,,M,,*49
$GPRMC,134649.000,A,5316.6530,N,00146.4253,W,0.000,0.00,240812,,A*62
$GPGGA,134704.000,5316.6498,N,00146.4273,W,1,0,,282.0,M,,M,,*40
$GPRMC,134704.000,A,5316.6498,N,00146.4273,W,0.000,0.00,240812,,A*6B
$GPGGA,134719.000,5316.6454,N,00146.4218,W,1,0,,282.0,M,,M,,*41
$GPRMC,134719.000,A,5316.6454,N,00146.4218,W,0.000,0.00,240812,,A*6A
$GPGGA,134734.000,5316.6486,N,00146.4102,W,1,0,,282.0,M,,M,,*49
$GPRMC,134734.000,A,5316.6486,N,00146.4102,W,0.000,0.00,240812,,A*62
$GPGGA,134749.000,5316.6516,N,00146.4051,W,1,0,,282.0,M,,M,,*4C
$GPRMC,134749.000,A,5316.6516,N,00146.4051,W,0.000,0.00,240812,,A*67
$GPGGA,134804.000,5316.6569,N,00146.4048,W,1,0,,282.0,M,,M,,*4A
$GPRMC,134804.000,A,5316.6569,N,00146.4048,W,0.000,0.00,240812,,A*61
$GPGGA,134819.000,5316.6631,N,00146.3932,W,1,0,,282.0,M,,M,,*4B
$GPRMC,134819.000,A,5316.6631,N,00146.3932,W,0.000,0.00,240812,,A*60
$GPGGA,134834.000,5316.6585,N,00146.3815,W,1,0,,282.0,M,,M,,*4C
$GPRMC,134834.000,A,5316.6585,N,00146.3815,W,0.000,0.00,240812,,A*67
$GPGGA,134849.000,5316.6603,N,00146.3820,W,1,0,,283.0,M,,M,,*4C
$GPRMC,134849.000,A,5316.6603,N,00146.3820,W,0.000,0.00,240812,,A*66
$GPGGA,134918.000,5316.6390,N,00146.3901,W,1,0,,284.0,M,,M,,*43
$GPRMC,134918.000,A,5316.6390,N,00146.3901,W,0.000,0.00,240812,,A*6E
$GPGGA,134946.000,5316.6425,N,00146.3882,W,1,0,,284.0,M,,M,,*4B
$GPRMC,134946.000,A,5316.6425,N,00146.3882,W,0.000,0.00,240812,,A*66
$GPGGA,135002.000,5316.6354,N,00146.3927,W,1,0,,284.0,M,,M,,*4C
$GPRMC,135002.000,A,5316.6354,N,00146.3927,W,0.000,0.00,240812,,A*61
$GPGGA,135018.000,5316.6276,N,00146.3944,W,1,0,,284.0,M,,M,,*43
$GPRMC,135018.000,A,5316.6276,N,00146.3944,W,0.000,0.00,240812,,A*6E
$GPGGA,135033.000,5316.6104,N,00146.3826,W,1,0,,284.0,M,,M,,*49
$GPRMC,135033.000,A,5316.6104,N,00146.3826,W,0.000,0.00,240812,,A*64
$GPGGA,135048.000,5316.6088,N,00146.3790,W,1,0,,284.0,M,,M,,*42
$GPRMC,135048.000,A,5316.6088,N,00146.3790,W,0.000,0.00,240812,,A*6F
$GPGGA,135103.000,5316.6017,N,00146.3689,W,1,0,,284.0,M,,M,,*43
$GPRMC,135103.000,A,5316.6017,N,00146.3689,W,0.000,0.00,240812,,A*6E
$GPGGA,135118.000,5316.5967,N,00146.3630,W,1,0,,284.0,M,,M,,*46
$GPRMC,135118.000,A,5316.5967,N,00146.3630,W,0.000,0.00,240812,,A*6B
$GPGGA,135133.000,5316.5923,N,00146.3564,W,1,0,,284.0,M,,M,,*4D
$GPRMC,135133.000,A,5316.5923,N,00146.3564,W,0.000,0.00,240812,,A*60
$GPGGA,135148.000,5316.5864,N,00146.3464,W,1,0,,284.0,M,,M,,*42
$GPRMC,135148.000,A,5316.5864,N,00146.3464,W,0.000,0.00,240812,,A*6F
$GPGGA,135203.000,5316.5777,N,00146.3313,W,1,0,,284.0,M,,M,,*44
$GPRMC,135203.000,A,5316.5777,N,00146.3313,W,0.000,0.00,240812,,A*69
$GPGGA,135218.000,5316.5676,N,00146.3173,W,1,0,,284.0,M,,M,,*4A
$GPRMC,135218.000,A,5316.5676,N,00146.3173,W,0.000,0.00,240812,,A*67
$GPGGA,135236.000,5316.5601,N,00146.3096,W,1,0,,285.0,M,,M,,*4D
$GPRMC,135236.000,A,5316.5601,N,00146.3096,W,0.000,0.00,240812,,A*61
$GPGGA,135251.000,5316.5534,N,00146.2989,W,1,0,,285.0,M,,M,,*4F
$GPRMC,135251.000,A,5316.5534,N,00146.2989,W,0.000,0.00,240812,,A*63
$GPGGA,135306.000,5316.5466,N,00146.2906,W,1,0,,285.0,M,,M,,*4D
$GPRMC,135306.000,A,5316.5466,N,00146.2906,W,0.000,0.00,240812,,A*61
$GPGGA,135321.000,5316.5447,N,00146.2823,W,1,0,,285.0,M,,M,,*4D
$GPRMC,135321.000,A,5316.5447,N,00146.2823,W,0.000,0.00,240812,,A*61
$GPGGA,135336.000,5316.5452,N,00146.2852,W,1,0,,285.0,M,,M,,*49
$GPRMC,135336.000,A,5316.5452,N,00146.2852,W,0.000,0.00,240812,,A*65
$GPGGA,135351.000,5316.5463,N,00146.2870,W,1,0,,285.0,M,,M,,*4A
$GPRMC,135351.000,A,5316.5463,N,00146.2870,W,0.000,0.00,240812,,A*66
$GPGGA,135406.000,5316.5456,N,00146.2851,W,1,0,,285.0,M,,M,,*4A
$GPRMC,135406.000,A,5316.5456,N,00146.2851,W,0.000,0.00,240812,,A*66
$GPGGA,135424.000,5316.5443,N,00146.2870,W,1,0,,286.0,M,,M,,*4E
$GPRMC,135424.000,A,5316.5443,N,00146.2870,W,0.000,0.00,240812,,A*61
$GPGGA,135439.000,5316.5452,N,00146.2860,W,1,0,,286.0,M,,M,,*43
$GPRMC,135439.000,A,5316.5452,N,00146.2860,W,0.000,0.00,240812,,A*6C
$GPGGA,135454.000,5316.5486,N,00146.2911,W,1,0,,286.0,M,,M,,*46
$GPRMC,135454.000,A,5316.5486,N,00146.2911,W,0.000,0.00,240812,,A*69
$GPGGA,135509.000,5316.5633,N,00146.2915,W,1,0,,286.0,M,,M,,*47
$GPRMC,135509.000,A,5316.5633,N,00146.2915,W,0.000,0.00,240812,,A*68
$GPGGA,135524.000,5316.5637,N,00146.3103,W,1,0,,286.0,M,,M,,*42
$GPRMC,135524.000,A,5316.5637,N,00146.3103,W,0.000,0.00,240812,,A*6D
$GPGGA,135540.000,5316.5722,N,00146.3210,W,1,0,,286.0,M,,M,,*44
$GPRMC,135540.000,A,5316.5722,N,00146.3210,W,0.000,0.00,240812,,A*6B
$GPGGA,135555.000,5316.5809,N,00146.3323,W,1,0,,286.0,M,,M,,*47
$GPRMC,135555.000,A,5316.5809,N,00146.3323,W,0.000,0.00,240812,,A*68
$GPGGA,135610.000,5316.5894,N,00146.3512,W,1,0,,286.0,M,,M,,*45
$GPRMC,135610.000,A,5316.5894,N,00146.3512,W,0.000,0.00,240812,,A*6A
$GPGGA,135706.000,5316.6168,N,00146.3976,W,1,0,,286.0,M,,M,,*44
$GPRMC,135706.000,A,5316.6168,N,00146.3976,W,0.000,0.00,240812,,A*6B
$GPGGA,135738.000,5316.6150,N,00146.3782,W,1,0,,286.0,M,,M,,*47
$GPRMC,135738.000,A,5316.6150,N,00146.3782,W,0.000,0.00,240812,,A*68
$GPGGA,135818.000,5316.6592,N,00146.3936,W,1,0,,286.0,M,,M,,*41
$GPRMC,135818.000,A,5316.6592,N,00146.3936,W,0.000,0.00,240812,,A*6E
$GPGGA,135846.000,5316.6997,N,00146.3584,W,1,0,,286.0,M,,M,,*46
$GPRMC,135846.000,A,5316.6997,N,00146.3584,W,0.000,0.00,240812,,A*69
$GPGGA,135912.000,5316.6660,N,00146.3421,W,1,0,,291.0,M,,M,,*49
$GPRMC,135912.000,A,5316.6660,N,00146.3421,W,0.000,0.00,240812,,A*60
$GPGGA,135930.000,5316.6740,N,00146.3312,W,1,0,,287.0,M,,M,,*4A
$GPRMC,135930.000,A,5316.6740,N,00146.3312,W,0.000,0.00,240812,,A*64
$GPGGA,135953.000,5316.6782,N,00146.3160,W,1,0,,287.0,M,,M,,*46
$GPRMC,135953.000,A,5316.6782,N,00146.3160,W,0.000,0.00,240812,,A*68
$GPGGA,140016.000,5316.6912,N,00146.3198,W,1,0,,287.0,M,,M,,*4C
$GPRMC,140016.000,A,5316.6912,N,00146.3198,W,0.000,0.00,240812,,A*62
$GPGGA,140044.000,5316.6928,N,00146.2763,W,1,0,,308.0,M,,M,,*47
$GPRMC,140044.000,A,5316.6928,N,00146.2763,W,0.000,0.00,240812,,A*6F
$GPGGA,140108.000,5316.6793,N,00146.2275,W,1,0,,310.0,M,,M,,*4B
$GPRMC,140108.000,A,5316.6793,N,00146.2275,W,0.000,0.00,240812,,A*6A
$GPGGA,140132.000,5316.6532,N,00146.2012,W,1,0,,310.0,M,,M,,*48
$GPRMC,140132.000,A,5316.6532,N,00146.2012,W,0.000,0.00,240812,,A*69
$GPGGA,140159.000,5316.6713,N,00146.2197,W,1,0,,310.0,M,,M,,*48
$GPRMC,140159.000,A,5316.6713,N,00146.2197,W,0.000,0.00,240812,,A*69
$GPGGA,140219.000,5316.6599,N,00146.1979,W,1,0,,310.0,M,,M,,*44
$GPRMC,140219.000,A,5316.6599,N,00146.1979,W,0.000,0.00,240812,,A*65
$GPGGA,140243.000,5316.6550,N,00146.1796,W,1,0,,310.0,M,,M,,*41
$GPRMC,140243.000,A,5316.6550,N,00146.1796,W,0.000,0.00,240812,,A*60
$GPGGA,140307.000,5316.6461,N,00146.1595,W,1,0,,310.0,M,,M,,*42
$GPRMC,140307.000,A,5316.6461,N,00146.1595,W,0.000,0.00,240812,,A*63
$GPGGA,140359.000,5316.6232,N,00146.0851,W,1,0,,310.0,M,,M,,*4D
$GPRMC,140359.000,A,5316.6232,N,00146.0851,W,0.000,0.00,240812,,A*6C
$GPGGA,140419.000,5316.6187,N,00146.0811,W,1,0,,310.0,M,,M,,*47
$GPRMC,140419.000,A,5316.6187,N,00146.0811,W,0.000,0.00,240812,,A*66
$GPGGA,140443.000,5316.6102,N,00146.0529,W,1,0,,310.0,M,,M,,*43
$GPRMC,140443.000,A,5316.6102,N,00146.0529,W,0.000,0.00,240812,,A*62
$GPGGA,140511.000,5316.5987,N,00146.0201,W,1,0,,309.0,M,,M,,*46
$GPRMC,140511.000,A,5316.5987,N,00146.0201,W,0.000,0.00,240812,,A*6F
$GPGGA,140532.000,5316.5932,N,00146.0031,W,1,0,,309.0,M,,M,,*48
$GPRMC,140532.000,A,5316.5932,N,00146.0031,W,0.000,0.00,240812,,A*61
$GPGGA,140558.000,5316.5841,N,00145.9696,W,1,0,,309.0,M,,M,,*40
$GPRMC,140558.000,A,5316.5841,N,00145.9696,W,0.000,0.00,240812,,A*69
$GPGGA,140624.000,5316.5781,N,00145.9404,W,1,0,,308.0,M,,M,,*43
$GPRMC,140624.000,A,5316.5781,N,00145.9404,W,0.000,0.00,240812,,A*6B
$GPGGA,140644.000,5316.5690,N,00145.9182,W,1,0,,307.0,M,,M,,*40
$GPRMC,140644.000,A,5316.5690,N,00145.9182,W,0.000,0.00,240812,,A*67
$GPGGA,140700.000,5316.5639,N,00145.8973,W,1,0,,307.0,M,,M,,*45
$GPRMC,140700.000,A,5316.5639,N,00145.8973,W,0.000,0.00,240812,,A*62
$GPGGA,140715.000,5316.5626,N,00145.8908,W,1,0,,307.0,M,,M,,*43
$GPRMC,140715.000,A,5316.5626,N,00145.8908,W,0.000,0.00,240812,,A*64
$GPGGA,140730.000,5316.5543,N,00145.8650,W,1,0,,307.0,M,,M,,*46
$GPRMC,140730.000,A,5316.5543,N,00145.8650,W,0.000,0.00,240812,,A*61
$GPGGA,140745.000,5316.5532,N,00145.8566,W,1,0,,307.0,M,,M,,*44
$GPRMC,140745.000,A,5316.5532,N,00145.8566,W,0.000,0.00,240812,,A*63
$GPGGA,140800.000,5316.5509,N,00145.8378,W,1,0,,307.0,M,,M,,*4B
$GPRMC,140800.000,A,5316.5509,N,00145.8378,W,0.000,0.00,240812,,A*6C
$GPGGA,140817.000,5316.5470,N,00145.8170,W,1,0,,307.0,M,,M,,*48
$GPRMC,140817.000,A,5316.5470,N,00145.8170,W,0.000,0.00,240812,,A*6F
$GPGGA,140833.000,5316.5470,N,00145.7787,W,1,0,,308.0,M,,M,,*40
$GPRMC,140833.000,A,5316.5470,N,00145.7787,W,0.000,0.00,240812,,A*68
$GPGGA,140849.000,5316.5406,N,00145.7564,W,1,0,,307.0,M,,M,,*4C
$GPRMC,140849.000,A,5316.5406,N,00145.7564,W,0.000,0.00,240812,,A*6B
$GPGGA,140904.000,5316.5390,N,00145.7461,W,1,0,,307.0,M,,M,,*48
$GPRMC,140904.000,A,5316.5390,N,00145.7461,W,0.000,0.00,240812,,A*6F
$GPGGA,140919.000,5316.5342,N,00145.7288,W,1,0,,308.0,M,,M,,*45
$GPRMC,140919.000,A,5316.5342,N,00145.7288,W,0.000,0.00,240812,,A*6D
$GPGGA,140935.000,5316.5230,N,00145.7067,W,1,0,,308.0,M,,M,,*4C
$GPRMC,140935.000,A,5316.5230,N,00145.7067,W,0.000,0.00,240812,,A*64
$GPGGA,140950.000,5316.5170,N,00145.6841,W,1,0,,308.0,M,,M,,*45
$GPRMC,140950.000,A,5316.5170,N,00145.6841,W,0.000,0.00,240812,,A*6D
$GPGGA,141005.000,5316.5120,N,00145.6711,W,1,0,,308.0,M,,M,,*42
$GPRMC,141005.000,A,5316.5120,N,00145.6711,W,0.000,0.00,240812,,A*6A
$GPGGA,141020.000,5316.5040,N,00145.6533,W,1,0,,307.0,M,,M,,*4F
$GPRMC,141020.000,A,5316.5040,N,00145.6533,W,0.000,0.00,240812,,A*68
$GPGGA,141036.000,5316.4985,N,00145.6301,W,1,0,,308.0,M,,M,,*41
$GPRMC,141036.000,A,5316.4985,N,00145.6301,W,0.000,0.00,240812,,A*69
$GPGGA,141051.000,5316.4916,N,00145.6183,W,1,0,,308.0,M,,M,,*42
$GPRMC,141051.000,A,5316.4916,N,00145.6183,W,0.000,0.00,240812,,A*6A
$GPGGA,141106.000,5316.4841,N,00145.6038,W,1,0,,308.0,M,,M,,*43
$GPRMC,141106.000,A,5316.4841,N,00145.6038,W,0.000,0.00,240812,,A*6B
$GPGGA,141121.000,5316.4770,N,00145.5772,W,1,0,,308.0,M,,M,,*41
$GPRMC,141121.000,A,5316.4770,N,00145.5772,W,0.000,0.00,240812,,A*69
$GPGGA,141136.000,5316.4703,N,00145.5639,W,1,0,,307.0,M,,M,,*42
$GPRMC,141136.000,A,5316.4703,N,00145.5639,W,0.000,0.00,240812,,A*65
$GPGGA,141152.000,5316.4658,N,00145.5512,W,1,0,,307.0,M,,M,,*45
$GPRMC,141152.000,A,5316.4658,N,00145.5512,W,0.000,0.00,240812,,A*62
$GPGGA,141208.000,5316.4543,N,00145.5198,W,1,0,,306.0,M,,M,,*47
$GPRMC,141208.000,A,5316.4543,N,00145.5198,W,0.000,0.00,240812,,A*61
$GPGGA,141223.000,5316.4472,N,00145.5012,W,1,0,,306.0,M,,M,,*4E
$GPRMC,141223.000,A,5316.4472,N,00145.5012,W,0.000,0.00,240812,,A*68
$GPGGA,141238.000,5316.4447,N,00145.4903,W,1,0,,306.0,M,,M,,*4A
$GPRMC,141238.000,A,5316.4447,N,00145.4903,W,0.000,0.00,240812,,A*6C
$GPGGA,141253.000,5316.4383,N,00145.4698,W,1,0,,306.0,M,,M,,*45
$GPRMC,141253.000,A,5316.4383,N,00145.4698,W,0.000,0.00,240812,,A*63
$GPGGA,141309.000,5316.4243,N,00145.4451,W,1,0,,306.0,M,,M,,*41
$GPRMC,141309.000,A,5316.4243,N,00145.4451,W,0.000,0.00,240812,,A*67
$GPGGA,141324.000,5316.4211,N,00145.4350,W,1,0,,306.0,M,,M,,*4F
$GPRMC,141324.000,A,5316.4211,N,00145.4350,W,0.000,0.00,240812,,A*69
$GPGGA,141340.000,5316.4152,N,00145.4198,W,1,0,,306.0,M,,M,,*4F
$GPRMC,141340.000,A,5316.4152,N,00145.4198,W,0.000,0.00,240812,,A*69
$GPGGA,141355.000,5316.4028,N,00145.3909,W,1,0,,306.0,M,,M,,*40
$GPRMC,141355.000,A,5316.4028,N,00145.3909,W,0.000,0.00,240812,,A*66
$GPGGA,141410.000,5316.4003,N,00145.3835,W,1,0,,306.0,M,,M,,*41
$GPRMC,141410.000,A,5316.4003,N,00145.3835,W,0.000,0.00,240812,,A*67
$GPGGA,141426.000,5316.4014,N,00145.3674,W,1,0,,306.0,M,,M,,*49
$GPRMC,141426.000,A,5316.4014,N,00145.3674,W,0.000,0.00,240812,,A*6F
$GPGGA,141441.000,5316.3998,N,00145.3530,W,1,0,,306.0,M,,M,,*41
$GPRMC,141441.000,A,5316.3998,N,00145.3530,W,0.000,0.00,240812,,A*67
$GPGGA,141456.000,5316.3985,N,00145.3435,W,1,0,,306.0,M,,M,,*4F
$GPRMC,141456.000,A,5316.3985,N,00145.3435,W,0.000,0.00,240812,,A*69
$GPGGA,141512.000,5316.3953,N,00145.3225,W,1,0,,306.0,M,,M,,*42
$GPRMC,141512.000,A,5316.3953,N,00145.3225,W,0.000,0.00,240812,,A*64
$GPGGA,141532.000,5316.3911,N,00145.3008,W,1,0,,306.0,M,,M,,*4B
$GPRMC,141532.000,A,5316.3911,N,00145.3008,W,0.000,0.00,240812,,A*6D
$GPGGA,141548.000,5316.3879,N,00145.2812,W,1,0,,306.0,M,,M,,*4B
$GPRMC,141548.000,A,5316.3879,N,00145.2812,W,0.000,0.00,240812,,A*6D
$GPGGA,141603.000,5316.3893,N,00145.2622,W,1,0,,306.0,M,,M,,*4E
$GPRMC,141603.000,A,5316.3893,N,00145.2622,W,0.000,0.00,240812,,A*68
$GPGGA,141619.000,5316.3854,N,00145.2492,W,1,0,,306.0,M,,M,,*47
$GPRMC,141619.000,A,5316.3854,N,00145.2492,W,0.000,0.00,240812,,A*61
$GPGGA,141634.000,5316.3843,N,00145.2241,W,1,0,,306.0,M,,M,,*46
$GPRMC,141634.000,A,5316.3843,N,00145.2241,W,0.000,0.00,240812,,A*60
$GPGGA,141649.000,5316.3808,N,00145.2054,W,1,0,,306.0,M,,M,,*45
$GPRMC,141649.000,A,5316.3808,N,00145.2054,W,0.000,0.00,240812,,A*63
$GPGGA,141704.000,5316.3820,N,00145.1934,W,1,0,,306.0,M,,M,,*4B
$GPRMC,141704.000,A,5316.3820,N,00145.1934,W,0.000,0.00,240812,,A*6D
$GPGGA,141720.000,5316.3827,N,00145.1734,W,1,0,,306.0,M,,M,,*44
$GPRMC,141720.000,A,5316.3827,N,00145.1734,W,0.000,0.00,240812,,A*62
$GPGGA,141735.000,5316.3754,N,00145.1605,W,1,0,,306.0,M,,M,,*48
$GPRMC,141735.000,A,5316.3754,N,00145.1605,W,0.000,0.00,240812,,A*6E
$GPGGA,141751.000,5316.3696,N,00145.1545,W,1,0,,306.0,M,,M,,*42
$GPRMC,141751.000,A,5316.3696,N,00145.1545,W,0.000,0.00,240812,,A*64
$GPGGA,141806.000,5316.3641,N,00145.1479,W,1,0,,306.0,M,,M,,*4B
$GPRMC,141806.000,A,5316.3641,N,00145.1479,W,0.000,0.00,240812,,A*6D
$GPGGA,141821.000,5316.3605,N,00145.1449,W,1,0,,306.0,M,,M,,*4D
$GPRMC,141821.000,A,5316.3605,N,00145.1449,W,0.000,0.00,240812,,A*6B
$GPGGA,141844.000,5316.3394,N,00145.1265,W,1,0,,306.0,M,,M,,*4B
$GPRMC,141844.000,A,5316.3394,N,00145.1265,W,0.000,0.00,240812,,A*6D
$GPGGA,141900.000,5316.3296,N,00145.1167,W,1,0,,306.0,M,,M,,*48
$GPRMC,141900.000,A,5316.3296,N,00145.1167,W,0.000,0.00,240812,,A*6E
$GPGGA,141915.000,5316.3252,N,00145.1175,W,1,0,,307.0,M,,M,,*46
$GPRMC,141915.000,A,5316.3252,N,00145.1175,W,0.000,0.00,240812,,A*61
$GPGGA,141930.000,5316.3083,N,00145.1082,W,1,0,,307.0,M,,M,,*46
$GPRMC,141930.000,A,5316.3083,N,00145.1082,W,0.000,0.00,240812,,A*61
$GPGGA,141945.000,5316.2991,N,00145.1018,W,1,0,,306.0,M,,M,,*4D
$GPRMC,141945.000,A,5316.2991,N,00145.1018,W,0.000,0.00,240812,,A*6B
$GPGGA,142001.000,5316.2886,N,00145.0971,W,1,0,,307.0,M,,M,,*46
$GPRMC,142001.000,A,5316.2886,N,00145.0971,W,0.000,0.00,240812,,A*61
$GPGGA,142016.000,5316.2833,N,00145.0928,W,1,0,,307.0,M,,M,,*42
$GPRMC,142016.000,A,5316.2833,N,00145.0928,W,0.000,0.00,240812,,A*65
$GPGGA,142031.000,5316.2817,N,00145.0863,W,1,0,,306.0,M,,M,,*4E
$GPRMC,142031.000,A,5316.2817,N,00145.0863,W,0.000,0.00,240812,,A*68
$GPGGA,142047.000,5316.2797,N,00145.0755,W,1,0,,306.0,M,,M,,*42
$GPRMC,142047.000,A,5316.2797,N,00145.0755,W,0.000,0.00,240812,,A*64
$GPGGA,142102.000,5316.2788,N,00145.0702,W,1,0,,306.0,M,,M,,*4E
$GPRMC,142102.000,A,5316.2788,N,00145.0702,W,0.000,0.00,240812,,A*68
$GPGGA,142117.000,5316.2724,N,00145.0621,W,1,0,,306.0,M,,M,,*4C
$GPRMC,142117.000,A,5316.2724,N,00145.0621,W,0.000,0.00,240812,,A*6A
$GPGGA,142132.000,5316.2637,N,00145.0599,W,1,0,,306.0,M,,M,,*48
$GPRMC,142132.000,A,5316.2637,N,00145.0599,W,0.000,0.00,240812,,A*6E
$GPGGA,142148.000,5316.2559,N,00145.0544,W,1,0,,306.0,M,,M,,*4E
$GPRMC,142148.000,A,5316.2559,N,00145.0544,W,0.000,0.00,240812,,A*68
$GPGGA,142203.000,5316.2463,N,00145.0518,W,1,0,,306.0,M,,M,,*43
$GPRMC,142203.000,A,5316.2463,N,00145.0518,W,0.000,0.00,240812,,A*65
$GPGGA,142218.000,5316.2364,N,00145.0497,W,1,0,,306.0,M,,M,,*4F
$GPRMC,142218.000,A,5316.2364,N,00145.0497,W,0.000,0.00,240812,,A*69
$GPGGA,142234.000,5316.2268,N,00145.0452,W,1,0,,305.0,M,,M,,*46
$GPRMC,142234.000,A,5316.2268,N,00145.0452,W,0.000,0.00,240812,,A*63
$GPGGA,142249.000,5316.2165,N,00145.0403,W,1,0,,305.0,M,,M,,*46
$GPRMC,142249.000,A,5316.2165,N,00145.0403,W,0.000,0.00,240812,,A*63
$GPGGA,142304.000,5316.2041,N,00145.0308,W,1,0,,305.0,M,,M,,*45
$GPRMC,142304.000,A,5316.2041,N,00145.0308,W,0.000,0.00,240812,,A*60
$GPGGA,142320.000,5316.1943,N,00145.0167,W,1,0,,305.0,M,,M,,*40
$GPRMC,142320.000,A,5316.1943,N,00145.0167,W,0.000,0.00,240812,,A*65
$GPGGA,142335.000,5316.1881,N,00145.0106,W,1,0,,305.0,M,,M,,*4C
$GPRMC,142335.000,A,5316.1881,N,00145.0106,W,0.000,0.00,240812,,A*69
$GPGGA,142350.000,5316.1808,N,00145.0006,W,1,0,,305.0,M,,M,,*4F
$GPRMC,142350.000,A,5316.1808,N,00145.0006,W,0.000,0.00,240812,,A*6A
$GPGGA,142405.000,5316.1765,N,00144.9938,W,1,0,,305.0,M,,M,,*40
$GPRMC,142405.000,A,5316.1765,N,00144.9938,W,0.000,0.00,240812,,A*65
$GPGGA,142421.000,5316.1762,N,00144.9866,W,1,0,,305.0,M,,M,,*4B
$GPRMC,142421.000,A,5316.1762,N,00144.9866,W,0.000,0.00,240812,,A*6E
$GPGGA,142436.000,5316.1696,N,00144.9844,W,1,0,,304.0,M,,M,,*46
$GPRMC,142436.000,A,5316.1696,N,00144.9844,W,0.000,0.00,240812,,A*62
$GPGGA,142452.000,5316.1673,N,00144.9815,W,1,0,,305.0,M,,M,,*4A
$GPRMC,142452.000,A,5316.1673,N,00144.9815,W,0.000,0.00,240812,,A*6F
$GPGGA,142509.000,5316.1559,N,00144.9601,W,1,0,,305.0,M,,M,,*45
$GPRMC,142509.000,A,5316.1559,N,00144.9601,W,0.000,0.00,240812,,A*60
$GPGGA,142525.000,5316.1547,N,00144.9602,W,1,0,,305.0,M,,M,,*47
$GPRMC,142525.000,A,5316.1547,N,00144.9602,W,0.000,0.00,240812,,A*62
$GPGGA,142552.000,5316.1478,N,00144.9478,W,1,0,,305.0,M,,M,,*45
$GPRMC,142552.000,A,5316.1478,N,00144.9478,W,0.000,0.00,240812,,A*60
$GPGGA,142610.000,5316.1407,N,00144.9351,W,1,0,,305.0,M,,M,,*44
$GPRMC,142610.000,A,5316.1407,N,00144.9351,W,0.000,0.00,240812,,A*61
$GPGGA,142626.000,5316.1540,N,00144.9174,W,1,0,,305.0,M,,M,,*46
$GPRMC,142626.000,A,5316.1540,N,00144.9174,W,0.000,0.00,240812,,A*63
$GPGGA,142653.000,5316.1504,N,00144.9021,W,1,0,,305.0,M,,M,,*45
$GPRMC,142653.000,A,5316.1504,N,00144.9021,W,0.000,0.00,240812,,A*60
$GPGGA,142711.000,5316.1545,N,00144.8766,W,1,0,,305.0,M,,M,,*42
$GPRMC,142711.000,A,5316.1545,N,00144.8766,W,0.000,0.00,240812,,A*67
$GPGGA,142727.000,5316.1563,N,00144.8674,W,1,0,,305.0,M,,M,,*41
$GPRMC,142727.000,A,5316.1563,N,00144.8674,W,0.000,0.00,240812,,A*64
$GPGGA,142742.000,5316.1531,N,00144.8566,W,1,0,,305.0,M,,M,,*45
$GPRMC,142742.000,A,5316.1531,N,00144.8566,W,0.000,0.00,240812,,A*60
$GPGGA,142757.000,5316.1561,N,00144.8449,W,1,0,,305.0,M,,M,,*48
$GPRMC,142757.000,A,5316.1561,N,00144.8449,W,0.000,0.00,240812,,A*6D
$GPGGA,142813.000,5316.1650,N,00144.8304,W,1,0,,305.0,M,,M,,*48
$GPRMC,142813.000,A,5316.1650,N,00144.8304,W,0.000,0.00,240812,,A*6D
$GPGGA,142828.000,5316.1728,N,00144.8133,W,1,0,,305.0,M,,M,,*48
$GPRMC,142828.000,A,5316.1728,N,00144.8133,W,0.000,0.00,240812,,A*6D
$GPGGA,142856.000,5316.1758,N,00144.7930,W,1,0,,305.0,M,,M,,*42
$GPRMC,142856.000,A,5316.1758,N,00144.7930,W,0.000,0.00,240812,,A*67
$GPGGA,142911.000,5316.1742,N,00144.7817,W,1,0,,305.0,M,,M,,*4F
$GPRMC,142911.000,A,5316.1742,N,00144.7817,W,0.000,0.00,240812,,A*6A
$GPGGA,142929.000,5316.1746,N,00144.7592,W,1,0,,305.0,M,,M,,*40
$GPRMC,142929.000,A,5316.1746,N,00144.7592,W,0.000,0.00,240812,,A*65
$GPGGA,142945.000,5316.1824,N,00144.7483,W,1,0,,305.0,M,,M,,*40
$GPRMC,142945.000,A,5316.1824,N,00144.7483,W,0.000,0.00,240812,,A*65
$GPGGA,143002.000,5316.2005,N,00144.7264,W,1,0,,305.0,M,,M,,*4C
$GPRMC,143002.000,A,5316.2005,N,00144.7264,W,0.000,0.00,240812,,A*69
$GPGGA,143117.000,5316.2254,N,00144.6789,W,1,0,,305.0,M,,M,,*48
$GPRMC,143117.000,A,5316.2254,N,00144.6789,W,0.000,0.00,240812,,A*6D
$GPGGA,143140.000,5316.1703,N,00144.6357,W,1,0,,305.0,M,,M,,*49
$GPRMC,143140.000,A,5316.1703,N,00144.6357,W,0.000,0.00,240812,,A*6C
$GPGGA,143155.000,5316.1765,N,00144.6264,W,1,0,,304.0,M,,M,,*4D
$GPRMC,143155.000,A,5316.1765,N,00144.6264,W,0.000,0.00,240812,,A*69
$GPGGA,143210.000,5316.1957,N,00144.6168,W,1,0,,304.0,M,,M,,*4F
$GPRMC,143210.000,A,5316.1957,N,00144.6168,W,0.000,0.00,240812,,A*6B
$GPGGA,143225.000,5316.2016,N,00144.6084,W,1,0,,304.0,M,,M,,*45
$GPRMC,143225.000,A,5316.2016,N,00144.6084,W,0.000,0.00,240812,,A*61
$GPGGA,143241.000,5316.1916,N,00144.5892,W,1,0,,304.0,M,,M,,*41
$GPRMC,143241.000,A,5316.1916,N,00144.5892,W,0.000,0.00,240812,,A*65
$GPGGA,143256.000,5316.2021,N,00144.5765,W,1,0,,304.0,M,,M,,*4E
$GPRMC,143256.000,A,5316.2021,N,00144.5765,W,0.000,0.00,240812,,A*6A
$GPGGA,143311.000,5316.2037,N,00144.5732,W,1,0,,303.0,M,,M,,*4E
$GPRMC,143311.000,A,5316.2037,N,00144.5732,W,0.000,0.00,240812,,A*6D
$GPGGA,143326.000,5316.2005,N,00144.5723,W,1,0,,303.0,M,,M,,*4B
$GPRMC,143326.000,A,5316.2005,N,00144.5723,W,0.000,0.00,240812,,A*68
$GPGGA,143342.000,5316.2140,N,00144.5481,W,1,0,,303.0,M,,M,,*42
$GPRMC,143342.000,A,5316.2140,N,00144.5481,W,0.000,0.00,240812,,A*61
$GPGGA,143357.000,5316.2094,N,00144.5337,W,1,0,,303.0,M,,M,,*44
$GPRMC,143357.000,A,5316.2094,N,00144.5337,W,0.000,0.00,240812,,A*67
$GPGGA,143412.000,5316.2096,N,00144.5243,W,1,0,,303.0,M,,M,,*42
$GPRMC,143412.000,A,5316.2096,N,00144.5243,W,0.000,0.00,240812,,A*61
$GPGGA,143427.000,5316.2051,N,00144.5325,W,1,0,,303.0,M,,M,,*4E
$GPRMC,143427.000,A,5316.2051,N,00144.5325,W,0.000,0.00,240812,,A*6D
$GPGGA,143443.000,5316.2117,N,00144.5277,W,1,0,,303.0,M,,M,,*49
$GPRMC,143443.000,A,5316.2117,N,00144.5277,W,0.000,0.00,240812,,A*6A
$GPGGA,143458.000,5316.2106,N,00144.5217,W,1,0,,303.0,M,,M,,*45
$GPRMC,143458.000,A,5316.2106,N,00144.5217,W,0.000,0.00,240812,,A*66
$GPGGA,143513.000,5316.2014,N,00144.5124,W,1,0,,303.0,M,,M,,*4A
$GPRMC,143513.000,A,5316.2014,N,00144.5124,W,0.000,0.00,240812,,A*69
$GPGGA,143531.000,5316.2087,N,00144.4868,W,1,0,,303.0,M,,M,,*40
$GPRMC,143531.000,A,5316.2087,N,00144.4868,W,0.000,0.00,240812,,A*63
$GPGGA,143603.000,5316.2268,N,00144.4446,W,1,0,,303.0,M,,M,,*41
$GPRMC,143603.000,A,5316.2268,N,00144.4446,W,0.000,0.00,240812,,A*62
$GPGGA,143618.000,5316.2213,N,00144.4366,W,1,0,,303.0,M,,M,,*42
$GPRMC,143618.000,A,5316.2213,N,00144.4366,W,0.000,0.00,240812,,A*61
$GPGGA,143643.000,5316.1856,N,00144.4276,W,1,0,,303.0,M,,M,,*44
$GPRMC,143643.000,A,5316.1856,N,00144.4276,W,0.000,0.00,240812,,A*67
$GPGGA,143659.000,5316.1561,N,00144.4149,W,1,0,,303.0,M,,M,,*49
$GPRMC,143659.000,A,5316.1561,N,00144.4149,W,0.000,0.00,240812,,A*6A
$GPGGA,143714.000,5316.1499,N,00144.4111,W,1,0,,303.0,M,,M,,*4A
$GPRMC,143714.000,A,5316.1499,N,00144.4111,W,0.000,0.00,240812,,A*69
$GPGGA,143744.000,5316.1414,N,00144.4096,W,1,0,,302.0,M,,M,,*45
$GPRMC,143744.000,A,5316.1414,N,00144.4096,W,0.000,0.00,240812,,A*67
$GPGGA,143759.000,5316.1419,N,00144.3876,W,1,0,,302.0,M,,M,,*45
$GPRMC,143759.000,A,5316.1419,N,00144.3876,W,0.000,0.00,240812,,A*67
$GPGGA,143815.000,5316.1401,N,00144.3804,W,1,0,,302.0,M,,M,,*4E
$GPRMC,143815.000,A,5316.1401,N,00144.3804,W,0.000,0.00,240812,,A*6C
$GPGGA,143830.000,5316.1314,N,00144.3715,W,1,0,,302.0,M,,M,,*45
$GPRMC,143830.000,A,5316.1314,N,00144.3715,W,0.000,0.00,240812,,A*67
$GPGGA,143845.000,5316.1220,N,00144.3570,W,1,0,,302.0,M,,M,,*40
$GPRMC,143845.000,A,5316.1220,N,00144.3570,W,0.000,0.00,240812,,A*62
$GPGGA,143901.000,5316.1192,N,00144.3532,W,1,0,,302.0,M,,M,,*4D
$GPRMC,143901.000,A,5316.1192,N,00144.3532,W,0.000,0.00,240812,,A*6F
$GPGGA,144034.000,5316.0870,N,00144.2871,W,1,0,,301.0,M,,M,,*49
$GPRMC,144034.000,A,5316.0870,N,00144.2871,W,0.000,0.00,240812,,A*68
$GPGGA,144056.000,5316.0902,N,00144.2887,W,1,0,,301.0,M,,M,,*40
$GPRMC,144056.000,A,5316.0902,N,00144.2887,W,0.000,0.00,240812,,A*61
$GPGGA,144111.000,5316.1151,N,00144.2987,W,1,0,,301.0,M,,M,,*4C
$GPRMC,144111.000,A,5316.1151,N,00144.2987,W,0.000,0.00,240812,,A*6D
$GPGGA,144126.000,5316.1028,N,00144.3051,W,1,0,,301.0,M,,M,,*44
$GPRMC,144126.000,A,5316.1028,N,00144.3051,W,0.000,0.00,240812,,A*65
$GPGGA,144141.000,5316.1000,N,00144.3062,W,1,0,,301.0,M,,M,,*4F
$GPRMC,144141.000,A,5316.1000,N,00144.3062,W,0.000,0.00,240812,,A*6E
$GPGGA,144156.000,5316.0979,N,00144.3076,W,1,0,,301.0,M,,M,,*4A
$GPRMC,144156.000,A,5316.0979,N,00144.3076,W,0.000,0.00,240812,,A*6B
$GPGGA,144216.000,5316.1085,N,00144.3186,W,1,0,,301.0,M,,M,,*48
$GPRMC,144216.000,A,5316.1085,N,00144.3186,W,0.000,0.00,240812,,A*69
$GPGGA,144231.000,5316.1108,N,00144.3191,W,1,0,,301.0,M,,M,,*4F
$GPRMC,144231.000,A,5316.1108,N,00144.3191,W,0.000,0.00,240812,,A*6E
$GPGGA,144246.000,5316.1108,N,00144.3068,W,1,0,,300.0,M,,M,,*49
$GPRMC,144246.000,A,5316.1108,N,00144.3068,W,0.000,0.00,240812,,A*69
$GPGGA,144301.000,5316.1117,N,00144.3033,W,1,0,,300.0,M,,M,,*4B
$GPRMC,144301.000,A,5316.1117,N,00144.3033,W,0.000,0.00,240812,,A*6B
$GPGGA,144358.000,5316.0931,N,00144.3089,W,1,0,,301.0,M,,M,,*4A
$GPRMC,144358.000,A,5316.0931,N,00144.3089,W,0.000,0.00,240812,,A*6B
$GPGGA,144414.000,5316.1110,N,00144.3024,W,1,0,,300.0,M,,M,,*49
$GPRMC,144414.000,A,5316.1110,N,00144.3024,W,0.000,0.00,240812,,A*69
$GPGGA,144429.000,5316.1119,N,00144.3030,W,1,0,,300.0,M,,M,,*4B
$GPRMC,144429.000,A,5316.1119,N,00144.3030,W,0.000,0.00,240812,,A*6B
$GPGGA,144444.000,5316.1147,N,00144.3033,W,1,0,,300.0,M,,M,,*48
$GPRMC,144444.000,A,5316.1147,N,00144.3033,W,0.000,0.00,240812,,A*68
$GPGGA,144507.000,5316.1192,N,00144.3071,W,1,0,,300.0,M,,M,,*40
$GPRMC,144507.000,A,5316.1192,N,00144.3071,W,0.000,0.00,240812,,A*60
$GPGGA,144525.000,5316.1117,N,00144.2927,W,1,0,,300.0,M,,M,,*46
$GPRMC,144525.000,A,5316.1117,N,00144.2927,W,0.000,0.00,240812,,A*66
$GPGGA,144540.000,5316.1183,N,00144.2939,W,1,0,,300.0,M,,M,,*47
$GPRMC,144540.000,A,5316.1183,N,00144.2939,W,0.000,0.00,240812,,A*67
$GPGGA,144556.000,5316.1188,N,00144.2939,W,1,0,,300.0,M,,M,,*4B
$GPRMC,144556.000,A,5316.1188,N,00144.2939,W,0.000,0.00,240812,,A*6B
$GPGGA,144611.000,5316.1133,N,00144.2927,W,1,0,,300.0,M,,M,,*44
$GPRMC,144611.000,A,5316.1133,N,00144.2927,W,0.000,0.00,240812,,A*64
$GPGGA,144627.000,5316.1105,N,00144.2917,W,1,0,,300.0,M,,M,,*47
$GPRMC,144627.000,A,5316.1105,N,00144.2917,W,0.000,0.00,240812,,A*67
$GPGGA,144644.000,5316.0986,N,00144.2784,W,1,0,,300.0,M,,M,,*44
$GPRMC,144644.000,A,5316.0986,N,00144.2784,W,0.000,0.00,240812,,A*64
$GPGGA,144710.000,5316.0730,N,00144.2633,W,1,0,,300.0,M,,M,,*4A
$GPRMC,144710.000,A,5316.0730,N,00144.2633,W,0.000,0.00,240812,,A*6A
$GPGGA,144817.000,5316.0538,N,00144.2714,W,1,0,,283.0,M,,M,,*46
$GPRMC,144817.000,A,5316.0538,N,00144.2714,W,0.000,0.00,240812,,A*6C
$GPGGA,144832.000,5316.0455,N,00144.2767,W,1,0,,283.0,M,,M,,*4F
$GPRMC,144832.000,A,5316.0455,N,00144.2767,W,0.000,0.00,240812,,A*65
$GPGGA,144847.000,5316.0380,N,00144.2820,W,1,0,,286.0,M,,M,,*4B
$GPRMC,144847.000,A,5316.0380,N,00144.2820,W,0.000,0.00,240812,,A*64
$GPGGA,144902.000,5316.0302,N,00144.2871,W,1,0,,289.0,M,,M,,*4A
$GPRMC,144902.000,A,5316.0302,N,00144.2871,W,0.000,0.00,240812,,A*6A
$GPGGA,144917.000,5316.0297,N,00144.2872,W,1,0,,289.0,M,,M,,*40
$GPRMC,144917.000,A,5316.0297,N,00144.2872,W,0.000,0.00,240812,,A*60
$GPGGA,144932.000,5316.0291,N,00144.2846,W,1,0,,289.0,M,,M,,*46
$GPRMC,144932.000,A,5316.0291,N,00144.2846,W,0.000,0.00,240812,,A*66
$GPGGA,144947.000,5316.0279,N,00144.2845,W,1,0,,289.0,M,,M,,*41
$GPRMC,144947.000,A,5316.0279,N,00144.2845,W,0.000,0.00,240812,,A*61
$GPGGA,145002.000,5316.0293,N,00144.2859,W,1,0,,289.0,M,,M,,*41
$GPRMC,145002.000,A,5316.0293,N,00144.2859,W,0.000,0.00,240812,,A*61
$GPGGA,145017.000,5316.0295,N,00144.2885,W,1,0,,289.0,M,,M,,*42
$GPRMC,145017.000,A,5316.0295,N,00144.2885,W,0.000,0.00,240812,,A*62
$GPGGA,145032.000,5316.0297,N,00144.2883,W,1,0,,289.0,M,,M,,*41
$GPRMC,145032.000,A,5316.0297,N,00144.2883,W,0.000,0.00,240812,,A*61
$GPGGA,145047.000,5316.0295,N,00144.2883,W,1,0,,289.0,M,,M,,*41
$GPRMC,145047.000,A,5316.0295,N,00144.2883,W,0.000,0.00,240812,,A*61
$GPGGA,145105.000,5316.0302,N,00144.2887,W,1,0,,289.0,M,,M,,*4D
$GPRMC,145105.000,A,5316.0302,N,00144.2887,W,0.000,0.00,240812,,A*6D
$GPGGA,145120.000,5316.0263,N,00144.2901,W,1,0,,290.0,M,,M,,*4B
$GPRMC,145120.000,A,5316.0263,N,00144.2901,W,0.000,0.00,240812,,A*63
$GPGGA,145135.000,5316.0281,N,00144.2939,W,1,0,,288.0,M,,M,,*41
$GPRMC,145135.000,A,5316.0281,N,00144.2939,W,0.000,0.00,240812,,A*60
$GPGGA,145150.000,5316.0242,N,00144.2962,W,1,0,,288.0,M,,M,,*43
$GPRMC,145150.000,A,5316.0242,N,00144.2962,W,0.000,0.00,240812,,A*62
$GPGGA,145215.000,5316.0242,N,00144.2959,W,1,0,,288.0,M,,M,,*49
$GPRMC,145215.000,A,5316.0242,N,00144.2959,W,0.000,0.00,240812,,A*68
$GPGGA,145230.000,5316.0210,N,00144.2963,W,1,0,,288.0,M,,M,,*40
$GPRMC,145230.000,A,5316.0210,N,00144.2963,W,0.000,0.00,240812,,A*61
$GPGGA,145246.000,5316.0265,N,00144.2968,W,1,0,,288.0,M,,M,,*48
$GPRMC,145246.000,A,5316.0265,N,00144.2968,W,0.000,0.00,240812,,A*69
$GPGGA,145301.000,5316.0229,N,00144.2938,W,1,0,,288.0,M,,M,,*47
$GPRMC,145301.000,A,5316.0229,N,00144.2938,W,0.000,0.00,240812,,A*66
$GPGGA,145316.000,5316.0245,N,00144.2987,W,1,0,,288.0,M,,M,,*4F
$GPRMC,145316.000,A,5316.0245,N,00144.2987,W,0.000,0.00,240812,,A*6E
$GPGGA,145332.000,5316.0213,N,00144.2973,W,1,0,,288.0,M,,M,,*41
$GPRMC,145332.000,A,5316.0213,N,00144.2973,W,0.000,0.00,240812,,A*60
$GPGGA,145347.000,5316.0210,N,00144.2943,W,1,0,,288.0,M,,M,,*43
$GPRMC,145347.000,A,5316.0210,N,00144.2943,W,0.000,0.00,240812,,A*62
$GPGGA,145402.000,5316.0295,N,00144.2941,W,1,0,,291.0,M,,M,,*42
$GPRMC,145402.000,A,5316.0295,N,00144.2941,W,0.000,0.00,240812,,A*6B
$GPGGA,145424.000,5316.0291,N,00144.2977,W,1,0,,289.0,M,,M,,*4E
$GPRMC,145424.000,A,5316.0291,N,00144.2977,W,0.000,0.00,240812,,A*6E
$GPGGA,145439.000,5316.0268,N,00144.2986,W,1,0,,289.0,M,,M,,*4A
$GPRMC,145439.000,A,5316.0268,N,00144.2986,W,0.000,0.00,240812,,A*6A
$GPGGA,145455.000,5316.0236,N,00144.3012,W,1,0,,289.0,M,,M,,*4E
$GPRMC,145455.000,A,5316.0236,N,00144.3012,W,0.000,0.00,240812,,A*6E
$GPGGA,145510.000,5316.0263,N,00144.3056,W,1,0,,289.0,M,,M,,*4E
$GPRMC,145510.000,A,5316.0263,N,00144.3056,W,0.000,0.00,240812,,A*6E
$GPGGA,145525.000,5316.0270,N,00144.3079,W,1,0,,289.0,M,,M,,*47
$GPRMC,145525.000,A,5316.0270,N,00144.3079,W,0.000,0.00,240812,,A*67
$GPGGA,145541.000,5316.0222,N,00144.3104,W,1,0,,289.0,M,,M,,*49
$GPRMC,145541.000,A,5316.0222,N,00144.3104,W,0.000,0.00,240812,,A*69
$GPGGA,145557.000,5316.0213,N,00144.3182,W,1,0,,289.0,M,,M,,*42
$GPRMC,145557.000,A,5316.0213,N,00144.3182,W,0.000,0.00,240812,,A*62
$GPGGA,145612.000,5316.0213,N,00144.3161,W,1,0,,289.0,M,,M,,*4D
$GPRMC,145612.000,A,5316.0213,N,00144.3161,W,0.000,0.00,240812,,A*6D
$GPGGA,145627.000,5316.0210,N,00144.3164,W,1,0,,289.0,M,,M,,*4D
$GPRMC,145627.000,A,5316.0210,N,00144.3164,W,0.000,0.00,240812,,A*6D
$GPGGA,145642.000,5316.0217,N,00144.3131,W,1,0,,289.0,M,,M,,*49
$GPRMC,145642.000,A,5316.0217,N,00144.3131,W,0.000,0.00,240812,,A*69
$GPGGA,145657.000,5316.0220,N,00144.3165,W,1,0,,289.0,M,,M,,*48
$GPRMC,145657.000,A,5316.0220,N,00144.3165,W,0.000,0.00,240812,,A*68
$GPGGA,145732.000,5316.0194,N,00144.3157,W,1,0,,286.0,M,,M,,*48
$GPRMC,145732.000,A,5316.0194,N,00144.3157,W,0.000,0.00,240812,,A*67
$GPGGA,145753.000,5316.0217,N,00144.3112,W,1,0,,288.0,M,,M,,*48
$GPRMC,145753.000,A,5316.0217,N,00144.3112,W,0.000,0.00,240812,,A*69
$GPGGA,145811.000,5316.0220,N,00144.3190,W,1,0,,287.0,M,,M,,*40
$GPRMC,145811.000,A,5316.0220,N,00144.3190,W,0.000,0.00,240812,,A*6E
$GPGGA,145830.000,5316.0162,N,00144.3237,W,1,0,,288.0,M,,M,,*47
$GPRMC,145830.000,A,5316.0162,N,00144.3237,W,0.000,0.00,240812,,A*66
$GPGGA,145846.000,5316.0172,N,00144.3160,W,1,0,,288.0,M,,M,,*46
$GPRMC,145846.000,A,5316.0172,N,00144.3160,W,0.000,0.00,240812,,A*67
$GPGGA,145912.000,5316.0064,N,00144.3298,W,1,0,,288.0,M,,M,,*44
$GPRMC,145912.000,A,5316.0064,N,00144.3298,W,0.000,0.00,240812,,A*65
$GPGGA,145944.000,5315.7725,N,00143.1238,W,1,0,,248.0,M,,M,,*42
$GPRMC,145944.000,A,5315.7725,N,00143.1238,W,0.000,0.00,240812,,A*6F
$GPGGA,145959.000,5315.9940,N,00144.3620,W,1,0,,249.0,M,,M,,*44
$GPRMC,145959.000,A,5315.9940,N,00144.3620,W,0.000,0.00,240812,,A*68
$GPGGA,150019.000,5315.9911,N,00144.3773,W,1,0,,246.0,M,,M,,*41
$GPRMC,150019.000,A,5315.9911,N,00144.3773,W,0.000,0.00,240812,,A*62
$GPGGA,150043.000,5315.9881,N,00144.4018,W,1,0,,250.0,M,,M,,*4C
$GPRMC,150043.000,A,5315.9881,N,00144.4018,W,0.000,0.00,240812,,A*68
$GPGGA,150106.000,5315.9922,N,00144.4557,W,1,0,,246.0,M,,M,,*4D
$GPRMC,150106.000,A,5315.9922,N,00144.4557,W,0.000,0.00,240812,,A*6E
$GPGGA,150127.000,5315.9718,N,00144.4312,W,1,0,,246.0,M,,M,,*4E
$GPRMC,150127.000,A,5315.9718,N,00144.4312,W,0.000,0.00,240812,,A*6D
$GPGGA,150154.000,5315.9709,N,00144.4456,W,1,0,,246.0,M,,M,,*4D
$GPRMC,150154.000,A,5315.9709,N,00144.4456,W,0.000,0.00,240812,,A*6E
$GPGGA,150221.000,5315.9657,N,00144.4663,W,1,0,,246.0,M,,M,,*42
$GPRMC,150221.000,A,5315.9657,N,00144.4663,W,0.000,0.00,240812,,A*61
$GPGGA,150242.000,5315.9608,N,00144.4818,W,1,0,,246.0,M,,M,,*4F
$GPRMC,150242.000,A,5315.9608,N,00144.4818,W,0.000,0.00,240812,,A*6C
$GPGGA,150257.000,5315.9517,N,00144.4895,W,1,0,,246.0,M,,M,,*43
$GPRMC,150257.000,A,5315.9517,N,00144.4895,W,0.000,0.00,240812,,A*60
$GPGGA,150317.000,5315.9313,N,00144.4750,W,1,0,,246.0,M,,M,,*42
$GPRMC,150317.000,A,5315.9313,N,00144.4750,W,0.000,0.00,240812,,A*61
$GPGGA,150343.000,5315.9338,N,00144.5018,W,1,0,,246.0,M,,M,,*40
$GPRMC,150343.000,A,5315.9338,N,00144.5018,W,0.000,0.00,240812,,A*63
$GPGGA,150358.000,5315.9393,N,00144.5083,W,1,0,,246.0,M,,M,,*49
$GPRMC,150358.000,A,5315.9393,N,00144.5083,W,0.000,0.00,240812,,A*6A
$GPGGA,150418.000,5315.9222,N,00144.5069,W,1,0,,246.0,M,,M,,*45
$GPRMC,150418.000,A,5315.9222,N,00144.5069,W,0.000,0.00,240812,,A*66
$GPGGA,150451.000,5315.9242,N,00144.5338,W,1,0,,247.0,M,,M,,*48
$GPRMC,150451.000,A,5315.9242,N,00144.5338,W,0.000,0.00,240812,,A*6A
$GPGGA,150545.000,5315.9425,N,00144.5775,W,1,0,,247.0,M,,M,,*46
$GPRMC,150545.000,A,5315.9425,N,00144.5775,W,0.000,0.00,240812,,A*64
$GPGGA,150605.000,5315.9130,N,00144.5560,W,1,0,,247.0,M,,M,,*46
$GPRMC,150605.000,A,5315.9130,N,00144.5560,W,0.000,0.00,240812,,A*64
$GPGGA,150620.000,5315.9084,N,00144.5632,W,1,0,,247.0,M,,M,,*4B
$GPRMC,150620.000,A,5315.9084,N,00144.5632,W,0.000,0.00,240812,,A*69
$GPGGA,150636.000,5315.9034,N,00144.5720,W,1,0,,247.0,M,,M,,*45
$GPRMC,150636.000,A,5315.9034,N,00144.5720,W,0.000,0.00,240812,,A*67
$GPGGA,150652.000,5315.9018,N,00144.5717,W,1,0,,247.0,M,,M,,*4D
$GPRMC,150652.000,A,5315.9018,N,00144.5717,W,0.000,0.00,240812,,A*6F
$GPGGA,150708.000,5315.8910,N,00144.5790,W,1,0,,247.0,M,,M,,*4C
$GPRMC,150708.000,A,5315.8910,N,00144.5790,W,0.000,0.00,240812,,A*6E
$GPGGA,150737.000,5315.8741,N,00144.6003,W,1,0,,247.0,M,,M,,*44
$GPRMC,150737.000,A,5315.8741,N,00144.6003,W,0.000,0.00,240812,,A*66
$GPGGA,150753.000,5315.8686,N,00144.6079,W,1,0,,247.0,M,,M,,*41
$GPRMC,150753.000,A,5315.8686,N,00144.6079,W,0.000,0.00,240812,,A*63
$GPGGA,150809.000,5315.8656,N,00144.6136,W,1,0,,247.0,M,,M,,*46
$GPRMC,150809.000,A,5315.8656,N,00144.6136,W,0.000,0.00,240812,,A*64
$GPGGA,150837.000,5315.8608,N,00144.6239,W,1,0,,247.0,M,,M,,*4C
$GPRMC,150837.000,A,5315.8608,N,00144.6239,W,0.000,0.00,240812,,A*6E
$GPGGA,150852.000,5315.8537,N,00144.6318,W,1,0,,247.0,M,,M,,*42
$GPRMC,150852.000,A,5315.8537,N,00144.6318,W,0.000,0.00,240812,,A*60
$GPGGA,150908.000,5315.8432,N,00144.6350,W,1,0,,247.0,M,,M,,*44
$GPRMC,150908.000,A,5315.8432,N,00144.6350,W,0.000,0.00,240812,,A*66
$GPGGA,150924.000,5315.8299,N,00144.6295,W,1,0,,247.0,M,,M,,*45
$GPRMC,150924.000,A,5315.8299,N,00144.6295,W,0.000,0.00,240812,,A*67
$GPGGA,150939.000,5315.8212,N,00144.6294,W,1,0,,247.0,M,,M,,*4B
$GPRMC,150939.000,A,5315.8212,N,00144.6294,W,0.000,0.00,240812,,A*69
$GPGGA,150954.000,5315.8199,N,00144.6311,W,1,0,,247.0,M,,M,,*4C
$GPRMC,150954.000,A,5315.8199,N,00144.6311,W,0.000,0.00,240812,,A*6E
$GPGGA,151010.000,5315.8169,N,00144.6339,W,1,0,,247.0,M,,M,,*41
$GPRMC,151010.000,A,5315.8169,N,00144.6339,W,0.000,0.00,240812,,A*63
$GPGGA,151026.000,5315.8128,N,00144.6307,W,1,0,,247.0,M,,M,,*4C
$GPRMC,151026.000,A,5315.8128,N,00144.6307,W,0.000,0.00,240812,,A*6E
$GPGGA,151041.000,5315.8118,N,00144.6308,W,1,0,,246.0,M,,M,,*40
$GPRMC,151041.000,A,5315.8118,N,00144.6308,W,0.000,0.00,240812,,A*63
$GPGGA,151056.000,5315.8116,N,00144.6303,W,1,0,,246.0,M,,M,,*43
$GPRMC,151056.000,A,5315.8116,N,00144.6303,W,0.000,0.00,240812,,A*60
$GPGGA,151111.000,5315.8073,N,00144.6281,W,1,0,,246.0,M,,M,,*48
$GPRMC,151111.000,A,5315.8073,N,00144.6281,W,0.000,0.00,240812,,A*6B
$GPGGA,151127.000,5315.8064,N,00144.6344,W,1,0,,246.0,M,,M,,*43
$GPRMC,151127.000,A,5315.8064,N,00144.6344,W,0.000,0.00,240812,,A*60
$GPGGA,151154.000,5315.8015,N,00144.6360,W,1,0,,246.0,M,,M,,*47
$GPRMC,151154.000,A,5315.8015,N,00144.6360,W,0.000,0.00,240812,,A*64
$GPGGA,151211.000,5315.7933,N,00144.6420,W,1,0,,246.0,M,,M,,*44
$GPRMC,151211.000,A,5315.7933,N,00144.6420,W,0.000,0.00,240812,,A*67
$GPGGA,151238.000,5315.7862,N,00144.6514,W,1,0,,246.0,M,,M,,*4C
$GPRMC,151238.000,A,5315.7862,N,00144.6514,W,0.000,0.00,240812,,A*6F
$GPGGA,151253.000,5315.7860,N,00144.6575,W,1,0,,246.0,M,,M,,*44
$GPRMC,151253.000,A,5315.7860,N,00144.6575,W,0.000,0.00,240812,,A*67
$GPGGA,151309.000,5315.7775,N,00144.6605,W,1,0,,246.0,M,,M,,*45
$GPRMC,151309.000,A,5315.7775,N,00144.6605,W,0.000,0.00,240812,,A*66
$GPGGA,151324.000,5315.7688,N,00144.6684,W,1,0,,246.0,M,,M,,*40
$GPRMC,151324.000,A,5315.7688,N,00144.6684,W,0.000,0.00,240812,,A*63
$GPGGA,151339.000,5315.7679,N,00144.6697,W,1,0,,246.0,M,,M,,*40
$GPRMC,151339.000,A,5315.7679,N,00144.6697,W,0.000,0.00,240812,,A*63
$GPGGA,151355.000,5315.7670,N,00144.6759,W,1,0,,246.0,M,,M,,*40
$GPRMC,151355.000,A,5315.7670,N,00144.6759,W,0.000,0.00,240812,,A*63
$GPGGA,151410.000,5315.7613,N,00144.6855,W,1,0,,246.0,M,,M,,*40
$GPRMC,151410.000,A,5315.7613,N,00144.6855,W,0.000,0.00,240812,,A*63
$GPGGA,151426.000,5315.7413,N,00144.6790,W,1,0,,246.0,M,,M,,*41
$GPRMC,151426.000,A,5315.7413,N,00144.6790,W,0.000,0.00,240812,,A*62
$GPGGA,151441.000,5315.7388,N,00144.6946,W,1,0,,246.0,M,,M,,*40
$GPRMC,151441.000,A,5315.7388,N,00144.6946,W,0.000,0.00,240812,,A*63
$GPGGA,151456.000,5315.7372,N,00144.6943,W,1,0,,246.0,M,,M,,*46
$GPRMC,151456.000,A,5315.7372,N,00144.6943,W,0.000,0.00,240812,,A*65
$GPGGA,151514.000,5315.7320,N,00144.6840,W,1,0,,246.0,M,,M,,*44
$GPRMC,151514.000,A,5315.7320,N,00144.6840,W,0.000,0.00,240812,,A*67
$GPGGA,151529.000,5315.7278,N,00144.6885,W,1,0,,246.0,M,,M,,*4F
$GPRMC,151529.000,A,5315.7278,N,00144.6885,W,0.000,0.00,240812,,A*6C
$GPGGA,151544.000,5315.7166,N,00144.7006,W,1,0,,246.0,M,,M,,*4A
$GPRMC,151544.000,A,5315.7166,N,00144.7006,W,0.000,0.00,240812,,A*69
$GPGGA,151559.000,5315.7111,N,00144.7034,W,1,0,,246.0,M,,M,,*47
$GPRMC,151559.000,A,5315.7111,N,00144.7034,W,0.000,0.00,240812,,A*64
$GPGGA,151615.000,5315.7020,N,00144.7039,W,1,0,,246.0,M,,M,,*42
$GPRMC,151615.000,A,5315.7020,N,00144.7039,W,0.000,0.00,240812,,A*61
$GPGGA,151631.000,5315.6931,N,00144.7114,W,1,0,,247.0,M,,M,,*43
$GPRMC,151631.000,A,5315.6931,N,00144.7114,W,0.000,0.00,240812,,A*61
$GPGGA,151647.000,5315.6823,N,00144.7220,W,1,0,,246.0,M,,M,,*45
$GPRMC,151647.000,A,5315.6823,N,00144.7220,W,0.000,0.00,240812,,A*66
$GPGGA,151702.000,5315.6722,N,00144.7235,W,1,0,,246.0,M,,M,,*4F
$GPRMC,151702.000,A,5315.6722,N,00144.7235,W,0.000,0.00,240812,,A*6C
$GPGGA,151718.000,5315.6706,N,00144.7260,W,1,0,,246.0,M,,M,,*42
$GPRMC,151718.000,A,5315.6706,N,00144.7260,W,0.000,0.00,240812,,A*61
$GPGGA,151733.000,5315.6514,N,00144.7175,W,1,0,,246.0,M,,M,,*4D
$GPRMC,151733.000,A,5315.6514,N,00144.7175,W,0.000,0.00,240812,,A*6E
$GPGGA,151748.000,5315.6438,N,00144.7187,W,1,0,,246.0,M,,M,,*43
$GPRMC,151748.000,A,5315.6438,N,00144.7187,W,0.000,0.00,240812,,A*60
$GPGGA,151804.000,5315.6393,N,00144.7302,W,1,0,,246.0,M,,M,,*4D
$GPRMC,151804.000,A,5315.6393,N,00144.7302,W,0.000,0.00,240812,,A*6E
$GPGGA,151819.000,5315.6248,N,00144.7421,W,1,0,,246.0,M,,M,,*40
$GPRMC,151819.000,A,5315.6248,N,00144.7421,W,0.000,0.00,240812,,A*63
$GPGGA,151834.000,5315.6118,N,00144.7377,W,1,0,,246.0,M,,M,,*4D
$GPRMC,151834.000,A,5315.6118,N,00144.7377,W,0.000,0.00,240812,,A*6E
$GPGGA,151903.000,5315.6049,N,00144.7363,W,1,0,,246.0,M,,M,,*48
$GPRMC,151903.000,A,5315.6049,N,00144.7363,W,0.000,0.00,240812,,A*6B
$GPGGA,151919.000,5315.5923,N,00144.7339,W,1,0,,246.0,M,,M,,*4A
$GPRMC,151919.000,A,5315.5923,N,00144.7339,W,0.000,0.00,240812,,A*69
$GPGGA,151934.000,5315.5841,N,00144.7373,W,1,0,,246.0,M,,M,,*4E
$GPRMC,151934.000,A,5315.5841,N,00144.7373,W,0.000,0.00,240812,,A*6D
$GPGGA,151950.000,5315.5699,N,00144.7324,W,1,0,,246.0,M,,M,,*45
$GPRMC,151950.000,A,5315.5699,N,00144.7324,W,0.000,0.00,240812,,A*66
$GPGGA,152006.000,5315.5576,N,00144.7257,W,1,0,,246.0,M,,M,,*4B
$GPRMC,152006.000,A,5315.5576,N,00144.7257,W,0.000,0.00,240812,,A*68
$GPGGA,152021.000,5315.5479,N,00144.7246,W,1,0,,246.0,M,,M,,*40
$GPRMC,152021.000,A,5315.5479,N,00144.7246,W,0.000,0.00,240812,,A*63
$GPGGA,152049.000,5315.5264,N,00144.7235,W,1,0,,246.0,M,,M,,*40
$GPRMC,152049.000,A,5315.5264,N,00144.7235,W,0.000,0.00,240812,,A*63
$GPGGA,152105.000,5315.5191,N,00144.7181,W,1,0,,246.0,M,,M,,*4C
$GPRMC,152105.000,A,5315.5191,N,00144.7181,W,0.000,0.00,240812,,A*6F
$GPGGA,152120.000,5315.5056,N,00144.7176,W,1,0,,246.0,M,,M,,*49
$GPRMC,152120.000,A,5315.5056,N,00144.7176,W,0.000,0.00,240812,,A*6A
$GPGGA,152136.000,5315.4848,N,00144.7097,W,1,0,,246.0,M,,M,,*46
$GPRMC,152136.000,A,5315.4848,N,00144.7097,W,0.000,0.00,240812,,A*65
$GPGGA,152151.000,5315.4713,N,00144.7115,W,1,0,,246.0,M,,M,,*4D
$GPRMC,152151.000,A,5315.4713,N,00144.7115,W,0.000,0.00,240812,,A*6E
$GPGGA,152206.000,5315.4685,N,00144.7125,W,1,0,,246.0,M,,M,,*41
$GPRMC,152206.000,A,5315.4685,N,00144.7125,W,0.000,0.00,240812,,A*62
$GPGGA,152221.000,5315.4607,N,00144.7127,W,1,0,,246.0,M,,M,,*4C
$GPRMC,152221.000,A,5315.4607,N,00144.7127,W,0.000,0.00,240812,,A*6F
$GPGGA,152236.000,5315.4374,N,00144.6928,W,1,0,,246.0,M,,M,,*4D
$GPRMC,152236.000,A,5315.4374,N,00144.6928,W,0.000,0.00,240812,,A*6E
$GPGGA,152253.000,5315.4276,N,00144.6946,W,1,0,,246.0,M,,M,,*45
$GPRMC,152253.000,A,5315.4276,N,00144.6946,W,0.000,0.00,240812,,A*66
$GPGGA,152322.000,5315.4090,N,00144.6789,W,1,0,,246.0,M,,M,,*45
$GPRMC,152322.000,A,5315.4090,N,00144.6789,W,0.000,0.00,240812,,A*66
$GPGGA,152338.000,5315.4028,N,00144.6806,W,1,0,,246.0,M,,M,,*45
$GPRMC,152338.000,A,5315.4028,N,00144.6806,W,0.000,0.00,240812,,A*66
$GPGGA,152353.000,5315.3930,N,00144.6838,W,1,0,,246.0,M,,M,,*42
$GPRMC,152353.000,A,5315.3930,N,00144.6838,W,0.000,0.00,240812,,A*61
$GPGGA,152408.000,5315.3882,N,00144.6831,W,1,0,,246.0,M,,M,,*4A
$GPRMC,152408.000,A,5315.3882,N,00144.6831,W,0.000,0.00,240812,,A*69
$GPGGA,152424.000,5315.3580,N,00144.6578,W,1,0,,246.0,M,,M,,*4B
$GPRMC,152424.000,A,5315.3580,N,00144.6578,W,0.000,0.00,240812,,A*68
$GPGGA,152439.000,5315.3522,N,00144.6585,W,1,0,,246.0,M,,M,,*4D
$GPRMC,152439.000,A,5315.3522,N,00144.6585,W,0.000,0.00,240812,,A*6E
$GPGGA,152454.000,5315.3410,N,00144.6560,W,1,0,,246.0,M,,M,,*4D
$GPRMC,152454.000,A,5315.3410,N,00144.6560,W,0.000,0.00,240812,,A*6E
$GPGGA,152510.000,5315.3250,N,00144.6441,W,1,0,,246.0,M,,M,,*4C
$GPRMC,152510.000,A,5315.3250,N,00144.6441,W,0.000,0.00,240812,,A*6F
$GPGGA,152526.000,5315.3209,N,00144.6402,W,1,0,,245.0,M,,M,,*41
$GPRMC,152526.000,A,5315.3209,N,00144.6402,W,0.000,0.00,240812,,A*61
$GPGGA,152541.000,5315.3076,N,00144.6250,W,1,0,,246.0,M,,M,,*48
$GPRMC,152541.000,A,5315.3076,N,00144.6250,W,0.000,0.00,240812,,A*6B
$GPGGA,152556.000,5315.3014,N,00144.6214,W,1,0,,245.0,M,,M,,*49
$GPRMC,152556.000,A,5315.3014,N,00144.6214,W,0.000,0.00,240812,,A*69
$GPGGA,152611.000,5315.2925,N,00144.6185,W,1,0,,246.0,M,,M,,*4B
$GPRMC,152611.000,A,5315.2925,N,00144.6185,W,0.000,0.00,240812,,A*68
$GPGGA,152627.000,5315.2808,N,00144.6106,W,1,0,,246.0,M,,M,,*4B
$GPRMC,152627.000,A,5315.2808,N,00144.6106,W,0.000,0.00,240812,,A*68
$GPGGA,152655.000,5315.2612,N,00144.5998,W,1,0,,245.0,M,,M,,*44
$GPRMC,152655.000,A,5315.2612,N,00144.5998,W,0.000,0.00,240812,,A*64
$GPGGA,152710.000,5315.2527,N,00144.5918,W,1,0,,245.0,M,,M,,*49
$GPRMC,152710.000,A,5315.2527,N,00144.5918,W,0.000,0.00,240812,,A*69
$GPGGA,152729.000,5315.2298,N,00144.5727,W,1,0,,245.0,M,,M,,*42
$GPRMC,152729.000,A,5315.2298,N,00144.5727,W,0.000,0.00,240812,,A*62
$GPGGA,152744.000,5315.2195,N,00144.5641,W,1,0,,245.0,M,,M,,*46
$GPRMC,152744.000,A,5315.2195,N,00144.5641,W,0.000,0.00,240812,,A*66
$GPGGA,152811.000,5315.2094,N,00144.5649,W,1,0,,245.0,M,,M,,*41
$GPRMC,152811.000,A,5315.2094,N,00144.5649,W,0.000,0.00,240812,,A*61
$GPGGA,152826.000,5315.1968,N,00144.5569,W,1,0,,245.0,M,,M,,*4D
$GPRMC,152826.000,A,5315.1968,N,00144.5569,W,0.000,0.00,240812,,A*6D
$GPGGA,152842.000,5315.1849,N,00144.5445,W,1,0,,245.0,M,,M,,*42
$GPRMC,152842.000,A,5315.1849,N,00144.5445,W,0.000,0.00,240812,,A*62
$GPGGA,152858.000,5315.1749,N,00144.5390,W,1,0,,245.0,M,,M,,*49
$GPRMC,152858.000,A,5315.1749,N,00144.5390,W,0.000,0.00,240812,,A*69
$GPGGA,152913.000,5315.1609,N,00144.5236,W,1,0,,245.0,M,,M,,*4F
$GPRMC,152913.000,A,5315.1609,N,00144.5236,W,0.000,0.00,240812,,A*6F
$GPGGA,152928.000,5315.1536,N,00144.5118,W,1,0,,245.0,M,,M,,*47
$GPRMC,152928.000,A,5315.1536,N,00144.5118,W,0.000,0.00,240812,,A*67
$GPGGA,152943.000,5315.1458,N,00144.4974,W,1,0,,245.0,M,,M,,*40
$GPRMC,152943.000,A,5315.1458,N,00144.4974,W,0.000,0.00,240812,,A*60
$GPGGA,152959.000,5315.1300,N,00144.4928,W,1,0,,245.0,M,,M,,*48
$GPRMC,152959.000,A,5315.1300,N,00144.4928,W,0.000,0.00,240812,,A*68
$GPGGA,153015.000,5315.1192,N,00144.4703,W,1,0,,245.0,M,,M,,*46
$GPRMC,153015.000,A,5315.1192,N,00144.4703,W,0.000,0.00,240812,,A*66
$GPGGA,153030.000,5315.1025,N,00144.4611,W,1,0,,244.0,M,,M,,*4F
$GPRMC,153030.000,A,5315.1025,N,00144.4611,W,0.000,0.00,240812,,A*6E
$GPGGA,153046.000,5315.1012,N,00144.4653,W,1,0,,244.0,M,,M,,*4C
$GPRMC,153046.000,A,5315.1012,N,00144.4653,W,0.000,0.00,240812,,A*6D
$GPGGA,153102.000,5315.0906,N,00144.4780,W,1,0,,244.0,M,,M,,*4F
$GPRMC,153102.000,A,5315.0906,N,00144.4780,W,0.000,0.00,240812,,A*6E
$GPGGA,153129.000,5315.0774,N,00144.5091,W,1,0,,244.0,M,,M,,*4B
$GPRMC,153129.000,A,5315.0774,N,00144.5091,W,0.000,0.00,240812,,A*6A
$GPGGA,153146.000,5315.0602,N,00144.5631,W,1,0,,243.0,M,,M,,*49
$GPRMC,153146.000,A,5315.0602,N,00144.5631,W,0.000,0.00,240812,,A*6F
$GPGGA,153202.000,5315.0712,N,00144.5583,W,1,0,,243.0,M,,M,,*40
$GPRMC,153202.000,A,5315.0712,N,00144.5583,W,0.000,0.00,240812,,A*66
$GPGGA,153218.000,5315.0767,N,00144.5632,W,1,0,,243.0,M,,M,,*40
$GPRMC,153218.000,A,5315.0767,N,00144.5632,W,0.000,0.00,240812,,A*66
$GPGGA,153234.000,5315.0934,N,00144.5654,W,1,0,,243.0,M,,M,,*46
$GPRMC,153234.000,A,5315.0934,N,00144.5654,W,0.000,0.00,240812,,A*60
$GPGGA,153249.000,5315.1055,N,00144.5682,W,1,0,,243.0,M,,M,,*48
$GPRMC,153249.000,A,5315.1055,N,00144.5682,W,0.000,0.00,240812,,A*6E
$GPGGA,153304.000,5315.1250,N,00144.5671,W,1,0,,243.0,M,,M,,*4B
$GPRMC,153304.000,A,5315.1250,N,00144.5671,W,0.000,0.00,240812,,A*6D
$GPGGA,153319.000,5315.1344,N,00144.5832,W,1,0,,242.0,M,,M,,*4B
$GPRMC,153319.000,A,5315.1344,N,00144.5832,W,0.000,0.00,240812,,A*6C
$GPGGA,153334.000,5315.1364,N,00144.5912,W,1,0,,242.0,M,,M,,*45
$GPRMC,153334.000,A,5315.1364,N,00144.5912,W,0.000,0.00,240812,,A*62
$GPGGA,153351.000,5315.1346,N,00144.6191,W,1,0,,242.0,M,,M,,*46
$GPRMC,153351.000,A,5315.1346,N,00144.6191,W,0.000,0.00,240812,,A*61
$GPGGA,153406.000,5315.1330,N,00144.6261,W,1,0,,242.0,M,,M,,*4E
$GPRMC,153406.000,A,5315.1330,N,00144.6261,W,0.000,0.00,240812,,A*69
$GPGGA,153421.000,5315.1344,N,00144.6388,W,1,0,,242.0,M,,M,,*4E
$GPRMC,153421.000,A,5315.1344,N,00144.6388,W,0.000,0.00,240812,,A*69
$GPGGA,153437.000,5315.1337,N,00144.6504,W,1,0,,241.0,M,,M,,*4C
$GPRMC,153437.000,A,5315.1337,N,00144.6504,W,0.000,0.00,240812,,A*68
$GPGGA,153452.000,5315.1344,N,00144.6912,W,1,0,,241.0,M,,M,,*40
$GPRMC,153452.000,A,5315.1344,N,00144.6912,W,0.000,0.00,240812,,A*64
$GPGGA,153507.000,5315.1263,N,00144.6935,W,1,0,,241.0,M,,M,,*40
$GPRMC,153507.000,A,5315.1263,N,00144.6935,W,0.000,0.00,240812,,A*64
$GPGGA,153522.000,5315.1259,N,00144.7106,W,1,0,,241.0,M,,M,,*47
$GPRMC,153522.000,A,5315.1259,N,00144.7106,W,0.000,0.00,240812,,A*63
$GPGGA,153538.000,5315.1243,N,00144.7262,W,1,0,,240.0,M,,M,,*47
$GPRMC,153538.000,A,5315.1243,N,00144.7262,W,0.000,0.00,240812,,A*62
$GPGGA,153553.000,5315.1414,N,00144.7212,W,1,0,,240.0,M,,M,,*49
$GPRMC,153553.000,A,5315.1414,N,00144.7212,W,0.000,0.00,240812,,A*6C
$GPGGA,153611.000,5315.1643,N,00144.7125,W,1,0,,240.0,M,,M,,*4B
$GPRMC,153611.000,A,5315.1643,N,00144.7125,W,0.000,0.00,240812,,A*6E
$GPGGA,153628.000,5315.1955,N,00144.6565,W,1,0,,240.0,M,,M,,*48
$GPRMC,153628.000,A,5315.1955,N,00144.6565,W,0.000,0.00,240812,,A*6D
$GPGGA,153645.000,5315.1989,N,00144.6561,W,1,0,,240.0,M,,M,,*46
$GPRMC,153645.000,A,5315.1989,N,00144.6561,W,0.000,0.00,240812,,A*63
$GPGGA,153714.000,5315.1966,N,00144.6677,W,1,0,,240.0,M,,M,,*46
$GPRMC,153714.000,A,5315.1966,N,00144.6677,W,0.000,0.00,240812,,A*63
$GPGGA,153735.000,5315.1939,N,00144.6748,W,1,0,,240.0,M,,M,,*42
$GPRMC,153735.000,A,5315.1939,N,00144.6748,W,0.000,0.00,240812,,A*67
$GPGGA,153802.000,5315.1911,N,00144.6684,W,1,0,,240.0,M,,M,,*42
$GPRMC,153802.000,A,5315.1911,N,00144.6684,W,0.000,0.00,240812,,A*67
$GPGGA,153817.000,5315.1637,N,00144.7399,W,1,0,,240.0,M,,M,,*45
$GPRMC,153817.000,A,5315.1637,N,00144.7399,W,0.000,0.00,240812,,A*60
$GPGGA,153834.000,5315.1641,N,00144.7422,W,1,0,,240.0,M,,M,,*42
$GPRMC,153834.000,A,5315.1641,N,00144.7422,W,0.000,0.00,240812,,A*67
$GPGGA,153906.000,5315.1675,N,00144.7495,W,1,0,,240.0,M,,M,,*49
$GPRMC,153906.000,A,5315.1675,N,00144.7495,W,0.000,0.00,240812,,A*6C
$GPGGA,153934.000,5315.1490,N,00144.7952,W,1,0,,240.0,M,,M,,*47
$GPRMC,153934.000,A,5315.1490,N,00144.7952,W,0.000,0.00,240812,,A*62
$GPGGA,154006.000,5315.1286,N,00144.8262,W,1,0,,240.0,M,,M,,*4E
$GPRMC,154006.000,A,5315.1286,N,00144.8262,W,0.000,0.00,240812,,A*6B
$GPGGA,154022.000,5315.1229,N,00144.8323,W,1,0,,240.0,M,,M,,*49
$GPRMC,154022.000,A,5315.1229,N,00144.8323,W,0.000,0.00,240812,,A*6C
$GPGGA,154038.000,5315.1149,N,00144.8390,W,1,0,,240.0,M,,M,,*4F
$GPRMC,154038.000,A,5315.1149,N,00144.8390,W,0.000,0.00,240812,,A*6A
$GPGGA,154107.000,5315.0980,N,00144.8796,W,1,0,,240.0,M,,M,,*4C
$GPRMC,154107.000,A,5315.0980,N,00144.8796,W,0.000,0.00,240812,,A*69
$GPGGA,154122.000,5315.0909,N,00144.8801,W,1,0,,240.0,M,,M,,*4B
$GPRMC,154122.000,A,5315.0909,N,00144.8801,W,0.000,0.00,240812,,A*6E
$GPGGA,154137.000,5315.0835,N,00144.8874,W,1,0,,240.0,M,,M,,*43
$GPRMC,154137.000,A,5315.0835,N,00144.8874,W,0.000,0.00,240812,,A*66
$GPGGA,154153.000,5315.0760,N,00144.9160,W,1,0,,240.0,M,,M,,*43
$GPRMC,154153.000,A,5315.0760,N,00144.9160,W,0.000,0.00,240812,,A*66
$GPGGA,154209.000,5315.0677,N,00144.9249,W,1,0,,240.0,M,,M,,*40
$GPRMC,154209.000,A,5315.0677,N,00144.9249,W,0.000,0.00,240812,,A*65
$GPGGA,154224.000,5315.0593,N,00144.9505,W,1,0,,240.0,M,,M,,*49
$GPRMC,154224.000,A,5315.0593,N,00144.9505,W,0.000,0.00,240812,,A*6C
$GPGGA,154239.000,5315.0556,N,00144.9838,W,1,0,,240.0,M,,M,,*4F
$GPRMC,154239.000,A,5315.0556,N,00144.9838,W,0.000,0.00,240812,,A*6A
$GPGGA,154254.000,5315.0629,N,00145.0133,W,1,0,,239.0,M,,M,,*4B
$GPRMC,154254.000,A,5315.0629,N,00145.0133,W,0.000,0.00,240812,,A*60
$GPGGA,154310.000,5315.0629,N,00145.0254,W,1,0,,239.0,M,,M,,*48
$GPRMC,154310.000,A,5315.0629,N,00145.0254,W,0.000,0.00,240812,,A*63
$GPGGA,154325.000,5315.0691,N,00145.0380,W,1,0,,239.0,M,,M,,*45
$GPRMC,154325.000,A,5315.0691,N,00145.0380,W,0.000,0.00,240812,,A*6E
$GPGGA,154340.000,5315.0801,N,00145.0536,W,1,0,,238.0,M,,M,,*4B
$GPRMC,154340.000,A,5315.0801,N,00145.0536,W,0.000,0.00,240812,,A*61
$GPGGA,154356.000,5315.0824,N,00145.0911,W,1,0,,238.0,M,,M,,*42
$GPRMC,154356.000,A,5315.0824,N,00145.0911,W,0.000,0.00,240812,,A*68
$GPGGA,154424.000,5315.1094,N,00145.1075,W,1,0,,237.0,M,,M,,*47
$GPRMC,154424.000,A,5315.1094,N,00145.1075,W,0.000,0.00,240812,,A*62
$GPGGA,154439.000,5315.1083,N,00145.1115,W,1,0,,236.0,M,,M,,*4B
$GPRMC,154439.000,A,5315.1083,N,00145.1115,W,0.000,0.00,240812,,A*6F
$GPGGA,154454.000,5315.1103,N,00145.1231,W,1,0,,236.0,M,,M,,*4C
$GPRMC,154454.000,A,5315.1103,N,00145.1231,W,0.000,0.00,240812,,A*68
$GPGGA,154510.000,5315.1222,N,00145.1291,W,1,0,,236.0,M,,M,,*47
$GPRMC,154510.000,A,5315.1222,N,00145.1291,W,0.000,0.00,240812,,A*63
$GPGGA,154527.000,5315.1414,N,00145.1298,W,1,0,,235.0,M,,M,,*4A
$GPRMC,154527.000,A,5315.1414,N,00145.1298,W,0.000,0.00,240812,,A*6D
$GPGGA,154542.000,5315.1364,N,00145.1490,W,1,0,,235.0,M,,M,,*47
$GPRMC,154542.000,A,5315.1364,N,00145.1490,W,0.000,0.00,240812,,A*60
$GPGGA,154558.000,5315.1547,N,00145.1473,W,1,0,,235.0,M,,M,,*46
$GPRMC,154558.000,A,5315.1547,N,00145.1473,W,0.000,0.00,240812,,A*61
$GPGGA,154627.000,5315.1746,N,00145.1654,W,1,0,,235.0,M,,M,,*49
$GPRMC,154627.000,A,5315.1746,N,00145.1654,W,0.000,0.00,240812,,A*6E
$GPGGA,154643.000,5315.1753,N,00145.1693,W,1,0,,235.0,M,,M,,*44
$GPRMC,154643.000,A,5315.1753,N,00145.1693,W,0.000,0.00,240812,,A*63
$GPGGA,154658.000,5315.1756,N,00145.1697,W,1,0,,235.0,M,,M,,*4F
$GPRMC,154658.000,A,5315.1756,N,00145.1697,W,0.000,0.00,240812,,A*68
$GPGGA,154715.000,5315.2037,N,00145.1456,W,1,0,,235.0,M,,M,,*4B
$GPRMC,154715.000,A,5315.2037,N,00145.1456,W,0.000,0.00,240812,,A*6C
$GPGGA,154732.000,5315.2195,N,00145.1595,W,1,0,,234.0,M,,M,,*48
$GPRMC,154732.000,A,5315.2195,N,00145.1595,W,0.000,0.00,240812,,A*6E
$GPGGA,154801.000,5315.2458,N,00145.1594,W,1,0,,233.0,M,,M,,*45
$GPRMC,154801.000,A,5315.2458,N,00145.1594,W,0.000,0.00,240812,,A*64
$GPGGA,154818.000,5315.2648,N,00145.1595,W,1,0,,233.0,M,,M,,*4F
$GPRMC,154818.000,A,5315.2648,N,00145.1595,W,0.000,0.00,240812,,A*6E
$GPGGA,154833.000,5315.2616,N,00145.1764,W,1,0,,233.0,M,,M,,*41
$GPRMC,154833.000,A,5315.2616,N,00145.1764,W,0.000,0.00,240812,,A*60
$GPGGA,154848.000,5315.2694,N,00145.1763,W,1,0,,233.0,M,,M,,*40
$GPRMC,154848.000,A,5315.2694,N,00145.1763,W,0.000,0.00,240812,,A*61
$GPGGA,154903.000,5315.2756,N,00145.1991,W,1,0,,233.0,M,,M,,*42
$GPRMC,154903.000,A,5315.2756,N,00145.1991,W,0.000,0.00,240812,,A*63
$GPGGA,154918.000,5315.2779,N,00145.2123,W,1,0,,232.0,M,,M,,*46
$GPRMC,154918.000,A,5315.2779,N,00145.2123,W,0.000,0.00,240812,,A*66
$GPGGA,154933.000,5315.2815,N,00145.2231,W,1,0,,232.0,M,,M,,*4A
$GPRMC,154933.000,A,5315.2815,N,00145.2231,W,0.000,0.00,240812,,A*6A
$GPGGA,154948.000,5315.2934,N,00145.2221,W,1,0,,232.0,M,,M,,*45
$GPRMC,154948.000,A,5315.2934,N,00145.2221,W,0.000,0.00,240812,,A*65
$GPGGA,155003.000,5315.2973,N,00145.2292,W,1,0,,232.0,M,,M,,*49
$GPRMC,155003.000,A,5315.2973,N,00145.2292,W,0.000,0.00,240812,,A*69
$GPGGA,155018.000,5315.2980,N,00145.2344,W,1,0,,232.0,M,,M,,*45
$GPRMC,155018.000,A,5315.2980,N,00145.2344,W,0.000,0.00,240812,,A*65
$GPGGA,155033.000,5315.2911,N,00145.2539,W,1,0,,232.0,M,,M,,*48
$GPRMC,155033.000,A,5315.2911,N,00145.2539,W,0.000,0.00,240812,,A*68
$GPGGA,155049.000,5315.2879,N,00145.2867,W,1,0,,232.0,M,,M,,*4C
$GPRMC,155049.000,A,5315.2879,N,00145.2867,W,0.000,0.00,240812,,A*6C
$GPGGA,155104.000,5315.2790,N,00145.3050,W,1,0,,232.0,M,,M,,*41
$GPRMC,155104.000,A,5315.2790,N,00145.3050,W,0.000,0.00,240812,,A*61
$GPGGA,155119.000,5315.2719,N,00145.3088,W,1,0,,232.0,M,,M,,*49
$GPRMC,155119.000,A,5315.2719,N,00145.3088,W,0.000,0.00,240812,,A*69
$GPGGA,155134.000,5315.2634,N,00145.3217,W,1,0,,232.0,M,,M,,*4C
$GPRMC,155134.000,A,5315.2634,N,00145.3217,W,0.000,0.00,240812,,A*6C
$GPGGA,155149.000,5315.2602,N,00145.3291,W,1,0,,231.0,M,,M,,*4E
$GPRMC,155149.000,A,5315.2602,N,00145.3291,W,0.000,0.00,240812,,A*6D
$GPGGA,155205.000,5315.2426,N,00145.3530,W,1,0,,231.0,M,,M,,*4D
$GPRMC,155205.000,A,5315.2426,N,00145.3530,W,0.000,0.00,240812,,A*6E
$GPGGA,155221.000,5315.2367,N,00145.3684,W,1,0,,231.0,M,,M,,*45
$GPRMC,155221.000,A,5315.2367,N,00145.3684,W,0.000,0.00,240812,,A*66
$GPGGA,155236.000,5315.2280,N,00145.3894,W,1,0,,231.0,M,,M,,*44
$GPRMC,155236.000,A,5315.2280,N,00145.3894,W,0.000,0.00,240812,,A*67
$GPGGA,155251.000,5315.2222,N,00145.3940,W,1,0,,231.0,M,,M,,*45
$GPRMC,155251.000,A,5315.2222,N,00145.3940,W,0.000,0.00,240812,,A*66
$GPGGA,155306.000,5315.2184,N,00145.4031,W,1,0,,231.0,M,,M,,*41
$GPRMC,155306.000,A,5315.2184,N,00145.4031,W,0.000,0.00,240812,,A*62
$GPGGA,155321.000,5315.2145,N,00145.4380,W,1,0,,231.0,M,,M,,*40
$GPRMC,155321.000,A,5315.2145,N,00145.4380,W,0.000,0.00,240812,,A*63
$GPGGA,155337.000,5315.2103,N,00145.4476,W,1,0,,231.0,M,,M,,*4B
$GPRMC,155337.000,A,5315.2103,N,00145.4476,W,0.000,0.00,240812,,A*68
$GPGGA,155353.000,5315.2076,N,00145.4567,W,1,0,,231.0,M,,M,,*4B
$GPRMC,155353.000,A,5315.2076,N,00145.4567,W,0.000,0.00,240812,,A*68
$GPGGA,155410.000,5315.2053,N,00145.5083,W,1,0,,231.0,M,,M,,*42
$GPRMC,155410.000,A,5315.2053,N,00145.5083,W,0.000,0.00,240812,,A*61
$GPGGA,155438.000,5315.2131,N,00145.5238,W,1,0,,231.0,M,,M,,*4F
$GPRMC,155438.000,A,5315.2131,N,00145.5238,W,0.000,0.00,240812,,A*6C
$GPGGA,155453.000,5315.2117,N,00145.5681,W,1,0,,230.0,M,,M,,*41
$GPRMC,155453.000,A,5315.2117,N,00145.5681,W,0.000,0.00,240812,,A*63
$GPGGA,155509.000,5315.2151,N,00145.5853,W,1,0,,230.0,M,,M,,*4C
$GPRMC,155509.000,A,5315.2151,N,00145.5853,W,0.000,0.00,240812,,A*6E
$GPGGA,155524.000,5315.2131,N,00145.5944,W,1,0,,230.0,M,,M,,*42
$GPRMC,155524.000,A,5315.2131,N,00145.5944,W,0.000,0.00,240812,,A*60
$GPGGA,155540.000,5315.2161,N,00145.6036,W,1,0,,230.0,M,,M,,*4A
$GPRMC,155540.000,A,5315.2161,N,00145.6036,W,0.000,0.00,240812,,A*68
$GPGGA,155556.000,5315.2195,N,00145.6190,W,1,0,,229.0,M,,M,,*43
$GPRMC,155556.000,A,5315.2195,N,00145.6190,W,0.000,0.00,240812,,A*69
$GPGGA,155611.000,5315.2181,N,00145.6392,W,1,0,,229.0,M,,M,,*46
$GPRMC,155611.000,A,5315.2181,N,00145.6392,W,0.000,0.00,240812,,A*6C
$GPGGA,155627.000,5315.2250,N,00145.6543,W,1,0,,229.0,M,,M,,*46
$GPRMC,155627.000,A,5315.2250,N,00145.6543,W,0.000,0.00,240812,,A*6C
$GPGGA,155654.000,5315.2165,N,00145.6799,W,1,0,,228.0,M,,M,,*43
$GPRMC,155654.000,A,5315.2165,N,00145.6799,W,0.000,0.00,240812,,A*68
$GPGGA,155709.000,5315.2245,N,00145.6921,W,1,0,,227.0,M,,M,,*49
$GPRMC,155709.000,A,5315.2245,N,00145.6921,W,0.000,0.00,240812,,A*6D
$GPGGA,155724.000,5315.2309,N,00145.7004,W,1,0,,227.0,M,,M,,*40
$GPRMC,155724.000,A,5315.2309,N,00145.7004,W,0.000,0.00,240812,,A*64
$GPGGA,155740.000,5315.2339,N,00145.7214,W,1,0,,227.0,M,,M,,*42
$GPRMC,155740.000,A,5315.2339,N,00145.7214,W,0.000,0.00,240812,,A*66
$GPGGA,155756.000,5315.2291,N,00145.7381,W,1,0,,227.0,M,,M,,*4B
$GPRMC,155756.000,A,5315.2291,N,00145.7381,W,0.000,0.00,240812,,A*6F
$GPGGA,155811.000,5315.2332,N,00145.7468,W,1,0,,227.0,M,,M,,*4F
$GPRMC,155811.000,A,5315.2332,N,00145.7468,W,0.000,0.00,240812,,A*6B
$GPGGA,155827.000,5315.2371,N,00145.7487,W,1,0,,227.0,M,,M,,*4C
$GPRMC,155827.000,A,5315.2371,N,00145.7487,W,0.000,0.00,240812,,A*68
$GPGGA,155842.000,5315.2419,N,00145.7693,W,1,0,,226.0,M,,M,,*40
$GPRMC,155842.000,A,5315.2419,N,00145.7693,W,0.000,0.00,240812,,A*65
$GPGGA,155858.000,5315.2502,N,00145.7980,W,1,0,,226.0,M,,M,,*4D
$GPRMC,155858.000,A,5315.2502,N,00145.7980,W,0.000,0.00,240812,,A*68
$GPGGA,155914.000,5315.2472,N,00145.8114,W,1,0,,225.0,M,,M,,*4B
$GPRMC,155914.000,A,5315.2472,N,00145.8114,W,0.000,0.00,240812,,A*6D
$GPGGA,155929.000,5315.2460,N,00145.8118,W,1,0,,225.0,M,,M,,*4A
$GPRMC,155929.000,A,5315.2460,N,00145.8118,W,0.000,0.00,240812,,A*6C
$GPGGA,155945.000,5315.2561,N,00145.8410,W,1,0,,225.0,M,,M,,*4D
$GPRMC,155945.000,A,5315.2561,N,00145.8410,W,0.000,0.00,240812,,A*6B
$GPGGA,160000.000,5315.2664,N,00145.8480,W,1,0,,225.0,M,,M,,*4C
$GPRMC,160000.000,A,5315.2664,N,00145.8480,W,0.000,0.00,240812,,A*6A
$GPGGA,160015.000,5315.2669,N,00145.8553,W,1,0,,225.0,M,,M,,*4A
$GPRMC,160015.000,A,5315.2669,N,00145.8553,W,0.000,0.00,240812,,A*6C
$GPGGA,160031.000,5315.2650,N,00145.8735,W,1,0,,225.0,M,,M,,*44
$GPRMC,160031.000,A,5315.2650,N,00145.8735,W,0.000,0.00,240812,,A*62
$GPGGA,160046.000,5315.2669,N,00145.8794,W,1,0,,225.0,M,,M,,*45
$GPRMC,160046.000,A,5315.2669,N,00145.8794,W,0.000,0.00,240812,,A*63
$GPGGA,160101.000,5315.2685,N,00145.8860,W,1,0,,225.0,M,,M,,*41
$GPRMC,160101.000,A,5315.2685,N,00145.8860,W,0.000,0.00,240812,,A*67
$GPGGA,160117.000,5315.2724,N,00145.9196,W,1,0,,225.0,M,,M,,*4D
$GPRMC,160117.000,A,5315.2724,N,00145.9196,W,0.000,0.00,240812,,A*6B
$GPGGA,160132.000,5315.2724,N,00145.9324,W,1,0,,224.0,M,,M,,*40
$GPRMC,160132.000,A,5315.2724,N,00145.9324,W,0.000,0.00,240812,,A*67
$GPGGA,160147.000,5315.2799,N,00145.9506,W,1,0,,224.0,M,,M,,*42
$GPRMC,160147.000,A,5315.2799,N,00145.9506,W,0.000,0.00,240812,,A*65
$GPGGA,160202.000,5315.2781,N,00145.9631,W,1,0,,224.0,M,,M,,*4E
$GPRMC,160202.000,A,5315.2781,N,00145.9631,W,0.000,0.00,240812,,A*69
$GPGGA,160218.000,5315.2758,N,00145.9870,W,1,0,,224.0,M,,M,,*4A
$GPRMC,160218.000,A,5315.2758,N,00145.9870,W,0.000,0.00,240812,,A*6D
$GPGGA,160233.000,5315.2829,N,00145.9962,W,1,0,,224.0,M,,M,,*48
$GPRMC,160233.000,A,5315.2829,N,00145.9962,W,0.000,0.00,240812,,A*6F
$GPGGA,160249.000,5315.2914,N,00146.0032,W,1,0,,224.0,M,,M,,*4C
$GPRMC,160249.000,A,5315.2914,N,00146.0032,W,0.000,0.00,240812,,A*6B
$GPGGA,160304.000,5315.2966,N,00146.0174,W,1,0,,224.0,M,,M,,*42
$GPRMC,160304.000,A,5315.2966,N,00146.0174,W,0.000,0.00,240812,,A*65
$GPGGA,160319.000,5315.2943,N,00146.0143,W,1,0,,223.0,M,,M,,*4A
$GPRMC,160319.000,A,5315.2943,N,00146.0143,W,0.000,0.00,240812,,A*6A
$GPGGA,160334.000,5315.2964,N,00146.0172,W,1,0,,223.0,M,,M,,*42
$GPRMC,160334.000,A,5315.2964,N,00146.0172,W,0.000,0.00,240812,,A*62
$GPGGA,160349.000,5315.2916,N,00146.0274,W,1,0,,223.0,M,,M,,*48
$GPRMC,160349.000,A,5315.2916,N,00146.0274,W,0.000,0.00,240812,,A*68
$GPGGA,160405.000,5315.2870,N,00146.0321,W,1,0,,223.0,M,,M,,*47
$GPRMC,160405.000,A,5315.2870,N,00146.0321,W,0.000,0.00,240812,,A*67
$GPGGA,160420.000,5315.2879,N,00146.0296,W,1,0,,222.0,M,,M,,*45
$GPRMC,160420.000,A,5315.2879,N,00146.0296,W,0.000,0.00,240812,,A*64
$GPGGA,160435.000,5315.2918,N,00146.0265,W,1,0,,222.0,M,,M,,*4B
$GPRMC,160435.000,A,5315.2918,N,00146.0265,W,0.000,0.00,240812,,A*6A
$GPGGA,160450.000,5315.2900,N,00146.0310,W,1,0,,222.0,M,,M,,*42
$GPRMC,160450.000,A,5315.2900,N,00146.0310,W,0.000,0.00,240812,,A*63
$GPGGA,160506.000,5315.2905,N,00146.0312,W,1,0,,222.0,M,,M,,*47
$GPRMC,160506.000,A,5315.2905,N,00146.0312,W,0.000,0.00,240812,,A*66
$GPGGA,160521.000,5315.2927,N,00146.0378,W,1,0,,222.0,M,,M,,*4E
$GPRMC,160521.000,A,5315.2927,N,00146.0378,W,0.000,0.00,240812,,A*6F
$GPGGA,160536.000,5315.2923,N,00146.0336,W,1,0,,222.0,M,,M,,*46
$GPRMC,160536.000,A,5315.2923,N,00146.0336,W,0.000,0.00,240812,,A*67
$GPGGA,160551.000,5315.2925,N,00146.0302,W,1,0,,222.0,M,,M,,*46
$GPRMC,160551.000,A,5315.2925,N,00146.0302,W,0.000,0.00,240812,,A*67
$GPGGA,160607.000,5315.2932,N,00146.0285,W,1,0,,221.0,M,,M,,*4D
$GPRMC,160607.000,A,5315.2932,N,00146.0285,W,0.000,0.00,240812,,A*6F
$GPGGA,160622.000,5315.2932,N,00146.0305,W,1,0,,221.0,M,,M,,*43
$GPRMC,160622.000,A,5315.2932,N,00146.0305,W,0.000,0.00,240812,,A*61
$GPGGA,160638.000,5315.2987,N,00146.0245,W,1,0,,221.0,M,,M,,*43
$GPRMC,160638.000,A,5315.2987,N,00146.0245,W,0.000,0.00,240812,,A*61
$GPGGA,160653.000,5315.2994,N,00146.0188,W,1,0,,221.0,M,,M,,*4E
$GPRMC,160653.000,A,5315.2994,N,00146.0188,W,0.000,0.00,240812,,A*6C
$GPGGA,160708.000,5315.2985,N,00145.9931,W,1,0,,221.0,M,,M,,*41
$GPRMC,160708.000,A,5315.2985,N,00145.9931,W,0.000,0.00,240812,,A*63
$GPGGA,160723.000,5315.3028,N,00146.0129,W,1,0,,221.0,M,,M,,*4C
$GPRMC,160723.000,A,5315.3028,N,00146.0129,W,0.000,0.00,240812,,A*6E
$GPGGA,160740.000,5315.3097,N,00146.0262,W,1,0,,220.0,M,,M,,*40
$GPRMC,160740.000,A,5315.3097,N,00146.0262,W,0.000,0.00,240812,,A*63
$GPGGA,160807.000,5315.3115,N,00146.0459,W,1,0,,220.0,M,,M,,*49
$GPRMC,160807.000,A,5315.3115,N,00146.0459,W,0.000,0.00,240812,,A*6A
$GPGGA,160822.000,5315.3101,N,00146.0617,W,1,0,,220.0,M,,M,,*43
$GPRMC,160822.000,A,5315.3101,N,00146.0617,W,0.000,0.00,240812,,A*60
$GPGGA,160837.000,5315.3131,N,00146.0772,W,1,0,,220.0,M,,M,,*46
$GPRMC,160837.000,A,5315.3131,N,00146.0772,W,0.000,0.00,240812,,A*65
$GPGGA,160855.000,5315.3154,N,00146.1030,W,1,0,,219.0,M,,M,,*4B
$GPRMC,160855.000,A,5315.3154,N,00146.1030,W,0.000,0.00,240812,,A*62
$GPGGA,160911.000,5315.3225,N,00146.1109,W,1,0,,219.0,M,,M,,*44
$GPRMC,160911.000,A,5315.3225,N,00146.1109,W,0.000,0.00,240812,,A*6D
$GPGGA,160939.000,5315.3353,N,00146.1410,W,1,0,,219.0,M,,M,,*43
$GPRMC,160939.000,A,5315.3353,N,00146.1410,W,0.000,0.00,240812,,A*6A
$GPGGA,160956.000,5315.3362,N,00146.1699,W,1,0,,219.0,M,,M,,*4B
$GPRMC,160956.000,A,5315.3362,N,00146.1699,W,0.000,0.00,240812,,A*62
$GPGGA,161011.000,5315.3335,N,00146.1805,W,1,0,,219.0,M,,M,,*49
$GPRMC,161011.000,A,5315.3335,N,00146.1805,W,0.000,0.00,240812,,A*60
$GPGGA,161027.000,5315.3371,N,00146.1925,W,1,0,,218.0,M,,M,,*4E
$GPRMC,161027.000,A,5315.3371,N,00146.1925,W,0.000,0.00,240812,,A*66
$GPGGA,161043.000,5315.3417,N,00146.2154,W,1,0,,218.0,M,,M,,*46
$GPRMC,161043.000,A,5315.3417,N,00146.2154,W,0.000,0.00,240812,,A*6E
$GPGGA,161110.000,5315.3465,N,00146.2319,W,1,0,,218.0,M,,M,,*4F
$GPRMC,161110.000,A,5315.3465,N,00146.2319,W,0.000,0.00,240812,,A*67
$GPGGA,161129.000,5315.3506,N,00146.2633,W,1,0,,218.0,M,,M,,*4C
$GPRMC,161129.000,A,5315.3506,N,00146.2633,W,0.000,0.00,240812,,A*64
$GPGGA,161146.000,5315.3596,N,00146.2852,W,1,0,,218.0,M,,M,,*45
$GPRMC,161146.000,A,5315.3596,N,00146.2852,W,0.000,0.00,240812,,A*6D
$GPGGA,161215.000,5315.3692,N,00146.3118,W,1,0,,218.0,M,,M,,*41
$GPRMC,161215.000,A,5315.3692,N,00146.3118,W,0.000,0.00,240812,,A*69
$GPGGA,161230.000,5315.3754,N,00146.3090,W,1,0,,218.0,M,,M,,*4C
$GPRMC,161230.000,A,5315.3754,N,00146.3090,W,0.000,0.00,240812,,A*64
$GPGGA,161245.000,5315.3804,N,00146.3077,W,1,0,,218.0,M,,M,,*4D
$GPRMC,161245.000,A,5315.3804,N,00146.3077,W,0.000,0.00,240812,,A*65
$GPGGA,161300.000,5315.3928,N,00146.2955,W,1,0,,218.0,M,,M,,*4A
$GPRMC,161300.000,A,5315.3928,N,00146.2955,W,0.000,0.00,240812,,A*62
$GPGGA,161315.000,5315.3976,N,00146.2956,W,1,0,,218.0,M,,M,,*46
$GPRMC,161315.000,A,5315.3976,N,00146.2956,W,0.000,0.00,240812,,A*6E
$GPGGA,161330.000,5315.4044,N,00146.2968,W,1,0,,218.0,M,,M,,*43
$GPRMC,161330.000,A,5315.4044,N,00146.2968,W,0.000,0.00,240812,,A*6B
$GPGGA,161347.000,5315.4337,N,00146.3002,W,1,0,,218.0,M,,M,,*40
$GPRMC,161347.000,A,5315.4337,N,00146.3002,W,0.000,0.00,240812,,A*68
$GPGGA,161403.000,5315.4395,N,00146.2848,W,1,0,,218.0,M,,M,,*48
$GPRMC,161403.000,A,5315.4395,N,00146.2848,W,0.000,0.00,240812,,A*60
$GPGGA,161418.000,5315.4525,N,00146.2849,W,1,0,,217.0,M,,M,,*41
$GPRMC,161418.000,A,5315.4525,N,00146.2849,W,0.000,0.00,240812,,A*66
$GPGGA,161433.000,5315.4601,N,00146.2771,W,1,0,,217.0,M,,M,,*49
$GPRMC,161433.000,A,5315.4601,N,00146.2771,W,0.000,0.00,240812,,A*6E
$GPGGA,161448.000,5315.4742,N,00146.2657,W,1,0,,217.0,M,,M,,*46
$GPRMC,161448.000,A,5315.4742,N,00146.2657,W,0.000,0.00,240812,,A*61
$GPGGA,161504.000,5315.4820,N,00146.2528,W,1,0,,217.0,M,,M,,*4F
$GPRMC,161504.000,A,5315.4820,N,00146.2528,W,0.000,0.00,240812,,A*68
$GPGGA,161519.000,5315.4877,N,00146.2425,W,1,0,,217.0,M,,M,,*4D
$GPRMC,161519.000,A,5315.4877,N,00146.2425,W,0.000,0.00,240812,,A*6A
$GPGGA,161535.000,5315.4967,N,00146.2362,W,1,0,,217.0,M,,M,,*47
$GPRMC,161535.000,A,5315.4967,N,00146.2362,W,0.000,0.00,240812,,A*60
$GPGGA,161550.000,5315.5047,N,00146.2224,W,1,0,,217.0,M,,M,,*4D
$GPRMC,161550.000,A,5315.5047,N,00146.2224,W,0.000,0.00,240812,,A*6A
$GPGGA,161605.000,5315.5081,N,00146.2132,W,1,0,,217.0,M,,M,,*40
$GPRMC,161605.000,A,5315.5081,N,00146.2132,W,0.000,0.00,240812,,A*67
$GPGGA,161620.000,5315.5232,N,00146.1987,W,1,0,,217.0,M,,M,,*48
$GPRMC,161620.000,A,5315.5232,N,00146.1987,W,0.000,0.00,240812,,A*6F
$GPGGA,161635.000,5315.5301,N,00146.1874,W,1,0,,217.0,M,,M,,*40
$GPRMC,161635.000,A,5315.5301,N,00146.1874,W,0.000,0.00,240812,,A*67
$GPGGA,161650.000,5315.5324,N,00146.1867,W,1,0,,217.0,M,,M,,*46
$GPRMC,161650.000,A,5315.5324,N,00146.1867,W,0.000,0.00,240812,,A*61
$GPGGA,161706.000,5315.5331,N,00146.1864,W,1,0,,217.0,M,,M,,*43
$GPRMC,161706.000,A,5315.5331,N,00146.1864,W,0.000,0.00,240812,,A*64
$GPGGA,161721.000,5315.5278,N,00146.1835,W,1,0,,216.0,M,,M,,*4F
$GPRMC,161721.000,A,5315.5278,N,00146.1835,W,0.000,0.00,240812,,A*69
$GPGGA,161736.000,5315.5331,N,00146.1805,W,1,0,,216.0,M,,M,,*46
$GPRMC,161736.000,A,5315.5331,N,00146.1805,W,0.000,0.00,240812,,A*60
$GPGGA,161752.000,5315.5452,N,00146.1854,W,1,0,,216.0,M,,M,,*42
$GPRMC,161752.000,A,5315.5452,N,00146.1854,W,0.000,0.00,240812,,A*64
$GPGGA,161807.000,5315.5585,N,00146.1924,W,1,0,,215.0,M,,M,,*43
$GPRMC,161807.000,A,5315.5585,N,00146.1924,W,0.000,0.00,240812,,A*66
$GPGGA,161822.000,5315.5653,N,00146.1954,W,1,0,,215.0,M,,M,,*4B
$GPRMC,161822.000,A,5315.5653,N,00146.1954,W,0.000,0.00,240812,,A*6E
$GPGGA,161838.000,5315.5695,N,00146.2070,W,1,0,,216.0,M,,M,,*45
$GPRMC,161838.000,A,5315.5695,N,00146.2070,W,0.000,0.00,240812,,A*63
$GPGGA,161853.000,5315.5706,N,00146.2139,W,1,0,,215.0,M,,M,,*4C
$GPRMC,161853.000,A,5315.5706,N,00146.2139,W,0.000,0.00,240812,,A*69
$GPGGA,161908.000,5315.5720,N,00146.2100,W,1,0,,215.0,M,,M,,*4D
$GPRMC,161908.000,A,5315.5720,N,00146.2100,W,0.000,0.00,240812,,A*68
$GPGGA,161923.000,5315.5692,N,00146.2105,W,1,0,,215.0,M,,M,,*49
$GPRMC,161923.000,A,5315.5692,N,00146.2105,W,0.000,0.00,240812,,A*6C
$GPGGA,161938.000,5315.5720,N,00146.2137,W,1,0,,215.0,M,,M,,*4A
$GPRMC,161938.000,A,5315.5720,N,00146.2137,W,0.000,0.00,240812,,A*6F
$GPGGA,161954.000,5315.5736,N,00146.2174,W,1,0,,215.0,M,,M,,*40
$GPRMC,161954.000,A,5315.5736,N,00146.2174,W,0.000,0.00,240812,,A*65
$GPGGA,162009.000,5315.5738,N,00146.2147,W,1,0,,215.0,M,,M,,*4C
$GPRMC,162009.000,A,5315.5738,N,00146.2147,W,0.000,0.00,240812,,A*69
$GPGGA,162025.000,5315.5750,N,00146.2203,W,1,0,,215.0,M,,M,,*4F
$GPRMC,162025.000,A,5315.5750,N,00146.2203,W,0.000,0.00,240812,,A*6A
$GPGGA,162040.000,5315.5731,N,00146.2205,W,1,0,,215.0,M,,M,,*4D
$GPRMC,162040.000,A,5315.5731,N,00146.2205,W,0.000,0.00,240812,,A*68
$GPGGA,162055.000,5315.5731,N,00146.2197,W,1,0,,215.0,M,,M,,*41
$GPRMC,162055.000,A,5315.5731,N,00146.2197,W,0.000,0.00,240812,,A*64
$GPGGA,162110.000,5315.5720,N,00146.2164,W,1,0,,215.0,M,,M,,*4D
$GPRMC,162110.000,A,5315.5720,N,00146.2164,W,0.000,0.00,240812,,A*68
$GPGGA,162125.000,5315.5720,N,00146.2175,W,1,0,,215.0,M,,M,,*4B
$GPRMC,162125.000,A,5315.5720,N,00146.2175,W,0.000,0.00,240812,,A*6E
$GPGGA,162141.000,5315.5747,N,00146.2179,W,1,0,,214.0,M,,M,,*45
$GPRMC,162141.000,A,5315.5747,N,00146.2179,W,0.000,0.00,240812,,A*61
$GPGGA,162156.000,5315.5766,N,00146.2192,W,1,0,,214.0,M,,M,,*45
$GPRMC,162156.000,A,5315.5766,N,00146.2192,W,0.000,0.00,240812,,A*61
$GPGGA,162212.000,5315.5745,N,00146.2147,W,1,0,,215.0,M,,M,,*4E
$GPRMC,162212.000,A,5315.5745,N,00146.2147,W,0.000,0.00,240812,,A*6B
$GPGGA,162227.000,5315.5722,N,00146.2143,W,1,0,,214.0,M,,M,,*4C
$GPRMC,162227.000,A,5315.5722,N,00146.2143,W,0.000,0.00,240812,,A*68
$GPGGA,162242.000,5315.5713,N,00146.2152,W,1,0,,214.0,M,,M,,*4D
$GPRMC,162242.000,A,5315.5713,N,00146.2152,W,0.000,0.00,240812,,A*69
$GPGGA,162257.000,5315.5724,N,00146.2108,W,1,0,,214.0,M,,M,,*42
$GPRMC,162257.000,A,5315.5724,N,00146.2108,W,0.000,0.00,240812,,A*66
$GPGGA,162312.000,5315.5722,N,00146.2087,W,1,0,,215.0,M,,M,,*43
$GPRMC,162312.000,A,5315.5722,N,00146.2087,W,0.000,0.00,240812,,A*66
$GPGGA,162328.000,5315.5738,N,00146.2135,W,1,0,,214.0,M,,M,,*48
$GPRMC,162328.000,A,5315.5738,N,00146.2135,W,0.000,0.00,240812,,A*6C
$GPGGA,162343.000,5315.5750,N,00146.2119,W,1,0,,215.0,M,,M,,*44
$GPRMC,162343.000,A,5315.5750,N,00146.2119,W,0.000,0.00,240812,,A*61
$GPGGA,162358.000,5315.5715,N,00146.2158,W,1,0,,214.0,M,,M,,*4B
$GPRMC,162358.000,A,5315.5715,N,00146.2158,W,0.000,0.00,240812,,A*6F
$GPGGA,162413.000,5315.5711,N,00146.2147,W,1,0,,215.0,M,,M,,*48
$GPRMC,162413.000,A,5315.5711,N,00146.2147,W,0.000,0.00,240812,,A*6D
$GPGGA,162438.000,5315.5701,N,00146.2181,W,1,0,,215.0,M,,M,,*4A
$GPRMC,162438.000,A,5315.5701,N,00146.2181,W,0.000,0.00,240812,,A*6F
$GPGGA,162453.000,5315.5722,N,00146.2143,W,1,0,,215.0,M,,M,,*48
$GPRMC,162453.000,A,5315.5722,N,00146.2143,W,0.000,0.00,240812,,A*6D
$GPGGA,162512.000,5315.5727,N,00146.2146,W,1,0,,215.0,M,,M,,*4C
$GPRMC,162512.000,A,5315.5727,N,00146.2146,W,0.000,0.00,240812,,A*69
$GPGGA,162527.000,5315.5761,N,00146.2122,W,1,0,,215.0,M,,M,,*4A
$GPRMC,162527.000,A,5315.5761,N,00146.2122,W,0.000,0.00,240812,,A*6F
$GPGGA,162544.000,5315.5736,N,00146.2209,W,1,0,,215.0,M,,M,,*47
$GPRMC,162544.000,A,5315.5736,N,00146.2209,W,0.000,0.00,240812,,A*62
$GPGGA,162559.000,5315.5772,N,00146.2326,W,1,0,,215.0,M,,M,,*47
$GPRMC,162559.000,A,5315.5772,N,00146.2326,W,0.000,0.00,240812,,A*62
$GPGGA,162614.000,5315.5836,N,00146.2321,W,1,0,,214.0,M,,M,,*44
$GPRMC,162614.000,A,5315.5836,N,00146.2321,W,0.000,0.00,240812,,A*60
$GPGGA,162633.000,5315.5862,N,00146.2412,W,1,0,,214.0,M,,M,,*47
$GPRMC,162633.000,A,5315.5862,N,00146.2412,W,0.000,0.00,240812,,A*63
$GPGGA,162648.000,5315.6075,N,00146.2611,W,1,0,,214.0,M,,M,,*47
$GPRMC,162648.000,A,5315.6075,N,00146.2611,W,0.000,0.00,240812,,A*63
$GPGGA,162704.000,5315.6125,N,00146.2681,W,1,0,,214.0,M,,M,,*43
$GPRMC,162704.000,A,5315.6125,N,00146.2681,W,0.000,0.00,240812,,A*67
$GPGGA,162719.000,5315.6230,N,00146.2759,W,1,0,,214.0,M,,M,,*4C
$GPRMC,162719.000,A,5315.6230,N,00146.2759,W,0.000,0.00,240812,,A*68
$GPGGA,162734.000,5315.6367,N,00146.2762,W,1,0,,214.0,M,,M,,*48
$GPRMC,162734.000,A,5315.6367,N,00146.2762,W,0.000,0.00,240812,,A*6C
$GPGGA,162749.000,5315.6459,N,00146.2705,W,1,0,,214.0,M,,M,,*49
$GPRMC,162749.000,A,5315.6459,N,00146.2705,W,0.000,0.00,240812,,A*6D
$GPGGA,162805.000,5315.6521,N,00146.2755,W,1,0,,214.0,M,,M,,*45
$GPRMC,162805.000,A,5315.6521,N,00146.2755,W,0.000,0.00,240812,,A*61
$GPGGA,162821.000,5315.6567,N,00146.2736,W,1,0,,214.0,M,,M,,*44
$GPRMC,162821.000,A,5315.6567,N,00146.2736,W,0.000,0.00,240812,,A*60
$GPGGA,162853.000,5315.6979,N,00146.2867,W,1,0,,214.0,M,,M,,*49
$GPRMC,162853.000,A,5315.6979,N,00146.2867,W,0.000,0.00,240812,,A*6D
$GPGGA,162923.000,5315.7082,N,00146.3032,W,1,0,,214.0,M,,M,,*4A
$GPRMC,162923.000,A,5315.7082,N,00146.3032,W,0.000,0.00,240812,,A*6E
$GPGGA,162938.000,5315.7251,N,00146.2955,W,1,0,,214.0,M,,M,,*45
$GPRMC,162938.000,A,5315.7251,N,00146.2955,W,0.000,0.00,240812,,A*61
$GPGGA,162954.000,5315.7278,N,00146.2923,W,1,0,,214.0,M,,M,,*45
$GPRMC,162954.000,A,5315.7278,N,00146.2923,W,0.000,0.00,240812,,A*61
$GPGGA,163023.000,5315.7359,N,00146.2873,W,1,0,,214.0,M,,M,,*4B
$GPRMC,163023.000,A,5315.7359,N,00146.2873,W,0.000,0.00,240812,,A*6F
$GPGGA,163038.000,5315.7523,N,00146.2645,W,1,0,,214.0,M,,M,,*41
$GPRMC,163038.000,A,5315.7523,N,00146.2645,W,0.000,0.00,240812,,A*65
$GPGGA,163053.000,5315.7571,N,00146.2505,W,1,0,,214.0,M,,M,,*4C
$GPRMC,163053.000,A,5315.7571,N,00146.2505,W,0.000,0.00,240812,,A*68
$GPGGA,163110.000,5315.7777,N,00146.2366,W,1,0,,214.0,M,,M,,*4D
$GPRMC,163110.000,A,5315.7777,N,00146.2366,W,0.000,0.00,240812,,A*69
$GPGGA,163125.000,5315.7821,N,00146.2291,W,1,0,,215.0,M,,M,,*4F
$GPRMC,163125.000,A,5315.7821,N,00146.2291,W,0.000,0.00,240812,,A*6A
$GPGGA,163140.000,5315.7967,N,00146.2250,W,1,0,,215.0,M,,M,,*42
$GPRMC,163140.000,A,5315.7967,N,00146.2250,W,0.000,0.00,240812,,A*67
$GPGGA,163156.000,5315.8125,N,00146.2147,W,1,0,,215.0,M,,M,,*41
$GPRMC,163156.000,A,5315.8125,N,00146.2147,W,0.000,0.00,240812,,A*64
$GPGGA,163211.000,5315.8329,N,00146.2123,W,1,0,,214.0,M,,M,,*4C
$GPRMC,163211.000,A,5315.8329,N,00146.2123,W,0.000,0.00,240812,,A*68
$GPGGA,163227.000,5315.8331,N,00146.2208,W,1,0,,214.0,M,,M,,*4A
$GPRMC,163227.000,A,5315.8331,N,00146.2208,W,0.000,0.00,240812,,A*6E
$GPGGA,163243.000,5315.8462,N,00146.2338,W,1,0,,214.0,M,,M,,*4B
$GPRMC,163243.000,A,5315.8462,N,00146.2338,W,0.000,0.00,240812,,A*6F
$GPGGA,163258.000,5315.8588,N,00146.2378,W,1,0,,214.0,M,,M,,*40
$GPRMC,163258.000,A,5315.8588,N,00146.2378,W,0.000,0.00,240812,,A*64
$GPGGA,163313.000,5315.8698,N,00146.2382,W,1,0,,214.0,M,,M,,*49
$GPRMC,163313.000,A,5315.8698,N,00146.2382,W,0.000,0.00,240812,,A*6D
$GPGGA,163329.000,5315.8823,N,00146.2392,W,1,0,,214.0,M,,M,,*4F
$GPRMC,163329.000,A,5315.8823,N,00146.2392,W,0.000,0.00,240812,,A*6B
$GPGGA,163344.000,5315.8892,N,00146.2382,W,1,0,,214.0,M,,M,,*4F
$GPRMC,163344.000,A,5315.8892,N,00146.2382,W,0.000,0.00,240812,,A*6B
$GPGGA,163401.000,5315.8972,N,00146.2565,W,1,0,,215.0,M,,M,,*48
$GPRMC,163401.000,A,5315.8972,N,00146.2565,W,0.000,0.00,240812,,A*6D
$GPGGA,163417.000,5315.8993,N,00146.2563,W,1,0,,215.0,M,,M,,*46
$GPRMC,163417.000,A,5315.8993,N,00146.2563,W,0.000,0.00,240812,,A*63
$GPGGA,163433.000,5315.9039,N,00146.2499,W,1,0,,215.0,M,,M,,*4C
$GPRMC,163433.000,A,5315.9039,N,00146.2499,W,0.000,0.00,240812,,A*69
$GPGGA,163448.000,5315.9119,N,00146.2541,W,1,0,,215.0,M,,M,,*47
$GPRMC,163448.000,A,5315.9119,N,00146.2541,W,0.000,0.00,240812,,A*62
$GPGGA,163503.000,5315.9258,N,00146.2584,W,1,0,,215.0,M,,M,,*46
$GPRMC,163503.000,A,5315.9258,N,00146.2584,W,0.000,0.00,240812,,A*63
$GPGGA,163518.000,5315.9318,N,00146.2633,W,1,0,,215.0,M,,M,,*46
$GPRMC,163518.000,A,5315.9318,N,00146.2633,W,0.000,0.00,240812,,A*63
$GPGGA,163533.000,5315.9320,N,00146.2636,W,1,0,,215.0,M,,M,,*41
$GPRMC,163533.000,A,5315.9320,N,00146.2636,W,0.000,0.00,240812,,A*64
$GPGGA,163548.000,5315.9483,N,00146.2555,W,1,0,,215.0,M,,M,,*45
$GPRMC,163548.000,A,5315.9483,N,00146.2555,W,0.000,0.00,240812,,A*60
$GPGGA,163603.000,5315.9494,N,00146.2548,W,1,0,,215.0,M,,M,,*43
$GPRMC,163603.000,A,5315.9494,N,00146.2548,W,0.000,0.00,240812,,A*66
$GPGGA,163618.000,5315.9494,N,00146.2601,W,1,0,,215.0,M,,M,,*47
$GPRMC,163618.000,A,5315.9494,N,00146.2601,W,0.000,0.00,240812,,A*62
$GPGGA,163633.000,5315.9567,N,00146.2567,W,1,0,,215.0,M,,M,,*40
$GPRMC,163633.000,A,5315.9567,N,00146.2567,W,0.000,0.00,240812,,A*65
$GPGGA,163648.000,5315.9675,N,00146.2506,W,1,0,,215.0,M,,M,,*4B
$GPRMC,163648.000,A,5315.9675,N,00146.2506,W,0.000,0.00,240812,,A*6E
$GPGGA,163703.000,5315.9762,N,00146.2498,W,1,0,,215.0,M,,M,,*44
$GPRMC,163703.000,A,5315.9762,N,00146.2498,W,0.000,0.00,240812,,A*61
$GPGGA,163718.000,5315.9821,N,00146.2465,W,1,0,,216.0,M,,M,,*47
$GPRMC,163718.000,A,5315.9821,N,00146.2465,W,0.000,0.00,240812,,A*61
$GPGGA,163733.000,5315.9911,N,00146.2312,W,1,0,,216.0,M,,M,,*4B
$GPRMC,163733.000,A,5315.9911,N,00146.2312,W,0.000,0.00,240812,,A*6D
$GPGGA,163748.000,5316.0004,N,00146.2286,W,1,0,,216.0,M,,M,,*4C
$GPRMC,163748.000,A,5316.0004,N,00146.2286,W,0.000,0.00,240812,,A*6A
$GPGGA,163805.000,5316.0206,N,00146.2082,W,1,0,,216.0,M,,M,,*4C
$GPRMC,163805.000,A,5316.0206,N,00146.2082,W,0.000,0.00,240812,,A*6A
$GPGGA,163820.000,5316.0220,N,00146.2006,W,1,0,,216.0,M,,M,,*43
$GPRMC,163820.000,A,5316.0220,N,00146.2006,W,0.000,0.00,240812,,A*65
$GPGGA,163835.000,5316.0311,N,00146.1923,W,1,0,,216.0,M,,M,,*49
$GPRMC,163835.000,A,5316.0311,N,00146.1923,W,0.000,0.00,240812,,A*6F
$GPGGA,163851.000,5316.0394,N,00146.1823,W,1,0,,216.0,M,,M,,*47
$GPRMC,163851.000,A,5316.0394,N,00146.1823,W,0.000,0.00,240812,,A*61
$GPGGA,163910.000,5316.0561,N,00146.1599,W,1,0,,216.0,M,,M,,*43
$GPRMC,163910.000,A,5316.0561,N,00146.1599,W,0.000,0.00,240812,,A*65
$GPGGA,163926.000,5316.0622,N,00146.1595,W,1,0,,216.0,M,,M,,*4E
$GPRMC,163926.000,A,5316.0622,N,00146.1595,W,0.000,0.00,240812,,A*68
$GPGGA,163941.000,5316.0730,N,00146.1526,W,1,0,,216.0,M,,M,,*45
$GPRMC,163941.000,A,5316.0730,N,00146.1526,W,0.000,0.00,240812,,A*63
$GPGGA,163956.000,5316.0810,N,00146.1540,W,1,0,,216.0,M,,M,,*4E
$GPRMC,163956.000,A,5316.0810,N,00146.1540,W,0.000,0.00,240812,,A*68
$GPGGA,164011.000,5316.0858,N,00146.1646,W,1,0,,216.0,M,,M,,*4A
$GPRMC,164011.000,A,5316.0858,N,00146.1646,W,0.000,0.00,240812,,A*6C
$GPGGA,164026.000,5316.0796,N,00146.1705,W,1,0,,216.0,M,,M,,*45
$GPRMC,164026.000,A,5316.0796,N,00146.1705,W,0.000,0.00,240812,,A*63
$GPGGA,164041.000,5316.0684,N,00146.1771,W,1,0,,216.0,M,,M,,*45
$GPRMC,164041.000,A,5316.0684,N,00146.1771,W,0.000,0.00,240812,,A*63
$GPGGA,164057.000,5316.0677,N,00146.1865,W,1,0,,216.0,M,,M,,*44
$GPRMC,164057.000,A,5316.0677,N,00146.1865,W,0.000,0.00,240812,,A*62
$GPGGA,164112.000,5316.0668,N,00146.2090,W,1,0,,217.0,M,,M,,*4A
$GPRMC,164112.000,A,5316.0668,N,00146.2090,W,0.000,0.00,240812,,A*6D
$GPGGA,164127.000,5316.0689,N,00146.2097,W,1,0,,217.0,M,,M,,*44
$GPRMC,164127.000,A,5316.0689,N,00146.2097,W,0.000,0.00,240812,,A*63
$GPGGA,164142.000,5316.0773,N,00146.2050,W,1,0,,217.0,M,,M,,*48
$GPRMC,164142.000,A,5316.0773,N,00146.2050,W,0.000,0.00,240812,,A*6F
$GPGGA,164159.000,5316.0979,N,00146.1928,W,1,0,,217.0,M,,M,,*43
$GPRMC,164159.000,A,5316.0979,N,00146.1928,W,0.000,0.00,240812,,A*64
$GPGGA,164214.000,5316.0973,N,00146.1929,W,1,0,,217.0,M,,M,,*42
$GPRMC,164214.000,A,5316.0973,N,00146.1929,W,0.000,0.00,240812,,A*65
$GPGGA,164230.000,5316.1085,N,00146.1921,W,1,0,,217.0,M,,M,,*4D
$GPRMC,164230.000,A,5316.1085,N,00146.1921,W,0.000,0.00,240812,,A*6A
$GPGGA,164245.000,5316.1206,N,00146.1767,W,1,0,,217.0,M,,M,,*4A
$GPRMC,164245.000,A,5316.1206,N,00146.1767,W,0.000,0.00,240812,,A*6D
$GPGGA,164301.000,5316.1229,N,00146.1787,W,1,0,,217.0,M,,M,,*48
$GPRMC,164301.000,A,5316.1229,N,00146.1787,W,0.000,0.00,240812,,A*6F
$GPGGA,164328.000,5316.1234,N,00146.1741,W,1,0,,217.0,M,,M,,*45
$GPRMC,164328.000,A,5316.1234,N,00146.1741,W,0.000,0.00,240812,,A*62
$GPGGA,164345.000,5316.1247,N,00146.1596,W,1,0,,217.0,M,,M,,*42
$GPRMC,164345.000,A,5316.1247,N,00146.1596,W,0.000,0.00,240812,,A*65
$GPGGA,164401.000,5316.1378,N,00146.1547,W,1,0,,217.0,M,,M,,*44
$GPRMC,164401.000,A,5316.1378,N,00146.1547,W,0.000,0.00,240812,,A*63
$GPGGA,164416.000,5316.1462,N,00146.1507,W,1,0,,218.0,M,,M,,*45
$GPRMC,164416.000,A,5316.1462,N,00146.1507,W,0.000,0.00,240812,,A*6D
$GPGGA,164431.000,5316.1639,N,00146.1334,W,1,0,,218.0,M,,M,,*4A
$GPRMC,164431.000,A,5316.1639,N,00146.1334,W,0.000,0.00,240812,,A*62
$GPGGA,164446.000,5316.1728,N,00146.1251,W,1,0,,218.0,M,,M,,*49
$GPRMC,164446.000,A,5316.1728,N,00146.1251,W,0.000,0.00,240812,,A*61
$GPGGA,164501.000,5316.1842,N,00146.1230,W,1,0,,218.0,M,,M,,*4F
$GPRMC,164501.000,A,5316.1842,N,00146.1230,W,0.000,0.00,240812,,A*67
$GPGGA,164516.000,5316.1861,N,00146.1259,W,1,0,,218.0,M,,M,,*47
$GPRMC,164516.000,A,5316.1861,N,00146.1259,W,0.000,0.00,240812,,A*6F
$GPGGA,164531.000,5316.2048,N,00146.1196,W,1,0,,218.0,M,,M,,*42
$GPRMC,164531.000,A,5316.2048,N,00146.1196,W,0.000,0.00,240812,,A*6A
$GPGGA,164548.000,5316.2115,N,00146.1314,W,1,0,,218.0,M,,M,,*4D
$GPRMC,164548.000,A,5316.2115,N,00146.1314,W,0.000,0.00,240812,,A*65
$GPGGA,164603.000,5316.2222,N,00146.1290,W,1,0,,219.0,M,,M,,*4A
$GPRMC,164603.000,A,5316.2222,N,00146.1290,W,0.000,0.00,240812,,A*63
$GPGGA,164618.000,5316.2312,N,00146.1388,W,1,0,,219.0,M,,M,,*4A
$GPRMC,164618.000,A,5316.2312,N,00146.1388,W,0.000,0.00,240812,,A*63
$GPGGA,164637.000,5316.2344,N,00146.1566,W,1,0,,218.0,M,,M,,*43
$GPRMC,164637.000,A,5316.2344,N,00146.1566,W,0.000,0.00,240812,,A*6B
$GPGGA,164652.000,5316.2385,N,00146.1750,W,1,0,,219.0,M,,M,,*4B
$GPRMC,164652.000,A,5316.2385,N,00146.1750,W,0.000,0.00,240812,,A*62
$GPGGA,164707.000,5316.2435,N,00146.1782,W,1,0,,219.0,M,,M,,*49
$GPRMC,164707.000,A,5316.2435,N,00146.1782,W,0.000,0.00,240812,,A*60
$GPGGA,164722.000,5316.2559,N,00146.2004,W,1,0,,219.0,M,,M,,*4F
$GPRMC,164722.000,A,5316.2559,N,00146.2004,W,0.000,0.00,240812,,A*66
$GPGGA,164737.000,5316.2593,N,00146.2133,W,1,0,,219.0,M,,M,,*48
$GPRMC,164737.000,A,5316.2593,N,00146.2133,W,0.000,0.00,240812,,A*61
$GPGGA,164752.000,5316.2639,N,00146.2226,W,1,0,,219.0,M,,M,,*4F
$GPRMC,164752.000,A,5316.2639,N,00146.2226,W,0.000,0.00,240812,,A*66
$GPGGA,164807.000,5316.2758,N,00146.2318,W,1,0,,219.0,M,,M,,*4A
$GPRMC,164807.000,A,5316.2758,N,00146.2318,W,0.000,0.00,240812,,A*63
$GPGGA,164823.000,5316.2783,N,00146.2550,W,1,0,,219.0,M,,M,,*40
$GPRMC,164823.000,A,5316.2783,N,00146.2550,W,0.000,0.00,240812,,A*69
$GPGGA,164838.000,5316.2843,N,00146.2709,W,1,0,,219.0,M,,M,,*47
$GPRMC,164838.000,A,5316.2843,N,00146.2709,W,0.000,0.00,240812,,A*6E
$GPGGA,164853.000,5316.2957,N,00146.2855,W,1,0,,220.0,M,,M,,*42
$GPRMC,164853.000,A,5316.2957,N,00146.2855,W,0.000,0.00,240812,,A*61
$GPGGA,164908.000,5316.3030,N,00146.2954,W,1,0,,220.0,M,,M,,*44
$GPRMC,164908.000,A,5316.3030,N,00146.2954,W,0.000,0.00,240812,,A*67
$GPGGA,164924.000,5316.3106,N,00146.3076,W,1,0,,220.0,M,,M,,*46
$GPRMC,164924.000,A,5316.3106,N,00146.3076,W,0.000,0.00,240812,,A*65
$GPGGA,164939.000,5316.3177,N,00146.3099,W,1,0,,220.0,M,,M,,*4D
$GPRMC,164939.000,A,5316.3177,N,00146.3099,W,0.000,0.00,240812,,A*6E
$GPGGA,164954.000,5316.3406,N,00146.3075,W,1,0,,220.0,M,,M,,*47
$GPRMC,164954.000,A,5316.3406,N,00146.3075,W,0.000,0.00,240812,,A*64
$GPGGA,165010.000,5316.3454,N,00146.3213,W,1,0,,220.0,M,,M,,*4A
$GPRMC,165010.000,A,5316.3454,N,00146.3213,W,0.000,0.00,240812,,A*69
$GPGGA,165025.000,5316.3509,N,00146.3303,W,1,0,,220.0,M,,M,,*45
$GPRMC,165025.000,A,5316.3509,N,00146.3303,W,0.000,0.00,240812,,A*66
$GPGGA,165040.000,5316.3586,N,00146.3480,W,1,0,,220.0,M,,M,,*4D
$GPRMC,165040.000,A,5316.3586,N,00146.3480,W,0.000,0.00,240812,,A*6E
$GPGGA,165056.000,5316.3678,N,00146.3530,W,1,0,,221.0,M,,M,,*43
$GPRMC,165056.000,A,5316.3678,N,00146.3530,W,0.000,0.00,240812,,A*61
$GPGGA,165113.000,5316.3815,N,00146.3522,W,1,0,,221.0,M,,M,,*45
$GPRMC,165113.000,A,5316.3815,N,00146.3522,W,0.000,0.00,240812,,A*67
$GPGGA,165129.000,5316.3927,N,00146.3563,W,1,0,,221.0,M,,M,,*49
$GPRMC,165129.000,A,5316.3927,N,00146.3563,W,0.000,0.00,240812,,A*6B
$GPGGA,165145.000,5316.4012,N,00146.3548,W,1,0,,221.0,M,,M,,*42
$GPRMC,165145.000,A,5316.4012,N,00146.3548,W,0.000,0.00,240812,,A*60
$GPGGA,165201.000,5316.4088,N,00146.3500,W,1,0,,221.0,M,,M,,*4E
$GPRMC,165201.000,A,5316.4088,N,00146.3500,W,0.000,0.00,240812,,A*6C
$GPGGA,165217.000,5316.4145,N,00146.3520,W,1,0,,221.0,M,,M,,*4B
$GPRMC,165217.000,A,5316.4145,N,00146.3520,W,0.000,0.00,240812,,A*69
$GPGGA,165232.000,5316.4310,N,00146.3504,W,1,0,,221.0,M,,M,,*48
$GPRMC,165232.000,A,5316.4310,N,00146.3504,W,0.000,0.00,240812,,A*6A
$GPGGA,165247.000,5316.4429,N,00146.3467,W,1,0,,221.0,M,,M,,*43
$GPRMC,165247.000,A,5316.4429,N,00146.3467,W,0.000,0.00,240812,,A*61
$GPGGA,165303.000,5316.4555,N,00146.3472,W,1,0,,221.0,M,,M,,*4C
$GPRMC,165303.000,A,5316.4555,N,00146.3472,W,0.000,0.00,240812,,A*6E
$GPGGA,165318.000,5316.4632,N,00146.3381,W,1,0,,221.0,M,,M,,*4F
$GPRMC,165318.000,A,5316.4632,N,00146.3381,W,0.000,0.00,240812,,A*6D
$GPGGA,165334.000,5316.4758,N,00146.3535,W,1,0,,220.0,M,,M,,*44
$GPRMC,165334.000,A,5316.4758,N,00146.3535,W,0.000,0.00,240812,,A*67
$GPGGA,165349.000,5316.4870,N,00146.3634,W,1,0,,221.0,M,,M,,*48
$GPRMC,165349.000,A,5316.4870,N,00146.3634,W,0.000,0.00,240812,,A*6A
$GPGGA,165404.000,5316.4923,N,00146.3621,W,1,0,,221.0,M,,M,,*45
$GPRMC,165404.000,A,5316.4923,N,00146.3621,W,0.000,0.00,240812,,A*67
$GPGGA,165420.000,5316.5051,N,00146.3694,W,1,0,,221.0,M,,M,,*40
$GPRMC,165420.000,A,5316.5051,N,00146.3694,W,0.000,0.00,240812,,A*62
$GPGGA,165435.000,5316.5150,N,00146.3885,W,1,0,,221.0,M,,M,,*4A
$GPRMC,165435.000,A,5316.5150,N,00146.3885,W,0.000,0.00,240812,,A*68
$GPGGA,165503.000,5316.5319,N,00146.4080,W,1,0,,220.0,M,,M,,*4A
$GPRMC,165503.000,A,5316.5319,N,00146.4080,W,0.000,0.00,240812,,A*69
$GPGGA,165518.000,5316.5390,N,00146.4081,W,1,0,,221.0,M,,M,,*41
$GPRMC,165518.000,A,5316.5390,N,00146.4081,W,0.000,0.00,240812,,A*63
$GPGGA,165533.000,5316.5427,N,00146.4100,W,1,0,,220.0,M,,M,,*4A
$GPRMC,165533.000,A,5316.5427,N,00146.4100,W,0.000,0.00,240812,,A*69
$GPGGA,165548.000,5316.5491,N,00146.4077,W,1,0,,220.0,M,,M,,*4A
$GPRMC,165548.000,A,5316.5491,N,00146.4077,W,0.000,0.00,240812,,A*69
$GPGGA,165604.000,5316.5559,N,00146.4218,W,1,0,,221.0,M,,M,,*4E
$GPRMC,165604.000,A,5316.5559,N,00146.4218,W,0.000,0.00,240812,,A*6C
$GPGGA,165620.000,5316.5781,N,00146.4304,W,1,0,,221.0,M,,M,,*43
$GPRMC,165620.000,A,5316.5781,N,00146.4304,W,0.000,0.00,240812,,A*61
$GPGGA,165635.000,5316.5836,N,00146.4332,W,1,0,,221.0,M,,M,,*41
$GPRMC,165635.000,A,5316.5836,N,00146.4332,W,0.000,0.00,240812,,A*63
$GPGGA,165650.000,5316.5955,N,00146.4416,W,1,0,,221.0,M,,M,,*47
$GPRMC,165650.000,A,5316.5955,N,00146.4416,W,0.000,0.00,240812,,A*65
$GPGGA,165707.000,5316.6019,N,00146.4589,W,1,0,,221.0,M,,M,,*41
$GPRMC,165707.000,A,5316.6019,N,00146.4589,W,0.000,0.00,240812,,A*63
$GPGGA,165723.000,5316.6171,N,00146.4658,W,1,0,,221.0,M,,M,,*47
$GPRMC,165723.000,A,5316.6171,N,00146.4658,W,0.000,0.00,240812,,A*65
$GPGGA,165738.000,5316.6351,N,00146.4592,W,1,0,,221.0,M,,M,,*48
$GPRMC,165738.000,A,5316.6351,N,00146.4592,W,0.000,0.00,240812,,A*6A
$GPGGA,165758.000,5316.6402,N,00146.4672,W,1,0,,221.0,M,,M,,*42
$GPRMC,165758.000,A,5316.6402,N,00146.4672,W,0.000,0.00,240812,,A*60
$GPGGA,165813.000,5316.6507,N,00146.4717,W,1,0,,221.0,M,,M,,*44
$GPRMC,165813.000,A,5316.6507,N,00146.4717,W,0.000,0.00,240812,,A*66
$GPGGA,165828.000,5316.6537,N,00146.4699,W,1,0,,221.0,M,,M,,*48
$GPRMC,165828.000,A,5316.6537,N,00146.4699,W,0.000,0.00,240812,,A*6A
$GPGGA,165846.000,5316.6759,N,00146.4603,W,1,0,,221.0,M,,M,,*49
$GPRMC,165846.000,A,5316.6759,N,00146.4603,W,0.000,0.00,240812,,A*6B
$GPGGA,165901.000,5316.6706,N,00146.4463,W,1,0,,221.0,M,,M,,*45
$GPRMC,165901.000,A,5316.6706,N,00146.4463,W,0.000,0.00,240812,,A*67
$GPGGA,165917.000,5316.6795,N,00146.4396,W,1,0,,221.0,M,,M,,*45
$GPRMC,165917.000,A,5316.6795,N,00146.4396,W,0.000,0.00,240812,,A*67
$GPGGA,165933.000,5316.6809,N,00146.4317,W,1,0,,221.0,M,,M,,*40
$GPRMC,165933.000,A,5316.6809,N,00146.4317,W,0.000,0.00,240812,,A*62
$GPGGA,170001.000,5316.6837,N,00146.4247,W,1,0,,221.0,M,,M,,*45
$GPRMC,170001.000,A,5316.6837,N,00146.4247,W,0.000,0.00,240812,,A*67
$GPGGA,170016.000,5316.6811,N,00146.4068,W,1,0,,221.0,M,,M,,*48
$GPRMC,170016.000,A,5316.6811,N,00146.4068,W,0.000,0.00,240812,,A*6A
$GPGGA,170032.000,5316.6843,N,00146.3857,W,1,0,,221.0,M,,M,,*4A
$GPRMC,170032.000,A,5316.6843,N,00146.3857,W,0.000,0.00,240812,,A*68
$GPGGA,170047.000,5316.6837,N,00146.3686,W,1,0,,221.0,M,,M,,*49
$GPRMC,170047.000,A,5316.6837,N,00146.3686,W,0.000,0.00,240812,,A*6B
$GPGGA,170102.000,5316.6903,N,00146.3583,W,1,0,,221.0,M,,M,,*49
$GPRMC,170102.000,A,5316.6903,N,00146.3583,W,0.000,0.00,240812,,A*6B
$GPGGA,170117.000,5316.6873,N,00146.3580,W,1,0,,221.0,M,,M,,*48
$GPRMC,170117.000,A,5316.6873,N,00146.3580,W,0.000,0.00,240812,,A*6A
$GPGGA,170134.000,5316.6887,N,00146.3586,W,1,0,,221.0,M,,M,,*44
$GPRMC,170134.000,A,5316.6887,N,00146.3586,W,0.000,0.00,240812,,A*66
$GPGGA,170149.000,5316.7187,N,00146.3100,W,1,0,,234.0,M,,M,,*48
$GPRMC,170149.000,A,5316.7187,N,00146.3100,W,0.000,0.00,240812,,A*6E
