@Sonygps/ver3.0/wgs-84/
$GPGGA,135021.000,5320.5820,N,00148.5756,W,1,0,,403.0,M,,M,,*4A
$GPRMC,135021.000,A,5320.5820,N,00148.5756,W,0.000,0.00,070912,,A*6E
$GPGGA,135036.000,5320.5831,N,00148.5755,W,1,0,,402.0,M,,M,,*4E
$GPRMC,135036.000,A,5320.5831,N,00148.5755,W,0.000,0.00,070912,,A*6B
$GPGGA,135100.000,5320.5824,N,00148.5748,W,1,0,,404.0,M,,M,,*44
$GPRMC,135100.000,A,5320.5824,N,00148.5748,W,0.000,0.00,070912,,A*67
$GPGGA,135115.000,5320.5772,N,00148.5765,W,1,0,,404.0,M,,M,,*43
$GPRMC,135115.000,A,5320.5772,N,00148.5765,W,0.000,0.00,070912,,A*60
$GPGGA,135130.000,5320.5797,N,00148.5743,W,1,0,,404.0,M,,M,,*4B
$GPRMC,135130.000,A,5320.5797,N,00148.5743,W,0.000,0.00,070912,,A*68
$GPGGA,135146.000,5320.5765,N,00148.5797,W,1,0,,404.0,M,,M,,*4E
$GPRMC,135146.000,A,5320.5765,N,00148.5797,W,0.000,0.00,070912,,A*6D
$GPGGA,135202.000,5320.5719,N,00148.5777,W,1,0,,404.0,M,,M,,*48
$GPRMC,135202.000,A,5320.5719,N,00148.5777,W,0.000,0.00,070912,,A*6B
$GPGGA,135217.000,5320.5772,N,00148.5755,W,1,0,,404.0,M,,M,,*41
$GPRMC,135217.000,A,5320.5772,N,00148.5755,W,0.000,0.00,070912,,A*62
$GPGGA,135233.000,5320.5776,N,00148.5776,W,1,0,,404.0,M,,M,,*42
$GPRMC,135233.000,A,5320.5776,N,00148.5776,W,0.000,0.00,070912,,A*61
$GPGGA,135248.000,5320.5831,N,00148.5759,W,1,0,,404.0,M,,M,,*4F
$GPRMC,135248.000,A,5320.5831,N,00148.5759,W,0.000,0.00,070912,,A*6C
$GPGGA,135303.000,5320.5849,N,00148.5762,W,1,0,,404.0,M,,M,,*46
$GPRMC,135303.000,A,5320.5849,N,00148.5762,W,0.000,0.00,070912,,A*65
$GPGGA,135319.000,5320.5872,N,00148.5752,W,1,0,,404.0,M,,M,,*46
$GPRMC,135319.000,A,5320.5872,N,00148.5752,W,0.000,0.00,070912,,A*65
$GPGGA,135335.000,5320.6023,N,00148.5681,W,1,0,,404.0,M,,M,,*48
$GPRMC,135335.000,A,5320.6023,N,00148.5681,W,0.000,0.00,070912,,A*6B
$GPGGA,135351.000,5320.6085,N,00148.5635,W,1,0,,404.0,M,,M,,*49
$GPRMC,135351.000,A,5320.6085,N,00148.5635,W,0.000,0.00,070912,,A*6A
$GPGGA,135406.000,5320.6156,N,00148.5610,W,1,0,,404.0,M,,M,,*44
$GPRMC,135406.000,A,5320.6156,N,00148.5610,W,0.000,0.00,070912,,A*67
$GPGGA,135421.000,5320.6218,N,00148.5623,W,1,0,,404.0,M,,M,,*48
$GPRMC,135421.000,A,5320.6218,N,00148.5623,W,0.000,0.00,070912,,A*6B
$GPGGA,135436.000,5320.6307,N,00148.5619,W,1,0,,404.0,M,,M,,*48
$GPRMC,135436.000,A,5320.6307,N,00148.5619,W,0.000,0.00,070912,,A*6B
$GPGGA,135458.000,5320.6380,N,00148.5714,W,1,0,,404.0,M,,M,,*43
$GPRMC,135458.000,A,5320.6380,N,00148.5714,W,0.000,0.00,070912,,A*60
$GPGGA,135514.000,5320.6316,N,00148.5872,W,1,0,,403.0,M,,M,,*4D
$GPRMC,135514.000,A,5320.6316,N,00148.5872,W,0.000,0.00,070912,,A*69
$GPGGA,135530.000,5320.6367,N,00148.5990,W,1,0,,404.0,M,,M,,*47
$GPRMC,135530.000,A,5320.6367,N,00148.5990,W,0.000,0.00,070912,,A*64
$GPGGA,135545.000,5320.6429,N,00148.6144,W,1,0,,403.0,M,,M,,*4D
$GPRMC,135545.000,A,5320.6429,N,00148.6144,W,0.000,0.00,070912,,A*69
$GPGGA,135600.000,5320.6474,N,00148.6287,W,1,0,,404.0,M,,M,,*4C
$GPRMC,135600.000,A,5320.6474,N,00148.6287,W,0.000,0.00,070912,,A*6F
$GPGGA,135627.000,5320.6573,N,00148.6457,W,1,0,,404.0,M,,M,,*44
$GPRMC,135627.000,A,5320.6573,N,00148.6457,W,0.000,0.00,070912,,A*67
$GPGGA,135642.000,5320.6827,N,00148.6729,W,1,0,,404.0,M,,M,,*41
$GPRMC,135642.000,A,5320.6827,N,00148.6729,W,0.000,0.00,070912,,A*62
$GPGGA,135657.000,5320.6870,N,00148.6911,W,1,0,,404.0,M,,M,,*42
$GPRMC,135657.000,A,5320.6870,N,00148.6911,W,0.000,0.00,070912,,A*61
$GPGGA,135712.000,5320.6932,N,00148.7103,W,1,0,,404.0,M,,M,,*4F
$GPRMC,135712.000,A,5320.6932,N,00148.7103,W,0.000,0.00,070912,,A*6C
$GPGGA,135727.000,5320.6989,N,00148.7262,W,1,0,,404.0,M,,M,,*4D
$GPRMC,135727.000,A,5320.6989,N,00148.7262,W,0.000,0.00,070912,,A*6E
$GPGGA,135742.000,5320.7028,N,00148.7448,W,1,0,,404.0,M,,M,,*43
$GPRMC,135742.000,A,5320.7028,N,00148.7448,W,0.000,0.00,070912,,A*60
$GPGGA,135806.000,5320.7106,N,00148.7543,W,1,0,,404.0,M,,M,,*4B
$GPRMC,135806.000,A,5320.7106,N,00148.7543,W,0.000,0.00,070912,,A*68
$GPGGA,135821.000,5320.7127,N,00148.7645,W,1,0,,404.0,M,,M,,*48
$GPRMC,135821.000,A,5320.7127,N,00148.7645,W,0.000,0.00,070912,,A*6B
$GPGGA,135836.000,5320.7200,N,00148.7746,W,1,0,,404.0,M,,M,,*4A
$GPRMC,135836.000,A,5320.7200,N,00148.7746,W,0.000,0.00,070912,,A*69
$GPGGA,135851.000,5320.7285,N,00148.7716,W,1,0,,405.0,M,,M,,*42
$GPRMC,135851.000,A,5320.7285,N,00148.7716,W,0.000,0.00,070912,,A*60
$GPGGA,135907.000,5320.7312,N,00148.7749,W,1,0,,405.0,M,,M,,*45
$GPRMC,135907.000,A,5320.7312,N,00148.7749,W,0.000,0.00,070912,,A*67
$GPGGA,135924.000,5320.7497,N,00148.7772,W,1,0,,405.0,M,,M,,*46
$GPRMC,135924.000,A,5320.7497,N,00148.7772,W,0.000,0.00,070912,,A*64
$GPGGA,135940.000,5320.7568,N,00148.7844,W,1,0,,406.0,M,,M,,*4C
$GPRMC,135940.000,A,5320.7568,N,00148.7844,W,0.000,0.00,070912,,A*6D
$GPGGA,135955.000,5320.7692,N,00148.7864,W,1,0,,406.0,M,,M,,*4C
$GPRMC,135955.000,A,5320.7692,N,00148.7864,W,0.000,0.00,070912,,A*6D
$GPGGA,140010.000,5320.7731,N,00148.7891,W,1,0,,407.0,M,,M,,*45
$GPRMC,140010.000,A,5320.7731,N,00148.7891,W,0.000,0.00,070912,,A*65
$GPGGA,140025.000,5320.7829,N,00148.7921,W,1,0,,407.0,M,,M,,*4F
$GPRMC,140025.000,A,5320.7829,N,00148.7921,W,0.000,0.00,070912,,A*6F
$GPGGA,140044.000,5320.7960,N,00148.7962,W,1,0,,408.0,M,,M,,*4C
$GPRMC,140044.000,A,5320.7960,N,00148.7962,W,0.000,0.00,070912,,A*63
$GPGGA,140059.000,5320.8223,N,00148.8003,W,1,0,,408.0,M,,M,,*42
$GPRMC,140059.000,A,5320.8223,N,00148.8003,W,0.000,0.00,070912,,A*6D
$GPGGA,140119.000,5320.8239,N,00148.8029,W,1,0,,408.0,M,,M,,*44
$GPRMC,140119.000,A,5320.8239,N,00148.8029,W,0.000,0.00,070912,,A*6B
$GPGGA,140134.000,5320.8253,N,00148.8095,W,1,0,,409.0,M,,M,,*41
$GPRMC,140134.000,A,5320.8253,N,00148.8095,W,0.000,0.00,070912,,A*6F
$GPGGA,140149.000,5320.8319,N,00148.8109,W,1,0,,409.0,M,,M,,*40
$GPRMC,140149.000,A,5320.8319,N,00148.8109,W,0.000,0.00,070912,,A*6E
$GPGGA,140205.000,5320.8369,N,00148.8135,W,1,0,,409.0,M,,M,,*43
$GPRMC,140205.000,A,5320.8369,N,00148.8135,W,0.000,0.00,070912,,A*6D
$GPGGA,140220.000,5320.8383,N,00148.8145,W,1,0,,409.0,M,,M,,*47
$GPRMC,140220.000,A,5320.8383,N,00148.8145,W,0.000,0.00,070912,,A*69
$GPGGA,140235.000,5320.8438,N,00148.8200,W,1,0,,410.0,M,,M,,*4E
$GPRMC,140235.000,A,5320.8438,N,00148.8200,W,0.000,0.00,070912,,A*68
$GPGGA,140251.000,5320.8440,N,00148.8148,W,1,0,,410.0,M,,M,,*4C
$GPRMC,140251.000,A,5320.8440,N,00148.8148,W,0.000,0.00,070912,,A*6A
$GPGGA,140306.000,5320.8507,N,00148.8172,W,1,0,,411.0,M,,M,,*45
$GPRMC,140306.000,A,5320.8507,N,00148.8172,W,0.000,0.00,070912,,A*62
$GPGGA,140321.000,5320.8514,N,00148.8134,W,1,0,,411.0,M,,M,,*40
$GPRMC,140321.000,A,5320.8514,N,00148.8134,W,0.000,0.00,070912,,A*67
$GPGGA,140336.000,5320.8722,N,00148.7965,W,1,0,,411.0,M,,M,,*42
$GPRMC,140336.000,A,5320.8722,N,00148.7965,W,0.000,0.00,070912,,A*65
$GPGGA,140351.000,5320.8736,N,00148.7878,W,1,0,,412.0,M,,M,,*48
$GPRMC,140351.000,A,5320.8736,N,00148.7878,W,0.000,0.00,070912,,A*6C
$GPGGA,140407.000,5320.8690,N,00148.7813,W,1,0,,412.0,M,,M,,*4C
$GPRMC,140407.000,A,5320.8690,N,00148.7813,W,0.000,0.00,070912,,A*68
$GPGGA,140422.000,5320.8674,N,00148.7852,W,1,0,,412.0,M,,M,,*44
$GPRMC,140422.000,A,5320.8674,N,00148.7852,W,0.000,0.00,070912,,A*60
$GPGGA,140438.000,5320.8672,N,00148.7803,W,1,0,,412.0,M,,M,,*4D
$GPRMC,140438.000,A,5320.8672,N,00148.7803,W,0.000,0.00,070912,,A*69
$GPGGA,140453.000,5320.8791,N,00148.7585,W,1,0,,413.0,M,,M,,*4E
$GPRMC,140453.000,A,5320.8791,N,00148.7585,W,0.000,0.00,070912,,A*6B
$GPGGA,140508.000,5320.8797,N,00148.7536,W,1,0,,413.0,M,,M,,*4F
$GPRMC,140508.000,A,5320.8797,N,00148.7536,W,0.000,0.00,070912,,A*6A
$GPGGA,140524.000,5320.8983,N,00148.7329,W,1,0,,413.0,M,,M,,*42
$GPRMC,140524.000,A,5320.8983,N,00148.7329,W,0.000,0.00,070912,,A*67
$GPGGA,140539.000,5320.8987,N,00148.7248,W,1,0,,414.0,M,,M,,*4B
$GPRMC,140539.000,A,5320.8987,N,00148.7248,W,0.000,0.00,070912,,A*69
$GPGGA,140554.000,5320.9006,N,00148.7198,W,1,0,,414.0,M,,M,,*4F
$GPRMC,140554.000,A,5320.9006,N,00148.7198,W,0.000,0.00,070912,,A*6D
$GPGGA,140609.000,5320.8992,N,00148.7132,W,1,0,,414.0,M,,M,,*41
$GPRMC,140609.000,A,5320.8992,N,00148.7132,W,0.000,0.00,070912,,A*63
$GPGGA,140624.000,5320.9038,N,00148.7055,W,1,0,,415.0,M,,M,,*47
$GPRMC,140624.000,A,5320.9038,N,00148.7055,W,0.000,0.00,070912,,A*64
$GPGGA,140640.000,5320.9155,N,00148.6940,W,1,0,,415.0,M,,M,,*43
$GPRMC,140640.000,A,5320.9155,N,00148.6940,W,0.000,0.00,070912,,A*60
$GPGGA,140655.000,5320.9065,N,00148.6947,W,1,0,,415.0,M,,M,,*42
$GPRMC,140655.000,A,5320.9065,N,00148.6947,W,0.000,0.00,070912,,A*61
$GPGGA,140710.000,5320.9155,N,00148.6902,W,1,0,,415.0,M,,M,,*41
$GPRMC,140710.000,A,5320.9155,N,00148.6902,W,0.000,0.00,070912,,A*62
$GPGGA,140725.000,5320.9356,N,00148.6848,W,1,0,,415.0,M,,M,,*49
$GPRMC,140725.000,A,5320.9356,N,00148.6848,W,0.000,0.00,070912,,A*6A
$GPGGA,140740.000,5320.9402,N,00148.6760,W,1,0,,416.0,M,,M,,*4A
$GPRMC,140740.000,A,5320.9402,N,00148.6760,W,0.000,0.00,070912,,A*6A
$GPGGA,140755.000,5320.9434,N,00148.6668,W,1,0,,415.0,M,,M,,*41
$GPRMC,140755.000,A,5320.9434,N,00148.6668,W,0.000,0.00,070912,,A*62
$GPGGA,140811.000,5320.9415,N,00148.6345,W,1,0,,416.0,M,,M,,*44
$GPRMC,140811.000,A,5320.9415,N,00148.6345,W,0.000,0.00,070912,,A*64
$GPGGA,140826.000,5320.9415,N,00148.6169,W,1,0,,416.0,M,,M,,*4C
$GPRMC,140826.000,A,5320.9415,N,00148.6169,W,0.000,0.00,070912,,A*6C
$GPGGA,140841.000,5320.9260,N,00148.5838,W,1,0,,417.0,M,,M,,*46
$GPRMC,140841.000,A,5320.9260,N,00148.5838,W,0.000,0.00,070912,,A*67
$GPGGA,140857.000,5320.9287,N,00148.5679,W,1,0,,417.0,M,,M,,*43
$GPRMC,140857.000,A,5320.9287,N,00148.5679,W,0.000,0.00,070912,,A*62
$GPGGA,140912.000,5320.9283,N,00148.5569,W,1,0,,418.0,M,,M,,*4A
$GPRMC,140912.000,A,5320.9283,N,00148.5569,W,0.000,0.00,070912,,A*64
$GPGGA,140928.000,5320.9251,N,00148.5491,W,1,0,,418.0,M,,M,,*4A
$GPRMC,140928.000,A,5320.9251,N,00148.5491,W,0.000,0.00,070912,,A*64
$GPGGA,140943.000,5320.9312,N,00148.5598,W,1,0,,418.0,M,,M,,*49
$GPRMC,140943.000,A,5320.9312,N,00148.5598,W,0.000,0.00,070912,,A*67
$GPGGA,140958.000,5320.9326,N,00148.5545,W,1,0,,418.0,M,,M,,*44
$GPRMC,140958.000,A,5320.9326,N,00148.5545,W,0.000,0.00,070912,,A*6A
$GPGGA,141013.000,5320.9454,N,00148.5329,W,1,0,,418.0,M,,M,,*4D
$GPRMC,141013.000,A,5320.9454,N,00148.5329,W,0.000,0.00,070912,,A*63
$GPGGA,141028.000,5320.9491,N,00148.5307,W,1,0,,417.0,M,,M,,*4F
$GPRMC,141028.000,A,5320.9491,N,00148.5307,W,0.000,0.00,070912,,A*6E
$GPGGA,141043.000,5320.9612,N,00148.5222,W,1,0,,418.0,M,,M,,*42
$GPRMC,141043.000,A,5320.9612,N,00148.5222,W,0.000,0.00,070912,,A*6C
$GPGGA,141059.000,5320.9633,N,00148.5219,W,1,0,,418.0,M,,M,,*42
$GPRMC,141059.000,A,5320.9633,N,00148.5219,W,0.000,0.00,070912,,A*6C
$GPGGA,141114.000,5320.9745,N,00148.5150,W,1,0,,418.0,M,,M,,*44
$GPRMC,141114.000,A,5320.9745,N,00148.5150,W,0.000,0.00,070912,,A*6A
$GPGGA,141129.000,5320.9850,N,00148.5186,W,1,0,,418.0,M,,M,,*4A
$GPRMC,141129.000,A,5320.9850,N,00148.5186,W,0.000,0.00,070912,,A*64
$GPGGA,141145.000,5320.9981,N,00148.5030,W,1,0,,418.0,M,,M,,*41
$GPRMC,141145.000,A,5320.9981,N,00148.5030,W,0.000,0.00,070912,,A*6F
$GPGGA,141200.000,5321.0107,N,00148.5016,W,1,0,,418.0,M,,M,,*49
$GPRMC,141200.000,A,5321.0107,N,00148.5016,W,0.000,0.00,070912,,A*67
$GPGGA,141215.000,5321.0166,N,00148.4771,W,1,0,,418.0,M,,M,,*4D
$GPRMC,141215.000,A,5321.0166,N,00148.4771,W,0.000,0.00,070912,,A*63
$GPGGA,141230.000,5321.0244,N,00148.4807,W,1,0,,419.0,M,,M,,*46
$GPRMC,141230.000,A,5321.0244,N,00148.4807,W,0.000,0.00,070912,,A*69
$GPGGA,141246.000,5321.0331,N,00148.4815,W,1,0,,419.0,M,,M,,*47
$GPRMC,141246.000,A,5321.0331,N,00148.4815,W,0.000,0.00,070912,,A*68
$GPGGA,141301.000,5321.0406,N,00148.4805,W,1,0,,419.0,M,,M,,*47
$GPRMC,141301.000,A,5321.0406,N,00148.4805,W,0.000,0.00,070912,,A*68
$GPGGA,141316.000,5321.0498,N,00148.4768,W,1,0,,419.0,M,,M,,*42
$GPRMC,141316.000,A,5321.0498,N,00148.4768,W,0.000,0.00,070912,,A*6D
$GPGGA,141331.000,5321.0603,N,00148.4745,W,1,0,,419.0,M,,M,,*48
$GPRMC,141331.000,A,5321.0603,N,00148.4745,W,0.000,0.00,070912,,A*67
$GPGGA,141346.000,5321.0683,N,00148.4770,W,1,0,,419.0,M,,M,,*46
$GPRMC,141346.000,A,5321.0683,N,00148.4770,W,0.000,0.00,070912,,A*69
$GPGGA,141402.000,5321.0864,N,00148.4706,W,1,0,,419.0,M,,M,,*47
$GPRMC,141402.000,A,5321.0864,N,00148.4706,W,0.000,0.00,070912,,A*68
$GPGGA,141417.000,5321.0947,N,00148.4684,W,1,0,,419.0,M,,M,,*48
$GPRMC,141417.000,A,5321.0947,N,00148.4684,W,0.000,0.00,070912,,A*67
$GPGGA,141433.000,5321.1013,N,00148.4695,W,1,0,,419.0,M,,M,,*47
$GPRMC,141433.000,A,5321.1013,N,00148.4695,W,0.000,0.00,070912,,A*68
$GPGGA,141448.000,5321.1054,N,00148.4661,W,1,0,,419.0,M,,M,,*43
$GPRMC,141448.000,A,5321.1054,N,00148.4661,W,0.000,0.00,070912,,A*6C
$GPGGA,141503.000,5321.1109,N,00148.4627,W,1,0,,419.0,M,,M,,*46
$GPRMC,141503.000,A,5321.1109,N,00148.4627,W,0.000,0.00,070912,,A*69
$GPGGA,141519.000,5321.1162,N,00148.4598,W,1,0,,419.0,M,,M,,*47
$GPRMC,141519.000,A,5321.1162,N,00148.4598,W,0.000,0.00,070912,,A*68
$GPGGA,141534.000,5321.1265,N,00148.4577,W,1,0,,420.0,M,,M,,*47
$GPRMC,141534.000,A,5321.1265,N,00148.4577,W,0.000,0.00,070912,,A*62
$GPGGA,141549.000,5321.1324,N,00148.4618,W,1,0,,420.0,M,,M,,*43
$GPRMC,141549.000,A,5321.1324,N,00148.4618,W,0.000,0.00,070912,,A*66
$GPGGA,141604.000,5321.1393,N,00148.4635,W,1,0,,420.0,M,,M,,*4A
$GPRMC,141604.000,A,5321.1393,N,00148.4635,W,0.000,0.00,070912,,A*6F
$GPGGA,141619.000,5321.1439,N,00148.4600,W,1,0,,420.0,M,,M,,*47
$GPRMC,141619.000,A,5321.1439,N,00148.4600,W,0.000,0.00,070912,,A*62
$GPGGA,141635.000,5321.1544,N,00148.4501,W,1,0,,420.0,M,,M,,*40
$GPRMC,141635.000,A,5321.1544,N,00148.4501,W,0.000,0.00,070912,,A*65
$GPGGA,141650.000,5321.1594,N,00148.4486,W,1,0,,420.0,M,,M,,*40
$GPRMC,141650.000,A,5321.1594,N,00148.4486,W,0.000,0.00,070912,,A*65
$GPGGA,141705.000,5321.1647,N,00148.4413,W,1,0,,421.0,M,,M,,*41
$GPRMC,141705.000,A,5321.1647,N,00148.4413,W,0.000,0.00,070912,,A*65
$GPGGA,141721.000,5321.1789,N,00148.4308,W,1,0,,421.0,M,,M,,*49
$GPRMC,141721.000,A,5321.1789,N,00148.4308,W,0.000,0.00,070912,,A*6D
$GPGGA,141736.000,5321.1878,N,00148.4254,W,1,0,,421.0,M,,M,,*46
$GPRMC,141736.000,A,5321.1878,N,00148.4254,W,0.000,0.00,070912,,A*62
$GPGGA,141751.000,5321.1945,N,00148.4219,W,1,0,,421.0,M,,M,,*41
$GPRMC,141751.000,A,5321.1945,N,00148.4219,W,0.000,0.00,070912,,A*65
$GPGGA,141806.000,5321.2050,N,00148.4104,W,1,0,,421.0,M,,M,,*4D
$GPRMC,141806.000,A,5321.2050,N,00148.4104,W,0.000,0.00,070912,,A*69
$GPGGA,141822.000,5321.2091,N,00148.3978,W,1,0,,421.0,M,,M,,*42
$GPRMC,141822.000,A,5321.2091,N,00148.3978,W,0.000,0.00,070912,,A*66
$GPGGA,141837.000,5321.2151,N,00148.3975,W,1,0,,421.0,M,,M,,*46
$GPRMC,141837.000,A,5321.2151,N,00148.3975,W,0.000,0.00,070912,,A*62
$GPGGA,141853.000,5321.2217,N,00148.3958,W,1,0,,422.0,M,,M,,*49
$GPRMC,141853.000,A,5321.2217,N,00148.3958,W,0.000,0.00,070912,,A*6E
$GPGGA,141908.000,5321.2272,N,00148.3916,W,1,0,,422.0,M,,M,,*4F
$GPRMC,141908.000,A,5321.2272,N,00148.3916,W,0.000,0.00,070912,,A*68
$GPGGA,141923.000,5321.2343,N,00148.3869,W,1,0,,422.0,M,,M,,*4C
$GPRMC,141923.000,A,5321.2343,N,00148.3869,W,0.000,0.00,070912,,A*6B
$GPGGA,141942.000,5321.2402,N,00148.3765,W,1,0,,422.0,M,,M,,*4A
$GPRMC,141942.000,A,5321.2402,N,00148.3765,W,0.000,0.00,070912,,A*6D
$GPGGA,141957.000,5321.2455,N,00148.3737,W,1,0,,422.0,M,,M,,*4B
$GPRMC,141957.000,A,5321.2455,N,00148.3737,W,0.000,0.00,070912,,A*6C
$GPGGA,142012.000,5321.2558,N,00148.3694,W,1,0,,422.0,M,,M,,*44
$GPRMC,142012.000,A,5321.2558,N,00148.3694,W,0.000,0.00,070912,,A*63
$GPGGA,142028.000,5321.2672,N,00148.3617,W,1,0,,422.0,M,,M,,*4D
$GPRMC,142028.000,A,5321.2672,N,00148.3617,W,0.000,0.00,070912,,A*6A
$GPGGA,142043.000,5321.2716,N,00148.3572,W,1,0,,422.0,M,,M,,*43
$GPRMC,142043.000,A,5321.2716,N,00148.3572,W,0.000,0.00,070912,,A*64
$GPGGA,142059.000,5321.2771,N,00148.3558,W,1,0,,422.0,M,,M,,*41
$GPRMC,142059.000,A,5321.2771,N,00148.3558,W,0.000,0.00,070912,,A*66
$GPGGA,142114.000,5321.2791,N,00148.3529,W,1,0,,422.0,M,,M,,*41
$GPRMC,142114.000,A,5321.2791,N,00148.3529,W,0.000,0.00,070912,,A*66
$GPGGA,142129.000,5321.2798,N,00148.3437,W,1,0,,422.0,M,,M,,*48
$GPRMC,142129.000,A,5321.2798,N,00148.3437,W,0.000,0.00,070912,,A*6F
$GPGGA,142144.000,5321.2851,N,00148.3397,W,1,0,,422.0,M,,M,,*44
$GPRMC,142144.000,A,5321.2851,N,00148.3397,W,0.000,0.00,070912,,A*63
$GPGGA,142159.000,5321.2938,N,00148.3350,W,1,0,,422.0,M,,M,,*4D
$GPRMC,142159.000,A,5321.2938,N,00148.3350,W,0.000,0.00,070912,,A*6A
$GPGGA,142217.000,5321.3039,N,00148.3264,W,1,0,,422.0,M,,M,,*4B
$GPRMC,142217.000,A,5321.3039,N,00148.3264,W,0.000,0.00,070912,,A*6C
$GPGGA,142233.000,5321.3094,N,00148.3191,W,1,0,,422.0,M,,M,,*43
$GPRMC,142233.000,A,5321.3094,N,00148.3191,W,0.000,0.00,070912,,A*64
$GPGGA,142248.000,5321.3208,N,00148.3054,W,1,0,,422.0,M,,M,,*40
$GPRMC,142248.000,A,5321.3208,N,00148.3054,W,0.000,0.00,070912,,A*67
$GPGGA,142304.000,5321.3263,N,00148.2921,W,1,0,,422.0,M,,M,,*4E
$GPRMC,142304.000,A,5321.3263,N,00148.2921,W,0.000,0.00,070912,,A*69
$GPGGA,142319.000,5321.3322,N,00148.2833,W,1,0,,422.0,M,,M,,*44
$GPRMC,142319.000,A,5321.3322,N,00148.2833,W,0.000,0.00,070912,,A*63
$GPGGA,142346.000,5321.3393,N,00148.2790,W,1,0,,422.0,M,,M,,*42
$GPRMC,142346.000,A,5321.3393,N,00148.2790,W,0.000,0.00,070912,,A*65
$GPGGA,142401.000,5321.3348,N,00148.2776,W,1,0,,422.0,M,,M,,*48
$GPRMC,142401.000,A,5321.3348,N,00148.2776,W,0.000,0.00,070912,,A*6F
$GPGGA,142416.000,5321.3519,N,00148.2559,W,1,0,,419.0,M,,M,,*4B
$GPRMC,142416.000,A,5321.3519,N,00148.2559,W,0.000,0.00,070912,,A*64
$GPGGA,142431.000,5321.3517,N,00148.2553,W,1,0,,421.0,M,,M,,*41
$GPRMC,142431.000,A,5321.3517,N,00148.2553,W,0.000,0.00,070912,,A*65
$GPGGA,142446.000,5321.3528,N,00148.2573,W,1,0,,422.0,M,,M,,*4C
$GPRMC,142446.000,A,5321.3528,N,00148.2573,W,0.000,0.00,070912,,A*6B
$GPGGA,142501.000,5321.3524,N,00148.2573,W,1,0,,422.0,M,,M,,*42
$GPRMC,142501.000,A,5321.3524,N,00148.2573,W,0.000,0.00,070912,,A*65
$GPGGA,142516.000,5321.3554,N,00148.2493,W,1,0,,422.0,M,,M,,*4C
$GPRMC,142516.000,A,5321.3554,N,00148.2493,W,0.000,0.00,070912,,A*6B
$GPGGA,142540.000,5321.3597,N,00148.2336,W,1,0,,422.0,M,,M,,*48
$GPRMC,142540.000,A,5321.3597,N,00148.2336,W,0.000,0.00,070912,,A*6F
$GPGGA,142555.000,5321.3663,N,00148.2192,W,1,0,,422.0,M,,M,,*48
$GPRMC,142555.000,A,5321.3663,N,00148.2192,W,0.000,0.00,070912,,A*6F
$GPGGA,142610.000,5321.3686,N,00148.2119,W,1,0,,422.0,M,,M,,*42
$GPRMC,142610.000,A,5321.3686,N,00148.2119,W,0.000,0.00,070912,,A*65
$GPGGA,142625.000,5321.3796,N,00148.1929,W,1,0,,422.0,M,,M,,*4C
$GPRMC,142625.000,A,5321.3796,N,00148.1929,W,0.000,0.00,070912,,A*6B
$GPGGA,142640.000,5321.3821,N,00148.1813,W,1,0,,422.0,M,,M,,*44
$GPRMC,142640.000,A,5321.3821,N,00148.1813,W,0.000,0.00,070912,,A*63
$GPGGA,142655.000,5321.3867,N,00148.1686,W,1,0,,422.0,M,,M,,*40
$GPRMC,142655.000,A,5321.3867,N,00148.1686,W,0.000,0.00,070912,,A*67
$GPGGA,142710.000,5321.3920,N,00148.1545,W,1,0,,422.0,M,,M,,*4E
$GPRMC,142710.000,A,5321.3920,N,00148.1545,W,0.000,0.00,070912,,A*69
$GPGGA,142725.000,5321.3977,N,00148.1416,W,1,0,,422.0,M,,M,,*4D
$GPRMC,142725.000,A,5321.3977,N,00148.1416,W,0.000,0.00,070912,,A*6A
$GPGGA,142740.000,5321.4009,N,00148.1301,W,1,0,,422.0,M,,M,,*48
$GPRMC,142740.000,A,5321.4009,N,00148.1301,W,0.000,0.00,070912,,A*6F
$GPGGA,142755.000,5321.4048,N,00148.1141,W,1,0,,422.0,M,,M,,*4F
$GPRMC,142755.000,A,5321.4048,N,00148.1141,W,0.000,0.00,070912,,A*68
$GPGGA,142811.000,5321.4059,N,00148.1045,W,1,0,,422.0,M,,M,,*45
$GPRMC,142811.000,A,5321.4059,N,00148.1045,W,0.000,0.00,070912,,A*62
$GPGGA,142826.000,5321.4039,N,00148.0909,W,1,0,,422.0,M,,M,,*47
$GPRMC,142826.000,A,5321.4039,N,00148.0909,W,0.000,0.00,070912,,A*60
$GPGGA,142841.000,5321.4055,N,00148.0815,W,1,0,,422.0,M,,M,,*40
$GPRMC,142841.000,A,5321.4055,N,00148.0815,W,0.000,0.00,070912,,A*67
$GPGGA,142856.000,5321.4103,N,00148.0673,W,1,0,,422.0,M,,M,,*4A
$GPRMC,142856.000,A,5321.4103,N,00148.0673,W,0.000,0.00,070912,,A*6D
$GPGGA,142914.000,5321.4158,N,00148.0368,W,1,0,,422.0,M,,M,,*4C
$GPRMC,142914.000,A,5321.4158,N,00148.0368,W,0.000,0.00,070912,,A*6B
$GPGGA,142929.000,5321.4252,N,00148.0174,W,1,0,,422.0,M,,M,,*44
$GPRMC,142929.000,A,5321.4252,N,00148.0174,W,0.000,0.00,070912,,A*63
$GPGGA,142945.000,5321.4245,N,00147.9984,W,1,0,,422.0,M,,M,,*49
$GPRMC,142945.000,A,5321.4245,N,00147.9984,W,0.000,0.00,070912,,A*6E
$GPGGA,143000.000,5321.4247,N,00147.9886,W,1,0,,422.0,M,,M,,*41
$GPRMC,143000.000,A,5321.4247,N,00147.9886,W,0.000,0.00,070912,,A*66
$GPGGA,143015.000,5321.4261,N,00147.9728,W,1,0,,422.0,M,,M,,*4A
$GPRMC,143015.000,A,5321.4261,N,00147.9728,W,0.000,0.00,070912,,A*6D
$GPGGA,143031.000,5321.4307,N,00147.9603,W,1,0,,422.0,M,,M,,*45
$GPRMC,143031.000,A,5321.4307,N,00147.9603,W,0.000,0.00,070912,,A*62
$GPGGA,143046.000,5321.4332,N,00147.9331,W,1,0,,422.0,M,,M,,*47
$GPRMC,143046.000,A,5321.4332,N,00147.9331,W,0.000,0.00,070912,,A*60
$GPGGA,143101.000,5321.4359,N,00147.9230,W,1,0,,422.0,M,,M,,*48
$GPRMC,143101.000,A,5321.4359,N,00147.9230,W,0.000,0.00,070912,,A*6F
$GPGGA,143117.000,5321.4357,N,00147.9013,W,1,0,,422.0,M,,M,,*42
$GPRMC,143117.000,A,5321.4357,N,00147.9013,W,0.000,0.00,070912,,A*65
$GPGGA,143132.000,5321.4417,N,00147.8844,W,1,0,,422.0,M,,M,,*4D
$GPRMC,143132.000,A,5321.4417,N,00147.8844,W,0.000,0.00,070912,,A*6A
$GPGGA,143148.000,5321.4455,N,00147.8668,W,1,0,,422.0,M,,M,,*46
$GPRMC,143148.000,A,5321.4455,N,00147.8668,W,0.000,0.00,070912,,A*61
$GPGGA,143203.000,5321.4387,N,00147.8489,W,1,0,,422.0,M,,M,,*4F
$GPRMC,143203.000,A,5321.4387,N,00147.8489,W,0.000,0.00,070912,,A*68
$GPGGA,143218.000,5321.4414,N,00147.8383,W,1,0,,421.0,M,,M,,*46
$GPRMC,143218.000,A,5321.4414,N,00147.8383,W,0.000,0.00,070912,,A*62
$GPGGA,143233.000,5321.4410,N,00147.8356,W,1,0,,419.0,M,,M,,*48
$GPRMC,143233.000,A,5321.4410,N,00147.8356,W,0.000,0.00,070912,,A*67
$GPGGA,143256.000,5321.4373,N,00147.8319,W,1,0,,421.0,M,,M,,*49
$GPRMC,143256.000,A,5321.4373,N,00147.8319,W,0.000,0.00,070912,,A*6D
$GPGGA,143312.000,5321.4355,N,00147.8270,W,1,0,,421.0,M,,M,,*42
$GPRMC,143312.000,A,5321.4355,N,00147.8270,W,0.000,0.00,070912,,A*66
$GPGGA,143328.000,5321.4268,N,00147.8192,W,1,0,,421.0,M,,M,,*4B
$GPRMC,143328.000,A,5321.4268,N,00147.8192,W,0.000,0.00,070912,,A*6F
$GPGGA,143344.000,5321.4247,N,00147.8089,W,1,0,,421.0,M,,M,,*47
$GPRMC,143344.000,A,5321.4247,N,00147.8089,W,0.000,0.00,070912,,A*63
$GPGGA,143359.000,5321.4211,N,00147.8021,W,1,0,,421.0,M,,M,,*4A
$GPRMC,143359.000,A,5321.4211,N,00147.8021,W,0.000,0.00,070912,,A*6E
$GPGGA,143415.000,5321.4183,N,00147.7922,W,1,0,,421.0,M,,M,,*48
$GPRMC,143415.000,A,5321.4183,N,00147.7922,W,0.000,0.00,070912,,A*6C
$GPGGA,143430.000,5321.4169,N,00147.7866,W,1,0,,421.0,M,,M,,*4A
$GPRMC,143430.000,A,5321.4169,N,00147.7866,W,0.000,0.00,070912,,A*6E
$GPGGA,143445.000,5321.4192,N,00147.7765,W,1,0,,421.0,M,,M,,*40
$GPRMC,143445.000,A,5321.4192,N,00147.7765,W,0.000,0.00,070912,,A*64
$GPGGA,143500.000,5321.4172,N,00147.7742,W,1,0,,421.0,M,,M,,*4B
$GPRMC,143500.000,A,5321.4172,N,00147.7742,W,0.000,0.00,070912,,A*6F
$GPGGA,143516.000,5321.4140,N,00147.7605,W,1,0,,420.0,M,,M,,*4E
$GPRMC,143516.000,A,5321.4140,N,00147.7605,W,0.000,0.00,070912,,A*6B
$GPGGA,143531.000,5321.4064,N,00147.7504,W,1,0,,420.0,M,,M,,*4E
$GPRMC,143531.000,A,5321.4064,N,00147.7504,W,0.000,0.00,070912,,A*6B
$GPGGA,143558.000,5321.4034,N,00147.7390,W,1,0,,420.0,M,,M,,*4F
$GPRMC,143558.000,A,5321.4034,N,00147.7390,W,0.000,0.00,070912,,A*6A
$GPGGA,143614.000,5321.4011,N,00147.7249,W,1,0,,420.0,M,,M,,*46
$GPRMC,143614.000,A,5321.4011,N,00147.7249,W,0.000,0.00,070912,,A*63
$GPGGA,143631.000,5321.3950,N,00147.6973,W,1,0,,420.0,M,,M,,*49
$GPRMC,143631.000,A,5321.3950,N,00147.6973,W,0.000,0.00,070912,,A*6C
$GPGGA,143647.000,5321.3959,N,00147.6906,W,1,0,,420.0,M,,M,,*43
$GPRMC,143647.000,A,5321.3959,N,00147.6906,W,0.000,0.00,070912,,A*66
$GPGGA,143702.000,5321.3963,N,00147.6897,W,1,0,,420.0,M,,M,,*43
$GPRMC,143702.000,A,5321.3963,N,00147.6897,W,0.000,0.00,070912,,A*66
$GPGGA,143718.000,5321.3947,N,00147.6866,W,1,0,,420.0,M,,M,,*40
$GPRMC,143718.000,A,5321.3947,N,00147.6866,W,0.000,0.00,070912,,A*65
$GPGGA,143734.000,5321.3881,N,00147.6600,W,1,0,,420.0,M,,M,,*4B
$GPRMC,143734.000,A,5321.3881,N,00147.6600,W,0.000,0.00,070912,,A*6E
$GPGGA,143750.000,5321.3851,N,00147.6554,W,1,0,,420.0,M,,M,,*46
$GPRMC,143750.000,A,5321.3851,N,00147.6554,W,0.000,0.00,070912,,A*63
$GPGGA,143805.000,5321.3762,N,00147.6475,W,1,0,,420.0,M,,M,,*44
$GPRMC,143805.000,A,5321.3762,N,00147.6475,W,0.000,0.00,070912,,A*61
$GPGGA,143820.000,5321.3718,N,00147.6467,W,1,0,,419.0,M,,M,,*47
$GPRMC,143820.000,A,5321.3718,N,00147.6467,W,0.000,0.00,070912,,A*68
$GPGGA,143836.000,5321.3636,N,00147.6417,W,1,0,,419.0,M,,M,,*4A
$GPRMC,143836.000,A,5321.3636,N,00147.6417,W,0.000,0.00,070912,,A*65
$GPGGA,143851.000,5321.3593,N,00147.6434,W,1,0,,419.0,M,,M,,*46
$GPRMC,143851.000,A,5321.3593,N,00147.6434,W,0.000,0.00,070912,,A*69
$GPGGA,143906.000,5321.3535,N,00147.6396,W,1,0,,419.0,M,,M,,*46
$GPRMC,143906.000,A,5321.3535,N,00147.6396,W,0.000,0.00,070912,,A*69
$GPGGA,143921.000,5321.3538,N,00147.6376,W,1,0,,419.0,M,,M,,*40
$GPRMC,143921.000,A,5321.3538,N,00147.6376,W,0.000,0.00,070912,,A*6F
$GPGGA,143937.000,5321.3423,N,00147.6237,W,1,0,,419.0,M,,M,,*48
$GPRMC,143937.000,A,5321.3423,N,00147.6237,W,0.000,0.00,070912,,A*67
$GPGGA,144004.000,5321.3441,N,00147.6134,W,1,0,,419.0,M,,M,,*42
$GPRMC,144004.000,A,5321.3441,N,00147.6134,W,0.000,0.00,070912,,A*6D
$GPGGA,144019.000,5321.3423,N,00147.6099,W,1,0,,419.0,M,,M,,*4C
$GPRMC,144019.000,A,5321.3423,N,00147.6099,W,0.000,0.00,070912,,A*63
$GPGGA,144035.000,5321.3295,N,00147.5977,W,1,0,,418.0,M,,M,,*42
$GPRMC,144035.000,A,5321.3295,N,00147.5977,W,0.000,0.00,070912,,A*6C
$GPGGA,144051.000,5321.3270,N,00147.5802,W,1,0,,418.0,M,,M,,*48
$GPRMC,144051.000,A,5321.3270,N,00147.5802,W,0.000,0.00,070912,,A*66
$GPGGA,144106.000,5321.3263,N,00147.5817,W,1,0,,418.0,M,,M,,*4D
$GPRMC,144106.000,A,5321.3263,N,00147.5817,W,0.000,0.00,070912,,A*63
$GPGGA,144121.000,5321.3194,N,00147.5692,W,1,0,,418.0,M,,M,,*40
$GPRMC,144121.000,A,5321.3194,N,00147.5692,W,0.000,0.00,070912,,A*6E
$GPGGA,144137.000,5321.3155,N,00147.5552,W,1,0,,418.0,M,,M,,*45
$GPRMC,144137.000,A,5321.3155,N,00147.5552,W,0.000,0.00,070912,,A*6B
$GPGGA,144153.000,5321.3139,N,00147.5441,W,1,0,,418.0,M,,M,,*4E
$GPRMC,144153.000,A,5321.3139,N,00147.5441,W,0.000,0.00,070912,,A*60
$GPGGA,144208.000,5321.3142,N,00147.5409,W,1,0,,418.0,M,,M,,*43
$GPRMC,144208.000,A,5321.3142,N,00147.5409,W,0.000,0.00,070912,,A*6D
$GPGGA,144223.000,5321.3100,N,00147.5317,W,1,0,,417.0,M,,M,,*4B
$GPRMC,144223.000,A,5321.3100,N,00147.5317,W,0.000,0.00,070912,,A*6A
$GPGGA,144238.000,5321.3098,N,00147.5215,W,1,0,,417.0,M,,M,,*42
$GPRMC,144238.000,A,5321.3098,N,00147.5215,W,0.000,0.00,070912,,A*63
$GPGGA,144253.000,5321.3066,N,00147.5083,W,1,0,,417.0,M,,M,,*43
$GPRMC,144253.000,A,5321.3066,N,00147.5083,W,0.000,0.00,070912,,A*62
$GPGGA,144309.000,5321.3027,N,00147.5010,W,1,0,,417.0,M,,M,,*42
$GPRMC,144309.000,A,5321.3027,N,00147.5010,W,0.000,0.00,070912,,A*63
$GPGGA,144324.000,5321.2997,N,00147.4869,W,1,0,,417.0,M,,M,,*49
$GPRMC,144324.000,A,5321.2997,N,00147.4869,W,0.000,0.00,070912,,A*68
$GPGGA,144339.000,5321.2972,N,00147.4820,W,1,0,,417.0,M,,M,,*43
$GPRMC,144339.000,A,5321.2972,N,00147.4820,W,0.000,0.00,070912,,A*62
$GPGGA,144355.000,5321.2988,N,00147.4678,W,1,0,,417.0,M,,M,,*4F
$GPRMC,144355.000,A,5321.2988,N,00147.4678,W,0.000,0.00,070912,,A*6E
$GPGGA,144410.000,5321.3032,N,00147.4613,W,1,0,,416.0,M,,M,,*4C
$GPRMC,144410.000,A,5321.3032,N,00147.4613,W,0.000,0.00,070912,,A*6C
$GPGGA,144427.000,5321.3013,N,00147.4537,W,1,0,,416.0,M,,M,,*4E
$GPRMC,144427.000,A,5321.3013,N,00147.4537,W,0.000,0.00,070912,,A*6E
$GPGGA,144442.000,5321.2899,N,00147.4420,W,1,0,,416.0,M,,M,,*41
$GPRMC,144442.000,A,5321.2899,N,00147.4420,W,0.000,0.00,070912,,A*61
$GPGGA,144457.000,5321.2835,N,00147.4311,W,1,0,,416.0,M,,M,,*46
$GPRMC,144457.000,A,5321.2835,N,00147.4311,W,0.000,0.00,070912,,A*66
$GPGGA,144513.000,5321.2881,N,00147.4194,W,1,0,,416.0,M,,M,,*47
$GPRMC,144513.000,A,5321.2881,N,00147.4194,W,0.000,0.00,070912,,A*67
$GPGGA,144529.000,5321.2798,N,00147.4278,W,1,0,,416.0,M,,M,,*48
$GPRMC,144529.000,A,5321.2798,N,00147.4278,W,0.000,0.00,070912,,A*68
$GPGGA,144544.000,5321.2812,N,00147.4014,W,1,0,,416.0,M,,M,,*46
$GPRMC,144544.000,A,5321.2812,N,00147.4014,W,0.000,0.00,070912,,A*66
$GPGGA,144559.000,5321.2771,N,00147.3818,W,1,0,,416.0,M,,M,,*43
$GPRMC,144559.000,A,5321.2771,N,00147.3818,W,0.000,0.00,070912,,A*63
$GPGGA,144614.000,5321.2709,N,00147.3581,W,1,0,,415.0,M,,M,,*48
$GPRMC,144614.000,A,5321.2709,N,00147.3581,W,0.000,0.00,070912,,A*6B
$GPGGA,144629.000,5321.2652,N,00147.3580,W,1,0,,415.0,M,,M,,*48
$GPRMC,144629.000,A,5321.2652,N,00147.3580,W,0.000,0.00,070912,,A*6B
$GPGGA,144645.000,5321.2517,N,00147.3399,W,1,0,,415.0,M,,M,,*4E
$GPRMC,144645.000,A,5321.2517,N,00147.3399,W,0.000,0.00,070912,,A*6D
$GPGGA,144701.000,5321.2501,N,00147.3353,W,1,0,,415.0,M,,M,,*4E
$GPRMC,144701.000,A,5321.2501,N,00147.3353,W,0.000,0.00,070912,,A*6D
$GPGGA,144716.000,5321.2414,N,00147.3310,W,1,0,,415.0,M,,M,,*4A
$GPRMC,144716.000,A,5321.2414,N,00147.3310,W,0.000,0.00,070912,,A*69
$GPGGA,144732.000,5321.2386,N,00147.3214,W,1,0,,415.0,M,,M,,*45
$GPRMC,144732.000,A,5321.2386,N,00147.3214,W,0.000,0.00,070912,,A*66
$GPGGA,144748.000,5321.2318,N,00147.3051,W,1,0,,415.0,M,,M,,*4C
$GPRMC,144748.000,A,5321.2318,N,00147.3051,W,0.000,0.00,070912,,A*6F
$GPGGA,144803.000,5321.2320,N,00147.3034,W,1,0,,415.0,M,,M,,*44
$GPRMC,144803.000,A,5321.2320,N,00147.3034,W,0.000,0.00,070912,,A*67
$GPGGA,144819.000,5321.2276,N,00147.2951,W,1,0,,415.0,M,,M,,*46
$GPRMC,144819.000,A,5321.2276,N,00147.2951,W,0.000,0.00,070912,,A*65
$GPGGA,144835.000,5321.2196,N,00147.2880,W,1,0,,415.0,M,,M,,*48
$GPRMC,144835.000,A,5321.2196,N,00147.2880,W,0.000,0.00,070912,,A*6B
$GPGGA,144851.000,5321.2173,N,00147.2813,W,1,0,,415.0,M,,M,,*4B
$GPRMC,144851.000,A,5321.2173,N,00147.2813,W,0.000,0.00,070912,,A*68
$GPGGA,144906.000,5321.2137,N,00147.2738,W,1,0,,415.0,M,,M,,*4E
$GPRMC,144906.000,A,5321.2137,N,00147.2738,W,0.000,0.00,070912,,A*6D
$GPGGA,144921.000,5321.2070,N,00147.2599,W,1,0,,414.0,M,,M,,*41
$GPRMC,144921.000,A,5321.2070,N,00147.2599,W,0.000,0.00,070912,,A*63
$GPGGA,144936.000,5321.2041,N,00147.2542,W,1,0,,413.0,M,,M,,*44
$GPRMC,144936.000,A,5321.2041,N,00147.2542,W,0.000,0.00,070912,,A*61
$GPGGA,144952.000,5321.1995,N,00147.2462,W,1,0,,413.0,M,,M,,*46
$GPRMC,144952.000,A,5321.1995,N,00147.2462,W,0.000,0.00,070912,,A*63
$GPGGA,145007.000,5321.1970,N,00147.2402,W,1,0,,413.0,M,,M,,*43
$GPRMC,145007.000,A,5321.1970,N,00147.2402,W,0.000,0.00,070912,,A*66
$GPGGA,145022.000,5321.1848,N,00147.2319,W,1,0,,412.0,M,,M,,*42
$GPRMC,145022.000,A,5321.1848,N,00147.2319,W,0.000,0.00,070912,,A*66
$GPGGA,145038.000,5321.1791,N,00147.2211,W,1,0,,412.0,M,,M,,*4B
$GPRMC,145038.000,A,5321.1791,N,00147.2211,W,0.000,0.00,070912,,A*6F
$GPGGA,145053.000,5321.1716,N,00147.2056,W,1,0,,412.0,M,,M,,*48
$GPRMC,145053.000,A,5321.1716,N,00147.2056,W,0.000,0.00,070912,,A*6C
$GPGGA,145108.000,5321.1622,N,00147.1933,W,1,0,,412.0,M,,M,,*48
$GPRMC,145108.000,A,5321.1622,N,00147.1933,W,0.000,0.00,070912,,A*6C
$GPGGA,145124.000,5321.1555,N,00147.1822,W,1,0,,412.0,M,,M,,*44
$GPRMC,145124.000,A,5321.1555,N,00147.1822,W,0.000,0.00,070912,,A*60
$GPGGA,145139.000,5321.1517,N,00147.1738,W,1,0,,411.0,M,,M,,*49
$GPRMC,145139.000,A,5321.1517,N,00147.1738,W,0.000,0.00,070912,,A*6E
$GPGGA,145154.000,5321.1491,N,00147.1747,W,1,0,,411.0,M,,M,,*45
$GPRMC,145154.000,A,5321.1491,N,00147.1747,W,0.000,0.00,070912,,A*62
$GPGGA,145210.000,5321.1434,N,00147.1639,W,1,0,,411.0,M,,M,,*41
$GPRMC,145210.000,A,5321.1434,N,00147.1639,W,0.000,0.00,070912,,A*66
$GPGGA,145237.000,5321.1290,N,00147.1368,W,1,0,,411.0,M,,M,,*4D
$GPRMC,145237.000,A,5321.1290,N,00147.1368,W,0.000,0.00,070912,,A*6A
$GPGGA,145253.000,5321.1192,N,00147.1291,W,1,0,,411.0,M,,M,,*49
$GPRMC,145253.000,A,5321.1192,N,00147.1291,W,0.000,0.00,070912,,A*6E
$GPGGA,145309.000,5321.1093,N,00147.1182,W,1,0,,411.0,M,,M,,*46
$GPRMC,145309.000,A,5321.1093,N,00147.1182,W,0.000,0.00,070912,,A*61
$GPGGA,145324.000,5321.1006,N,00147.1107,W,1,0,,411.0,M,,M,,*48
$GPRMC,145324.000,A,5321.1006,N,00147.1107,W,0.000,0.00,070912,,A*6F
$GPGGA,145339.000,5321.0926,N,00147.0902,W,1,0,,411.0,M,,M,,*42
$GPRMC,145339.000,A,5321.0926,N,00147.0902,W,0.000,0.00,070912,,A*65
$GPGGA,145354.000,5321.0864,N,00147.0853,W,1,0,,411.0,M,,M,,*4B
$GPRMC,145354.000,A,5321.0864,N,00147.0853,W,0.000,0.00,070912,,A*6C
$GPGGA,145409.000,5321.0729,N,00147.0884,W,1,0,,411.0,M,,M,,*48
$GPRMC,145409.000,A,5321.0729,N,00147.0884,W,0.000,0.00,070912,,A*6F
$GPGGA,145424.000,5321.0629,N,00147.0821,W,1,0,,410.0,M,,M,,*48
$GPRMC,145424.000,A,5321.0629,N,00147.0821,W,0.000,0.00,070912,,A*6E
$GPGGA,145439.000,5321.0516,N,00147.0665,W,1,0,,410.0,M,,M,,*45
$GPRMC,145439.000,A,5321.0516,N,00147.0665,W,0.000,0.00,070912,,A*63
$GPGGA,145455.000,5321.0503,N,00147.0607,W,1,0,,410.0,M,,M,,*4F
$GPRMC,145455.000,A,5321.0503,N,00147.0607,W,0.000,0.00,070912,,A*69
$GPGGA,145510.000,5321.0379,N,00147.0423,W,1,0,,410.0,M,,M,,*40
$GPRMC,145510.000,A,5321.0379,N,00147.0423,W,0.000,0.00,070912,,A*66
$GPGGA,145527.000,5321.0347,N,00147.0308,W,1,0,,410.0,M,,M,,*47
$GPRMC,145527.000,A,5321.0347,N,00147.0308,W,0.000,0.00,070912,,A*61
$GPGGA,145545.000,5321.0226,N,00147.0134,W,1,0,,410.0,M,,M,,*48
$GPRMC,145545.000,A,5321.0226,N,00147.0134,W,0.000,0.00,070912,,A*6E
$GPGGA,145601.000,5321.0116,N,00146.9896,W,1,0,,410.0,M,,M,,*42
$GPRMC,145601.000,A,5321.0116,N,00146.9896,W,0.000,0.00,070912,,A*64
$GPGGA,145617.000,5321.0093,N,00146.9853,W,1,0,,410.0,M,,M,,*40
$GPRMC,145617.000,A,5321.0093,N,00146.9853,W,0.000,0.00,070912,,A*66
$GPGGA,145646.000,5320.9995,N,00146.9407,W,1,0,,409.0,M,,M,,*46
$GPRMC,145646.000,A,5320.9995,N,00146.9407,W,0.000,0.00,070912,,A*68
$GPGGA,145701.000,5320.9967,N,00146.9318,W,1,0,,409.0,M,,M,,*40
$GPRMC,145701.000,A,5320.9967,N,00146.9318,W,0.000,0.00,070912,,A*6E
$GPGGA,145717.000,5320.9935,N,00146.9160,W,1,0,,409.0,M,,M,,*4D
$GPRMC,145717.000,A,5320.9935,N,00146.9160,W,0.000,0.00,070912,,A*63
$GPGGA,145735.000,5320.9848,N,00146.8899,W,1,0,,409.0,M,,M,,*48
$GPRMC,145735.000,A,5320.9848,N,00146.8899,W,0.000,0.00,070912,,A*66
$GPGGA,145750.000,5320.9713,N,00146.8710,W,1,0,,409.0,M,,M,,*44
$GPRMC,145750.000,A,5320.9713,N,00146.8710,W,0.000,0.00,070912,,A*6A
$GPGGA,145805.000,5320.9665,N,00146.8622,W,1,0,,409.0,M,,M,,*4B
$GPRMC,145805.000,A,5320.9665,N,00146.8622,W,0.000,0.00,070912,,A*65
$GPGGA,145820.000,5320.9624,N,00146.8445,W,1,0,,409.0,M,,M,,*4A
$GPRMC,145820.000,A,5320.9624,N,00146.8445,W,0.000,0.00,070912,,A*64
$GPGGA,145835.000,5320.9589,N,00146.8311,W,1,0,,409.0,M,,M,,*4C
$GPRMC,145835.000,A,5320.9589,N,00146.8311,W,0.000,0.00,070912,,A*62
$GPGGA,145851.000,5320.9532,N,00146.8215,W,1,0,,409.0,M,,M,,*4B
$GPRMC,145851.000,A,5320.9532,N,00146.8215,W,0.000,0.00,070912,,A*65
$GPGGA,145906.000,5320.9390,N,00146.7972,W,1,0,,408.0,M,,M,,*42
$GPRMC,145906.000,A,5320.9390,N,00146.7972,W,0.000,0.00,070912,,A*6D
$GPGGA,145921.000,5320.9255,N,00146.7844,W,1,0,,408.0,M,,M,,*4B
$GPRMC,145921.000,A,5320.9255,N,00146.7844,W,0.000,0.00,070912,,A*64
$GPGGA,145936.000,5320.9157,N,00146.7760,W,1,0,,408.0,M,,M,,*45
$GPRMC,145936.000,A,5320.9157,N,00146.7760,W,0.000,0.00,070912,,A*6A
$GPGGA,145952.000,5320.9084,N,00146.7604,W,1,0,,408.0,M,,M,,*4B
$GPRMC,145952.000,A,5320.9084,N,00146.7604,W,0.000,0.00,070912,,A*64
$GPGGA,150007.000,5320.9054,N,00146.7401,W,1,0,,408.0,M,,M,,*4C
$GPRMC,150007.000,A,5320.9054,N,00146.7401,W,0.000,0.00,070912,,A*63
$GPGGA,150023.000,5320.9024,N,00146.7270,W,1,0,,408.0,M,,M,,*4D
$GPRMC,150023.000,A,5320.9024,N,00146.7270,W,0.000,0.00,070912,,A*62
$GPGGA,150052.000,5320.8834,N,00146.7105,W,1,0,,408.0,M,,M,,*42
$GPRMC,150052.000,A,5320.8834,N,00146.7105,W,0.000,0.00,070912,,A*6D
$GPGGA,150109.000,5320.8674,N,00146.6975,W,1,0,,408.0,M,,M,,*49
$GPRMC,150109.000,A,5320.8674,N,00146.6975,W,0.000,0.00,070912,,A*66
$GPGGA,150139.000,5320.8495,N,00146.6716,W,1,0,,408.0,M,,M,,*4C
$GPRMC,150139.000,A,5320.8495,N,00146.6716,W,0.000,0.00,070912,,A*63
$GPGGA,150154.000,5320.8404,N,00146.6459,W,1,0,,408.0,M,,M,,*47
$GPRMC,150154.000,A,5320.8404,N,00146.6459,W,0.000,0.00,070912,,A*68
$GPGGA,150209.000,5320.8363,N,00146.6359,W,1,0,,408.0,M,,M,,*4D
$GPRMC,150209.000,A,5320.8363,N,00146.6359,W,0.000,0.00,070912,,A*62
$GPGGA,150224.000,5320.8308,N,00146.6305,W,1,0,,408.0,M,,M,,*46
$GPRMC,150224.000,A,5320.8308,N,00146.6305,W,0.000,0.00,070912,,A*69
$GPGGA,150240.000,5320.8244,N,00146.6130,W,1,0,,408.0,M,,M,,*49
$GPRMC,150240.000,A,5320.8244,N,00146.6130,W,0.000,0.00,070912,,A*66
$GPGGA,150256.000,5320.8120,N,00146.5964,W,1,0,,408.0,M,,M,,*45
$GPRMC,150256.000,A,5320.8120,N,00146.5964,W,0.000,0.00,070912,,A*6A
$GPGGA,150313.000,5320.7955,N,00146.5662,W,1,0,,408.0,M,,M,,*49
$GPRMC,150313.000,A,5320.7955,N,00146.5662,W,0.000,0.00,070912,,A*66
$GPGGA,150329.000,5320.7825,N,00146.5529,W,1,0,,408.0,M,,M,,*4A
$GPRMC,150329.000,A,5320.7825,N,00146.5529,W,0.000,0.00,070912,,A*65
$GPGGA,150356.000,5320.7767,N,00146.5473,W,1,0,,408.0,M,,M,,*45
$GPRMC,150356.000,A,5320.7767,N,00146.5473,W,0.000,0.00,070912,,A*6A
$GPGGA,150411.000,5320.7690,N,00146.5382,W,1,0,,408.0,M,,M,,*41
$GPRMC,150411.000,A,5320.7690,N,00146.5382,W,0.000,0.00,070912,,A*6E
$GPGGA,150426.000,5320.7582,N,00146.5250,W,1,0,,408.0,M,,M,,*4B
$GPRMC,150426.000,A,5320.7582,N,00146.5250,W,0.000,0.00,070912,,A*64
$GPGGA,150443.000,5320.7481,N,00146.5029,W,1,0,,408.0,M,,M,,*46
$GPRMC,150443.000,A,5320.7481,N,00146.5029,W,0.000,0.00,070912,,A*69
$GPGGA,150458.000,5320.7426,N,00146.4985,W,1,0,,408.0,M,,M,,*4F
$GPRMC,150458.000,A,5320.7426,N,00146.4985,W,0.000,0.00,070912,,A*60
$GPGGA,150513.000,5320.7319,N,00146.4881,W,1,0,,407.0,M,,M,,*40
$GPRMC,150513.000,A,5320.7319,N,00146.4881,W,0.000,0.00,070912,,A*60
$GPGGA,150529.000,5320.7042,N,00146.4607,W,1,0,,407.0,M,,M,,*44
$GPRMC,150529.000,A,5320.7042,N,00146.4607,W,0.000,0.00,070912,,A*64
$GPGGA,150545.000,5320.6721,N,00146.4598,W,1,0,,407.0,M,,M,,*48
$GPRMC,150545.000,A,5320.6721,N,00146.4598,W,0.000,0.00,070912,,A*68
$GPGGA,150600.000,5320.6612,N,00146.4589,W,1,0,,406.0,M,,M,,*4A
$GPRMC,150600.000,A,5320.6612,N,00146.4589,W,0.000,0.00,070912,,A*6B
$GPGGA,150616.000,5320.6454,N,00146.4585,W,1,0,,406.0,M,,M,,*41
$GPRMC,150616.000,A,5320.6454,N,00146.4585,W,0.000,0.00,070912,,A*60
$GPGGA,150631.000,5320.6310,N,00146.4671,W,1,0,,406.0,M,,M,,*4B
$GPRMC,150631.000,A,5320.6310,N,00146.4671,W,0.000,0.00,070912,,A*6A
$GPGGA,150647.000,5320.6140,N,00146.4545,W,1,0,,406.0,M,,M,,*49
$GPRMC,150647.000,A,5320.6140,N,00146.4545,W,0.000,0.00,070912,,A*68
$GPGGA,150702.000,5320.6113,N,00146.4564,W,1,0,,406.0,M,,M,,*4C
$GPRMC,150702.000,A,5320.6113,N,00146.4564,W,0.000,0.00,070912,,A*6D
$GPGGA,150717.000,5320.6058,N,00146.4480,W,1,0,,405.0,M,,M,,*4E
$GPRMC,150717.000,A,5320.6058,N,00146.4480,W,0.000,0.00,070912,,A*6C
$GPGGA,150733.000,5320.5982,N,00146.4455,W,1,0,,405.0,M,,M,,*4D
$GPRMC,150733.000,A,5320.5982,N,00146.4455,W,0.000,0.00,070912,,A*6F
$GPGGA,150748.000,5320.5811,N,00146.4645,W,1,0,,405.0,M,,M,,*49
$GPRMC,150748.000,A,5320.5811,N,00146.4645,W,0.000,0.00,070912,,A*6B
$GPGGA,150803.000,5320.5618,N,00146.4985,W,1,0,,405.0,M,,M,,*4D
$GPRMC,150803.000,A,5320.5618,N,00146.4985,W,0.000,0.00,070912,,A*6F
$GPGGA,150818.000,5320.5552,N,00146.5242,W,1,0,,405.0,M,,M,,*4B
$GPRMC,150818.000,A,5320.5552,N,00146.5242,W,0.000,0.00,070912,,A*69
$GPGGA,150833.000,5320.5383,N,00146.6190,W,1,0,,404.0,M,,M,,*46
$GPRMC,150833.000,A,5320.5383,N,00146.6190,W,0.000,0.00,070912,,A*65
$GPGGA,153618.000,5320.5822,N,00146.5382,W,1,0,,167.0,M,,M,,*40
$GPRMC,153618.000,A,5320.5822,N,00146.5382,W,0.000,0.00,070912,,A*63
$GPGGA,153646.000,5320.5774,N,00146.5309,W,1,0,,167.0,M,,M,,*44
$GPRMC,153646.000,A,5320.5774,N,00146.5309,W,0.000,0.00,070912,,A*67
$GPGGA,153711.000,5320.5746,N,00146.5330,W,1,0,,167.0,M,,M,,*4C
$GPRMC,153711.000,A,5320.5746,N,00146.5330,W,0.000,0.00,070912,,A*6F
$GPGGA,153726.000,5320.5740,N,00146.5332,W,1,0,,167.0,M,,M,,*4C
$GPRMC,153726.000,A,5320.5740,N,00146.5332,W,0.000,0.00,070912,,A*6F
$GPGGA,153741.000,5320.5740,N,00146.5340,W,1,0,,167.0,M,,M,,*48
$GPRMC,153741.000,A,5320.5740,N,00146.5340,W,0.000,0.00,070912,,A*6B
$GPGGA,153757.000,5320.5721,N,00146.5304,W,1,0,,167.0,M,,M,,*48
$GPRMC,153757.000,A,5320.5721,N,00146.5304,W,0.000,0.00,070912,,A*6B
$GPGGA,153821.000,5320.5744,N,00146.5304,W,1,0,,167.0,M,,M,,*45
$GPRMC,153821.000,A,5320.5744,N,00146.5304,W,0.000,0.00,070912,,A*66
$GPGGA,153850.000,5320.5730,N,00146.5333,W,1,0,,167.0,M,,M,,*44
$GPRMC,153850.000,A,5320.5730,N,00146.5333,W,0.000,0.00,070912,,A*67
$GPGGA,153911.000,5320.5813,N,00146.5353,W,1,0,,167.0,M,,M,,*48
$GPRMC,153911.000,A,5320.5813,N,00146.5353,W,0.000,0.00,070912,,A*6B
$GPGGA,153942.000,5320.5703,N,00146.5364,W,1,0,,167.0,M,,M,,*44
$GPRMC,153942.000,A,5320.5703,N,00146.5364,W,0.000,0.00,070912,,A*67
$GPGGA,154003.000,5320.5733,N,00146.5238,W,1,0,,167.0,M,,M,,*44
$GPRMC,154003.000,A,5320.5733,N,00146.5238,W,0.000,0.00,070912,,A*67
$GPGGA,154025.000,5320.5785,N,00146.5308,W,1,0,,167.0,M,,M,,*4F
$GPRMC,154025.000,A,5320.5785,N,00146.5308,W,0.000,0.00,070912,,A*6C
$GPGGA,154042.000,5320.5822,N,00146.5306,W,1,0,,167.0,M,,M,,*42
$GPRMC,154042.000,A,5320.5822,N,00146.5306,W,0.000,0.00,070912,,A*61
$GPGGA,154115.000,5320.5751,N,00146.5284,W,1,0,,167.0,M,,M,,*41
$GPRMC,154115.000,A,5320.5751,N,00146.5284,W,0.000,0.00,070912,,A*62
$GPGGA,154138.000,5320.5801,N,00146.5507,W,1,0,,167.0,M,,M,,*48
$GPRMC,154138.000,A,5320.5801,N,00146.5507,W,0.000,0.00,070912,,A*6B
$GPGGA,154155.000,5320.5824,N,00146.5531,W,1,0,,167.0,M,,M,,*41
$GPRMC,154155.000,A,5320.5824,N,00146.5531,W,0.000,0.00,070912,,A*62
$GPGGA,154325.000,5320.5785,N,00146.5112,W,1,0,,167.0,M,,M,,*45
$GPRMC,154325.000,A,5320.5785,N,00146.5112,W,0.000,0.00,070912,,A*66
$GPGGA,154501.000,5320.5737,N,00146.5187,W,1,0,,167.0,M,,M,,*40
$GPRMC,154501.000,A,5320.5737,N,00146.5187,W,0.000,0.00,070912,,A*63
$GPGGA,154657.000,5320.5843,N,00146.5352,W,1,0,,167.0,M,,M,,*46
$GPRMC,154657.000,A,5320.5843,N,00146.5352,W,0.000,0.00,070912,,A*65
$GPGGA,154724.000,5320.5765,N,00146.5314,W,1,0,,167.0,M,,M,,*4A
$GPRMC,154724.000,A,5320.5765,N,00146.5314,W,0.000,0.00,070912,,A*69
$GPGGA,154740.000,5320.5936,N,00146.5287,W,1,0,,167.0,M,,M,,*4B
$GPRMC,154740.000,A,5320.5936,N,00146.5287,W,0.000,0.00,070912,,A*68
$GPGGA,154756.000,5320.5829,N,00146.5315,W,1,0,,167.0,M,,M,,*49
$GPRMC,154756.000,A,5320.5829,N,00146.5315,W,0.000,0.00,070912,,A*6A
$GPGGA,154812.000,5320.5705,N,00146.5319,W,1,0,,167.0,M,,M,,*4B
$GPRMC,154812.000,A,5320.5705,N,00146.5319,W,0.000,0.00,070912,,A*68
$GPGGA,154828.000,5320.5575,N,00146.5227,W,1,0,,167.0,M,,M,,*4B
$GPRMC,154828.000,A,5320.5575,N,00146.5227,W,0.000,0.00,070912,,A*68
$GPGGA,154843.000,5320.5488,N,00146.5203,W,1,0,,167.0,M,,M,,*43
$GPRMC,154843.000,A,5320.5488,N,00146.5203,W,0.000,0.00,070912,,A*60
$GPGGA,154859.000,5320.5296,N,00146.5180,W,1,0,,167.0,M,,M,,*49
$GPRMC,154859.000,A,5320.5296,N,00146.5180,W,0.000,0.00,070912,,A*6A
$GPGGA,154914.000,5320.5282,N,00146.5224,W,1,0,,167.0,M,,M,,*49
$GPRMC,154914.000,A,5320.5282,N,00146.5224,W,0.000,0.00,070912,,A*6A
$GPGGA,154929.000,5320.5243,N,00146.5274,W,1,0,,167.0,M,,M,,*4F
$GPRMC,154929.000,A,5320.5243,N,00146.5274,W,0.000,0.00,070912,,A*6C
$GPGGA,154944.000,5320.5195,N,00146.5301,W,1,0,,167.0,M,,M,,*4F
$GPRMC,154944.000,A,5320.5195,N,00146.5301,W,0.000,0.00,070912,,A*6C
$GPGGA,154959.000,5320.5124,N,00146.5287,W,1,0,,167.0,M,,M,,*46
$GPRMC,154959.000,A,5320.5124,N,00146.5287,W,0.000,0.00,070912,,A*65
$GPGGA,155022.000,5320.5003,N,00146.5236,W,1,0,,167.0,M,,M,,*4C
$GPRMC,155022.000,A,5320.5003,N,00146.5236,W,0.000,0.00,070912,,A*6F
$GPGGA,155037.000,5320.4939,N,00146.5194,W,1,0,,167.0,M,,M,,*42
$GPRMC,155037.000,A,5320.4939,N,00146.5194,W,0.000,0.00,070912,,A*61
$GPGGA,155052.000,5320.4849,N,00146.5251,W,1,0,,168.0,M,,M,,*42
$GPRMC,155052.000,A,5320.4849,N,00146.5251,W,0.000,0.00,070912,,A*6E
$GPGGA,155107.000,5320.4762,N,00146.5333,W,1,0,,168.0,M,,M,,*40
$GPRMC,155107.000,A,5320.4762,N,00146.5333,W,0.000,0.00,070912,,A*6C
$GPGGA,155124.000,5320.4680,N,00146.5336,W,1,0,,168.0,M,,M,,*49
$GPRMC,155124.000,A,5320.4680,N,00146.5336,W,0.000,0.00,070912,,A*65
$GPGGA,155159.000,5320.4698,N,00146.5366,W,1,0,,168.0,M,,M,,*4F
$GPRMC,155159.000,A,5320.4698,N,00146.5366,W,0.000,0.00,070912,,A*63
$GPGGA,155214.000,5320.4616,N,00146.5554,W,1,0,,168.0,M,,M,,*44
$GPRMC,155214.000,A,5320.4616,N,00146.5554,W,0.000,0.00,070912,,A*68
$GPGGA,155229.000,5320.4531,N,00146.5564,W,1,0,,168.0,M,,M,,*4F
$GPRMC,155229.000,A,5320.4531,N,00146.5564,W,0.000,0.00,070912,,A*63
$GPGGA,155246.000,5320.4499,N,00146.5439,W,1,0,,168.0,M,,M,,*4C
$GPRMC,155246.000,A,5320.4499,N,00146.5439,W,0.000,0.00,070912,,A*60
$GPGGA,155301.000,5320.4435,N,00146.5474,W,1,0,,168.0,M,,M,,*41
$GPRMC,155301.000,A,5320.4435,N,00146.5474,W,0.000,0.00,070912,,A*6D
$GPGGA,155316.000,5320.4389,N,00146.5405,W,1,0,,168.0,M,,M,,*41
$GPRMC,155316.000,A,5320.4389,N,00146.5405,W,0.000,0.00,070912,,A*6D
$GPGGA,155332.000,5320.4314,N,00146.5388,W,1,0,,168.0,M,,M,,*41
$GPRMC,155332.000,A,5320.4314,N,00146.5388,W,0.000,0.00,070912,,A*6D
$GPGGA,155347.000,5320.4211,N,00146.5480,W,1,0,,168.0,M,,M,,*48
$GPRMC,155347.000,A,5320.4211,N,00146.5480,W,0.000,0.00,070912,,A*64
$GPGGA,155402.000,5320.4133,N,00146.5508,W,1,0,,168.0,M,,M,,*4C
$GPRMC,155402.000,A,5320.4133,N,00146.5508,W,0.000,0.00,070912,,A*60
$GPGGA,155417.000,5320.4057,N,00146.5596,W,1,0,,168.0,M,,M,,*4C
$GPRMC,155417.000,A,5320.4057,N,00146.5596,W,0.000,0.00,070912,,A*60
$GPGGA,155433.000,5320.3975,N,00146.5677,W,1,0,,168.0,M,,M,,*48
$GPRMC,155433.000,A,5320.3975,N,00146.5677,W,0.000,0.00,070912,,A*64
$GPGGA,155449.000,5320.3920,N,00146.5770,W,1,0,,168.0,M,,M,,*43
$GPRMC,155449.000,A,5320.3920,N,00146.5770,W,0.000,0.00,070912,,A*6F
$GPGGA,155505.000,5320.3822,N,00146.5912,W,1,0,,168.0,M,,M,,*43
$GPRMC,155505.000,A,5320.3822,N,00146.5912,W,0.000,0.00,070912,,A*6F
$GPGGA,155521.000,5320.3657,N,00146.6161,W,1,0,,169.0,M,,M,,*47
$GPRMC,155521.000,A,5320.3657,N,00146.6161,W,0.000,0.00,070912,,A*6A
$GPGGA,155536.000,5320.3666,N,00146.6170,W,1,0,,169.0,M,,M,,*43
$GPRMC,155536.000,A,5320.3666,N,00146.6170,W,0.000,0.00,070912,,A*6E
$GPGGA,155551.000,5320.3604,N,00146.6431,W,1,0,,169.0,M,,M,,*46
$GPRMC,155551.000,A,5320.3604,N,00146.6431,W,0.000,0.00,070912,,A*6B
$GPGGA,155606.000,5320.3538,N,00146.6481,W,1,0,,169.0,M,,M,,*40
$GPRMC,155606.000,A,5320.3538,N,00146.6481,W,0.000,0.00,070912,,A*6D
$GPGGA,155622.000,5320.3435,N,00146.6582,W,1,0,,170.0,M,,M,,*40
$GPRMC,155622.000,A,5320.3435,N,00146.6582,W,0.000,0.00,070912,,A*65
$GPGGA,155637.000,5320.3359,N,00146.6712,W,1,0,,170.0,M,,M,,*42
$GPRMC,155637.000,A,5320.3359,N,00146.6712,W,0.000,0.00,070912,,A*67
$GPGGA,155652.000,5320.3265,N,00146.6816,W,1,0,,170.0,M,,M,,*44
$GPRMC,155652.000,A,5320.3265,N,00146.6816,W,0.000,0.00,070912,,A*61
$GPGGA,155707.000,5320.3245,N,00146.6754,W,1,0,,170.0,M,,M,,*4E
$GPRMC,155707.000,A,5320.3245,N,00146.6754,W,0.000,0.00,070912,,A*6B
$GPGGA,155723.000,5320.3190,N,00146.6703,W,1,0,,170.0,M,,M,,*41
$GPRMC,155723.000,A,5320.3190,N,00146.6703,W,0.000,0.00,070912,,A*64
$GPGGA,155738.000,5320.3121,N,00146.6776,W,1,0,,170.0,M,,M,,*43
$GPRMC,155738.000,A,5320.3121,N,00146.6776,W,0.000,0.00,070912,,A*66
$GPGGA,155754.000,5320.3032,N,00146.6826,W,1,0,,170.0,M,,M,,*40
$GPRMC,155754.000,A,5320.3032,N,00146.6826,W,0.000,0.00,070912,,A*65
$GPGGA,155809.000,5320.2956,N,00146.6833,W,1,0,,170.0,M,,M,,*49
$GPRMC,155809.000,A,5320.2956,N,00146.6833,W,0.000,0.00,070912,,A*6C
$GPGGA,155825.000,5320.2950,N,00146.6830,W,1,0,,170.0,M,,M,,*42
$GPRMC,155825.000,A,5320.2950,N,00146.6830,W,0.000,0.00,070912,,A*67
$GPGGA,155840.000,5320.2876,N,00146.6854,W,1,0,,171.0,M,,M,,*47
$GPRMC,155840.000,A,5320.2876,N,00146.6854,W,0.000,0.00,070912,,A*63
$GPGGA,155856.000,5320.2833,N,00146.6903,W,1,0,,171.0,M,,M,,*42
$GPRMC,155856.000,A,5320.2833,N,00146.6903,W,0.000,0.00,070912,,A*66
$GPGGA,155911.000,5320.2700,N,00146.7019,W,1,0,,171.0,M,,M,,*4C
$GPRMC,155911.000,A,5320.2700,N,00146.7019,W,0.000,0.00,070912,,A*68
$GPGGA,155927.000,5320.2748,N,00146.7019,W,1,0,,171.0,M,,M,,*45
$GPRMC,155927.000,A,5320.2748,N,00146.7019,W,0.000,0.00,070912,,A*61
$GPGGA,155942.000,5320.2874,N,00146.6898,W,1,0,,186.0,M,,M,,*4E
$GPRMC,155942.000,A,5320.2874,N,00146.6898,W,0.000,0.00,070912,,A*62
$GPGGA,155957.000,5320.2794,N,00146.7042,W,1,0,,172.0,M,,M,,*4E
$GPRMC,155957.000,A,5320.2794,N,00146.7042,W,0.000,0.00,070912,,A*69
$GPGGA,160012.000,5320.2744,N,00146.6975,W,1,0,,172.0,M,,M,,*41
$GPRMC,160012.000,A,5320.2744,N,00146.6975,W,0.000,0.00,070912,,A*66
$GPGGA,160027.000,5320.2654,N,00146.7059,W,1,0,,173.0,M,,M,,*40
$GPRMC,160027.000,A,5320.2654,N,00146.7059,W,0.000,0.00,070912,,A*66
$GPGGA,160043.000,5320.2668,N,00146.7151,W,1,0,,173.0,M,,M,,*44
$GPRMC,160043.000,A,5320.2668,N,00146.7151,W,0.000,0.00,070912,,A*62
$GPGGA,160058.000,5320.2599,N,00146.7118,W,1,0,,173.0,M,,M,,*4E
$GPRMC,160058.000,A,5320.2599,N,00146.7118,W,0.000,0.00,070912,,A*68
$GPGGA,160114.000,5320.2538,N,00146.7050,W,1,0,,173.0,M,,M,,*41
$GPRMC,160114.000,A,5320.2538,N,00146.7050,W,0.000,0.00,070912,,A*67
$GPGGA,160129.000,5320.2483,N,00146.7047,W,1,0,,173.0,M,,M,,*48
$GPRMC,160129.000,A,5320.2483,N,00146.7047,W,0.000,0.00,070912,,A*6E
$GPGGA,160145.000,5320.2247,N,00146.7026,W,1,0,,174.0,M,,M,,*4C
$GPRMC,160145.000,A,5320.2247,N,00146.7026,W,0.000,0.00,070912,,A*6D
$GPGGA,160200.000,5320.2281,N,00146.7027,W,1,0,,174.0,M,,M,,*45
$GPRMC,160200.000,A,5320.2281,N,00146.7027,W,0.000,0.00,070912,,A*64
$GPGGA,160215.000,5320.2224,N,00146.7047,W,1,0,,174.0,M,,M,,*48
$GPRMC,160215.000,A,5320.2224,N,00146.7047,W,0.000,0.00,070912,,A*69
$GPGGA,160230.000,5320.2162,N,00146.7113,W,1,0,,174.0,M,,M,,*4E
$GPRMC,160230.000,A,5320.2162,N,00146.7113,W,0.000,0.00,070912,,A*6F
$GPGGA,160245.000,5320.1888,N,00146.6960,W,1,0,,173.0,M,,M,,*48
$GPRMC,160245.000,A,5320.1888,N,00146.6960,W,0.000,0.00,070912,,A*6E
$GPGGA,160300.000,5320.1904,N,00146.6963,W,1,0,,173.0,M,,M,,*4E
$GPRMC,160300.000,A,5320.1904,N,00146.6963,W,0.000,0.00,070912,,A*68
$GPGGA,160316.000,5320.1874,N,00146.7000,W,1,0,,173.0,M,,M,,*42
$GPRMC,160316.000,A,5320.1874,N,00146.7000,W,0.000,0.00,070912,,A*64
$GPGGA,160331.000,5320.1803,N,00146.7135,W,1,0,,173.0,M,,M,,*40
$GPRMC,160331.000,A,5320.1803,N,00146.7135,W,0.000,0.00,070912,,A*66
$GPGGA,160348.000,5320.1803,N,00146.7286,W,1,0,,173.0,M,,M,,*45
$GPRMC,160348.000,A,5320.1803,N,00146.7286,W,0.000,0.00,070912,,A*63
$GPGGA,160403.000,5320.2178,N,00146.7365,W,1,0,,173.0,M,,M,,*47
$GPRMC,160403.000,A,5320.2178,N,00146.7365,W,0.000,0.00,070912,,A*61
$GPGGA,160418.000,5320.2155,N,00146.7363,W,1,0,,173.0,M,,M,,*44
$GPRMC,160418.000,A,5320.2155,N,00146.7363,W,0.000,0.00,070912,,A*62
$GPGGA,160433.000,5320.2219,N,00146.7094,W,1,0,,173.0,M,,M,,*4D
$GPRMC,160433.000,A,5320.2219,N,00146.7094,W,0.000,0.00,070912,,A*6B
$GPGGA,160449.000,5320.2203,N,00146.7105,W,1,0,,173.0,M,,M,,*42
$GPRMC,160449.000,A,5320.2203,N,00146.7105,W,0.000,0.00,070912,,A*64
$GPGGA,160504.000,5320.2180,N,00146.7144,W,1,0,,174.0,M,,M,,*40
$GPRMC,160504.000,A,5320.2180,N,00146.7144,W,0.000,0.00,070912,,A*61
$GPGGA,160519.000,5320.2203,N,00146.7170,W,1,0,,174.0,M,,M,,*43
$GPRMC,160519.000,A,5320.2203,N,00146.7170,W,0.000,0.00,070912,,A*62
$GPGGA,160536.000,5320.2215,N,00146.7122,W,1,0,,174.0,M,,M,,*4E
$GPRMC,160536.000,A,5320.2215,N,00146.7122,W,0.000,0.00,070912,,A*6F
$GPGGA,160551.000,5320.2199,N,00146.7174,W,1,0,,173.0,M,,M,,*4C
$GPRMC,160551.000,A,5320.2199,N,00146.7174,W,0.000,0.00,070912,,A*6A
$GPGGA,160606.000,5320.2222,N,00146.7253,W,1,0,,174.0,M,,M,,*4F
$GPRMC,160606.000,A,5320.2222,N,00146.7253,W,0.000,0.00,070912,,A*6E
$GPGGA,160621.000,5320.2219,N,00146.7293,W,1,0,,173.0,M,,M,,*49
$GPRMC,160621.000,A,5320.2219,N,00146.7293,W,0.000,0.00,070912,,A*6F
$GPGGA,160636.000,5320.2190,N,00146.7288,W,1,0,,173.0,M,,M,,*47
$GPRMC,160636.000,A,5320.2190,N,00146.7288,W,0.000,0.00,070912,,A*61
$GPGGA,160652.000,5320.2114,N,00146.7321,W,1,0,,173.0,M,,M,,*4B
$GPRMC,160652.000,A,5320.2114,N,00146.7321,W,0.000,0.00,070912,,A*6D
$GPGGA,160707.000,5320.2059,N,00146.7381,W,1,0,,173.0,M,,M,,*48
$GPRMC,160707.000,A,5320.2059,N,00146.7381,W,0.000,0.00,070912,,A*6E
$GPGGA,160722.000,5320.2036,N,00146.7511,W,1,0,,173.0,M,,M,,*49
$GPRMC,160722.000,A,5320.2036,N,00146.7511,W,0.000,0.00,070912,,A*6F
$GPGGA,160737.000,5320.1988,N,00146.7575,W,1,0,,173.0,M,,M,,*40
$GPRMC,160737.000,A,5320.1988,N,00146.7575,W,0.000,0.00,070912,,A*66
$GPGGA,160752.000,5320.1952,N,00146.7709,W,1,0,,173.0,M,,M,,*4D
$GPRMC,160752.000,A,5320.1952,N,00146.7709,W,0.000,0.00,070912,,A*6B
$GPGGA,160808.000,5320.1883,N,00146.7784,W,1,0,,173.0,M,,M,,*45
$GPRMC,160808.000,A,5320.1883,N,00146.7784,W,0.000,0.00,070912,,A*63
$GPGGA,160825.000,5320.1888,N,00146.7910,W,1,0,,173.0,M,,M,,*42
$GPRMC,160825.000,A,5320.1888,N,00146.7910,W,0.000,0.00,070912,,A*64
$GPGGA,160841.000,5320.1865,N,00146.8166,W,1,0,,173.0,M,,M,,*45
$GPRMC,160841.000,A,5320.1865,N,00146.8166,W,0.000,0.00,070912,,A*63
$GPGGA,160857.000,5320.1869,N,00146.8212,W,1,0,,174.0,M,,M,,*49
$GPRMC,160857.000,A,5320.1869,N,00146.8212,W,0.000,0.00,070912,,A*68
$GPGGA,160924.000,5320.1894,N,00146.8285,W,1,0,,174.0,M,,M,,*40
$GPRMC,160924.000,A,5320.1894,N,00146.8285,W,0.000,0.00,070912,,A*61
$GPGGA,160940.000,5320.1954,N,00146.8264,W,1,0,,174.0,M,,M,,*40
$GPRMC,160940.000,A,5320.1954,N,00146.8264,W,0.000,0.00,070912,,A*61
$GPGGA,160956.000,5320.1981,N,00146.8150,W,1,0,,174.0,M,,M,,*4B
$GPRMC,160956.000,A,5320.1981,N,00146.8150,W,0.000,0.00,070912,,A*6A
$GPGGA,161011.000,5320.1963,N,00146.8073,W,1,0,,174.0,M,,M,,*4C
$GPRMC,161011.000,A,5320.1963,N,00146.8073,W,0.000,0.00,070912,,A*6D
$GPGGA,161026.000,5320.1947,N,00146.8284,W,1,0,,175.0,M,,M,,*45
$GPRMC,161026.000,A,5320.1947,N,00146.8284,W,0.000,0.00,070912,,A*65
$GPGGA,161042.000,5320.2050,N,00146.8398,W,1,0,,175.0,M,,M,,*47
$GPRMC,161042.000,A,5320.2050,N,00146.8398,W,0.000,0.00,070912,,A*67
$GPGGA,161057.000,5320.2043,N,00146.8458,W,1,0,,175.0,M,,M,,*4A
$GPRMC,161057.000,A,5320.2043,N,00146.8458,W,0.000,0.00,070912,,A*6A
$GPGGA,161113.000,5320.2073,N,00146.8584,W,1,0,,175.0,M,,M,,*48
$GPRMC,161113.000,A,5320.2073,N,00146.8584,W,0.000,0.00,070912,,A*68
$GPGGA,161129.000,5320.2100,N,00146.8707,W,1,0,,175.0,M,,M,,*4D
$GPRMC,161129.000,A,5320.2100,N,00146.8707,W,0.000,0.00,070912,,A*6D
$GPGGA,161144.000,5320.2087,N,00146.8843,W,1,0,,175.0,M,,M,,*47
$GPRMC,161144.000,A,5320.2087,N,00146.8843,W,0.000,0.00,070912,,A*67
$GPGGA,161200.000,5320.2055,N,00146.8954,W,1,0,,175.0,M,,M,,*4C
$GPRMC,161200.000,A,5320.2055,N,00146.8954,W,0.000,0.00,070912,,A*6C
$GPGGA,161215.000,5320.1968,N,00146.9214,W,1,0,,175.0,M,,M,,*42
$GPRMC,161215.000,A,5320.1968,N,00146.9214,W,0.000,0.00,070912,,A*62
$GPGGA,161231.000,5320.1764,N,00147.0059,W,1,0,,175.0,M,,M,,*45
$GPRMC,161231.000,A,5320.1764,N,00147.0059,W,0.000,0.00,070912,,A*65
$GPGGA,161246.000,5320.1771,N,00147.0095,W,1,0,,175.0,M,,M,,*41
$GPRMC,161246.000,A,5320.1771,N,00147.0095,W,0.000,0.00,070912,,A*61
$GPGGA,161301.000,5320.1803,N,00147.0410,W,1,0,,175.0,M,,M,,*40
$GPRMC,161301.000,A,5320.1803,N,00147.0410,W,0.000,0.00,070912,,A*60
$GPGGA,161316.000,5320.1821,N,00147.0380,W,1,0,,175.0,M,,M,,*48
$GPRMC,161316.000,A,5320.1821,N,00147.0380,W,0.000,0.00,070912,,A*68
$GPGGA,161331.000,5320.1821,N,00147.0392,W,1,0,,175.0,M,,M,,*4E
$GPRMC,161331.000,A,5320.1821,N,00147.0392,W,0.000,0.00,070912,,A*6E
$GPGGA,161347.000,5320.1826,N,00147.0459,W,1,0,,175.0,M,,M,,*48
$GPRMC,161347.000,A,5320.1826,N,00147.0459,W,0.000,0.00,070912,,A*68
$GPGGA,161402.000,5320.1803,N,00147.0710,W,1,0,,175.0,M,,M,,*47
$GPRMC,161402.000,A,5320.1803,N,00147.0710,W,0.000,0.00,070912,,A*67
$GPGGA,161417.000,5320.1805,N,00147.0772,W,1,0,,175.0,M,,M,,*41
$GPRMC,161417.000,A,5320.1805,N,00147.0772,W,0.000,0.00,070912,,A*61
$GPGGA,161433.000,5320.1768,N,00147.0803,W,1,0,,175.0,M,,M,,*4A
$GPRMC,161433.000,A,5320.1768,N,00147.0803,W,0.000,0.00,070912,,A*6A
$GPGGA,161448.000,5320.1801,N,00147.1071,W,1,0,,176.0,M,,M,,*49
$GPRMC,161448.000,A,5320.1801,N,00147.1071,W,0.000,0.00,070912,,A*6A
$GPGGA,161503.000,5320.1798,N,00147.1151,W,1,0,,176.0,M,,M,,*4B
$GPRMC,161503.000,A,5320.1798,N,00147.1151,W,0.000,0.00,070912,,A*68
$GPGGA,161518.000,5320.1775,N,00147.1249,W,1,0,,176.0,M,,M,,*48
$GPRMC,161518.000,A,5320.1775,N,00147.1249,W,0.000,0.00,070912,,A*6B
$GPGGA,161534.000,5320.1704,N,00147.1560,W,1,0,,176.0,M,,M,,*4C
$GPRMC,161534.000,A,5320.1704,N,00147.1560,W,0.000,0.00,070912,,A*6F
$GPGGA,161551.000,5320.1391,N,00147.1832,W,1,0,,176.0,M,,M,,*4D
$GPRMC,161551.000,A,5320.1391,N,00147.1832,W,0.000,0.00,070912,,A*6E
$GPGGA,161606.000,5320.1583,N,00147.1785,W,1,0,,176.0,M,,M,,*4A
$GPRMC,161606.000,A,5320.1583,N,00147.1785,W,0.000,0.00,070912,,A*69
$GPGGA,161621.000,5320.1581,N,00147.1882,W,1,0,,176.0,M,,M,,*45
$GPRMC,161621.000,A,5320.1581,N,00147.1882,W,0.000,0.00,070912,,A*66
$GPGGA,161636.000,5320.1498,N,00147.2036,W,1,0,,176.0,M,,M,,*4E
$GPRMC,161636.000,A,5320.1498,N,00147.2036,W,0.000,0.00,070912,,A*6D
$GPGGA,161656.000,5320.1340,N,00147.2106,W,1,0,,176.0,M,,M,,*48
$GPRMC,161656.000,A,5320.1340,N,00147.2106,W,0.000,0.00,070912,,A*6B
$GPGGA,161711.000,5320.1363,N,00147.2231,W,1,0,,176.0,M,,M,,*4C
$GPRMC,161711.000,A,5320.1363,N,00147.2231,W,0.000,0.00,070912,,A*6F
$GPGGA,161726.000,5320.1217,N,00147.2391,W,1,0,,177.0,M,,M,,*40
$GPRMC,161726.000,A,5320.1217,N,00147.2391,W,0.000,0.00,070912,,A*62
$GPGGA,161741.000,5320.1185,N,00147.2481,W,1,0,,177.0,M,,M,,*4F
$GPRMC,161741.000,A,5320.1185,N,00147.2481,W,0.000,0.00,070912,,A*6D
$GPGGA,161756.000,5320.1116,N,00147.2516,W,1,0,,177.0,M,,M,,*4C
$GPRMC,161756.000,A,5320.1116,N,00147.2516,W,0.000,0.00,070912,,A*6E
$GPGGA,161811.000,5320.1093,N,00147.2578,W,1,0,,177.0,M,,M,,*44
$GPRMC,161811.000,A,5320.1093,N,00147.2578,W,0.000,0.00,070912,,A*66
$GPGGA,161826.000,5320.1015,N,00147.2765,W,1,0,,177.0,M,,M,,*40
$GPRMC,161826.000,A,5320.1015,N,00147.2765,W,0.000,0.00,070912,,A*62
$GPGGA,161842.000,5320.0981,N,00147.2797,W,1,0,,177.0,M,,M,,*4A
$GPRMC,161842.000,A,5320.0981,N,00147.2797,W,0.000,0.00,070912,,A*68
$GPGGA,161857.000,5320.0915,N,00147.2778,W,1,0,,178.0,M,,M,,*4D
$GPRMC,161857.000,A,5320.0915,N,00147.2778,W,0.000,0.00,070912,,A*60
$GPGGA,161913.000,5320.0830,N,00147.2823,W,1,0,,178.0,M,,M,,*4B
$GPRMC,161913.000,A,5320.0830,N,00147.2823,W,0.000,0.00,070912,,A*66
$GPGGA,161928.000,5320.0729,N,00147.2860,W,1,0,,178.0,M,,M,,*43
$GPRMC,161928.000,A,5320.0729,N,00147.2860,W,0.000,0.00,070912,,A*6E
$GPGGA,161943.000,5320.0590,N,00147.2953,W,1,0,,178.0,M,,M,,*4F
$GPRMC,161943.000,A,5320.0590,N,00147.2953,W,0.000,0.00,070912,,A*62
$GPGGA,161958.000,5320.0512,N,00147.3029,W,1,0,,178.0,M,,M,,*4A
$GPRMC,161958.000,A,5320.0512,N,00147.3029,W,0.000,0.00,070912,,A*67
$GPGGA,162013.000,5320.0402,N,00147.3120,W,1,0,,178.0,M,,M,,*47
$GPRMC,162013.000,A,5320.0402,N,00147.3120,W,0.000,0.00,070912,,A*6A
$GPGGA,162028.000,5320.0331,N,00147.3207,W,1,0,,177.0,M,,M,,*41
$GPRMC,162028.000,A,5320.0331,N,00147.3207,W,0.000,0.00,070912,,A*63
$GPGGA,162052.000,5320.0230,N,00147.3252,W,1,0,,177.0,M,,M,,*4C
$GPRMC,162052.000,A,5320.0230,N,00147.3252,W,0.000,0.00,070912,,A*6E
$GPGGA,162107.000,5320.0127,N,00147.3328,W,1,0,,177.0,M,,M,,*44
$GPRMC,162107.000,A,5320.0127,N,00147.3328,W,0.000,0.00,070912,,A*66
$GPGGA,162122.000,5320.0027,N,00147.3391,W,1,0,,177.0,M,,M,,*40
$GPRMC,162122.000,A,5320.0027,N,00147.3391,W,0.000,0.00,070912,,A*62
$GPGGA,162137.000,5319.9944,N,00147.3383,W,1,0,,177.0,M,,M,,*48
$GPRMC,162137.000,A,5319.9944,N,00147.3383,W,0.000,0.00,070912,,A*6A
$GPGGA,162153.000,5319.9850,N,00147.3411,W,1,0,,177.0,M,,M,,*42
$GPRMC,162153.000,A,5319.9850,N,00147.3411,W,0.000,0.00,070912,,A*60
$GPGGA,162208.000,5319.9741,N,00147.3593,W,1,0,,177.0,M,,M,,*4B
$GPRMC,162208.000,A,5319.9741,N,00147.3593,W,0.000,0.00,070912,,A*69
$GPGGA,162223.000,5319.9628,N,00147.3653,W,1,0,,178.0,M,,M,,*4C
$GPRMC,162223.000,A,5319.9628,N,00147.3653,W,0.000,0.00,070912,,A*61
$GPGGA,162238.000,5319.9619,N,00147.3659,W,1,0,,178.0,M,,M,,*4E
$GPRMC,162238.000,A,5319.9619,N,00147.3659,W,0.000,0.00,070912,,A*63
$GPGGA,162253.000,5319.9585,N,00147.3660,W,1,0,,178.0,M,,M,,*4F
$GPRMC,162253.000,A,5319.9585,N,00147.3660,W,0.000,0.00,070912,,A*62
$GPGGA,162309.000,5319.9578,N,00147.3822,W,1,0,,178.0,M,,M,,*4B
$GPRMC,162309.000,A,5319.9578,N,00147.3822,W,0.000,0.00,070912,,A*66
$GPGGA,162324.000,5319.9557,N,00147.3825,W,1,0,,178.0,M,,M,,*4E
$GPRMC,162324.000,A,5319.9557,N,00147.3825,W,0.000,0.00,070912,,A*63
$GPGGA,162340.000,5319.9544,N,00147.4042,W,1,0,,178.0,M,,M,,*40
$GPRMC,162340.000,A,5319.9544,N,00147.4042,W,0.000,0.00,070912,,A*6D
$GPGGA,162356.000,5319.9578,N,00147.4239,W,1,0,,178.0,M,,M,,*46
$GPRMC,162356.000,A,5319.9578,N,00147.4239,W,0.000,0.00,070912,,A*6B
$GPGGA,162411.000,5319.9617,N,00147.4326,W,1,0,,177.0,M,,M,,*48
$GPRMC,162411.000,A,5319.9617,N,00147.4326,W,0.000,0.00,070912,,A*6A
$GPGGA,162426.000,5319.9567,N,00147.4699,W,1,0,,177.0,M,,M,,*49
$GPRMC,162426.000,A,5319.9567,N,00147.4699,W,0.000,0.00,070912,,A*6B
$GPGGA,162441.000,5319.9521,N,00147.4891,W,1,0,,177.0,M,,M,,*4C
$GPRMC,162441.000,A,5319.9521,N,00147.4891,W,0.000,0.00,070912,,A*6E
$GPGGA,162456.000,5319.9503,N,00147.5006,W,1,0,,177.0,M,,M,,*4D
$GPRMC,162456.000,A,5319.9503,N,00147.5006,W,0.000,0.00,070912,,A*6F
$GPGGA,162511.000,5319.9487,N,00147.5060,W,1,0,,178.0,M,,M,,*4D
$GPRMC,162511.000,A,5319.9487,N,00147.5060,W,0.000,0.00,070912,,A*60
$GPGGA,162526.000,5319.9475,N,00147.5202,W,1,0,,178.0,M,,M,,*42
$GPRMC,162526.000,A,5319.9475,N,00147.5202,W,0.000,0.00,070912,,A*6F
$GPGGA,162541.000,5319.9454,N,00147.5364,W,1,0,,178.0,M,,M,,*41
$GPRMC,162541.000,A,5319.9454,N,00147.5364,W,0.000,0.00,070912,,A*6C
$GPGGA,162556.000,5319.9443,N,00147.5514,W,1,0,,179.0,M,,M,,*41
$GPRMC,162556.000,A,5319.9443,N,00147.5514,W,0.000,0.00,070912,,A*6D
$GPGGA,162616.000,5319.9390,N,00147.5583,W,1,0,,179.0,M,,M,,*41
$GPRMC,162616.000,A,5319.9390,N,00147.5583,W,0.000,0.00,070912,,A*6D
$GPGGA,162632.000,5319.9370,N,00147.5733,W,1,0,,179.0,M,,M,,*40
$GPRMC,162632.000,A,5319.9370,N,00147.5733,W,0.000,0.00,070912,,A*6C
$GPGGA,162647.000,5319.9317,N,00147.5854,W,1,0,,179.0,M,,M,,*4D
$GPRMC,162647.000,A,5319.9317,N,00147.5854,W,0.000,0.00,070912,,A*61
$GPGGA,162703.000,5319.9239,N,00147.5798,W,1,0,,179.0,M,,M,,*4E
$GPRMC,162703.000,A,5319.9239,N,00147.5798,W,0.000,0.00,070912,,A*62
$GPGGA,162718.000,5319.9182,N,00147.5955,W,1,0,,180.0,M,,M,,*4E
$GPRMC,162718.000,A,5319.9182,N,00147.5955,W,0.000,0.00,070912,,A*64
$GPGGA,162734.000,5319.9100,N,00147.5946,W,1,0,,180.0,M,,M,,*48
$GPRMC,162734.000,A,5319.9100,N,00147.5946,W,0.000,0.00,070912,,A*62
$GPGGA,162750.000,5319.9022,N,00147.5972,W,1,0,,180.0,M,,M,,*4C
$GPRMC,162750.000,A,5319.9022,N,00147.5972,W,0.000,0.00,070912,,A*66
$GPGGA,162805.000,5319.8676,N,00147.6053,W,1,0,,181.0,M,,M,,*4D
$GPRMC,162805.000,A,5319.8676,N,00147.6053,W,0.000,0.00,070912,,A*66
$GPGGA,162820.000,5319.8763,N,00147.5963,W,1,0,,181.0,M,,M,,*46
$GPRMC,162820.000,A,5319.8763,N,00147.5963,W,0.000,0.00,070912,,A*6D
$GPGGA,162836.000,5319.8770,N,00147.6082,W,1,0,,181.0,M,,M,,*46
$GPRMC,162836.000,A,5319.8770,N,00147.6082,W,0.000,0.00,070912,,A*6D
$GPGGA,162851.000,5319.8862,N,00147.6131,W,1,0,,181.0,M,,M,,*42
$GPRMC,162851.000,A,5319.8862,N,00147.6131,W,0.000,0.00,070912,,A*69
$GPGGA,162906.000,5319.8864,N,00147.6192,W,1,0,,181.0,M,,M,,*4E
$GPRMC,162906.000,A,5319.8864,N,00147.6192,W,0.000,0.00,070912,,A*65
$GPGGA,162921.000,5319.8802,N,00147.6304,W,1,0,,181.0,M,,M,,*46
$GPRMC,162921.000,A,5319.8802,N,00147.6304,W,0.000,0.00,070912,,A*6D
$GPGGA,162936.000,5319.8736,N,00147.6431,W,1,0,,182.0,M,,M,,*4A
$GPRMC,162936.000,A,5319.8736,N,00147.6431,W,0.000,0.00,070912,,A*62
$GPGGA,162951.000,5319.8699,N,00147.6488,W,1,0,,182.0,M,,M,,*4D
$GPRMC,162951.000,A,5319.8699,N,00147.6488,W,0.000,0.00,070912,,A*65
$GPGGA,163006.000,5319.8640,N,00147.6619,W,1,0,,182.0,M,,M,,*49
$GPRMC,163006.000,A,5319.8640,N,00147.6619,W,0.000,0.00,070912,,A*61
$GPGGA,163021.000,5319.8617,N,00147.6676,W,1,0,,182.0,M,,M,,*47
$GPRMC,163021.000,A,5319.8617,N,00147.6676,W,0.000,0.00,070912,,A*6F
$GPGGA,163037.000,5319.8486,N,00147.6857,W,1,0,,182.0,M,,M,,*47
$GPRMC,163037.000,A,5319.8486,N,00147.6857,W,0.000,0.00,070912,,A*6F
$GPGGA,163052.000,5319.8427,N,00147.7153,W,1,0,,182.0,M,,M,,*43
$GPRMC,163052.000,A,5319.8427,N,00147.7153,W,0.000,0.00,070912,,A*6B
$GPGGA,163108.000,5319.8365,N,00147.7213,W,1,0,,182.0,M,,M,,*4B
$GPRMC,163108.000,A,5319.8365,N,00147.7213,W,0.000,0.00,070912,,A*63
$GPGGA,163123.000,5319.8026,N,00147.7452,W,1,0,,182.0,M,,M,,*45
$GPRMC,163123.000,A,5319.8026,N,00147.7452,W,0.000,0.00,070912,,A*6D
$GPGGA,163138.000,5319.7898,N,00147.7698,W,1,0,,182.0,M,,M,,*49
$GPRMC,163138.000,A,5319.7898,N,00147.7698,W,0.000,0.00,070912,,A*61
$GPGGA,163153.000,5319.7944,N,00147.7865,W,1,0,,182.0,M,,M,,*48
$GPRMC,163153.000,A,5319.7944,N,00147.7865,W,0.000,0.00,070912,,A*60
$GPGGA,163208.000,5319.8086,N,00147.7990,W,1,0,,182.0,M,,M,,*46
$GPRMC,163208.000,A,5319.8086,N,00147.7990,W,0.000,0.00,070912,,A*6E
$GPGGA,163223.000,5319.7962,N,00147.8608,W,1,0,,182.0,M,,M,,*42
$GPRMC,163223.000,A,5319.7962,N,00147.8608,W,0.000,0.00,070912,,A*6A
$GPGGA,163238.000,5319.7990,N,00147.8762,W,1,0,,182.0,M,,M,,*48
$GPRMC,163238.000,A,5319.7990,N,00147.8762,W,0.000,0.00,070912,,A*60
$GPGGA,163254.000,5319.7990,N,00147.8747,W,1,0,,182.0,M,,M,,*45
$GPRMC,163254.000,A,5319.7990,N,00147.8747,W,0.000,0.00,070912,,A*6D
$GPGGA,163310.000,5319.7985,N,00147.8785,W,1,0,,182.0,M,,M,,*4E
$GPRMC,163310.000,A,5319.7985,N,00147.8785,W,0.000,0.00,070912,,A*66
$GPGGA,163325.000,5319.7985,N,00147.8798,W,1,0,,182.0,M,,M,,*44
$GPRMC,163325.000,A,5319.7985,N,00147.8798,W,0.000,0.00,070912,,A*6C
$GPGGA,163341.000,5319.7642,N,00147.8214,W,1,0,,182.0,M,,M,,*43
$GPRMC,163341.000,A,5319.7642,N,00147.8214,W,0.000,0.00,070912,,A*6B
$GPGGA,163356.000,5319.7639,N,00147.8229,W,1,0,,182.0,M,,M,,*47
$GPRMC,163356.000,A,5319.7639,N,00147.8229,W,0.000,0.00,070912,,A*6F
$GPGGA,163411.000,5319.7564,N,00147.8140,W,1,0,,183.0,M,,M,,*45
$GPRMC,163411.000,A,5319.7564,N,00147.8140,W,0.000,0.00,070912,,A*6C
$GPGGA,163427.000,5319.7317,N,00147.8416,W,1,0,,183.0,M,,M,,*44
$GPRMC,163427.000,A,5319.7317,N,00147.8416,W,0.000,0.00,070912,,A*6D
$GPGGA,163442.000,5319.7269,N,00147.8448,W,1,0,,183.0,M,,M,,*44
$GPRMC,163442.000,A,5319.7269,N,00147.8448,W,0.000,0.00,070912,,A*6D
$GPGGA,163457.000,5319.7280,N,00147.8515,W,1,0,,183.0,M,,M,,*4E
$GPRMC,163457.000,A,5319.7280,N,00147.8515,W,0.000,0.00,070912,,A*67
$GPGGA,163512.000,5319.7342,N,00147.8619,W,1,0,,183.0,M,,M,,*4E
$GPRMC,163512.000,A,5319.7342,N,00147.8619,W,0.000,0.00,070912,,A*67
$GPGGA,163527.000,5319.7303,N,00147.8814,W,1,0,,183.0,M,,M,,*4E
$GPRMC,163527.000,A,5319.7303,N,00147.8814,W,0.000,0.00,070912,,A*67
$GPGGA,163542.000,5319.7383,N,00147.8952,W,1,0,,183.0,M,,M,,*46
$GPRMC,163542.000,A,5319.7383,N,00147.8952,W,0.000,0.00,070912,,A*6F
$GPGGA,163558.000,5319.7452,N,00147.9022,W,1,0,,183.0,M,,M,,*49
$GPRMC,163558.000,A,5319.7452,N,00147.9022,W,0.000,0.00,070912,,A*60
$GPGGA,163614.000,5319.7420,N,00147.9227,W,1,0,,183.0,M,,M,,*40
$GPRMC,163614.000,A,5319.7420,N,00147.9227,W,0.000,0.00,070912,,A*69
$GPGGA,163629.000,5319.7694,N,00147.9431,W,1,0,,184.0,M,,M,,*45
$GPRMC,163629.000,A,5319.7694,N,00147.9431,W,0.000,0.00,070912,,A*6B
$GPGGA,163644.000,5319.7621,N,00147.9551,W,1,0,,184.0,M,,M,,*47
$GPRMC,163644.000,A,5319.7621,N,00147.9551,W,0.000,0.00,070912,,A*69
$GPGGA,163700.000,5319.7456,N,00147.9723,W,1,0,,184.0,M,,M,,*43
$GPRMC,163700.000,A,5319.7456,N,00147.9723,W,0.000,0.00,070912,,A*6D
$GPGGA,163715.000,5319.7395,N,00147.9830,W,1,0,,184.0,M,,M,,*42
$GPRMC,163715.000,A,5319.7395,N,00147.9830,W,0.000,0.00,070912,,A*6C
$GPGGA,163730.000,5319.7408,N,00147.9847,W,1,0,,184.0,M,,M,,*46
$GPRMC,163730.000,A,5319.7408,N,00147.9847,W,0.000,0.00,070912,,A*68
$GPGGA,163746.000,5319.7433,N,00147.9860,W,1,0,,184.0,M,,M,,*4A
$GPRMC,163746.000,A,5319.7433,N,00147.9860,W,0.000,0.00,070912,,A*64
$GPGGA,163801.000,5319.6967,N,00148.0003,W,1,0,,184.0,M,,M,,*40
$GPRMC,163801.000,A,5319.6967,N,00148.0003,W,0.000,0.00,070912,,A*6E
$GPGGA,163816.000,5319.7562,N,00148.0661,W,1,0,,185.0,M,,M,,*4D
$GPRMC,163816.000,A,5319.7562,N,00148.0661,W,0.000,0.00,070912,,A*62
$GPGGA,163831.000,5319.7589,N,00148.0874,W,1,0,,184.0,M,,M,,*46
$GPRMC,163831.000,A,5319.7589,N,00148.0874,W,0.000,0.00,070912,,A*68
$GPGGA,163846.000,5319.7585,N,00148.1067,W,1,0,,184.0,M,,M,,*41
$GPRMC,163846.000,A,5319.7585,N,00148.1067,W,0.000,0.00,070912,,A*6F
$GPGGA,163901.000,5319.7580,N,00148.1210,W,1,0,,184.0,M,,M,,*44
$GPRMC,163901.000,A,5319.7580,N,00148.1210,W,0.000,0.00,070912,,A*6A
$GPGGA,163916.000,5319.7603,N,00148.1371,W,1,0,,190.0,M,,M,,*49
$GPRMC,163916.000,A,5319.7603,N,00148.1371,W,0.000,0.00,070912,,A*62
$GPGGA,163931.000,5319.7623,N,00148.1517,W,1,0,,203.0,M,,M,,*41
$GPRMC,163931.000,A,5319.7623,N,00148.1517,W,0.000,0.00,070912,,A*63
$GPGGA,163946.000,5319.7603,N,00148.1728,W,1,0,,221.0,M,,M,,*4D
$GPRMC,163946.000,A,5319.7603,N,00148.1728,W,0.000,0.00,070912,,A*6F
$GPGGA,164001.000,5319.7637,N,00148.1953,W,1,0,,229.0,M,,M,,*4D
$GPRMC,164001.000,A,5319.7637,N,00148.1953,W,0.000,0.00,070912,,A*67
$GPGGA,164016.000,5319.7653,N,00148.2168,W,1,0,,236.0,M,,M,,*44
$GPRMC,164016.000,A,5319.7653,N,00148.2168,W,0.000,0.00,070912,,A*60
$GPGGA,164033.000,5319.7653,N,00148.2283,W,1,0,,238.0,M,,M,,*4B
$GPRMC,164033.000,A,5319.7653,N,00148.2283,W,0.000,0.00,070912,,A*61
$GPGGA,164048.000,5319.7459,N,00148.2310,W,1,0,,238.0,M,,M,,*44
$GPRMC,164048.000,A,5319.7459,N,00148.2310,W,0.000,0.00,070912,,A*6E
$GPGGA,164104.000,5319.7493,N,00148.2406,W,1,0,,239.0,M,,M,,*4A
$GPRMC,164104.000,A,5319.7493,N,00148.2406,W,0.000,0.00,070912,,A*61
$GPGGA,164119.000,5319.7523,N,00148.2538,W,1,0,,239.0,M,,M,,*40
$GPRMC,164119.000,A,5319.7523,N,00148.2538,W,0.000,0.00,070912,,A*6B
$GPGGA,164134.000,5319.7498,N,00148.2690,W,1,0,,239.0,M,,M,,*4F
$GPRMC,164134.000,A,5319.7498,N,00148.2690,W,0.000,0.00,070912,,A*64
$GPGGA,164150.000,5319.7511,N,00148.2868,W,1,0,,239.0,M,,M,,*44
$GPRMC,164150.000,A,5319.7511,N,00148.2868,W,0.000,0.00,070912,,A*6F
$GPGGA,164206.000,5319.7541,N,00148.3117,W,1,0,,239.0,M,,M,,*41
$GPRMC,164206.000,A,5319.7541,N,00148.3117,W,0.000,0.00,070912,,A*6A
$GPGGA,164222.000,5319.7509,N,00148.3358,W,1,0,,240.0,M,,M,,*4C
$GPRMC,164222.000,A,5319.7509,N,00148.3358,W,0.000,0.00,070912,,A*69
$GPGGA,164238.000,5319.7500,N,00148.3591,W,1,0,,240.0,M,,M,,*4D
$GPRMC,164238.000,A,5319.7500,N,00148.3591,W,0.000,0.00,070912,,A*68
$GPGGA,164254.000,5319.7463,N,00148.3738,W,1,0,,241.0,M,,M,,*43
$GPRMC,164254.000,A,5319.7463,N,00148.3738,W,0.000,0.00,070912,,A*67
$GPGGA,164309.000,5319.7557,N,00148.3791,W,1,0,,241.0,M,,M,,*4F
$GPRMC,164309.000,A,5319.7557,N,00148.3791,W,0.000,0.00,070912,,A*6B
$GPGGA,164324.000,5319.7573,N,00148.3915,W,1,0,,241.0,M,,M,,*44
$GPRMC,164324.000,A,5319.7573,N,00148.3915,W,0.000,0.00,070912,,A*60
$GPGGA,164340.000,5319.7587,N,00148.4054,W,1,0,,241.0,M,,M,,*46
$GPRMC,164340.000,A,5319.7587,N,00148.4054,W,0.000,0.00,070912,,A*62
$GPGGA,164355.000,5319.7507,N,00148.4140,W,1,0,,241.0,M,,M,,*4E
$GPRMC,164355.000,A,5319.7507,N,00148.4140,W,0.000,0.00,070912,,A*6A
$GPGGA,164410.000,5319.7417,N,00148.4397,W,1,0,,242.0,M,,M,,*43
$GPRMC,164410.000,A,5319.7417,N,00148.4397,W,0.000,0.00,070912,,A*64
$GPGGA,164426.000,5319.7543,N,00148.4605,W,1,0,,241.0,M,,M,,*4B
$GPRMC,164426.000,A,5319.7543,N,00148.4605,W,0.000,0.00,070912,,A*6F
$GPGGA,164441.000,5319.7557,N,00148.4788,W,1,0,,241.0,M,,M,,*4B
$GPRMC,164441.000,A,5319.7557,N,00148.4788,W,0.000,0.00,070912,,A*6F
$GPGGA,164457.000,5319.7530,N,00148.4932,W,1,0,,241.0,M,,M,,*42
$GPRMC,164457.000,A,5319.7530,N,00148.4932,W,0.000,0.00,070912,,A*66
$GPGGA,164512.000,5319.7596,N,00148.5061,W,1,0,,242.0,M,,M,,*43
$GPRMC,164512.000,A,5319.7596,N,00148.5061,W,0.000,0.00,070912,,A*64
$GPGGA,164527.000,5319.7557,N,00148.5100,W,1,0,,242.0,M,,M,,*4E
$GPRMC,164527.000,A,5319.7557,N,00148.5100,W,0.000,0.00,070912,,A*69
$GPGGA,164542.000,5319.7536,N,00148.5033,W,1,0,,242.0,M,,M,,*4B
$GPRMC,164542.000,A,5319.7536,N,00148.5033,W,0.000,0.00,070912,,A*6C
$GPGGA,164557.000,5319.7550,N,00148.5051,W,1,0,,242.0,M,,M,,*4B
$GPRMC,164557.000,A,5319.7550,N,00148.5051,W,0.000,0.00,070912,,A*6C
$GPGGA,164612.000,5319.7488,N,00148.5014,W,1,0,,243.0,M,,M,,*4D
$GPRMC,164612.000,A,5319.7488,N,00148.5014,W,0.000,0.00,070912,,A*6B
$GPGGA,164628.000,5319.8120,N,00148.5593,W,1,0,,242.0,M,,M,,*47
$GPRMC,164628.000,A,5319.8120,N,00148.5593,W,0.000,0.00,070912,,A*60
$GPGGA,164643.000,5319.8592,N,00148.6178,W,1,0,,243.0,M,,M,,*44
$GPRMC,164643.000,A,5319.8592,N,00148.6178,W,0.000,0.00,070912,,A*62
$GPGGA,164658.000,5319.8617,N,00148.6251,W,1,0,,242.0,M,,M,,*49
$GPRMC,164658.000,A,5319.8617,N,00148.6251,W,0.000,0.00,070912,,A*6E
$GPGGA,164713.000,5319.8518,N,00148.6443,W,1,0,,242.0,M,,M,,*4E
$GPRMC,164713.000,A,5319.8518,N,00148.6443,W,0.000,0.00,070912,,A*69
$GPGGA,164728.000,5319.7596,N,00148.6970,W,1,0,,290.0,M,,M,,*4D
$GPRMC,164728.000,A,5319.7596,N,00148.6970,W,0.000,0.00,070912,,A*65
$GPGGA,164743.000,5319.7655,N,00148.6975,W,1,0,,249.0,M,,M,,*4D
$GPRMC,164743.000,A,5319.7655,N,00148.6975,W,0.000,0.00,070912,,A*61
$GPGGA,164804.000,5319.7818,N,00148.7053,W,1,0,,245.0,M,,M,,*46
$GPRMC,164804.000,A,5319.7818,N,00148.7053,W,0.000,0.00,070912,,A*66
$GPGGA,164819.000,5319.7857,N,00148.7033,W,1,0,,246.0,M,,M,,*44
$GPRMC,164819.000,A,5319.7857,N,00148.7033,W,0.000,0.00,070912,,A*67
$GPGGA,164834.000,5319.7864,N,00148.7037,W,1,0,,246.0,M,,M,,*4F
$GPRMC,164834.000,A,5319.7864,N,00148.7037,W,0.000,0.00,070912,,A*6C
$GPGGA,164850.000,5319.7328,N,00148.7353,W,1,0,,246.0,M,,M,,*4F
$GPRMC,164850.000,A,5319.7328,N,00148.7353,W,0.000,0.00,070912,,A*6C
$GPGGA,164905.000,5319.7303,N,00148.7386,W,1,0,,245.0,M,,M,,*4C
$GPRMC,164905.000,A,5319.7303,N,00148.7386,W,0.000,0.00,070912,,A*6C
$GPGGA,164920.000,5319.7406,N,00148.7389,W,1,0,,246.0,M,,M,,*45
$GPRMC,164920.000,A,5319.7406,N,00148.7389,W,0.000,0.00,070912,,A*66
$GPGGA,164936.000,5319.7493,N,00148.7410,W,1,0,,246.0,M,,M,,*49
$GPRMC,164936.000,A,5319.7493,N,00148.7410,W,0.000,0.00,070912,,A*6A
$GPGGA,164951.000,5319.7569,N,00148.7443,W,1,0,,246.0,M,,M,,*4A
$GPRMC,164951.000,A,5319.7569,N,00148.7443,W,0.000,0.00,070912,,A*69
$GPGGA,165006.000,5319.7651,N,00148.7502,W,1,0,,246.0,M,,M,,*4C
$GPRMC,165006.000,A,5319.7651,N,00148.7502,W,0.000,0.00,070912,,A*6F
$GPGGA,165022.000,5319.7722,N,00148.7518,W,1,0,,246.0,M,,M,,*44
$GPRMC,165022.000,A,5319.7722,N,00148.7518,W,0.000,0.00,070912,,A*67
$GPGGA,165037.000,5319.7823,N,00148.7588,W,1,0,,246.0,M,,M,,*47
$GPRMC,165037.000,A,5319.7823,N,00148.7588,W,0.000,0.00,070912,,A*64
$GPGGA,165052.000,5319.7942,N,00148.7613,W,1,0,,246.0,M,,M,,*43
$GPRMC,165052.000,A,5319.7942,N,00148.7613,W,0.000,0.00,070912,,A*60
$GPGGA,165109.000,5319.8019,N,00148.7658,W,1,0,,247.0,M,,M,,*4A
$GPRMC,165109.000,A,5319.8019,N,00148.7658,W,0.000,0.00,070912,,A*68
$GPGGA,165124.000,5319.8079,N,00148.7671,W,1,0,,247.0,M,,M,,*48
$GPRMC,165124.000,A,5319.8079,N,00148.7671,W,0.000,0.00,070912,,A*6A
$GPGGA,165139.000,5319.8221,N,00148.7767,W,1,0,,247.0,M,,M,,*4D
$GPRMC,165139.000,A,5319.8221,N,00148.7767,W,0.000,0.00,070912,,A*6F
$GPGGA,165154.000,5319.8257,N,00148.7783,W,1,0,,247.0,M,,M,,*4D
$GPRMC,165154.000,A,5319.8257,N,00148.7783,W,0.000,0.00,070912,,A*6F
$GPGGA,165210.000,5319.8354,N,00148.7768,W,1,0,,247.0,M,,M,,*49
$GPRMC,165210.000,A,5319.8354,N,00148.7768,W,0.000,0.00,070912,,A*6B
$GPGGA,165225.000,5319.8415,N,00148.7885,W,1,0,,247.0,M,,M,,*41
$GPRMC,165225.000,A,5319.8415,N,00148.7885,W,0.000,0.00,070912,,A*63
$GPGGA,165240.000,5319.8489,N,00148.7849,W,1,0,,247.0,M,,M,,*47
$GPRMC,165240.000,A,5319.8489,N,00148.7849,W,0.000,0.00,070912,,A*65
$GPGGA,165255.000,5319.9237,N,00148.7835,W,1,0,,270.0,M,,M,,*4E
$GPRMC,165255.000,A,5319.9237,N,00148.7835,W,0.000,0.00,070912,,A*68
$GPGGA,165310.000,5319.9146,N,00148.7798,W,1,0,,251.0,M,,M,,*40
$GPRMC,165310.000,A,5319.9146,N,00148.7798,W,0.000,0.00,070912,,A*65
$GPGGA,165325.000,5319.8953,N,00148.7763,W,1,0,,248.0,M,,M,,*47
$GPRMC,165325.000,A,5319.8953,N,00148.7763,W,0.000,0.00,070912,,A*6A
$GPGGA,165340.000,5319.8937,N,00148.7849,W,1,0,,247.0,M,,M,,*4E
$GPRMC,165340.000,A,5319.8937,N,00148.7849,W,0.000,0.00,070912,,A*6C
$GPGGA,165355.000,5319.8894,N,00148.7879,W,1,0,,248.0,M,,M,,*4E
$GPRMC,165355.000,A,5319.8894,N,00148.7879,W,0.000,0.00,070912,,A*63
$GPGGA,165410.000,5319.8896,N,00148.7871,W,1,0,,249.0,M,,M,,*43
$GPRMC,165410.000,A,5319.8896,N,00148.7871,W,0.000,0.00,070912,,A*6F
$GPGGA,165429.000,5319.8910,N,00148.7873,W,1,0,,249.0,M,,M,,*44
$GPRMC,165429.000,A,5319.8910,N,00148.7873,W,0.000,0.00,070912,,A*68
$GPGGA,165444.000,5319.8944,N,00148.7872,W,1,0,,249.0,M,,M,,*4F
$GPRMC,165444.000,A,5319.8944,N,00148.7872,W,0.000,0.00,070912,,A*63
$GPGGA,165459.000,5319.9029,N,00148.7804,W,1,0,,249.0,M,,M,,*41
$GPRMC,165459.000,A,5319.9029,N,00148.7804,W,0.000,0.00,070912,,A*6D
$GPGGA,165514.000,5319.9006,N,00148.7764,W,1,0,,249.0,M,,M,,*4D
$GPRMC,165514.000,A,5319.9006,N,00148.7764,W,0.000,0.00,070912,,A*61
$GPGGA,165529.000,5319.8811,N,00148.7615,W,1,0,,249.0,M,,M,,*4B
$GPRMC,165529.000,A,5319.8811,N,00148.7615,W,0.000,0.00,070912,,A*67
$GPGGA,165544.000,5319.8905,N,00148.7498,W,1,0,,248.0,M,,M,,*42
$GPRMC,165544.000,A,5319.8905,N,00148.7498,W,0.000,0.00,070912,,A*6F
$GPGGA,165559.000,5320.0256,N,00148.7541,W,1,0,,261.0,M,,M,,*4F
$GPRMC,165559.000,A,5320.0256,N,00148.7541,W,0.000,0.00,070912,,A*69
$GPGGA,165614.000,5319.9699,N,00148.7581,W,1,0,,250.0,M,,M,,*4F
$GPRMC,165614.000,A,5319.9699,N,00148.7581,W,0.000,0.00,070912,,A*6B
$GPGGA,165629.000,5319.9718,N,00148.7325,W,1,0,,247.0,M,,M,,*47
$GPRMC,165629.000,A,5319.9718,N,00148.7325,W,0.000,0.00,070912,,A*65
$GPGGA,165644.000,5319.9718,N,00148.7202,W,1,0,,246.0,M,,M,,*49
$GPRMC,165644.000,A,5319.9718,N,00148.7202,W,0.000,0.00,070912,,A*6A
$GPGGA,165659.000,5319.9713,N,00148.7170,W,1,0,,245.0,M,,M,,*4B
$GPRMC,165659.000,A,5319.9713,N,00148.7170,W,0.000,0.00,070912,,A*6B
$GPGGA,165714.000,5319.9786,N,00148.7312,W,1,0,,242.0,M,,M,,*4E
$GPRMC,165714.000,A,5319.9786,N,00148.7312,W,0.000,0.00,070912,,A*69
$GPGGA,165729.000,5319.9786,N,00148.7307,W,1,0,,250.0,M,,M,,*47
$GPRMC,165729.000,A,5319.9786,N,00148.7307,W,0.000,0.00,070912,,A*63
$GPGGA,165744.000,5319.9757,N,00148.7263,W,1,0,,250.0,M,,M,,*43
$GPRMC,165744.000,A,5319.9757,N,00148.7263,W,0.000,0.00,070912,,A*67
$GPGGA,165759.000,5319.9777,N,00148.7232,W,1,0,,254.0,M,,M,,*4D
$GPRMC,165759.000,A,5319.9777,N,00148.7232,W,0.000,0.00,070912,,A*6D
$GPGGA,165814.000,5319.9832,N,00148.7150,W,1,0,,258.0,M,,M,,*4E
$GPRMC,165814.000,A,5319.9832,N,00148.7150,W,0.000,0.00,070912,,A*62
$GPGGA,165829.000,5319.9915,N,00148.7085,W,1,0,,262.0,M,,M,,*44
$GPRMC,165829.000,A,5319.9915,N,00148.7085,W,0.000,0.00,070912,,A*61
$GPGGA,165844.000,5319.9992,N,00148.7002,W,1,0,,266.0,M,,M,,*4B
$GPRMC,165844.000,A,5319.9992,N,00148.7002,W,0.000,0.00,070912,,A*6A
$GPGGA,165859.000,5320.0040,N,00148.6946,W,1,0,,269.0,M,,M,,*45
$GPRMC,165859.000,A,5320.0040,N,00148.6946,W,0.000,0.00,070912,,A*6B
$GPGGA,165914.000,5320.0070,N,00148.6858,W,1,0,,268.0,M,,M,,*41
$GPRMC,165914.000,A,5320.0070,N,00148.6858,W,0.000,0.00,070912,,A*6E
$GPGGA,165929.000,5320.0187,N,00148.6685,W,1,0,,268.0,M,,M,,*48
$GPRMC,165929.000,A,5320.0187,N,00148.6685,W,0.000,0.00,070912,,A*67
$GPGGA,165944.000,5320.0143,N,00148.6643,W,1,0,,268.0,M,,M,,*41
$GPRMC,165944.000,A,5320.0143,N,00148.6643,W,0.000,0.00,070912,,A*6E
$GPGGA,165959.000,5320.0301,N,00148.6609,W,1,0,,269.0,M,,M,,*46
$GPRMC,165959.000,A,5320.0301,N,00148.6609,W,0.000,0.00,070912,,A*68
$GPGGA,170014.000,5320.0430,N,00148.6594,W,1,0,,269.0,M,,M,,*40
$GPRMC,170014.000,A,5320.0430,N,00148.6594,W,0.000,0.00,070912,,A*6E
$GPGGA,170031.000,5320.0468,N,00148.6499,W,1,0,,269.0,M,,M,,*46
$GPRMC,170031.000,A,5320.0468,N,00148.6499,W,0.000,0.00,070912,,A*68
$GPGGA,170047.000,5320.0613,N,00148.6461,W,1,0,,269.0,M,,M,,*4E
$GPRMC,170047.000,A,5320.0613,N,00148.6461,W,0.000,0.00,070912,,A*60
$GPGGA,170102.000,5320.0711,N,00148.6423,W,1,0,,269.0,M,,M,,*4B
$GPRMC,170102.000,A,5320.0711,N,00148.6423,W,0.000,0.00,070912,,A*65
$GPGGA,170117.000,5320.0816,N,00148.6415,W,1,0,,269.0,M,,M,,*42
$GPRMC,170117.000,A,5320.0816,N,00148.6415,W,0.000,0.00,070912,,A*6C
$GPGGA,170133.000,5320.0970,N,00148.6384,W,1,0,,269.0,M,,M,,*4A
$GPRMC,170133.000,A,5320.0970,N,00148.6384,W,0.000,0.00,070912,,A*64
$GPGGA,170149.000,5320.1013,N,00148.6441,W,1,0,,269.0,M,,M,,*44
$GPRMC,170149.000,A,5320.1013,N,00148.6441,W,0.000,0.00,070912,,A*6A
$GPGGA,170204.000,5320.1107,N,00148.6434,W,1,0,,269.0,M,,M,,*48
$GPRMC,170204.000,A,5320.1107,N,00148.6434,W,0.000,0.00,070912,,A*66
$GPGGA,170220.000,5320.1205,N,00148.6453,W,1,0,,269.0,M,,M,,*4E
$GPRMC,170220.000,A,5320.1205,N,00148.6453,W,0.000,0.00,070912,,A*60
$GPGGA,170235.000,5320.1283,N,00148.6432,W,1,0,,269.0,M,,M,,*43
$GPRMC,170235.000,A,5320.1283,N,00148.6432,W,0.000,0.00,070912,,A*6D
$GPGGA,170250.000,5320.1409,N,00148.6490,W,1,0,,270.0,M,,M,,*44
$GPRMC,170250.000,A,5320.1409,N,00148.6490,W,0.000,0.00,070912,,A*62
$GPGGA,170305.000,5320.1476,N,00148.6468,W,1,0,,269.0,M,,M,,*42
$GPRMC,170305.000,A,5320.1476,N,00148.6468,W,0.000,0.00,070912,,A*6C
$GPGGA,170321.000,5320.1617,N,00148.6524,W,1,0,,269.0,M,,M,,*48
$GPRMC,170321.000,A,5320.1617,N,00148.6524,W,0.000,0.00,070912,,A*66
$GPGGA,170336.000,5320.1711,N,00148.6557,W,1,0,,269.0,M,,M,,*4D
$GPRMC,170336.000,A,5320.1711,N,00148.6557,W,0.000,0.00,070912,,A*63
$GPGGA,170351.000,5320.1849,N,00148.6571,W,1,0,,270.0,M,,M,,*42
$GPRMC,170351.000,A,5320.1849,N,00148.6571,W,0.000,0.00,070912,,A*64
$GPGGA,170406.000,5320.1936,N,00148.6568,W,1,0,,269.0,M,,M,,*4E
$GPRMC,170406.000,A,5320.1936,N,00148.6568,W,0.000,0.00,070912,,A*60
$GPGGA,170421.000,5320.1936,N,00148.6506,W,1,0,,270.0,M,,M,,*4B
$GPRMC,170421.000,A,5320.1936,N,00148.6506,W,0.000,0.00,070912,,A*6D
$GPGGA,170437.000,5320.2098,N,00148.6564,W,1,0,,269.0,M,,M,,*4E
$GPRMC,170437.000,A,5320.2098,N,00148.6564,W,0.000,0.00,070912,,A*60
$GPGGA,170452.000,5320.2233,N,00148.6586,W,1,0,,269.0,M,,M,,*42
$GPRMC,170452.000,A,5320.2233,N,00148.6586,W,0.000,0.00,070912,,A*6C
$GPGGA,170507.000,5320.2370,N,00148.6558,W,1,0,,269.0,M,,M,,*46
$GPRMC,170507.000,A,5320.2370,N,00148.6558,W,0.000,0.00,070912,,A*68
$GPGGA,170523.000,5320.2510,N,00148.6534,W,1,0,,269.0,M,,M,,*4A
$GPRMC,170523.000,A,5320.2510,N,00148.6534,W,0.000,0.00,070912,,A*64
$GPGGA,170538.000,5320.2567,N,00148.6532,W,1,0,,269.0,M,,M,,*46
$GPRMC,170538.000,A,5320.2567,N,00148.6532,W,0.000,0.00,070912,,A*68
$GPGGA,170553.000,5320.2721,N,00148.6510,W,1,0,,269.0,M,,M,,*4B
$GPRMC,170553.000,A,5320.2721,N,00148.6510,W,0.000,0.00,070912,,A*65
$GPGGA,170609.000,5320.2810,N,00148.6514,W,1,0,,269.0,M,,M,,*4E
$GPRMC,170609.000,A,5320.2810,N,00148.6514,W,0.000,0.00,070912,,A*60
$GPGGA,170624.000,5320.2929,N,00148.6553,W,1,0,,269.0,M,,M,,*49
$GPRMC,170624.000,A,5320.2929,N,00148.6553,W,0.000,0.00,070912,,A*67
$GPGGA,170640.000,5320.3103,N,00148.6551,W,1,0,,269.0,M,,M,,*48
$GPRMC,170640.000,A,5320.3103,N,00148.6551,W,0.000,0.00,070912,,A*66
$GPGGA,170655.000,5320.3208,N,00148.6566,W,1,0,,269.0,M,,M,,*40
$GPRMC,170655.000,A,5320.3208,N,00148.6566,W,0.000,0.00,070912,,A*6E
$GPGGA,170711.000,5320.3316,N,00148.6551,W,1,0,,269.0,M,,M,,*4B
$GPRMC,170711.000,A,5320.3316,N,00148.6551,W,0.000,0.00,070912,,A*65
$GPGGA,170726.000,5320.3398,N,00148.6544,W,1,0,,269.0,M,,M,,*4D
$GPRMC,170726.000,A,5320.3398,N,00148.6544,W,0.000,0.00,070912,,A*63
$GPGGA,170741.000,5320.3503,N,00148.6539,W,1,0,,269.0,M,,M,,*42
$GPRMC,170741.000,A,5320.3503,N,00148.6539,W,0.000,0.00,070912,,A*6C
$GPGGA,170756.000,5320.3659,N,00148.6575,W,1,0,,269.0,M,,M,,*40
$GPRMC,170756.000,A,5320.3659,N,00148.6575,W,0.000,0.00,070912,,A*6E
$GPGGA,170811.000,5320.3812,N,00148.6457,W,1,0,,269.0,M,,M,,*4C
$GPRMC,170811.000,A,5320.3812,N,00148.6457,W,0.000,0.00,070912,,A*62
$GPGGA,170826.000,5320.3719,N,00148.6422,W,1,0,,269.0,M,,M,,*4E
$GPRMC,170826.000,A,5320.3719,N,00148.6422,W,0.000,0.00,070912,,A*60
$GPGGA,170842.000,5320.3808,N,00148.6457,W,1,0,,269.0,M,,M,,*41
$GPRMC,170842.000,A,5320.3808,N,00148.6457,W,0.000,0.00,070912,,A*6F
$GPGGA,170858.000,5320.3883,N,00148.6447,W,1,0,,269.0,M,,M,,*48
$GPRMC,170858.000,A,5320.3883,N,00148.6447,W,0.000,0.00,070912,,A*66
$GPGGA,170913.000,5320.3952,N,00148.6374,W,1,0,,269.0,M,,M,,*4C
$GPRMC,170913.000,A,5320.3952,N,00148.6374,W,0.000,0.00,070912,,A*62
$GPGGA,170928.000,5320.4025,N,00148.6274,W,1,0,,269.0,M,,M,,*4B
$GPRMC,170928.000,A,5320.4025,N,00148.6274,W,0.000,0.00,070912,,A*65
$GPGGA,170943.000,5320.4160,N,00148.6112,W,1,0,,269.0,M,,M,,*45
$GPRMC,170943.000,A,5320.4160,N,00148.6112,W,0.000,0.00,070912,,A*6B
$GPGGA,170959.000,5320.4286,N,00148.5978,W,1,0,,269.0,M,,M,,*42
$GPRMC,170959.000,A,5320.4286,N,00148.5978,W,0.000,0.00,070912,,A*6C
$GPGGA,171014.000,5320.4339,N,00148.5947,W,1,0,,269.0,M,,M,,*4A
$GPRMC,171014.000,A,5320.4339,N,00148.5947,W,0.000,0.00,070912,,A*64
$GPGGA,171029.000,5320.4508,N,00148.5924,W,1,0,,269.0,M,,M,,*45
$GPRMC,171029.000,A,5320.4508,N,00148.5924,W,0.000,0.00,070912,,A*6B
$GPGGA,171045.000,5320.4522,N,00148.5919,W,1,0,,269.0,M,,M,,*49
$GPRMC,171045.000,A,5320.4522,N,00148.5919,W,0.000,0.00,070912,,A*67
$GPGGA,171100.000,5320.4652,N,00148.5937,W,1,0,,269.0,M,,M,,*41
$GPRMC,171100.000,A,5320.4652,N,00148.5937,W,0.000,0.00,070912,,A*6F
$GPGGA,171115.000,5320.4760,N,00148.5876,W,1,0,,269.0,M,,M,,*41
$GPRMC,171115.000,A,5320.4760,N,00148.5876,W,0.000,0.00,070912,,A*6F
$GPGGA,171130.000,5320.4952,N,00148.5872,W,1,0,,269.0,M,,M,,*4D
$GPRMC,171130.000,A,5320.4952,N,00148.5872,W,0.000,0.00,070912,,A*63
$GPGGA,171146.000,5320.5051,N,00148.5816,W,1,0,,269.0,M,,M,,*45
$GPRMC,171146.000,A,5320.5051,N,00148.5816,W,0.000,0.00,070912,,A*6B
$GPGGA,171201.000,5320.5225,N,00148.5806,W,1,0,,269.0,M,,M,,*45
$GPRMC,171201.000,A,5320.5225,N,00148.5806,W,0.000,0.00,070912,,A*6B
$GPGGA,171216.000,5320.5213,N,00148.5808,W,1,0,,269.0,M,,M,,*48
$GPRMC,171216.000,A,5320.5213,N,00148.5808,W,0.000,0.00,070912,,A*66
$GPGGA,171232.000,5320.5595,N,00148.5724,W,1,0,,269.0,M,,M,,*46
$GPRMC,171232.000,A,5320.5595,N,00148.5724,W,0.000,0.00,070912,,A*68
$GPGGA,171247.000,5320.5710,N,00148.5753,W,1,0,,270.0,M,,M,,*43
$GPRMC,171247.000,A,5320.5710,N,00148.5753,W,0.000,0.00,070912,,A*65
