@Sonygps/ver3.0/wgs-84/
$GPGGA,093422.000,5404.6575,N,00159.8652,W,1,0,,218.0,M,,M,,*4B
$GPRMC,093422.000,A,5404.6575,N,00159.8652,W,0.000,0.00,160912,,A*63
$GPGGA,093448.000,5404.6532,N,00159.8668,W,1,0,,219.0,M,,M,,*4C
$GPRMC,093448.000,A,5404.6532,N,00159.8668,W,0.000,0.00,160912,,A*65
$GPGGA,093503.000,5404.6559,N,00159.8722,W,1,0,,219.0,M,,M,,*40
$GPRMC,093503.000,A,5404.6559,N,00159.8722,W,0.000,0.00,160912,,A*69
$GPGGA,093518.000,5404.6575,N,00159.8617,W,1,0,,219.0,M,,M,,*43
$GPRMC,093518.000,A,5404.6575,N,00159.8617,W,0.000,0.00,160912,,A*6A
$GPGGA,093533.000,5404.6561,N,00159.8582,W,1,0,,219.0,M,,M,,*40
$GPRMC,093533.000,A,5404.6561,N,00159.8582,W,0.000,0.00,160912,,A*69
$GPGGA,093548.000,5404.6589,N,00159.8604,W,1,0,,218.0,M,,M,,*46
$GPRMC,093548.000,A,5404.6589,N,00159.8604,W,0.000,0.00,160912,,A*6E
$GPGGA,093611.000,5404.6582,N,00159.8623,W,1,0,,218.0,M,,M,,*47
$GPRMC,093611.000,A,5404.6582,N,00159.8623,W,0.000,0.00,160912,,A*6F
$GPGGA,093626.000,5404.6566,N,00159.8680,W,1,0,,219.0,M,,M,,*41
$GPRMC,093626.000,A,5404.6566,N,00159.8680,W,0.000,0.00,160912,,A*68
$GPGGA,093641.000,5404.6587,N,00159.8664,W,1,0,,219.0,M,,M,,*45
$GPRMC,093641.000,A,5404.6587,N,00159.8664,W,0.000,0.00,160912,,A*6C
$GPGGA,093656.000,5404.6584,N,00159.8616,W,1,0,,219.0,M,,M,,*45
$GPRMC,093656.000,A,5404.6584,N,00159.8616,W,0.000,0.00,160912,,A*6C
$GPGGA,093712.000,5404.6587,N,00159.8638,W,1,0,,219.0,M,,M,,*4B
$GPRMC,093712.000,A,5404.6587,N,00159.8638,W,0.000,0.00,160912,,A*62
$GPGGA,093727.000,5404.6543,N,00159.8792,W,1,0,,218.0,M,,M,,*45
$GPRMC,093727.000,A,5404.6543,N,00159.8792,W,0.000,0.00,160912,,A*6D
$GPGGA,093742.000,5404.6577,N,00159.8876,W,1,0,,218.0,M,,M,,*44
$GPRMC,093742.000,A,5404.6577,N,00159.8876,W,0.000,0.00,160912,,A*6C
$GPGGA,093804.000,5404.6658,N,00159.9030,W,1,0,,218.0,M,,M,,*4C
$GPRMC,093804.000,A,5404.6658,N,00159.9030,W,0.000,0.00,160912,,A*64
$GPGGA,093820.000,5404.6706,N,00159.9161,W,1,0,,218.0,M,,M,,*45
$GPRMC,093820.000,A,5404.6706,N,00159.9161,W,0.000,0.00,160912,,A*6D
$GPGGA,093836.000,5404.6742,N,00159.9270,W,1,0,,218.0,M,,M,,*41
$GPRMC,093836.000,A,5404.6742,N,00159.9270,W,0.000,0.00,160912,,A*69
$GPGGA,093852.000,5404.6795,N,00159.9446,W,1,0,,218.0,M,,M,,*4A
$GPRMC,093852.000,A,5404.6795,N,00159.9446,W,0.000,0.00,160912,,A*62
$GPGGA,093907.000,5404.6875,N,00159.9624,W,1,0,,218.0,M,,M,,*4C
$GPRMC,093907.000,A,5404.6875,N,00159.9624,W,0.000,0.00,160912,,A*64
$GPGGA,093922.000,5404.6882,N,00159.9623,W,1,0,,218.0,M,,M,,*44
$GPRMC,093922.000,A,5404.6882,N,00159.9623,W,0.000,0.00,160912,,A*6C
$GPGGA,093937.000,5404.6848,N,00159.9601,W,1,0,,218.0,M,,M,,*46
$GPRMC,093937.000,A,5404.6848,N,00159.9601,W,0.000,0.00,160912,,A*6E
$GPGGA,093952.000,5404.6861,N,00159.9593,W,1,0,,218.0,M,,M,,*46
$GPRMC,093952.000,A,5404.6861,N,00159.9593,W,0.000,0.00,160912,,A*6E
$GPGGA,094007.000,5404.6866,N,00159.9585,W,1,0,,218.0,M,,M,,*48
$GPRMC,094007.000,A,5404.6866,N,00159.9585,W,0.000,0.00,160912,,A*60
$GPGGA,094023.000,5404.6868,N,00159.9612,W,1,0,,219.0,M,,M,,*4C
$GPRMC,094023.000,A,5404.6868,N,00159.9612,W,0.000,0.00,160912,,A*65
$GPGGA,094039.000,5404.6843,N,00159.9668,W,1,0,,218.0,M,,M,,*42
$GPRMC,094039.000,A,5404.6843,N,00159.9668,W,0.000,0.00,160912,,A*6A
$GPGGA,094055.000,5404.6806,N,00159.9775,W,1,0,,218.0,M,,M,,*44
$GPRMC,094055.000,A,5404.6806,N,00159.9775,W,0.000,0.00,160912,,A*6C
$GPGGA,094110.000,5404.6781,N,00159.9848,W,1,0,,217.0,M,,M,,*4A
$GPRMC,094110.000,A,5404.6781,N,00159.9848,W,0.000,0.00,160912,,A*6D
$GPGGA,094125.000,5404.6779,N,00159.9869,W,1,0,,217.0,M,,M,,*48
$GPRMC,094125.000,A,5404.6779,N,00159.9869,W,0.000,0.00,160912,,A*6F
$GPGGA,094141.000,5404.6804,N,00159.9955,W,1,0,,217.0,M,,M,,*41
$GPRMC,094141.000,A,5404.6804,N,00159.9955,W,0.000,0.00,160912,,A*66
$GPGGA,094157.000,5404.6795,N,00159.9938,W,1,0,,217.0,M,,M,,*4A
$GPRMC,094157.000,A,5404.6795,N,00159.9938,W,0.000,0.00,160912,,A*6D
$GPGGA,094213.000,5404.6790,N,00159.9943,W,1,0,,217.0,M,,M,,*40
$GPRMC,094213.000,A,5404.6790,N,00159.9943,W,0.000,0.00,160912,,A*67
$GPGGA,094228.000,5404.6832,N,00159.9878,W,1,0,,217.0,M,,M,,*46
$GPRMC,094228.000,A,5404.6832,N,00159.9878,W,0.000,0.00,160912,,A*61
$GPGGA,094244.000,5404.6818,N,00159.9856,W,1,0,,217.0,M,,M,,*48
$GPRMC,094244.000,A,5404.6818,N,00159.9856,W,0.000,0.00,160912,,A*6F
$GPGGA,094311.000,5404.6825,N,00159.9854,W,1,0,,217.0,M,,M,,*45
$GPRMC,094311.000,A,5404.6825,N,00159.9854,W,0.000,0.00,160912,,A*62
$GPGGA,094326.000,5404.6815,N,00159.9848,W,1,0,,217.0,M,,M,,*4F
$GPRMC,094326.000,A,5404.6815,N,00159.9848,W,0.000,0.00,160912,,A*68
$GPGGA,094341.000,5404.6834,N,00159.9857,W,1,0,,217.0,M,,M,,*43
$GPRMC,094341.000,A,5404.6834,N,00159.9857,W,0.000,0.00,160912,,A*64
$GPGGA,094356.000,5404.6820,N,00159.9858,W,1,0,,217.0,M,,M,,*4F
$GPRMC,094356.000,A,5404.6820,N,00159.9858,W,0.000,0.00,160912,,A*68
$GPGGA,094412.000,5404.6809,N,00159.9838,W,1,0,,217.0,M,,M,,*45
$GPRMC,094412.000,A,5404.6809,N,00159.9838,W,0.000,0.00,160912,,A*62
$GPGGA,094427.000,5404.6829,N,00159.9857,W,1,0,,217.0,M,,M,,*48
$GPRMC,094427.000,A,5404.6829,N,00159.9857,W,0.000,0.00,160912,,A*6F
$GPGGA,094442.000,5404.6827,N,00159.9853,W,1,0,,217.0,M,,M,,*41
$GPRMC,094442.000,A,5404.6827,N,00159.9853,W,0.000,0.00,160912,,A*66
$GPGGA,094457.000,5404.6829,N,00159.9868,W,1,0,,217.0,M,,M,,*43
$GPRMC,094457.000,A,5404.6829,N,00159.9868,W,0.000,0.00,160912,,A*64
$GPGGA,094512.000,5404.6820,N,00159.9860,W,1,0,,217.0,M,,M,,*42
$GPRMC,094512.000,A,5404.6820,N,00159.9860,W,0.000,0.00,160912,,A*65
$GPGGA,094527.000,5404.6832,N,00159.9887,W,1,0,,217.0,M,,M,,*4E
$GPRMC,094527.000,A,5404.6832,N,00159.9887,W,0.000,0.00,160912,,A*69
$GPGGA,094542.000,5404.6836,N,00159.9875,W,1,0,,217.0,M,,M,,*44
$GPRMC,094542.000,A,5404.6836,N,00159.9875,W,0.000,0.00,160912,,A*63
$GPGGA,094558.000,5404.6832,N,00159.9876,W,1,0,,217.0,M,,M,,*48
$GPRMC,094558.000,A,5404.6832,N,00159.9876,W,0.000,0.00,160912,,A*6F
$GPGGA,094613.000,5404.6852,N,00159.9843,W,1,0,,217.0,M,,M,,*44
$GPRMC,094613.000,A,5404.6852,N,00159.9843,W,0.000,0.00,160912,,A*63
$GPGGA,094628.000,5404.6891,N,00159.9866,W,1,0,,217.0,M,,M,,*44
$GPRMC,094628.000,A,5404.6891,N,00159.9866,W,0.000,0.00,160912,,A*63
$GPGGA,094643.000,5404.6870,N,00159.9852,W,1,0,,217.0,M,,M,,*41
$GPRMC,094643.000,A,5404.6870,N,00159.9852,W,0.000,0.00,160912,,A*66
$GPGGA,094659.000,5404.6852,N,00159.9882,W,1,0,,217.0,M,,M,,*47
$GPRMC,094659.000,A,5404.6852,N,00159.9882,W,0.000,0.00,160912,,A*60
$GPGGA,094714.000,5404.6802,N,00159.9855,W,1,0,,217.0,M,,M,,*40
$GPRMC,094714.000,A,5404.6802,N,00159.9855,W,0.000,0.00,160912,,A*67
$GPGGA,094729.000,5404.6815,N,00159.9878,W,1,0,,217.0,M,,M,,*47
$GPRMC,094729.000,A,5404.6815,N,00159.9878,W,0.000,0.00,160912,,A*60
$GPGGA,094744.000,5404.6818,N,00159.9861,W,1,0,,217.0,M,,M,,*49
$GPRMC,094744.000,A,5404.6818,N,00159.9861,W,0.000,0.00,160912,,A*6E
$GPGGA,094800.000,5404.6841,N,00159.9815,W,1,0,,217.0,M,,M,,*49
$GPRMC,094800.000,A,5404.6841,N,00159.9815,W,0.000,0.00,160912,,A*6E
$GPGGA,094816.000,5404.6850,N,00159.9751,W,1,0,,217.0,M,,M,,*41
$GPRMC,094816.000,A,5404.6850,N,00159.9751,W,0.000,0.00,160912,,A*66
$GPGGA,094831.000,5404.6882,N,00159.9638,W,1,0,,217.0,M,,M,,*45
$GPRMC,094831.000,A,5404.6882,N,00159.9638,W,0.000,0.00,160912,,A*62
$GPGGA,094847.000,5404.6864,N,00159.9583,W,1,0,,217.0,M,,M,,*4F
$GPRMC,094847.000,A,5404.6864,N,00159.9583,W,0.000,0.00,160912,,A*68
$GPGGA,094902.000,5404.6825,N,00159.9476,W,1,0,,217.0,M,,M,,*41
$GPRMC,094902.000,A,5404.6825,N,00159.9476,W,0.000,0.00,160912,,A*66
$GPGGA,094917.000,5404.6783,N,00159.9349,W,1,0,,217.0,M,,M,,*4D
$GPRMC,094917.000,A,5404.6783,N,00159.9349,W,0.000,0.00,160912,,A*6A
$GPGGA,094932.000,5404.6758,N,00159.9218,W,1,0,,217.0,M,,M,,*49
$GPRMC,094932.000,A,5404.6758,N,00159.9218,W,0.000,0.00,160912,,A*6E
$GPGGA,094947.000,5404.6658,N,00159.8988,W,1,0,,217.0,M,,M,,*49
$GPRMC,094947.000,A,5404.6658,N,00159.8988,W,0.000,0.00,160912,,A*6E
$GPGGA,095003.000,5404.6626,N,00159.8883,W,1,0,,217.0,M,,M,,*42
$GPRMC,095003.000,A,5404.6626,N,00159.8883,W,0.000,0.00,160912,,A*65
$GPGGA,095018.000,5404.6577,N,00159.8649,W,1,0,,217.0,M,,M,,*47
$GPRMC,095018.000,A,5404.6577,N,00159.8649,W,0.000,0.00,160912,,A*60
$GPGGA,095034.000,5404.6564,N,00159.8618,W,1,0,,217.0,M,,M,,*4F
$GPRMC,095034.000,A,5404.6564,N,00159.8618,W,0.000,0.00,160912,,A*68
$GPGGA,095049.000,5404.6614,N,00159.8530,W,1,0,,217.0,M,,M,,*48
$GPRMC,095049.000,A,5404.6614,N,00159.8530,W,0.000,0.00,160912,,A*6F
$GPGGA,095104.000,5404.6607,N,00159.8424,W,1,0,,217.0,M,,M,,*46
$GPRMC,095104.000,A,5404.6607,N,00159.8424,W,0.000,0.00,160912,,A*61
$GPGGA,095120.000,5404.6607,N,00159.8407,W,1,0,,217.0,M,,M,,*41
$GPRMC,095120.000,A,5404.6607,N,00159.8407,W,0.000,0.00,160912,,A*66
$GPGGA,095135.000,5404.6674,N,00159.8334,W,1,0,,217.0,M,,M,,*46
$GPRMC,095135.000,A,5404.6674,N,00159.8334,W,0.000,0.00,160912,,A*61
$GPGGA,095204.000,5404.6909,N,00159.8179,W,1,0,,217.0,M,,M,,*49
$GPRMC,095204.000,A,5404.6909,N,00159.8179,W,0.000,0.00,160912,,A*6E
$GPGGA,095219.000,5404.6967,N,00159.8151,W,1,0,,217.0,M,,M,,*47
$GPRMC,095219.000,A,5404.6967,N,00159.8151,W,0.000,0.00,160912,,A*60
$GPGGA,095234.000,5404.7070,N,00159.8143,W,1,0,,217.0,M,,M,,*45
$GPRMC,095234.000,A,5404.7070,N,00159.8143,W,0.000,0.00,160912,,A*62
$GPGGA,095249.000,5404.7108,N,00159.8214,W,1,0,,218.0,M,,M,,*4F
$GPRMC,095249.000,A,5404.7108,N,00159.8214,W,0.000,0.00,160912,,A*67
$GPGGA,095304.000,5404.7230,N,00159.8206,W,1,0,,218.0,M,,M,,*4C
$GPRMC,095304.000,A,5404.7230,N,00159.8206,W,0.000,0.00,160912,,A*64
$GPGGA,095319.000,5404.7314,N,00159.8223,W,1,0,,218.0,M,,M,,*40
$GPRMC,095319.000,A,5404.7314,N,00159.8223,W,0.000,0.00,160912,,A*68
$GPGGA,095335.000,5404.7401,N,00159.8205,W,1,0,,218.0,M,,M,,*49
$GPRMC,095335.000,A,5404.7401,N,00159.8205,W,0.000,0.00,160912,,A*61
$GPGGA,095350.000,5404.7493,N,00159.8245,W,1,0,,218.0,M,,M,,*45
$GPRMC,095350.000,A,5404.7493,N,00159.8245,W,0.000,0.00,160912,,A*6D
$GPGGA,095406.000,5404.7621,N,00159.8264,W,1,0,,218.0,M,,M,,*49
$GPRMC,095406.000,A,5404.7621,N,00159.8264,W,0.000,0.00,160912,,A*61
$GPGGA,095422.000,5404.7786,N,00159.8310,W,1,0,,219.0,M,,M,,*40
$GPRMC,095422.000,A,5404.7786,N,00159.8310,W,0.000,0.00,160912,,A*69
$GPGGA,095437.000,5404.7855,N,00159.8331,W,1,0,,219.0,M,,M,,*46
$GPRMC,095437.000,A,5404.7855,N,00159.8331,W,0.000,0.00,160912,,A*6F
$GPGGA,095453.000,5404.8015,N,00159.8391,W,1,0,,219.0,M,,M,,*4D
$GPRMC,095453.000,A,5404.8015,N,00159.8391,W,0.000,0.00,160912,,A*64
$GPGGA,095520.000,5404.8104,N,00159.8498,W,1,0,,220.0,M,,M,,*4D
$GPRMC,095520.000,A,5404.8104,N,00159.8498,W,0.000,0.00,160912,,A*6E
$GPGGA,095535.000,5404.8209,N,00159.8486,W,1,0,,220.0,M,,M,,*48
$GPRMC,095535.000,A,5404.8209,N,00159.8486,W,0.000,0.00,160912,,A*6B
$GPGGA,095551.000,5404.8328,N,00159.8413,W,1,0,,220.0,M,,M,,*44
$GPRMC,095551.000,A,5404.8328,N,00159.8413,W,0.000,0.00,160912,,A*67
$GPGGA,095607.000,5404.8434,N,00159.8381,W,1,0,,220.0,M,,M,,*42
$GPRMC,095607.000,A,5404.8434,N,00159.8381,W,0.000,0.00,160912,,A*61
$GPGGA,095622.000,5404.8544,N,00159.8354,W,1,0,,221.0,M,,M,,*4A
$GPRMC,095622.000,A,5404.8544,N,00159.8354,W,0.000,0.00,160912,,A*68
$GPGGA,095637.000,5404.8626,N,00159.8320,W,1,0,,221.0,M,,M,,*4A
$GPRMC,095637.000,A,5404.8626,N,00159.8320,W,0.000,0.00,160912,,A*68
$GPGGA,095652.000,5404.8669,N,00159.8232,W,1,0,,221.0,M,,M,,*40
$GPRMC,095652.000,A,5404.8669,N,00159.8232,W,0.000,0.00,160912,,A*62
$GPGGA,095707.000,5404.8768,N,00159.8170,W,1,0,,221.0,M,,M,,*44
$GPRMC,095707.000,A,5404.8768,N,00159.8170,W,0.000,0.00,160912,,A*66
$GPGGA,095723.000,5404.8917,N,00159.8188,W,1,0,,222.0,M,,M,,*40
$GPRMC,095723.000,A,5404.8917,N,00159.8188,W,0.000,0.00,160912,,A*61
$GPGGA,095739.000,5404.9141,N,00159.8153,W,1,0,,222.0,M,,M,,*47
$GPRMC,095739.000,A,5404.9141,N,00159.8153,W,0.000,0.00,160912,,A*66
$GPGGA,095754.000,5404.9152,N,00159.8006,W,1,0,,222.0,M,,M,,*4F
$GPRMC,095754.000,A,5404.9152,N,00159.8006,W,0.000,0.00,160912,,A*6E
$GPGGA,095809.000,5404.9246,N,00159.8033,W,1,0,,222.0,M,,M,,*48
$GPRMC,095809.000,A,5404.9246,N,00159.8033,W,0.000,0.00,160912,,A*69
$GPGGA,095824.000,5404.9352,N,00159.8081,W,1,0,,222.0,M,,M,,*4A
$GPRMC,095824.000,A,5404.9352,N,00159.8081,W,0.000,0.00,160912,,A*6B
$GPGGA,095839.000,5404.9374,N,00159.8049,W,1,0,,223.0,M,,M,,*47
$GPRMC,095839.000,A,5404.9374,N,00159.8049,W,0.000,0.00,160912,,A*67
$GPGGA,095854.000,5404.9413,N,00159.7996,W,1,0,,223.0,M,,M,,*4E
$GPRMC,095854.000,A,5404.9413,N,00159.7996,W,0.000,0.00,160912,,A*6E
$GPGGA,095909.000,5404.9459,N,00159.7973,W,1,0,,223.0,M,,M,,*42
$GPRMC,095909.000,A,5404.9459,N,00159.7973,W,0.000,0.00,160912,,A*62
$GPGGA,095924.000,5404.9461,N,00159.8047,W,1,0,,224.0,M,,M,,*40
$GPRMC,095924.000,A,5404.9461,N,00159.8047,W,0.000,0.00,160912,,A*67
$GPGGA,095939.000,5404.9409,N,00159.8081,W,1,0,,224.0,M,,M,,*48
$GPRMC,095939.000,A,5404.9409,N,00159.8081,W,0.000,0.00,160912,,A*6F
$GPGGA,095959.000,5404.9532,N,00159.8047,W,1,0,,224.0,M,,M,,*4D
$GPRMC,095959.000,A,5404.9532,N,00159.8047,W,0.000,0.00,160912,,A*6A
$GPGGA,100014.000,5404.9695,N,00159.7895,W,1,0,,224.0,M,,M,,*46
$GPRMC,100014.000,A,5404.9695,N,00159.7895,W,0.000,0.00,160912,,A*61
$GPGGA,100031.000,5404.9763,N,00159.7950,W,1,0,,225.0,M,,M,,*40
$GPRMC,100031.000,A,5404.9763,N,00159.7950,W,0.000,0.00,160912,,A*66
$GPGGA,100046.000,5404.9885,N,00159.7947,W,1,0,,225.0,M,,M,,*41
$GPRMC,100046.000,A,5404.9885,N,00159.7947,W,0.000,0.00,160912,,A*67
$GPGGA,100102.000,5404.9981,N,00159.8120,W,1,0,,226.0,M,,M,,*40
$GPRMC,100102.000,A,5404.9981,N,00159.8120,W,0.000,0.00,160912,,A*65
$GPGGA,100117.000,5405.0098,N,00159.8158,W,1,0,,226.0,M,,M,,*42
$GPRMC,100117.000,A,5405.0098,N,00159.8158,W,0.000,0.00,160912,,A*67
$GPGGA,100133.000,5405.0272,N,00159.8112,W,1,0,,226.0,M,,M,,*4C
$GPRMC,100133.000,A,5405.0272,N,00159.8112,W,0.000,0.00,160912,,A*69
$GPGGA,100149.000,5405.0388,N,00159.8054,W,1,0,,226.0,M,,M,,*46
$GPRMC,100149.000,A,5405.0388,N,00159.8054,W,0.000,0.00,160912,,A*63
$GPGGA,100204.000,5405.0370,N,00159.8223,W,1,0,,227.0,M,,M,,*48
$GPRMC,100204.000,A,5405.0370,N,00159.8223,W,0.000,0.00,160912,,A*6C
$GPGGA,100219.000,5405.0288,N,00159.8264,W,1,0,,227.0,M,,M,,*41
$GPRMC,100219.000,A,5405.0288,N,00159.8264,W,0.000,0.00,160912,,A*65
$GPGGA,100235.000,5405.0466,N,00159.8278,W,1,0,,227.0,M,,M,,*44
$GPRMC,100235.000,A,5405.0466,N,00159.8278,W,0.000,0.00,160912,,A*60
$GPGGA,100250.000,5405.0539,N,00159.8251,W,1,0,,228.0,M,,M,,*48
$GPRMC,100250.000,A,5405.0539,N,00159.8251,W,0.000,0.00,160912,,A*63
$GPGGA,100306.000,5405.0629,N,00159.8020,W,1,0,,228.0,M,,M,,*4C
$GPRMC,100306.000,A,5405.0629,N,00159.8020,W,0.000,0.00,160912,,A*67
$GPGGA,100321.000,5405.0723,N,00159.8005,W,1,0,,228.0,M,,M,,*45
$GPRMC,100321.000,A,5405.0723,N,00159.8005,W,0.000,0.00,160912,,A*6E
$GPGGA,100336.000,5405.0807,N,00159.7935,W,1,0,,229.0,M,,M,,*4E
$GPRMC,100336.000,A,5405.0807,N,00159.7935,W,0.000,0.00,160912,,A*64
$GPGGA,100403.000,5405.0892,N,00159.7880,W,1,0,,229.0,M,,M,,*4C
$GPRMC,100403.000,A,5405.0892,N,00159.7880,W,0.000,0.00,160912,,A*66
$GPGGA,100420.000,5405.0990,N,00159.7721,W,1,0,,229.0,M,,M,,*4A
$GPRMC,100420.000,A,5405.0990,N,00159.7721,W,0.000,0.00,160912,,A*60
$GPGGA,100435.000,5405.0979,N,00159.7701,W,1,0,,229.0,M,,M,,*4B
$GPRMC,100435.000,A,5405.0979,N,00159.7701,W,0.000,0.00,160912,,A*61
$GPGGA,100450.000,5405.1068,N,00159.7734,W,1,0,,230.0,M,,M,,*4E
$GPRMC,100450.000,A,5405.1068,N,00159.7734,W,0.000,0.00,160912,,A*6C
$GPGGA,100505.000,5405.1100,N,00159.7726,W,1,0,,230.0,M,,M,,*43
$GPRMC,100505.000,A,5405.1100,N,00159.7726,W,0.000,0.00,160912,,A*61
$GPGGA,100520.000,5405.1155,N,00159.7827,W,1,0,,230.0,M,,M,,*4A
$GPRMC,100520.000,A,5405.1155,N,00159.7827,W,0.000,0.00,160912,,A*68
$GPGGA,100536.000,5405.1102,N,00159.7972,W,1,0,,230.0,M,,M,,*4E
$GPRMC,100536.000,A,5405.1102,N,00159.7972,W,0.000,0.00,160912,,A*6C
$GPGGA,100551.000,5405.1208,N,00159.8017,W,1,0,,230.0,M,,M,,*43
$GPRMC,100551.000,A,5405.1208,N,00159.8017,W,0.000,0.00,160912,,A*61
$GPGGA,100606.000,5405.1208,N,00159.8015,W,1,0,,230.0,M,,M,,*40
$GPRMC,100606.000,A,5405.1208,N,00159.8015,W,0.000,0.00,160912,,A*62
$GPGGA,100622.000,5405.1205,N,00159.8027,W,1,0,,230.0,M,,M,,*4A
$GPRMC,100622.000,A,5405.1205,N,00159.8027,W,0.000,0.00,160912,,A*68
$GPGGA,100637.000,5405.1201,N,00159.8036,W,1,0,,230.0,M,,M,,*4A
$GPRMC,100637.000,A,5405.1201,N,00159.8036,W,0.000,0.00,160912,,A*68
$GPGGA,100652.000,5405.1338,N,00159.7963,W,1,0,,230.0,M,,M,,*44
$GPRMC,100652.000,A,5405.1338,N,00159.7963,W,0.000,0.00,160912,,A*66
$GPGGA,100707.000,5405.1382,N,00159.7877,W,1,0,,231.0,M,,M,,*41
$GPRMC,100707.000,A,5405.1382,N,00159.7877,W,0.000,0.00,160912,,A*62
$GPGGA,100722.000,5405.1430,N,00159.7769,W,1,0,,232.0,M,,M,,*4B
$GPRMC,100722.000,A,5405.1430,N,00159.7769,W,0.000,0.00,160912,,A*6B
$GPGGA,100738.000,5405.1469,N,00159.7657,W,1,0,,232.0,M,,M,,*40
$GPRMC,100738.000,A,5405.1469,N,00159.7657,W,0.000,0.00,160912,,A*60
$GPGGA,100754.000,5405.1613,N,00159.7566,W,1,0,,233.0,M,,M,,*45
$GPRMC,100754.000,A,5405.1613,N,00159.7566,W,0.000,0.00,160912,,A*64
$GPGGA,100809.000,5405.1725,N,00159.7494,W,1,0,,234.0,M,,M,,*4D
$GPRMC,100809.000,A,5405.1725,N,00159.7494,W,0.000,0.00,160912,,A*6B
$GPGGA,100824.000,5405.1920,N,00159.7313,W,1,0,,234.0,M,,M,,*41
$GPRMC,100824.000,A,5405.1920,N,00159.7313,W,0.000,0.00,160912,,A*67
$GPGGA,100839.000,5405.1812,N,00159.7514,W,1,0,,234.0,M,,M,,*4C
$GPRMC,100839.000,A,5405.1812,N,00159.7514,W,0.000,0.00,160912,,A*6A
$GPGGA,100854.000,5405.1888,N,00159.7468,W,1,0,,235.0,M,,M,,*4F
$GPRMC,100854.000,A,5405.1888,N,00159.7468,W,0.000,0.00,160912,,A*68
$GPGGA,100909.000,5405.2068,N,00159.7410,W,1,0,,235.0,M,,M,,*4C
$GPRMC,100909.000,A,5405.2068,N,00159.7410,W,0.000,0.00,160912,,A*6B
$GPGGA,100924.000,5405.2222,N,00159.7406,W,1,0,,236.0,M,,M,,*4B
$GPRMC,100924.000,A,5405.2222,N,00159.7406,W,0.000,0.00,160912,,A*6F
$GPGGA,100940.000,5405.2293,N,00159.7232,W,1,0,,237.0,M,,M,,*43
$GPRMC,100940.000,A,5405.2293,N,00159.7232,W,0.000,0.00,160912,,A*66
$GPGGA,100956.000,5405.2412,N,00159.7218,W,1,0,,237.0,M,,M,,*43
$GPRMC,100956.000,A,5405.2412,N,00159.7218,W,0.000,0.00,160912,,A*66
$GPGGA,101013.000,5405.2400,N,00159.7404,W,1,0,,237.0,M,,M,,*42
$GPRMC,101013.000,A,5405.2400,N,00159.7404,W,0.000,0.00,160912,,A*67
$GPGGA,101029.000,5405.2464,N,00159.7376,W,1,0,,237.0,M,,M,,*4B
$GPRMC,101029.000,A,5405.2464,N,00159.7376,W,0.000,0.00,160912,,A*6E
$GPGGA,101044.000,5405.2407,N,00159.7010,W,1,0,,238.0,M,,M,,*49
$GPRMC,101044.000,A,5405.2407,N,00159.7010,W,0.000,0.00,160912,,A*63
$GPGGA,101059.000,5405.2425,N,00159.6995,W,1,0,,238.0,M,,M,,*40
$GPRMC,101059.000,A,5405.2425,N,00159.6995,W,0.000,0.00,160912,,A*6A
$GPGGA,101114.000,5405.2517,N,00159.6955,W,1,0,,238.0,M,,M,,*44
$GPRMC,101114.000,A,5405.2517,N,00159.6955,W,0.000,0.00,160912,,A*6E
$GPGGA,101130.000,5405.2597,N,00159.6975,W,1,0,,239.0,M,,M,,*49
$GPRMC,101130.000,A,5405.2597,N,00159.6975,W,0.000,0.00,160912,,A*62
$GPGGA,101145.000,5405.2673,N,00159.6938,W,1,0,,239.0,M,,M,,*4B
$GPRMC,101145.000,A,5405.2673,N,00159.6938,W,0.000,0.00,160912,,A*60
$GPGGA,101201.000,5405.2782,N,00159.6993,W,1,0,,240.0,M,,M,,*48
$GPRMC,101201.000,A,5405.2782,N,00159.6993,W,0.000,0.00,160912,,A*6D
$GPGGA,101216.000,5405.2847,N,00159.6981,W,1,0,,240.0,M,,M,,*4B
$GPRMC,101216.000,A,5405.2847,N,00159.6981,W,0.000,0.00,160912,,A*6E
$GPGGA,101231.000,5405.2943,N,00159.6946,W,1,0,,241.0,M,,M,,*41
$GPRMC,101231.000,A,5405.2943,N,00159.6946,W,0.000,0.00,160912,,A*65
$GPGGA,101246.000,5405.3025,N,00159.6987,W,1,0,,241.0,M,,M,,*44
$GPRMC,101246.000,A,5405.3025,N,00159.6987,W,0.000,0.00,160912,,A*60
$GPGGA,101302.000,5405.3142,N,00159.6942,W,1,0,,242.0,M,,M,,*4F
$GPRMC,101302.000,A,5405.3142,N,00159.6942,W,0.000,0.00,160912,,A*68
$GPGGA,101317.000,5405.3220,N,00159.6889,W,1,0,,242.0,M,,M,,*4A
$GPRMC,101317.000,A,5405.3220,N,00159.6889,W,0.000,0.00,160912,,A*6D
$GPGGA,101332.000,5405.3288,N,00159.6870,W,1,0,,243.0,M,,M,,*48
$GPRMC,101332.000,A,5405.3288,N,00159.6870,W,0.000,0.00,160912,,A*6E
$GPGGA,101347.000,5405.3412,N,00159.6817,W,1,0,,243.0,M,,M,,*4E
$GPRMC,101347.000,A,5405.3412,N,00159.6817,W,0.000,0.00,160912,,A*68
$GPGGA,101403.000,5405.3510,N,00159.6838,W,1,0,,243.0,M,,M,,*47
$GPRMC,101403.000,A,5405.3510,N,00159.6838,W,0.000,0.00,160912,,A*61
$GPGGA,101418.000,5405.3595,N,00159.6788,W,1,0,,243.0,M,,M,,*44
$GPRMC,101418.000,A,5405.3595,N,00159.6788,W,0.000,0.00,160912,,A*62
$GPGGA,101433.000,5405.3680,N,00159.6677,W,1,0,,244.0,M,,M,,*4C
$GPRMC,101433.000,A,5405.3680,N,00159.6677,W,0.000,0.00,160912,,A*6D
$GPGGA,101449.000,5405.3760,N,00159.6690,W,1,0,,244.0,M,,M,,*47
$GPRMC,101449.000,A,5405.3760,N,00159.6690,W,0.000,0.00,160912,,A*66
$GPGGA,101504.000,5405.3993,N,00159.6781,W,1,0,,245.0,M,,M,,*4D
$GPRMC,101504.000,A,5405.3993,N,00159.6781,W,0.000,0.00,160912,,A*6D
$GPGGA,101520.000,5405.4046,N,00159.6666,W,1,0,,245.0,M,,M,,*45
$GPRMC,101520.000,A,5405.4046,N,00159.6666,W,0.000,0.00,160912,,A*65
$GPGGA,101538.000,5405.4403,N,00159.6473,W,1,0,,246.0,M,,M,,*4C
$GPRMC,101538.000,A,5405.4403,N,00159.6473,W,0.000,0.00,160912,,A*6F
$GPGGA,101553.000,5405.4153,N,00159.6654,W,1,0,,246.0,M,,M,,*46
$GPRMC,101553.000,A,5405.4153,N,00159.6654,W,0.000,0.00,160912,,A*65
$GPGGA,101608.000,5405.4181,N,00159.6678,W,1,0,,247.0,M,,M,,*4B
$GPRMC,101608.000,A,5405.4181,N,00159.6678,W,0.000,0.00,160912,,A*69
$GPGGA,101633.000,5405.4261,N,00159.6752,W,1,0,,247.0,M,,M,,*47
$GPRMC,101633.000,A,5405.4261,N,00159.6752,W,0.000,0.00,160912,,A*65
$GPGGA,101648.000,5405.4305,N,00159.6767,W,1,0,,247.0,M,,M,,*4E
$GPRMC,101648.000,A,5405.4305,N,00159.6767,W,0.000,0.00,160912,,A*6C
$GPGGA,101703.000,5405.4359,N,00159.6791,W,1,0,,247.0,M,,M,,*40
$GPRMC,101703.000,A,5405.4359,N,00159.6791,W,0.000,0.00,160912,,A*62
$GPGGA,101719.000,5405.4339,N,00159.6682,W,1,0,,247.0,M,,M,,*4E
$GPRMC,101719.000,A,5405.4339,N,00159.6682,W,0.000,0.00,160912,,A*6C
$GPGGA,101737.000,5405.4366,N,00159.6505,W,1,0,,248.0,M,,M,,*4B
$GPRMC,101737.000,A,5405.4366,N,00159.6505,W,0.000,0.00,160912,,A*66
$GPGGA,101752.000,5405.4398,N,00159.6430,W,1,0,,248.0,M,,M,,*4E
$GPRMC,101752.000,A,5405.4398,N,00159.6430,W,0.000,0.00,160912,,A*63
$GPGGA,101807.000,5405.4426,N,00159.6401,W,1,0,,249.0,M,,M,,*40
$GPRMC,101807.000,A,5405.4426,N,00159.6401,W,0.000,0.00,160912,,A*6C
$GPGGA,101822.000,5405.4401,N,00159.6303,W,1,0,,249.0,M,,M,,*47
$GPRMC,101822.000,A,5405.4401,N,00159.6303,W,0.000,0.00,160912,,A*6B
$GPGGA,101838.000,5405.4243,N,00159.6138,W,1,0,,249.0,M,,M,,*46
$GPRMC,101838.000,A,5405.4243,N,00159.6138,W,0.000,0.00,160912,,A*6A
$GPGGA,101853.000,5405.4385,N,00159.6232,W,1,0,,249.0,M,,M,,*49
$GPRMC,101853.000,A,5405.4385,N,00159.6232,W,0.000,0.00,160912,,A*65
$GPGGA,101908.000,5405.4357,N,00159.6230,W,1,0,,249.0,M,,M,,*4B
$GPRMC,101908.000,A,5405.4357,N,00159.6230,W,0.000,0.00,160912,,A*67
$GPGGA,101923.000,5405.4513,N,00159.6286,W,1,0,,249.0,M,,M,,*49
$GPRMC,101923.000,A,5405.4513,N,00159.6286,W,0.000,0.00,160912,,A*65
$GPGGA,101939.000,5405.4595,N,00159.6305,W,1,0,,249.0,M,,M,,*46
$GPRMC,101939.000,A,5405.4595,N,00159.6305,W,0.000,0.00,160912,,A*6A
$GPGGA,101954.000,5405.4719,N,00159.6300,W,1,0,,250.0,M,,M,,*46
$GPRMC,101954.000,A,5405.4719,N,00159.6300,W,0.000,0.00,160912,,A*62
$GPGGA,102009.000,5405.4755,N,00159.6246,W,1,0,,249.0,M,,M,,*47
$GPRMC,102009.000,A,5405.4755,N,00159.6246,W,0.000,0.00,160912,,A*6B
$GPGGA,102025.000,5405.4646,N,00159.6315,W,1,0,,248.0,M,,M,,*4C
$GPRMC,102025.000,A,5405.4646,N,00159.6315,W,0.000,0.00,160912,,A*61
$GPGGA,102041.000,5405.4710,N,00159.6339,W,1,0,,249.0,M,,M,,*43
$GPRMC,102041.000,A,5405.4710,N,00159.6339,W,0.000,0.00,160912,,A*6F
$GPGGA,102056.000,5405.4872,N,00159.6419,W,1,0,,249.0,M,,M,,*4B
$GPRMC,102056.000,A,5405.4872,N,00159.6419,W,0.000,0.00,160912,,A*67
$GPGGA,102111.000,5405.4952,N,00159.6508,W,1,0,,249.0,M,,M,,*4B
$GPRMC,102111.000,A,5405.4952,N,00159.6508,W,0.000,0.00,160912,,A*67
$GPGGA,102127.000,5405.5012,N,00159.6557,W,1,0,,249.0,M,,M,,*48
$GPRMC,102127.000,A,5405.5012,N,00159.6557,W,0.000,0.00,160912,,A*64
$GPGGA,102142.000,5405.5254,N,00159.6802,W,1,0,,250.0,M,,M,,*4E
$GPRMC,102142.000,A,5405.5254,N,00159.6802,W,0.000,0.00,160912,,A*6A
$GPGGA,102157.000,5405.5174,N,00159.6790,W,1,0,,250.0,M,,M,,*4F
$GPRMC,102157.000,A,5405.5174,N,00159.6790,W,0.000,0.00,160912,,A*6B
$GPGGA,102217.000,5405.5350,N,00159.6880,W,1,0,,250.0,M,,M,,*42
$GPRMC,102217.000,A,5405.5350,N,00159.6880,W,0.000,0.00,160912,,A*66
$GPGGA,102232.000,5405.5350,N,00159.6888,W,1,0,,250.0,M,,M,,*4D
$GPRMC,102232.000,A,5405.5350,N,00159.6888,W,0.000,0.00,160912,,A*69
$GPGGA,102247.000,5405.5280,N,00159.6847,W,1,0,,250.0,M,,M,,*40
$GPRMC,102247.000,A,5405.5280,N,00159.6847,W,0.000,0.00,160912,,A*64
$GPGGA,102302.000,5405.5241,N,00159.6740,W,1,0,,251.0,M,,M,,*44
$GPRMC,102302.000,A,5405.5241,N,00159.6740,W,0.000,0.00,160912,,A*61
$GPGGA,102317.000,5405.5206,N,00159.6735,W,1,0,,250.0,M,,M,,*40
$GPRMC,102317.000,A,5405.5206,N,00159.6735,W,0.000,0.00,160912,,A*64
$GPGGA,102332.000,5405.5181,N,00159.6830,W,1,0,,251.0,M,,M,,*40
$GPRMC,102332.000,A,5405.5181,N,00159.6830,W,0.000,0.00,160912,,A*65
$GPGGA,102347.000,5405.5117,N,00159.6602,W,1,0,,251.0,M,,M,,*42
$GPRMC,102347.000,A,5405.5117,N,00159.6602,W,0.000,0.00,160912,,A*67
$GPGGA,102402.000,5405.5069,N,00159.6431,W,1,0,,251.0,M,,M,,*4E
$GPRMC,102402.000,A,5405.5069,N,00159.6431,W,0.000,0.00,160912,,A*6B
$GPGGA,102417.000,5405.5083,N,00159.6346,W,1,0,,251.0,M,,M,,*49
$GPRMC,102417.000,A,5405.5083,N,00159.6346,W,0.000,0.00,160912,,A*6C
$GPGGA,102435.000,5405.5090,N,00159.6108,W,1,0,,251.0,M,,M,,*43
$GPRMC,102435.000,A,5405.5090,N,00159.6108,W,0.000,0.00,160912,,A*66
$GPGGA,102450.000,5405.5090,N,00159.6026,W,1,0,,251.0,M,,M,,*4D
$GPRMC,102450.000,A,5405.5090,N,00159.6026,W,0.000,0.00,160912,,A*68
$GPGGA,102505.000,5405.5106,N,00159.5982,W,1,0,,251.0,M,,M,,*46
$GPRMC,102505.000,A,5405.5106,N,00159.5982,W,0.000,0.00,160912,,A*63
$GPGGA,102520.000,5405.5213,N,00159.5908,W,1,0,,252.0,M,,M,,*47
$GPRMC,102520.000,A,5405.5213,N,00159.5908,W,0.000,0.00,160912,,A*61
$GPGGA,102535.000,5405.5231,N,00159.5683,W,1,0,,251.0,M,,M,,*4C
$GPRMC,102535.000,A,5405.5231,N,00159.5683,W,0.000,0.00,160912,,A*69
$GPGGA,102551.000,5405.5371,N,00159.5640,W,1,0,,251.0,M,,M,,*44
$GPRMC,102551.000,A,5405.5371,N,00159.5640,W,0.000,0.00,160912,,A*61
$GPGGA,102606.000,5405.5392,N,00159.5542,W,1,0,,252.0,M,,M,,*4A
$GPRMC,102606.000,A,5405.5392,N,00159.5542,W,0.000,0.00,160912,,A*6C
$GPGGA,102622.000,5405.5458,N,00159.5415,W,1,0,,252.0,M,,M,,*4E
$GPRMC,102622.000,A,5405.5458,N,00159.5415,W,0.000,0.00,160912,,A*68
$GPGGA,102637.000,5405.5481,N,00159.5296,W,1,0,,252.0,M,,M,,*43
$GPRMC,102637.000,A,5405.5481,N,00159.5296,W,0.000,0.00,160912,,A*65
$GPGGA,102653.000,5405.5598,N,00159.5119,W,1,0,,253.0,M,,M,,*4D
$GPRMC,102653.000,A,5405.5598,N,00159.5119,W,0.000,0.00,160912,,A*6A
$GPGGA,102709.000,5405.5710,N,00159.4905,W,1,0,,253.0,M,,M,,*45
$GPRMC,102709.000,A,5405.5710,N,00159.4905,W,0.000,0.00,160912,,A*62
$GPGGA,102724.000,5405.5714,N,00159.4774,W,1,0,,253.0,M,,M,,*46
$GPRMC,102724.000,A,5405.5714,N,00159.4774,W,0.000,0.00,160912,,A*61
$GPGGA,102739.000,5405.5659,N,00159.4580,W,1,0,,253.0,M,,M,,*4B
$GPRMC,102739.000,A,5405.5659,N,00159.4580,W,0.000,0.00,160912,,A*6C
$GPGGA,102754.000,5405.5637,N,00159.4528,W,1,0,,253.0,M,,M,,*4A
$GPRMC,102754.000,A,5405.5637,N,00159.4528,W,0.000,0.00,160912,,A*6D
$GPGGA,102809.000,5405.5659,N,00159.4470,W,1,0,,253.0,M,,M,,*49
$GPRMC,102809.000,A,5405.5659,N,00159.4470,W,0.000,0.00,160912,,A*6E
$GPGGA,102824.000,5405.5680,N,00159.4386,W,1,0,,254.0,M,,M,,*4B
$GPRMC,102824.000,A,5405.5680,N,00159.4386,W,0.000,0.00,160912,,A*6B
$GPGGA,102839.000,5405.5740,N,00159.4330,W,1,0,,254.0,M,,M,,*47
$GPRMC,102839.000,A,5405.5740,N,00159.4330,W,0.000,0.00,160912,,A*67
$GPGGA,102855.000,5405.5609,N,00159.4008,W,1,0,,254.0,M,,M,,*49
$GPRMC,102855.000,A,5405.5609,N,00159.4008,W,0.000,0.00,160912,,A*69
$GPGGA,102911.000,5405.5595,N,00159.4014,W,1,0,,254.0,M,,M,,*43
$GPRMC,102911.000,A,5405.5595,N,00159.4014,W,0.000,0.00,160912,,A*63
$GPGGA,102926.000,5405.5595,N,00159.3972,W,1,0,,254.0,M,,M,,*49
$GPRMC,102926.000,A,5405.5595,N,00159.3972,W,0.000,0.00,160912,,A*69
$GPGGA,102941.000,5405.5611,N,00159.3962,W,1,0,,254.0,M,,M,,*46
$GPRMC,102941.000,A,5405.5611,N,00159.3962,W,0.000,0.00,160912,,A*66
$GPGGA,102957.000,5405.5609,N,00159.3907,W,1,0,,254.0,M,,M,,*4B
$GPRMC,102957.000,A,5405.5609,N,00159.3907,W,0.000,0.00,160912,,A*6B
$GPGGA,103012.000,5405.5621,N,00159.3870,W,1,0,,254.0,M,,M,,*49
$GPRMC,103012.000,A,5405.5621,N,00159.3870,W,0.000,0.00,160912,,A*69
$GPGGA,103027.000,5405.5609,N,00159.3818,W,1,0,,255.0,M,,M,,*4A
$GPRMC,103027.000,A,5405.5609,N,00159.3818,W,0.000,0.00,160912,,A*6B
$GPGGA,103042.000,5405.5680,N,00159.3739,W,1,0,,255.0,M,,M,,*44
$GPRMC,103042.000,A,5405.5680,N,00159.3739,W,0.000,0.00,160912,,A*65
$GPGGA,103058.000,5405.5735,N,00159.3577,W,1,0,,255.0,M,,M,,*48
$GPRMC,103058.000,A,5405.5735,N,00159.3577,W,0.000,0.00,160912,,A*69
$GPGGA,103114.000,5405.5877,N,00159.3503,W,1,0,,255.0,M,,M,,*4B
$GPRMC,103114.000,A,5405.5877,N,00159.3503,W,0.000,0.00,160912,,A*6A
$GPGGA,103129.000,5405.5991,N,00159.3574,W,1,0,,255.0,M,,M,,*4C
$GPRMC,103129.000,A,5405.5991,N,00159.3574,W,0.000,0.00,160912,,A*6D
$GPGGA,103144.000,5405.6001,N,00159.3602,W,1,0,,255.0,M,,M,,*46
$GPRMC,103144.000,A,5405.6001,N,00159.3602,W,0.000,0.00,160912,,A*67
$GPGGA,103201.000,5405.6078,N,00159.3634,W,1,0,,255.0,M,,M,,*4F
$GPRMC,103201.000,A,5405.6078,N,00159.3634,W,0.000,0.00,160912,,A*6E
$GPGGA,103216.000,5405.6163,N,00159.3691,W,1,0,,256.0,M,,M,,*4E
$GPRMC,103216.000,A,5405.6163,N,00159.3691,W,0.000,0.00,160912,,A*6C
$GPGGA,103231.000,5405.6392,N,00159.3588,W,1,0,,256.0,M,,M,,*4C
$GPRMC,103231.000,A,5405.6392,N,00159.3588,W,0.000,0.00,160912,,A*6E
$GPGGA,103246.000,5405.6408,N,00159.3549,W,1,0,,257.0,M,,M,,*44
$GPRMC,103246.000,A,5405.6408,N,00159.3549,W,0.000,0.00,160912,,A*67
$GPGGA,103301.000,5405.6392,N,00159.3463,W,1,0,,257.0,M,,M,,*4B
$GPRMC,103301.000,A,5405.6392,N,00159.3463,W,0.000,0.00,160912,,A*68
$GPGGA,103316.000,5405.6346,N,00159.3220,W,1,0,,257.0,M,,M,,*45
$GPRMC,103316.000,A,5405.6346,N,00159.3220,W,0.000,0.00,160912,,A*66
$GPGGA,103331.000,5405.6323,N,00159.3054,W,1,0,,257.0,M,,M,,*42
$GPRMC,103331.000,A,5405.6323,N,00159.3054,W,0.000,0.00,160912,,A*61
$GPGGA,103346.000,5405.6346,N,00159.2979,W,1,0,,257.0,M,,M,,*46
$GPRMC,103346.000,A,5405.6346,N,00159.2979,W,0.000,0.00,160912,,A*65
$GPGGA,103401.000,5405.6321,N,00159.2842,W,1,0,,257.0,M,,M,,*4A
$GPRMC,103401.000,A,5405.6321,N,00159.2842,W,0.000,0.00,160912,,A*69
$GPGGA,103417.000,5405.6486,N,00159.2852,W,1,0,,258.0,M,,M,,*49
$GPRMC,103417.000,A,5405.6486,N,00159.2852,W,0.000,0.00,160912,,A*65
$GPGGA,103433.000,5405.6989,N,00159.3339,W,1,0,,286.0,M,,M,,*49
$GPRMC,103433.000,A,5405.6989,N,00159.3339,W,0.000,0.00,160912,,A*66
$GPGGA,103448.000,5405.6964,N,00159.3212,W,1,0,,261.0,M,,M,,*47
$GPRMC,103448.000,A,5405.6964,N,00159.3212,W,0.000,0.00,160912,,A*61
$GPGGA,103503.000,5405.7008,N,00159.2965,W,1,0,,257.0,M,,M,,*44
$GPRMC,103503.000,A,5405.7008,N,00159.2965,W,0.000,0.00,160912,,A*67
$GPGGA,103521.000,5405.6998,N,00159.2761,W,1,0,,256.0,M,,M,,*4E
$GPRMC,103521.000,A,5405.6998,N,00159.2761,W,0.000,0.00,160912,,A*6C
$GPGGA,103536.000,5405.6955,N,00159.2563,W,1,0,,256.0,M,,M,,*49
$GPRMC,103536.000,A,5405.6955,N,00159.2563,W,0.000,0.00,160912,,A*6B
$GPGGA,103551.000,5405.6962,N,00159.2380,W,1,0,,256.0,M,,M,,*47
$GPRMC,103551.000,A,5405.6962,N,00159.2380,W,0.000,0.00,160912,,A*65
$GPGGA,103607.000,5405.6907,N,00159.2182,W,1,0,,256.0,M,,M,,*44
$GPRMC,103607.000,A,5405.6907,N,00159.2182,W,0.000,0.00,160912,,A*66
$GPGGA,103623.000,5405.6957,N,00159.2179,W,1,0,,256.0,M,,M,,*43
$GPRMC,103623.000,A,5405.6957,N,00159.2179,W,0.000,0.00,160912,,A*61
$GPGGA,103638.000,5405.6932,N,00159.2144,W,1,0,,256.0,M,,M,,*44
$GPRMC,103638.000,A,5405.6932,N,00159.2144,W,0.000,0.00,160912,,A*66
$GPGGA,103653.000,5405.6989,N,00159.2147,W,1,0,,256.0,M,,M,,*4A
$GPRMC,103653.000,A,5405.6989,N,00159.2147,W,0.000,0.00,160912,,A*68
$GPGGA,103708.000,5405.7003,N,00159.2098,W,1,0,,256.0,M,,M,,*4C
$GPRMC,103708.000,A,5405.7003,N,00159.2098,W,0.000,0.00,160912,,A*6E
$GPGGA,103724.000,5405.6944,N,00159.1969,W,1,0,,257.0,M,,M,,*4C
$GPRMC,103724.000,A,5405.6944,N,00159.1969,W,0.000,0.00,160912,,A*6F
$GPGGA,103739.000,5405.6969,N,00159.1935,W,1,0,,256.0,M,,M,,*47
$GPRMC,103739.000,A,5405.6969,N,00159.1935,W,0.000,0.00,160912,,A*65
$GPGGA,103755.000,5405.7076,N,00159.1926,W,1,0,,256.0,M,,M,,*49
$GPRMC,103755.000,A,5405.7076,N,00159.1926,W,0.000,0.00,160912,,A*6B
$GPGGA,103810.000,5405.7166,N,00159.1978,W,1,0,,256.0,M,,M,,*4C
$GPRMC,103810.000,A,5405.7166,N,00159.1978,W,0.000,0.00,160912,,A*6E
$GPGGA,103825.000,5405.7266,N,00159.2055,W,1,0,,256.0,M,,M,,*4C
$GPRMC,103825.000,A,5405.7266,N,00159.2055,W,0.000,0.00,160912,,A*6E
$GPGGA,103842.000,5405.7319,N,00159.2100,W,1,0,,256.0,M,,M,,*45
$GPRMC,103842.000,A,5405.7319,N,00159.2100,W,0.000,0.00,160912,,A*67
$GPGGA,103858.000,5405.7404,N,00159.2227,W,1,0,,256.0,M,,M,,*43
$GPRMC,103858.000,A,5405.7404,N,00159.2227,W,0.000,0.00,160912,,A*61
$GPGGA,103913.000,5405.7513,N,00159.2349,W,1,0,,256.0,M,,M,,*43
$GPRMC,103913.000,A,5405.7513,N,00159.2349,W,0.000,0.00,160912,,A*61
$GPGGA,103928.000,5405.7578,N,00159.2445,W,1,0,,256.0,M,,M,,*4D
$GPRMC,103928.000,A,5405.7578,N,00159.2445,W,0.000,0.00,160912,,A*6F
$GPGGA,103943.000,5405.7674,N,00159.2547,W,1,0,,256.0,M,,M,,*4C
$GPRMC,103943.000,A,5405.7674,N,00159.2547,W,0.000,0.00,160912,,A*6E
$GPGGA,103958.000,5405.7703,N,00159.2606,W,1,0,,256.0,M,,M,,*41
$GPRMC,103958.000,A,5405.7703,N,00159.2606,W,0.000,0.00,160912,,A*63
$GPGGA,104013.000,5405.7754,N,00159.2714,W,1,0,,256.0,M,,M,,*40
$GPRMC,104013.000,A,5405.7754,N,00159.2714,W,0.000,0.00,160912,,A*62
$GPGGA,104028.000,5405.7848,N,00159.2771,W,1,0,,256.0,M,,M,,*49
$GPRMC,104028.000,A,5405.7848,N,00159.2771,W,0.000,0.00,160912,,A*6B
$GPGGA,104046.000,5405.7980,N,00159.2877,W,1,0,,256.0,M,,M,,*4D
$GPRMC,104046.000,A,5405.7980,N,00159.2877,W,0.000,0.00,160912,,A*6F
$GPGGA,104101.000,5405.8012,N,00159.2914,W,1,0,,256.0,M,,M,,*46
$GPRMC,104101.000,A,5405.8012,N,00159.2914,W,0.000,0.00,160912,,A*64
$GPGGA,104116.000,5405.8102,N,00159.2998,W,1,0,,256.0,M,,M,,*44
$GPRMC,104116.000,A,5405.8102,N,00159.2998,W,0.000,0.00,160912,,A*66
$GPGGA,104137.000,5405.8276,N,00159.3227,W,1,0,,257.0,M,,M,,*48
$GPRMC,104137.000,A,5405.8276,N,00159.3227,W,0.000,0.00,160912,,A*6B
$GPGGA,104152.000,5405.8292,N,00159.3273,W,1,0,,257.0,M,,M,,*40
$GPRMC,104152.000,A,5405.8292,N,00159.3273,W,0.000,0.00,160912,,A*63
$GPGGA,104207.000,5405.8326,N,00159.3256,W,1,0,,257.0,M,,M,,*4A
$GPRMC,104207.000,A,5405.8326,N,00159.3256,W,0.000,0.00,160912,,A*69
$GPGGA,104223.000,5405.8312,N,00159.3228,W,1,0,,257.0,M,,M,,*42
$GPRMC,104223.000,A,5405.8312,N,00159.3228,W,0.000,0.00,160912,,A*61
$GPGGA,104238.000,5405.8298,N,00159.3212,W,1,0,,257.0,M,,M,,*42
$GPRMC,104238.000,A,5405.8298,N,00159.3212,W,0.000,0.00,160912,,A*61
$GPGGA,104253.000,5405.8298,N,00159.3204,W,1,0,,257.0,M,,M,,*48
$GPRMC,104253.000,A,5405.8298,N,00159.3204,W,0.000,0.00,160912,,A*6B
$GPGGA,104308.000,5405.8310,N,00159.3264,W,1,0,,257.0,M,,M,,*40
$GPRMC,104308.000,A,5405.8310,N,00159.3264,W,0.000,0.00,160912,,A*63
$GPGGA,104324.000,5405.8342,N,00159.3326,W,1,0,,257.0,M,,M,,*4E
$GPRMC,104324.000,A,5405.8342,N,00159.3326,W,0.000,0.00,160912,,A*6D
$GPGGA,104339.000,5405.8363,N,00159.3458,W,1,0,,257.0,M,,M,,*4F
$GPRMC,104339.000,A,5405.8363,N,00159.3458,W,0.000,0.00,160912,,A*6C
$GPGGA,104405.000,5405.8401,N,00159.3762,W,1,0,,257.0,M,,M,,*4E
$GPRMC,104405.000,A,5405.8401,N,00159.3762,W,0.000,0.00,160912,,A*6D
$GPGGA,104421.000,5405.8388,N,00159.3863,W,1,0,,257.0,M,,M,,*40
$GPRMC,104421.000,A,5405.8388,N,00159.3863,W,0.000,0.00,160912,,A*63
$GPGGA,104436.000,5405.8342,N,00159.4053,W,1,0,,257.0,M,,M,,*4C
$GPRMC,104436.000,A,5405.8342,N,00159.4053,W,0.000,0.00,160912,,A*6F
$GPGGA,104451.000,5405.8408,N,00159.4155,W,1,0,,257.0,M,,M,,*43
$GPRMC,104451.000,A,5405.8408,N,00159.4155,W,0.000,0.00,160912,,A*60
$GPGGA,104507.000,5405.8443,N,00159.4284,W,1,0,,258.0,M,,M,,*4E
$GPRMC,104507.000,A,5405.8443,N,00159.4284,W,0.000,0.00,160912,,A*62
$GPGGA,104535.000,5405.8472,N,00159.4278,W,1,0,,258.0,M,,M,,*4E
$GPRMC,104535.000,A,5405.8472,N,00159.4278,W,0.000,0.00,160912,,A*62
$GPGGA,104551.000,5405.8607,N,00159.4260,W,1,0,,257.0,M,,M,,*4A
$GPRMC,104551.000,A,5405.8607,N,00159.4260,W,0.000,0.00,160912,,A*69
$GPGGA,104606.000,5405.8610,N,00159.4349,W,1,0,,258.0,M,,M,,*48
$GPRMC,104606.000,A,5405.8610,N,00159.4349,W,0.000,0.00,160912,,A*64
$GPGGA,104622.000,5405.8534,N,00159.4287,W,1,0,,258.0,M,,M,,*48
$GPRMC,104622.000,A,5405.8534,N,00159.4287,W,0.000,0.00,160912,,A*64
$GPGGA,104638.000,5405.8573,N,00159.4349,W,1,0,,258.0,M,,M,,*43
$GPRMC,104638.000,A,5405.8573,N,00159.4349,W,0.000,0.00,160912,,A*6F
$GPGGA,104653.000,5405.8612,N,00159.4533,W,1,0,,257.0,M,,M,,*4E
$GPRMC,104653.000,A,5405.8612,N,00159.4533,W,0.000,0.00,160912,,A*6D
$GPGGA,104720.000,5405.8674,N,00159.4774,W,1,0,,257.0,M,,M,,*4A
$GPRMC,104720.000,A,5405.8674,N,00159.4774,W,0.000,0.00,160912,,A*69
$GPGGA,104735.000,5405.8740,N,00159.4856,W,1,0,,257.0,M,,M,,*47
$GPRMC,104735.000,A,5405.8740,N,00159.4856,W,0.000,0.00,160912,,A*64
$GPGGA,104750.000,5405.8761,N,00159.5011,W,1,0,,257.0,M,,M,,*4D
$GPRMC,104750.000,A,5405.8761,N,00159.5011,W,0.000,0.00,160912,,A*6E
$GPGGA,104805.000,5405.8802,N,00159.5170,W,1,0,,257.0,M,,M,,*4E
$GPRMC,104805.000,A,5405.8802,N,00159.5170,W,0.000,0.00,160912,,A*6D
$GPGGA,104820.000,5405.8795,N,00159.5345,W,1,0,,257.0,M,,M,,*4C
$GPRMC,104820.000,A,5405.8795,N,00159.5345,W,0.000,0.00,160912,,A*6F
$GPGGA,104838.000,5405.8743,N,00159.5801,W,1,0,,257.0,M,,M,,*45
$GPRMC,104838.000,A,5405.8743,N,00159.5801,W,0.000,0.00,160912,,A*66
$GPGGA,104854.000,5405.8848,N,00159.5967,W,1,0,,258.0,M,,M,,*45
$GPRMC,104854.000,A,5405.8848,N,00159.5967,W,0.000,0.00,160912,,A*69
$GPGGA,104909.000,5405.8802,N,00159.6137,W,1,0,,258.0,M,,M,,*4C
$GPRMC,104909.000,A,5405.8802,N,00159.6137,W,0.000,0.00,160912,,A*60
$GPGGA,104930.000,5405.8688,N,00159.6440,W,1,0,,258.0,M,,M,,*4F
$GPRMC,104930.000,A,5405.8688,N,00159.6440,W,0.000,0.00,160912,,A*63
$GPGGA,104946.000,5405.8660,N,00159.6427,W,1,0,,258.0,M,,M,,*49
$GPRMC,104946.000,A,5405.8660,N,00159.6427,W,0.000,0.00,160912,,A*65
$GPGGA,105001.000,5405.8555,N,00159.6368,W,1,0,,259.0,M,,M,,*4A
$GPRMC,105001.000,A,5405.8555,N,00159.6368,W,0.000,0.00,160912,,A*67
$GPGGA,105016.000,5405.8557,N,00159.6444,W,1,0,,259.0,M,,M,,*47
$GPRMC,105016.000,A,5405.8557,N,00159.6444,W,0.000,0.00,160912,,A*6A
$GPGGA,105032.000,5405.8548,N,00159.6527,W,1,0,,259.0,M,,M,,*4B
$GPRMC,105032.000,A,5405.8548,N,00159.6527,W,0.000,0.00,160912,,A*66
$GPGGA,105047.000,5405.8548,N,00159.6409,W,1,0,,259.0,M,,M,,*44
$GPRMC,105047.000,A,5405.8548,N,00159.6409,W,0.000,0.00,160912,,A*69
$GPGGA,105110.000,5405.8502,N,00159.6386,W,1,0,,259.0,M,,M,,*49
$GPRMC,105110.000,A,5405.8502,N,00159.6386,W,0.000,0.00,160912,,A*64
$GPGGA,105125.000,5405.8502,N,00159.6399,W,1,0,,259.0,M,,M,,*41
$GPRMC,105125.000,A,5405.8502,N,00159.6399,W,0.000,0.00,160912,,A*6C
$GPGGA,105140.000,5405.8541,N,00159.6437,W,1,0,,260.0,M,,M,,*4C
$GPRMC,105140.000,A,5405.8541,N,00159.6437,W,0.000,0.00,160912,,A*6B
$GPGGA,105156.000,5405.8548,N,00159.6447,W,1,0,,260.0,M,,M,,*45
$GPRMC,105156.000,A,5405.8548,N,00159.6447,W,0.000,0.00,160912,,A*62
$GPGGA,105211.000,5405.8621,N,00159.6552,W,1,0,,260.0,M,,M,,*4C
$GPRMC,105211.000,A,5405.8621,N,00159.6552,W,0.000,0.00,160912,,A*6B
$GPGGA,105226.000,5405.8761,N,00159.6788,W,1,0,,260.0,M,,M,,*48
$GPRMC,105226.000,A,5405.8761,N,00159.6788,W,0.000,0.00,160912,,A*6F
$GPGGA,105241.000,5405.8951,N,00159.6956,W,1,0,,273.0,M,,M,,*4B
$GPRMC,105241.000,A,5405.8951,N,00159.6956,W,0.000,0.00,160912,,A*6E
$GPGGA,105256.000,5405.8949,N,00159.7019,W,1,0,,258.0,M,,M,,*4E
$GPRMC,105256.000,A,5405.8949,N,00159.7019,W,0.000,0.00,160912,,A*62
$GPGGA,105311.000,5405.8955,N,00159.7025,W,1,0,,259.0,M,,M,,*4F
$GPRMC,105311.000,A,5405.8955,N,00159.7025,W,0.000,0.00,160912,,A*62
$GPGGA,105326.000,5405.9006,N,00159.7039,W,1,0,,259.0,M,,M,,*48
$GPRMC,105326.000,A,5405.9006,N,00159.7039,W,0.000,0.00,160912,,A*65
$GPGGA,105341.000,5405.8997,N,00159.7060,W,1,0,,259.0,M,,M,,*45
$GPRMC,105341.000,A,5405.8997,N,00159.7060,W,0.000,0.00,160912,,A*68
$GPGGA,105356.000,5405.9040,N,00159.7093,W,1,0,,259.0,M,,M,,*4D
$GPRMC,105356.000,A,5405.9040,N,00159.7093,W,0.000,0.00,160912,,A*60
$GPGGA,105411.000,5405.9132,N,00159.7116,W,1,0,,260.0,M,,M,,*4B
$GPRMC,105411.000,A,5405.9132,N,00159.7116,W,0.000,0.00,160912,,A*6C
$GPGGA,105426.000,5405.9152,N,00159.7107,W,1,0,,259.0,M,,M,,*43
$GPRMC,105426.000,A,5405.9152,N,00159.7107,W,0.000,0.00,160912,,A*6E
$GPGGA,105441.000,5405.9207,N,00159.7141,W,1,0,,259.0,M,,M,,*43
$GPRMC,105441.000,A,5405.9207,N,00159.7141,W,0.000,0.00,160912,,A*6E
$GPGGA,105456.000,5405.9361,N,00159.7279,W,1,0,,259.0,M,,M,,*4C
$GPRMC,105456.000,A,5405.9361,N,00159.7279,W,0.000,0.00,160912,,A*61
$GPGGA,105511.000,5405.9473,N,00159.7356,W,1,0,,259.0,M,,M,,*46
$GPRMC,105511.000,A,5405.9473,N,00159.7356,W,0.000,0.00,160912,,A*6B
$GPGGA,105527.000,5405.9564,N,00159.7416,W,1,0,,259.0,M,,M,,*47
$GPRMC,105527.000,A,5405.9564,N,00159.7416,W,0.000,0.00,160912,,A*6A
$GPGGA,105542.000,5405.9571,N,00159.7425,W,1,0,,259.0,M,,M,,*40
$GPRMC,105542.000,A,5405.9571,N,00159.7425,W,0.000,0.00,160912,,A*6D
$GPGGA,105557.000,5405.9569,N,00159.7443,W,1,0,,259.0,M,,M,,*4D
$GPRMC,105557.000,A,5405.9569,N,00159.7443,W,0.000,0.00,160912,,A*60
$GPGGA,105612.000,5405.9496,N,00159.7343,W,1,0,,259.0,M,,M,,*49
$GPRMC,105612.000,A,5405.9496,N,00159.7343,W,0.000,0.00,160912,,A*64
$GPGGA,105627.000,5405.9493,N,00159.7333,W,1,0,,259.0,M,,M,,*4D
$GPRMC,105627.000,A,5405.9493,N,00159.7333,W,0.000,0.00,160912,,A*60
$GPGGA,105642.000,5405.9550,N,00159.7337,W,1,0,,259.0,M,,M,,*44
$GPRMC,105642.000,A,5405.9550,N,00159.7337,W,0.000,0.00,160912,,A*69
$GPGGA,105657.000,5405.9548,N,00159.7363,W,1,0,,260.0,M,,M,,*42
$GPRMC,105657.000,A,5405.9548,N,00159.7363,W,0.000,0.00,160912,,A*65
$GPGGA,105713.000,5405.9566,N,00159.7421,W,1,0,,260.0,M,,M,,*4E
$GPRMC,105713.000,A,5405.9566,N,00159.7421,W,0.000,0.00,160912,,A*69
$GPGGA,105728.000,5405.9496,N,00159.7440,W,1,0,,260.0,M,,M,,*4F
$GPRMC,105728.000,A,5405.9496,N,00159.7440,W,0.000,0.00,160912,,A*68
$GPGGA,105743.000,5405.9491,N,00159.7405,W,1,0,,260.0,M,,M,,*44
$GPRMC,105743.000,A,5405.9491,N,00159.7405,W,0.000,0.00,160912,,A*63
$GPGGA,105759.000,5405.9454,N,00159.7351,W,1,0,,260.0,M,,M,,*40
$GPRMC,105759.000,A,5405.9454,N,00159.7351,W,0.000,0.00,160912,,A*67
$GPGGA,105814.000,5405.9461,N,00159.7325,W,1,0,,260.0,M,,M,,*43
$GPRMC,105814.000,A,5405.9461,N,00159.7325,W,0.000,0.00,160912,,A*64
$GPGGA,105830.000,5405.9557,N,00159.7203,W,1,0,,260.0,M,,M,,*44
$GPRMC,105830.000,A,5405.9557,N,00159.7203,W,0.000,0.00,160912,,A*63
$GPGGA,105845.000,5405.9537,N,00159.7343,W,1,0,,259.0,M,,M,,*4F
$GPRMC,105845.000,A,5405.9537,N,00159.7343,W,0.000,0.00,160912,,A*62
$GPGGA,105900.000,5405.9557,N,00159.7379,W,1,0,,260.0,M,,M,,*4A
$GPRMC,105900.000,A,5405.9557,N,00159.7379,W,0.000,0.00,160912,,A*6D
$GPGGA,105916.000,5405.9658,N,00159.7442,W,1,0,,260.0,M,,M,,*4E
$GPRMC,105916.000,A,5405.9658,N,00159.7442,W,0.000,0.00,160912,,A*69
$GPGGA,105931.000,5405.9715,N,00159.7447,W,1,0,,260.0,M,,M,,*46
$GPRMC,105931.000,A,5405.9715,N,00159.7447,W,0.000,0.00,160912,,A*61
$GPGGA,105947.000,5405.9821,N,00159.7545,W,1,0,,260.0,M,,M,,*4C
$GPRMC,105947.000,A,5405.9821,N,00159.7545,W,0.000,0.00,160912,,A*6B
$GPGGA,110002.000,5405.9910,N,00159.7586,W,1,0,,260.0,M,,M,,*4C
$GPRMC,110002.000,A,5405.9910,N,00159.7586,W,0.000,0.00,160912,,A*6B
$GPGGA,110017.000,5405.9962,N,00159.7606,W,1,0,,260.0,M,,M,,*46
$GPRMC,110017.000,A,5405.9962,N,00159.7606,W,0.000,0.00,160912,,A*61
$GPGGA,110032.000,5406.0045,N,00159.7657,W,1,0,,260.0,M,,M,,*43
$GPRMC,110032.000,A,5406.0045,N,00159.7657,W,0.000,0.00,160912,,A*64
$GPGGA,110048.000,5406.0095,N,00159.7751,W,1,0,,260.0,M,,M,,*44
$GPRMC,110048.000,A,5406.0095,N,00159.7751,W,0.000,0.00,160912,,A*63
$GPGGA,110103.000,5406.0166,N,00159.7918,W,1,0,,260.0,M,,M,,*44
$GPRMC,110103.000,A,5406.0166,N,00159.7918,W,0.000,0.00,160912,,A*63
$GPGGA,110118.000,5406.0221,N,00159.8044,W,1,0,,260.0,M,,M,,*41
$GPRMC,110118.000,A,5406.0221,N,00159.8044,W,0.000,0.00,160912,,A*66
$GPGGA,110134.000,5406.0285,N,00159.8156,W,1,0,,261.0,M,,M,,*42
$GPRMC,110134.000,A,5406.0285,N,00159.8156,W,0.000,0.00,160912,,A*64
$GPGGA,110149.000,5406.0265,N,00159.8230,W,1,0,,261.0,M,,M,,*45
$GPRMC,110149.000,A,5406.0265,N,00159.8230,W,0.000,0.00,160912,,A*63
$GPGGA,110205.000,5406.0322,N,00159.8297,W,1,0,,261.0,M,,M,,*41
$GPRMC,110205.000,A,5406.0322,N,00159.8297,W,0.000,0.00,160912,,A*67
$GPGGA,110220.000,5406.0377,N,00159.8395,W,1,0,,260.0,M,,M,,*44
$GPRMC,110220.000,A,5406.0377,N,00159.8395,W,0.000,0.00,160912,,A*63
$GPGGA,110235.000,5406.0491,N,00159.8485,W,1,0,,260.0,M,,M,,*49
$GPRMC,110235.000,A,5406.0491,N,00159.8485,W,0.000,0.00,160912,,A*6E
$GPGGA,110250.000,5406.0532,N,00159.8510,W,1,0,,260.0,M,,M,,*4F
$GPRMC,110250.000,A,5406.0532,N,00159.8510,W,0.000,0.00,160912,,A*68
$GPGGA,110306.000,5406.0571,N,00159.8582,W,1,0,,260.0,M,,M,,*41
$GPRMC,110306.000,A,5406.0571,N,00159.8582,W,0.000,0.00,160912,,A*66
$GPGGA,110321.000,5406.0649,N,00159.8647,W,1,0,,260.0,M,,M,,*46
$GPRMC,110321.000,A,5406.0649,N,00159.8647,W,0.000,0.00,160912,,A*61
$GPGGA,110336.000,5406.0725,N,00159.8837,W,1,0,,260.0,M,,M,,*42
$GPRMC,110336.000,A,5406.0725,N,00159.8837,W,0.000,0.00,160912,,A*65
$GPGGA,110351.000,5406.0784,N,00159.8955,W,1,0,,261.0,M,,M,,*4C
$GPRMC,110351.000,A,5406.0784,N,00159.8955,W,0.000,0.00,160912,,A*6A
$GPGGA,110407.000,5406.0867,N,00159.9106,W,1,0,,261.0,M,,M,,*45
$GPRMC,110407.000,A,5406.0867,N,00159.9106,W,0.000,0.00,160912,,A*63
$GPGGA,110422.000,5406.0933,N,00159.9273,W,1,0,,261.0,M,,M,,*43
$GPRMC,110422.000,A,5406.0933,N,00159.9273,W,0.000,0.00,160912,,A*65
$GPGGA,110437.000,5406.0981,N,00159.9342,W,1,0,,261.0,M,,M,,*4D
$GPRMC,110437.000,A,5406.0981,N,00159.9342,W,0.000,0.00,160912,,A*6B
$GPGGA,110453.000,5406.0997,N,00159.9468,W,1,0,,261.0,M,,M,,*47
$GPRMC,110453.000,A,5406.0997,N,00159.9468,W,0.000,0.00,160912,,A*61
$GPGGA,110508.000,5406.1057,N,00159.9556,W,1,0,,261.0,M,,M,,*40
$GPRMC,110508.000,A,5406.1057,N,00159.9556,W,0.000,0.00,160912,,A*66
$GPGGA,110523.000,5406.1166,N,00159.9655,W,1,0,,262.0,M,,M,,*49
$GPRMC,110523.000,A,5406.1166,N,00159.9655,W,0.000,0.00,160912,,A*6C
$GPGGA,110539.000,5406.1127,N,00159.9720,W,1,0,,262.0,M,,M,,*44
$GPRMC,110539.000,A,5406.1127,N,00159.9720,W,0.000,0.00,160912,,A*61
$GPGGA,110554.000,5406.1242,N,00159.9815,W,1,0,,262.0,M,,M,,*46
$GPRMC,110554.000,A,5406.1242,N,00159.9815,W,0.000,0.00,160912,,A*63
$GPGGA,110609.000,5406.1240,N,00159.9829,W,1,0,,262.0,M,,M,,*40
$GPRMC,110609.000,A,5406.1240,N,00159.9829,W,0.000,0.00,160912,,A*65
$GPGGA,110626.000,5406.1233,N,00159.9777,W,1,0,,263.0,M,,M,,*4C
$GPRMC,110626.000,A,5406.1233,N,00159.9777,W,0.000,0.00,160912,,A*68
$GPGGA,110641.000,5406.1272,N,00159.9830,W,1,0,,263.0,M,,M,,*44
$GPRMC,110641.000,A,5406.1272,N,00159.9830,W,0.000,0.00,160912,,A*60
$GPGGA,110656.000,5406.1246,N,00200.0022,W,1,0,,263.0,M,,M,,*48
$GPRMC,110656.000,A,5406.1246,N,00200.0022,W,0.000,0.00,160912,,A*6C
$GPGGA,110712.000,5406.1267,N,00200.0007,W,1,0,,262.0,M,,M,,*4C
$GPRMC,110712.000,A,5406.1267,N,00200.0007,W,0.000,0.00,160912,,A*69
$GPGGA,110728.000,5406.1317,N,00200.0029,W,1,0,,262.0,M,,M,,*4F
$GPRMC,110728.000,A,5406.1317,N,00200.0029,W,0.000,0.00,160912,,A*6A
$GPGGA,110743.000,5406.1333,N,00200.0207,W,1,0,,262.0,M,,M,,*4A
$GPRMC,110743.000,A,5406.1333,N,00200.0207,W,0.000,0.00,160912,,A*6F
$GPGGA,110758.000,5406.1375,N,00200.0335,W,1,0,,263.0,M,,M,,*43
$GPRMC,110758.000,A,5406.1375,N,00200.0335,W,0.000,0.00,160912,,A*67
$GPGGA,110813.000,5406.1361,N,00200.0475,W,1,0,,263.0,M,,M,,*45
$GPRMC,110813.000,A,5406.1361,N,00200.0475,W,0.000,0.00,160912,,A*61
$GPGGA,110828.000,5406.1402,N,00200.0534,W,1,0,,263.0,M,,M,,*4B
$GPRMC,110828.000,A,5406.1402,N,00200.0534,W,0.000,0.00,160912,,A*6F
$GPGGA,110843.000,5406.1439,N,00200.0577,W,1,0,,262.0,M,,M,,*48
$GPRMC,110843.000,A,5406.1439,N,00200.0577,W,0.000,0.00,160912,,A*6D
$GPGGA,110859.000,5406.1496,N,00200.0810,W,1,0,,262.0,M,,M,,*4A
$GPRMC,110859.000,A,5406.1496,N,00200.0810,W,0.000,0.00,160912,,A*6F
$GPGGA,110919.000,5406.1549,N,00200.1079,W,1,0,,263.0,M,,M,,*4B
$GPRMC,110919.000,A,5406.1549,N,00200.1079,W,0.000,0.00,160912,,A*6F
$GPGGA,110934.000,5406.1546,N,00200.1200,W,1,0,,262.0,M,,M,,*46
$GPRMC,110934.000,A,5406.1546,N,00200.1200,W,0.000,0.00,160912,,A*63
$GPGGA,110949.000,5406.1473,N,00200.1571,W,1,0,,263.0,M,,M,,*4B
$GPRMC,110949.000,A,5406.1473,N,00200.1571,W,0.000,0.00,160912,,A*6F
$GPGGA,111004.000,5406.1562,N,00200.1592,W,1,0,,263.0,M,,M,,*46
$GPRMC,111004.000,A,5406.1562,N,00200.1592,W,0.000,0.00,160912,,A*62
$GPGGA,111019.000,5406.1718,N,00200.1713,W,1,0,,263.0,M,,M,,*4E
$GPRMC,111019.000,A,5406.1718,N,00200.1713,W,0.000,0.00,160912,,A*6A
$GPGGA,111035.000,5406.1711,N,00200.1812,W,1,0,,263.0,M,,M,,*47
$GPRMC,111035.000,A,5406.1711,N,00200.1812,W,0.000,0.00,160912,,A*63
$GPGGA,111050.000,5406.1734,N,00200.1910,W,1,0,,263.0,M,,M,,*40
$GPRMC,111050.000,A,5406.1734,N,00200.1910,W,0.000,0.00,160912,,A*64
$GPGGA,111105.000,5406.1761,N,00200.1956,W,1,0,,263.0,M,,M,,*43
$GPRMC,111105.000,A,5406.1761,N,00200.1956,W,0.000,0.00,160912,,A*67
$GPGGA,111120.000,5406.1777,N,00200.2052,W,1,0,,263.0,M,,M,,*4D
$GPRMC,111120.000,A,5406.1777,N,00200.2052,W,0.000,0.00,160912,,A*69
$GPGGA,111135.000,5406.1839,N,00200.2177,W,1,0,,263.0,M,,M,,*4A
$GPRMC,111135.000,A,5406.1839,N,00200.2177,W,0.000,0.00,160912,,A*6E
$GPGGA,111150.000,5406.1908,N,00200.2309,W,1,0,,263.0,M,,M,,*41
$GPRMC,111150.000,A,5406.1908,N,00200.2309,W,0.000,0.00,160912,,A*65
$GPGGA,111206.000,5406.1929,N,00200.2548,W,1,0,,263.0,M,,M,,*41
$GPRMC,111206.000,A,5406.1929,N,00200.2548,W,0.000,0.00,160912,,A*65
$GPGGA,111221.000,5406.1997,N,00200.2691,W,1,0,,263.0,M,,M,,*46
$GPRMC,111221.000,A,5406.1997,N,00200.2691,W,0.000,0.00,160912,,A*62
$GPGGA,111236.000,5406.2109,N,00200.2799,W,1,0,,263.0,M,,M,,*45
$GPRMC,111236.000,A,5406.2109,N,00200.2799,W,0.000,0.00,160912,,A*61
$GPGGA,111251.000,5406.2146,N,00200.3001,W,1,0,,263.0,M,,M,,*48
$GPRMC,111251.000,A,5406.2146,N,00200.3001,W,0.000,0.00,160912,,A*6C
$GPGGA,111307.000,5406.2215,N,00200.3091,W,1,0,,262.0,M,,M,,*47
$GPRMC,111307.000,A,5406.2215,N,00200.3091,W,0.000,0.00,160912,,A*62
$GPGGA,111322.000,5406.2254,N,00200.3278,W,1,0,,263.0,M,,M,,*41
$GPRMC,111322.000,A,5406.2254,N,00200.3278,W,0.000,0.00,160912,,A*65
$GPGGA,111337.000,5406.2320,N,00200.3402,W,1,0,,263.0,M,,M,,*4C
$GPRMC,111337.000,A,5406.2320,N,00200.3402,W,0.000,0.00,160912,,A*68
$GPGGA,111352.000,5406.2393,N,00200.3564,W,1,0,,263.0,M,,M,,*46
$GPRMC,111352.000,A,5406.2393,N,00200.3564,W,0.000,0.00,160912,,A*62
$GPGGA,111409.000,5406.2487,N,00200.3716,W,1,0,,264.0,M,,M,,*4D
$GPRMC,111409.000,A,5406.2487,N,00200.3716,W,0.000,0.00,160912,,A*6E
$GPGGA,111424.000,5406.2533,N,00200.4037,W,1,0,,264.0,M,,M,,*4F
$GPRMC,111424.000,A,5406.2533,N,00200.4037,W,0.000,0.00,160912,,A*6C
$GPGGA,111440.000,5406.2590,N,00200.4088,W,1,0,,264.0,M,,M,,*40
$GPRMC,111440.000,A,5406.2590,N,00200.4088,W,0.000,0.00,160912,,A*63
$GPGGA,111456.000,5406.2645,N,00200.4131,W,1,0,,264.0,M,,M,,*4F
$GPRMC,111456.000,A,5406.2645,N,00200.4131,W,0.000,0.00,160912,,A*6C
$GPGGA,111512.000,5406.2775,N,00200.4130,W,1,0,,264.0,M,,M,,*4D
$GPRMC,111512.000,A,5406.2775,N,00200.4130,W,0.000,0.00,160912,,A*6E
$GPGGA,111527.000,5406.2757,N,00200.4165,W,1,0,,264.0,M,,M,,*4B
$GPRMC,111527.000,A,5406.2757,N,00200.4165,W,0.000,0.00,160912,,A*68
$GPGGA,111542.000,5406.2739,N,00200.4215,W,1,0,,264.0,M,,M,,*44
$GPRMC,111542.000,A,5406.2739,N,00200.4215,W,0.000,0.00,160912,,A*67
$GPGGA,111557.000,5406.2727,N,00200.4289,W,1,0,,265.0,M,,M,,*4B
$GPRMC,111557.000,A,5406.2727,N,00200.4289,W,0.000,0.00,160912,,A*69
$GPGGA,111613.000,5406.2803,N,00200.4437,W,1,0,,265.0,M,,M,,*42
$GPRMC,111613.000,A,5406.2803,N,00200.4437,W,0.000,0.00,160912,,A*60
$GPGGA,111629.000,5406.2835,N,00200.4714,W,1,0,,265.0,M,,M,,*4C
$GPRMC,111629.000,A,5406.2835,N,00200.4714,W,0.000,0.00,160912,,A*6E
$GPGGA,111644.000,5406.2830,N,00200.4768,W,1,0,,265.0,M,,M,,*49
$GPRMC,111644.000,A,5406.2830,N,00200.4768,W,0.000,0.00,160912,,A*6B
$GPGGA,111700.000,5406.2908,N,00200.4904,W,1,0,,265.0,M,,M,,*46
$GPRMC,111700.000,A,5406.2908,N,00200.4904,W,0.000,0.00,160912,,A*64
$GPGGA,111715.000,5406.2913,N,00200.5114,W,1,0,,266.0,M,,M,,*43
$GPRMC,111715.000,A,5406.2913,N,00200.5114,W,0.000,0.00,160912,,A*62
$GPGGA,111730.000,5406.2936,N,00200.5211,W,1,0,,266.0,M,,M,,*45
$GPRMC,111730.000,A,5406.2936,N,00200.5211,W,0.000,0.00,160912,,A*64
$GPGGA,111746.000,5406.2988,N,00200.5371,W,1,0,,265.0,M,,M,,*45
$GPRMC,111746.000,A,5406.2988,N,00200.5371,W,0.000,0.00,160912,,A*67
$GPGGA,111801.000,5406.3052,N,00200.5580,W,1,0,,266.0,M,,M,,*4D
$GPRMC,111801.000,A,5406.3052,N,00200.5580,W,0.000,0.00,160912,,A*6C
$GPGGA,111816.000,5406.3048,N,00200.5770,W,1,0,,266.0,M,,M,,*4D
$GPRMC,111816.000,A,5406.3048,N,00200.5770,W,0.000,0.00,160912,,A*6C
$GPGGA,111832.000,5406.3142,N,00200.6028,W,1,0,,266.0,M,,M,,*49
$GPRMC,111832.000,A,5406.3142,N,00200.6028,W,0.000,0.00,160912,,A*68
$GPGGA,111847.000,5406.3155,N,00200.6178,W,1,0,,266.0,M,,M,,*49
$GPRMC,111847.000,A,5406.3155,N,00200.6178,W,0.000,0.00,160912,,A*68
$GPGGA,111902.000,5406.3224,N,00200.6446,W,1,0,,266.0,M,,M,,*44
$GPRMC,111902.000,A,5406.3224,N,00200.6446,W,0.000,0.00,160912,,A*65
$GPGGA,111917.000,5406.3235,N,00200.6536,W,1,0,,266.0,M,,M,,*46
$GPRMC,111917.000,A,5406.3235,N,00200.6536,W,0.000,0.00,160912,,A*67
$GPGGA,111932.000,5406.3256,N,00200.6677,W,1,0,,266.0,M,,M,,*42
$GPRMC,111932.000,A,5406.3256,N,00200.6677,W,0.000,0.00,160912,,A*63
$GPGGA,111947.000,5406.3368,N,00200.6743,W,1,0,,266.0,M,,M,,*4A
$GPRMC,111947.000,A,5406.3368,N,00200.6743,W,0.000,0.00,160912,,A*6B
$GPGGA,112004.000,5406.3338,N,00200.6866,W,1,0,,266.0,M,,M,,*4A
$GPRMC,112004.000,A,5406.3338,N,00200.6866,W,0.000,0.00,160912,,A*6B
$GPGGA,112019.000,5406.3309,N,00200.6920,W,1,0,,267.0,M,,M,,*46
$GPRMC,112019.000,A,5406.3309,N,00200.6920,W,0.000,0.00,160912,,A*66
$GPGGA,112034.000,5406.3256,N,00200.6928,W,1,0,,267.0,M,,M,,*4A
$GPRMC,112034.000,A,5406.3256,N,00200.6928,W,0.000,0.00,160912,,A*6A
$GPGGA,112049.000,5406.3178,N,00200.6897,W,1,0,,267.0,M,,M,,*4A
$GPRMC,112049.000,A,5406.3178,N,00200.6897,W,0.000,0.00,160912,,A*6A
$GPGGA,112104.000,5406.3046,N,00200.6757,W,1,0,,267.0,M,,M,,*4D
$GPRMC,112104.000,A,5406.3046,N,00200.6757,W,0.000,0.00,160912,,A*6D
$GPGGA,112119.000,5406.2984,N,00200.6768,W,1,0,,266.0,M,,M,,*4A
$GPRMC,112119.000,A,5406.2984,N,00200.6768,W,0.000,0.00,160912,,A*6B
$GPGGA,112135.000,5406.2837,N,00200.6691,W,1,0,,266.0,M,,M,,*4A
$GPRMC,112135.000,A,5406.2837,N,00200.6691,W,0.000,0.00,160912,,A*6B
$GPGGA,112150.000,5406.2725,N,00200.6656,W,1,0,,266.0,M,,M,,*4E
$GPRMC,112150.000,A,5406.2725,N,00200.6656,W,0.000,0.00,160912,,A*6F
$GPGGA,112206.000,5406.2636,N,00200.6623,W,1,0,,267.0,M,,M,,*4E
$GPRMC,112206.000,A,5406.2636,N,00200.6623,W,0.000,0.00,160912,,A*6E
$GPGGA,112221.000,5406.2535,N,00200.6560,W,1,0,,267.0,M,,M,,*4F
$GPRMC,112221.000,A,5406.2535,N,00200.6560,W,0.000,0.00,160912,,A*6F
$GPGGA,112236.000,5406.2457,N,00200.6538,W,1,0,,267.0,M,,M,,*41
$GPRMC,112236.000,A,5406.2457,N,00200.6538,W,0.000,0.00,160912,,A*61
$GPGGA,112251.000,5406.2327,N,00200.6444,W,1,0,,267.0,M,,M,,*4A
$GPRMC,112251.000,A,5406.2327,N,00200.6444,W,0.000,0.00,160912,,A*6A
$GPGGA,112307.000,5406.2325,N,00200.6443,W,1,0,,268.0,M,,M,,*42
$GPRMC,112307.000,A,5406.2325,N,00200.6443,W,0.000,0.00,160912,,A*6D
$GPGGA,112322.000,5406.2341,N,00200.6464,W,1,0,,268.0,M,,M,,*42
$GPRMC,112322.000,A,5406.2341,N,00200.6464,W,0.000,0.00,160912,,A*6D
$GPGGA,112337.000,5406.2304,N,00200.6518,W,1,0,,268.0,M,,M,,*4D
$GPRMC,112337.000,A,5406.2304,N,00200.6518,W,0.000,0.00,160912,,A*62
$GPGGA,112352.000,5406.2322,N,00200.6395,W,1,0,,268.0,M,,M,,*49
$GPRMC,112352.000,A,5406.2322,N,00200.6395,W,0.000,0.00,160912,,A*66
$GPGGA,112407.000,5406.2304,N,00200.6403,W,1,0,,268.0,M,,M,,*42
$GPRMC,112407.000,A,5406.2304,N,00200.6403,W,0.000,0.00,160912,,A*6D
$GPGGA,112422.000,5406.2263,N,00200.6491,W,1,0,,268.0,M,,M,,*4E
$GPRMC,112422.000,A,5406.2263,N,00200.6491,W,0.000,0.00,160912,,A*61
$GPGGA,112437.000,5406.2215,N,00200.6453,W,1,0,,268.0,M,,M,,*45
$GPRMC,112437.000,A,5406.2215,N,00200.6453,W,0.000,0.00,160912,,A*6A
$GPGGA,112453.000,5406.2059,N,00200.6320,W,1,0,,269.0,M,,M,,*4F
$GPRMC,112453.000,A,5406.2059,N,00200.6320,W,0.000,0.00,160912,,A*61
$GPGGA,112509.000,5406.1894,N,00200.6203,W,1,0,,269.0,M,,M,,*4B
$GPRMC,112509.000,A,5406.1894,N,00200.6203,W,0.000,0.00,160912,,A*65
$GPGGA,112525.000,5406.1803,N,00200.6099,W,1,0,,269.0,M,,M,,*4A
$GPRMC,112525.000,A,5406.1803,N,00200.6099,W,0.000,0.00,160912,,A*64
$GPGGA,112540.000,5406.1794,N,00200.6105,W,1,0,,269.0,M,,M,,*4C
$GPRMC,112540.000,A,5406.1794,N,00200.6105,W,0.000,0.00,160912,,A*62
$GPGGA,112555.000,5406.1789,N,00200.6059,W,1,0,,270.0,M,,M,,*44
$GPRMC,112555.000,A,5406.1789,N,00200.6059,W,0.000,0.00,160912,,A*62
$GPGGA,112610.000,5406.1819,N,00200.6042,W,1,0,,270.0,M,,M,,*4A
$GPRMC,112610.000,A,5406.1819,N,00200.6042,W,0.000,0.00,160912,,A*6C
$GPGGA,112625.000,5406.1750,N,00200.6030,W,1,0,,271.0,M,,M,,*4A
$GPRMC,112625.000,A,5406.1750,N,00200.6030,W,0.000,0.00,160912,,A*6D
$GPGGA,112641.000,5406.1736,N,00200.6036,W,1,0,,271.0,M,,M,,*4E
$GPRMC,112641.000,A,5406.1736,N,00200.6036,W,0.000,0.00,160912,,A*69
$GPGGA,112657.000,5406.1732,N,00200.6041,W,1,0,,271.0,M,,M,,*4D
$GPRMC,112657.000,A,5406.1732,N,00200.6041,W,0.000,0.00,160912,,A*6A
$GPGGA,112712.000,5406.1725,N,00200.6055,W,1,0,,271.0,M,,M,,*4E
$GPRMC,112712.000,A,5406.1725,N,00200.6055,W,0.000,0.00,160912,,A*69
$GPGGA,112727.000,5406.1743,N,00200.6047,W,1,0,,271.0,M,,M,,*4B
$GPRMC,112727.000,A,5406.1743,N,00200.6047,W,0.000,0.00,160912,,A*6C
$GPGGA,112742.000,5406.1777,N,00200.6068,W,1,0,,271.0,M,,M,,*42
$GPRMC,112742.000,A,5406.1777,N,00200.6068,W,0.000,0.00,160912,,A*65
$GPGGA,112758.000,5406.1771,N,00200.6052,W,1,0,,271.0,M,,M,,*46
$GPRMC,112758.000,A,5406.1771,N,00200.6052,W,0.000,0.00,160912,,A*61
$GPGGA,112814.000,5406.1736,N,00200.6027,W,1,0,,271.0,M,,M,,*40
$GPRMC,112814.000,A,5406.1736,N,00200.6027,W,0.000,0.00,160912,,A*67
$GPGGA,112829.000,5406.1656,N,00200.6038,W,1,0,,271.0,M,,M,,*47
$GPRMC,112829.000,A,5406.1656,N,00200.6038,W,0.000,0.00,160912,,A*60
$GPGGA,112844.000,5406.1542,N,00200.6028,W,1,0,,272.0,M,,M,,*48
$GPRMC,112844.000,A,5406.1542,N,00200.6028,W,0.000,0.00,160912,,A*6C
$GPGGA,112859.000,5406.1455,N,00200.5968,W,1,0,,272.0,M,,M,,*4D
$GPRMC,112859.000,A,5406.1455,N,00200.5968,W,0.000,0.00,160912,,A*69
$GPGGA,112925.000,5406.1253,N,00200.5863,W,1,0,,272.0,M,,M,,*4D
$GPRMC,112925.000,A,5406.1253,N,00200.5863,W,0.000,0.00,160912,,A*69
$GPGGA,112940.000,5406.1157,N,00200.5866,W,1,0,,272.0,M,,M,,*4C
$GPRMC,112940.000,A,5406.1157,N,00200.5866,W,0.000,0.00,160912,,A*68
$GPGGA,112955.000,5406.1073,N,00200.5817,W,1,0,,272.0,M,,M,,*49
$GPRMC,112955.000,A,5406.1073,N,00200.5817,W,0.000,0.00,160912,,A*6D
$GPGGA,113011.000,5406.0974,N,00200.5715,W,1,0,,272.0,M,,M,,*43
$GPRMC,113011.000,A,5406.0974,N,00200.5715,W,0.000,0.00,160912,,A*67
$GPGGA,113026.000,5406.0832,N,00200.5576,W,1,0,,272.0,M,,M,,*43
$GPRMC,113026.000,A,5406.0832,N,00200.5576,W,0.000,0.00,160912,,A*67
$GPGGA,113041.000,5406.0718,N,00200.5563,W,1,0,,272.0,M,,M,,*41
$GPRMC,113041.000,A,5406.0718,N,00200.5563,W,0.000,0.00,160912,,A*65
$GPGGA,113056.000,5406.0617,N,00200.5523,W,1,0,,273.0,M,,M,,*4C
$GPRMC,113056.000,A,5406.0617,N,00200.5523,W,0.000,0.00,160912,,A*69
$GPGGA,113112.000,5406.0526,N,00200.5470,W,1,0,,273.0,M,,M,,*4B
$GPRMC,113112.000,A,5406.0526,N,00200.5470,W,0.000,0.00,160912,,A*6E
$GPGGA,113127.000,5406.0393,N,00200.5439,W,1,0,,273.0,M,,M,,*48
$GPRMC,113127.000,A,5406.0393,N,00200.5439,W,0.000,0.00,160912,,A*6D
$GPGGA,113146.000,5406.0274,N,00200.5399,W,1,0,,273.0,M,,M,,*4A
$GPRMC,113146.000,A,5406.0274,N,00200.5399,W,0.000,0.00,160912,,A*6F
$GPGGA,113202.000,5406.0095,N,00200.5409,W,1,0,,273.0,M,,M,,*4A
$GPRMC,113202.000,A,5406.0095,N,00200.5409,W,0.000,0.00,160912,,A*6F
$GPGGA,113217.000,5406.0006,N,00200.5401,W,1,0,,273.0,M,,M,,*4C
$GPRMC,113217.000,A,5406.0006,N,00200.5401,W,0.000,0.00,160912,,A*69
$GPGGA,113233.000,5405.9937,N,00200.5403,W,1,0,,273.0,M,,M,,*49
$GPRMC,113233.000,A,5405.9937,N,00200.5403,W,0.000,0.00,160912,,A*6C
$GPGGA,113248.000,5405.9729,N,00200.5317,W,1,0,,273.0,M,,M,,*46
$GPRMC,113248.000,A,5405.9729,N,00200.5317,W,0.000,0.00,160912,,A*63
$GPGGA,113303.000,5405.9608,N,00200.5300,W,1,0,,273.0,M,,M,,*4C
$GPRMC,113303.000,A,5405.9608,N,00200.5300,W,0.000,0.00,160912,,A*69
$GPGGA,113318.000,5405.9532,N,00200.5293,W,1,0,,272.0,M,,M,,*46
$GPRMC,113318.000,A,5405.9532,N,00200.5293,W,0.000,0.00,160912,,A*62
$GPGGA,113344.000,5405.9331,N,00200.5205,W,1,0,,273.0,M,,M,,*44
$GPRMC,113344.000,A,5405.9331,N,00200.5205,W,0.000,0.00,160912,,A*61
$GPGGA,113359.000,5405.9221,N,00200.5167,W,1,0,,273.0,M,,M,,*4F
$GPRMC,113359.000,A,5405.9221,N,00200.5167,W,0.000,0.00,160912,,A*6A
$GPGGA,113414.000,5405.9079,N,00200.5094,W,1,0,,273.0,M,,M,,*43
$GPRMC,113414.000,A,5405.9079,N,00200.5094,W,0.000,0.00,160912,,A*66
$GPGGA,113430.000,5405.8978,N,00200.5070,W,1,0,,273.0,M,,M,,*46
$GPRMC,113430.000,A,5405.8978,N,00200.5070,W,0.000,0.00,160912,,A*63
$GPGGA,113445.000,5405.8928,N,00200.5100,W,1,0,,273.0,M,,M,,*47
$GPRMC,113445.000,A,5405.8928,N,00200.5100,W,0.000,0.00,160912,,A*62
$GPGGA,113500.000,5405.8907,N,00200.5131,W,1,0,,273.0,M,,M,,*48
$GPRMC,113500.000,A,5405.8907,N,00200.5131,W,0.000,0.00,160912,,A*6D
$GPGGA,113515.000,5405.8811,N,00200.5097,W,1,0,,273.0,M,,M,,*47
$GPRMC,113515.000,A,5405.8811,N,00200.5097,W,0.000,0.00,160912,,A*62
$GPGGA,113539.000,5405.8624,N,00200.5060,W,1,0,,272.0,M,,M,,*48
$GPRMC,113539.000,A,5405.8624,N,00200.5060,W,0.000,0.00,160912,,A*6C
$GPGGA,113554.000,5405.8525,N,00200.5033,W,1,0,,272.0,M,,M,,*47
$GPRMC,113554.000,A,5405.8525,N,00200.5033,W,0.000,0.00,160912,,A*63
$GPGGA,113609.000,5405.8443,N,00200.5007,W,1,0,,272.0,M,,M,,*4A
$GPRMC,113609.000,A,5405.8443,N,00200.5007,W,0.000,0.00,160912,,A*6E
$GPGGA,113625.000,5405.8276,N,00200.4970,W,1,0,,272.0,M,,M,,*4C
$GPRMC,113625.000,A,5405.8276,N,00200.4970,W,0.000,0.00,160912,,A*68
$GPGGA,113640.000,5405.8175,N,00200.4969,W,1,0,,272.0,M,,M,,*47
$GPRMC,113640.000,A,5405.8175,N,00200.4969,W,0.000,0.00,160912,,A*63
$GPGGA,113656.000,5405.8065,N,00200.4945,W,1,0,,272.0,M,,M,,*4E
$GPRMC,113656.000,A,5405.8065,N,00200.4945,W,0.000,0.00,160912,,A*6A
$GPGGA,113711.000,5405.7932,N,00200.4885,W,1,0,,272.0,M,,M,,*45
$GPRMC,113711.000,A,5405.7932,N,00200.4885,W,0.000,0.00,160912,,A*61
$GPGGA,113726.000,5405.7880,N,00200.4868,W,1,0,,272.0,M,,M,,*4A
$GPRMC,113726.000,A,5405.7880,N,00200.4868,W,0.000,0.00,160912,,A*6E
$GPGGA,113745.000,5405.7731,N,00200.4755,W,1,0,,272.0,M,,M,,*4B
$GPRMC,113745.000,A,5405.7731,N,00200.4755,W,0.000,0.00,160912,,A*6F
$GPGGA,113800.000,5405.7632,N,00200.4708,W,1,0,,271.0,M,,M,,*4C
$GPRMC,113800.000,A,5405.7632,N,00200.4708,W,0.000,0.00,160912,,A*6B
$GPGGA,113815.000,5405.7532,N,00200.4656,W,1,0,,271.0,M,,M,,*41
$GPRMC,113815.000,A,5405.7532,N,00200.4656,W,0.000,0.00,160912,,A*66
$GPGGA,113830.000,5405.7424,N,00200.4624,W,1,0,,271.0,M,,M,,*45
$GPRMC,113830.000,A,5405.7424,N,00200.4624,W,0.000,0.00,160912,,A*62
$GPGGA,113845.000,5405.7291,N,00200.4621,W,1,0,,271.0,M,,M,,*4A
$GPRMC,113845.000,A,5405.7291,N,00200.4621,W,0.000,0.00,160912,,A*6D
$GPGGA,113901.000,5405.7191,N,00200.4610,W,1,0,,271.0,M,,M,,*4A
$GPRMC,113901.000,A,5405.7191,N,00200.4610,W,0.000,0.00,160912,,A*6D
$GPGGA,113917.000,5405.7106,N,00200.4595,W,1,0,,271.0,M,,M,,*4D
$GPRMC,113917.000,A,5405.7106,N,00200.4595,W,0.000,0.00,160912,,A*6A
$GPGGA,113932.000,5405.6978,N,00200.4599,W,1,0,,271.0,M,,M,,*46
$GPRMC,113932.000,A,5405.6978,N,00200.4599,W,0.000,0.00,160912,,A*61
$GPGGA,113947.000,5405.6884,N,00200.4600,W,1,0,,271.0,M,,M,,*45
$GPRMC,113947.000,A,5405.6884,N,00200.4600,W,0.000,0.00,160912,,A*62
$GPGGA,114002.000,5405.6767,N,00200.4602,W,1,0,,271.0,M,,M,,*4A
$GPRMC,114002.000,A,5405.6767,N,00200.4602,W,0.000,0.00,160912,,A*6D
$GPGGA,114017.000,5405.6685,N,00200.4589,W,1,0,,271.0,M,,M,,*43
$GPRMC,114017.000,A,5405.6685,N,00200.4589,W,0.000,0.00,160912,,A*64
$GPGGA,114033.000,5405.6525,N,00200.4564,W,1,0,,271.0,M,,M,,*4F
$GPRMC,114033.000,A,5405.6525,N,00200.4564,W,0.000,0.00,160912,,A*68
$GPGGA,114048.000,5405.6454,N,00200.4561,W,1,0,,271.0,M,,M,,*41
$GPRMC,114048.000,A,5405.6454,N,00200.4561,W,0.000,0.00,160912,,A*66
$GPGGA,114103.000,5405.6431,N,00200.4588,W,1,0,,271.0,M,,M,,*4B
$GPRMC,114103.000,A,5405.6431,N,00200.4588,W,0.000,0.00,160912,,A*6C
$GPGGA,114118.000,5405.6364,N,00200.4634,W,1,0,,270.0,M,,M,,*43
$GPRMC,114118.000,A,5405.6364,N,00200.4634,W,0.000,0.00,160912,,A*65
$GPGGA,114133.000,5405.6346,N,00200.4688,W,1,0,,271.0,M,,M,,*4C
$GPRMC,114133.000,A,5405.6346,N,00200.4688,W,0.000,0.00,160912,,A*6B
$GPGGA,114148.000,5405.6378,N,00200.4630,W,1,0,,271.0,M,,M,,*4E
$GPRMC,114148.000,A,5405.6378,N,00200.4630,W,0.000,0.00,160912,,A*69
$GPGGA,114205.000,5405.6364,N,00200.4649,W,1,0,,271.0,M,,M,,*47
$GPRMC,114205.000,A,5405.6364,N,00200.4649,W,0.000,0.00,160912,,A*60
$GPGGA,114220.000,5405.6348,N,00200.4615,W,1,0,,271.0,M,,M,,*47
$GPRMC,114220.000,A,5405.6348,N,00200.4615,W,0.000,0.00,160912,,A*60
$GPGGA,114235.000,5405.6362,N,00200.4626,W,1,0,,271.0,M,,M,,*4B
$GPRMC,114235.000,A,5405.6362,N,00200.4626,W,0.000,0.00,160912,,A*6C
$GPGGA,114250.000,5405.6378,N,00200.4603,W,1,0,,271.0,M,,M,,*44
$GPRMC,114250.000,A,5405.6378,N,00200.4603,W,0.000,0.00,160912,,A*63
$GPGGA,114305.000,5405.6369,N,00200.4623,W,1,0,,271.0,M,,M,,*47
$GPRMC,114305.000,A,5405.6369,N,00200.4623,W,0.000,0.00,160912,,A*60
$GPGGA,114320.000,5405.6323,N,00200.4697,W,1,0,,271.0,M,,M,,*41
$GPRMC,114320.000,A,5405.6323,N,00200.4697,W,0.000,0.00,160912,,A*66
$GPGGA,114336.000,5405.6335,N,00200.4600,W,1,0,,271.0,M,,M,,*4F
$GPRMC,114336.000,A,5405.6335,N,00200.4600,W,0.000,0.00,160912,,A*68
$GPGGA,114351.000,5405.6346,N,00200.4627,W,1,0,,271.0,M,,M,,*4F
$GPRMC,114351.000,A,5405.6346,N,00200.4627,W,0.000,0.00,160912,,A*68
$GPGGA,114416.000,5405.6353,N,00200.4622,W,1,0,,271.0,M,,M,,*4A
$GPRMC,114416.000,A,5405.6353,N,00200.4622,W,0.000,0.00,160912,,A*6D
$GPGGA,114431.000,5405.6332,N,00200.4617,W,1,0,,271.0,M,,M,,*4E
$GPRMC,114431.000,A,5405.6332,N,00200.4617,W,0.000,0.00,160912,,A*69
$GPGGA,114446.000,5405.6330,N,00200.4619,W,1,0,,271.0,M,,M,,*42
$GPRMC,114446.000,A,5405.6330,N,00200.4619,W,0.000,0.00,160912,,A*65
$GPGGA,114501.000,5405.6367,N,00200.4630,W,1,0,,271.0,M,,M,,*49
$GPRMC,114501.000,A,5405.6367,N,00200.4630,W,0.000,0.00,160912,,A*6E
$GPGGA,114517.000,5405.6358,N,00200.4622,W,1,0,,271.0,M,,M,,*41
$GPRMC,114517.000,A,5405.6358,N,00200.4622,W,0.000,0.00,160912,,A*66
$GPGGA,114532.000,5405.6300,N,00200.4641,W,1,0,,271.0,M,,M,,*4E
$GPRMC,114532.000,A,5405.6300,N,00200.4641,W,0.000,0.00,160912,,A*69
$GPGGA,114547.000,5405.6245,N,00200.4591,W,1,0,,271.0,M,,M,,*42
$GPRMC,114547.000,A,5405.6245,N,00200.4591,W,0.000,0.00,160912,,A*65
$GPGGA,114603.000,5405.6168,N,00200.4615,W,1,0,,271.0,M,,M,,*42
$GPRMC,114603.000,A,5405.6168,N,00200.4615,W,0.000,0.00,160912,,A*65
$GPGGA,114618.000,5405.6046,N,00200.4642,W,1,0,,271.0,M,,M,,*47
$GPRMC,114618.000,A,5405.6046,N,00200.4642,W,0.000,0.00,160912,,A*60
$GPGGA,114633.000,5405.5934,N,00200.4632,W,1,0,,271.0,M,,M,,*46
$GPRMC,114633.000,A,5405.5934,N,00200.4632,W,0.000,0.00,160912,,A*61
$GPGGA,114649.000,5405.5829,N,00200.4604,W,1,0,,271.0,M,,M,,*43
$GPRMC,114649.000,A,5405.5829,N,00200.4604,W,0.000,0.00,160912,,A*64
$GPGGA,114704.000,5405.5680,N,00200.4572,W,1,0,,271.0,M,,M,,*44
$GPRMC,114704.000,A,5405.5680,N,00200.4572,W,0.000,0.00,160912,,A*63
$GPGGA,114719.000,5405.5625,N,00200.4593,W,1,0,,271.0,M,,M,,*48
$GPRMC,114719.000,A,5405.5625,N,00200.4593,W,0.000,0.00,160912,,A*6F
$GPGGA,114734.000,5405.5508,N,00200.4452,W,1,0,,271.0,M,,M,,*47
$GPRMC,114734.000,A,5405.5508,N,00200.4452,W,0.000,0.00,160912,,A*60
$GPGGA,114749.000,5405.5492,N,00200.4450,W,1,0,,271.0,M,,M,,*4D
$GPRMC,114749.000,A,5405.5492,N,00200.4450,W,0.000,0.00,160912,,A*6A
$GPGGA,114804.000,5405.5405,N,00200.4460,W,1,0,,271.0,M,,M,,*46
$GPRMC,114804.000,A,5405.5405,N,00200.4460,W,0.000,0.00,160912,,A*61
$GPGGA,114820.000,5405.5346,N,00200.4366,W,1,0,,271.0,M,,M,,*41
$GPRMC,114820.000,A,5405.5346,N,00200.4366,W,0.000,0.00,160912,,A*66
$GPGGA,114835.000,5405.5273,N,00200.4263,W,1,0,,271.0,M,,M,,*46
$GPRMC,114835.000,A,5405.5273,N,00200.4263,W,0.000,0.00,160912,,A*61
$GPGGA,114850.000,5405.5213,N,00200.4183,W,1,0,,271.0,M,,M,,*4E
$GPRMC,114850.000,A,5405.5213,N,00200.4183,W,0.000,0.00,160912,,A*69
$GPGGA,114905.000,5405.5071,N,00200.4080,W,1,0,,271.0,M,,M,,*4B
$GPRMC,114905.000,A,5405.5071,N,00200.4080,W,0.000,0.00,160912,,A*6C
$GPGGA,114920.000,5405.5000,N,00200.3989,W,1,0,,271.0,M,,M,,*4D
$GPRMC,114920.000,A,5405.5000,N,00200.3989,W,0.000,0.00,160912,,A*6A
$GPGGA,114937.000,5405.4902,N,00200.3935,W,1,0,,271.0,M,,M,,*46
$GPRMC,114937.000,A,5405.4902,N,00200.3935,W,0.000,0.00,160912,,A*61
$GPGGA,114952.000,5405.4799,N,00200.3869,W,1,0,,271.0,M,,M,,*41
$GPRMC,114952.000,A,5405.4799,N,00200.3869,W,0.000,0.00,160912,,A*66
$GPGGA,115007.000,5405.4716,N,00200.3760,W,1,0,,271.0,M,,M,,*48
$GPRMC,115007.000,A,5405.4716,N,00200.3760,W,0.000,0.00,160912,,A*6F
$GPGGA,115022.000,5405.4593,N,00200.3671,W,1,0,,271.0,M,,M,,*41
$GPRMC,115022.000,A,5405.4593,N,00200.3671,W,0.000,0.00,160912,,A*66
$GPGGA,115038.000,5405.4506,N,00200.3601,W,1,0,,272.0,M,,M,,*42
$GPRMC,115038.000,A,5405.4506,N,00200.3601,W,0.000,0.00,160912,,A*66
$GPGGA,115053.000,5405.4426,N,00200.3589,W,1,0,,271.0,M,,M,,*4C
$GPRMC,115053.000,A,5405.4426,N,00200.3589,W,0.000,0.00,160912,,A*6B
$GPGGA,115108.000,5405.4311,N,00200.3439,W,1,0,,272.0,M,,M,,*49
$GPRMC,115108.000,A,5405.4311,N,00200.3439,W,0.000,0.00,160912,,A*6D
$GPGGA,115124.000,5405.4153,N,00200.3346,W,1,0,,272.0,M,,M,,*4C
$GPRMC,115124.000,A,5405.4153,N,00200.3346,W,0.000,0.00,160912,,A*68
$GPGGA,115139.000,5405.4073,N,00200.3270,W,1,0,,272.0,M,,M,,*47
$GPRMC,115139.000,A,5405.4073,N,00200.3270,W,0.000,0.00,160912,,A*63
$GPGGA,115154.000,5405.3959,N,00200.3190,W,1,0,,272.0,M,,M,,*47
$GPRMC,115154.000,A,5405.3959,N,00200.3190,W,0.000,0.00,160912,,A*63
$GPGGA,115209.000,5405.3826,N,00200.3176,W,1,0,,272.0,M,,M,,*4D
$GPRMC,115209.000,A,5405.3826,N,00200.3176,W,0.000,0.00,160912,,A*69
$GPGGA,115225.000,5405.3732,N,00200.3143,W,1,0,,272.0,M,,M,,*4F
$GPRMC,115225.000,A,5405.3732,N,00200.3143,W,0.000,0.00,160912,,A*6B
$GPGGA,115240.000,5405.3627,N,00200.3097,W,1,0,,273.0,M,,M,,*40
$GPRMC,115240.000,A,5405.3627,N,00200.3097,W,0.000,0.00,160912,,A*65
$GPGGA,115255.000,5405.3494,N,00200.3053,W,1,0,,273.0,M,,M,,*46
$GPRMC,115255.000,A,5405.3494,N,00200.3053,W,0.000,0.00,160912,,A*63
$GPGGA,115310.000,5405.3474,N,00200.3001,W,1,0,,272.0,M,,M,,*4E
$GPRMC,115310.000,A,5405.3474,N,00200.3001,W,0.000,0.00,160912,,A*6A
$GPGGA,115325.000,5405.3382,N,00200.2928,W,1,0,,272.0,M,,M,,*45
$GPRMC,115325.000,A,5405.3382,N,00200.2928,W,0.000,0.00,160912,,A*61
$GPGGA,115340.000,5405.3268,N,00200.2833,W,1,0,,272.0,M,,M,,*48
$GPRMC,115340.000,A,5405.3268,N,00200.2833,W,0.000,0.00,160912,,A*6C
$GPGGA,115356.000,5405.3178,N,00200.2783,W,1,0,,273.0,M,,M,,*48
$GPRMC,115356.000,A,5405.3178,N,00200.2783,W,0.000,0.00,160912,,A*6D
$GPGGA,115411.000,5405.3082,N,00200.2737,W,1,0,,273.0,M,,M,,*47
$GPRMC,115411.000,A,5405.3082,N,00200.2737,W,0.000,0.00,160912,,A*62
$GPGGA,115427.000,5405.2979,N,00200.2696,W,1,0,,273.0,M,,M,,*44
$GPRMC,115427.000,A,5405.2979,N,00200.2696,W,0.000,0.00,160912,,A*61
$GPGGA,115443.000,5405.2895,N,00200.2655,W,1,0,,273.0,M,,M,,*4A
$GPRMC,115443.000,A,5405.2895,N,00200.2655,W,0.000,0.00,160912,,A*6F
$GPGGA,115458.000,5405.2769,N,00200.2694,W,1,0,,273.0,M,,M,,*41
$GPRMC,115458.000,A,5405.2769,N,00200.2694,W,0.000,0.00,160912,,A*64
$GPGGA,115513.000,5405.2634,N,00200.2644,W,1,0,,273.0,M,,M,,*4B
$GPRMC,115513.000,A,5405.2634,N,00200.2644,W,0.000,0.00,160912,,A*6E
$GPGGA,115528.000,5405.2583,N,00200.2632,W,1,0,,273.0,M,,M,,*4D
$GPRMC,115528.000,A,5405.2583,N,00200.2632,W,0.000,0.00,160912,,A*68
$GPGGA,115543.000,5405.2476,N,00200.2583,W,1,0,,273.0,M,,M,,*42
$GPRMC,115543.000,A,5405.2476,N,00200.2583,W,0.000,0.00,160912,,A*67
$GPGGA,115558.000,5405.2400,N,00200.2525,W,1,0,,273.0,M,,M,,*45
$GPRMC,115558.000,A,5405.2400,N,00200.2525,W,0.000,0.00,160912,,A*60
$GPGGA,115613.000,5405.2299,N,00200.2508,W,1,0,,273.0,M,,M,,*40
$GPRMC,115613.000,A,5405.2299,N,00200.2508,W,0.000,0.00,160912,,A*65
$GPGGA,115629.000,5405.2169,N,00200.2485,W,1,0,,274.0,M,,M,,*46
$GPRMC,115629.000,A,5405.2169,N,00200.2485,W,0.000,0.00,160912,,A*64
$GPGGA,115644.000,5405.2061,N,00200.2494,W,1,0,,274.0,M,,M,,*44
$GPRMC,115644.000,A,5405.2061,N,00200.2494,W,0.000,0.00,160912,,A*66
$GPGGA,115659.000,5405.1954,N,00200.2485,W,1,0,,274.0,M,,M,,*44
$GPRMC,115659.000,A,5405.1954,N,00200.2485,W,0.000,0.00,160912,,A*66
$GPGGA,115715.000,5405.1826,N,00200.2489,W,1,0,,274.0,M,,M,,*45
$GPRMC,115715.000,A,5405.1826,N,00200.2489,W,0.000,0.00,160912,,A*67
$GPGGA,115731.000,5405.1700,N,00200.2504,W,1,0,,274.0,M,,M,,*4C
$GPRMC,115731.000,A,5405.1700,N,00200.2504,W,0.000,0.00,160912,,A*6E
$GPGGA,115746.000,5405.1553,N,00200.2494,W,1,0,,274.0,M,,M,,*40
$GPRMC,115746.000,A,5405.1553,N,00200.2494,W,0.000,0.00,160912,,A*62
$GPGGA,115801.000,5405.1450,N,00200.2543,W,1,0,,274.0,M,,M,,*45
$GPRMC,115801.000,A,5405.1450,N,00200.2543,W,0.000,0.00,160912,,A*67
$GPGGA,115816.000,5405.1363,N,00200.2687,W,1,0,,274.0,M,,M,,*4F
$GPRMC,115816.000,A,5405.1363,N,00200.2687,W,0.000,0.00,160912,,A*6D
$GPGGA,115831.000,5405.1256,N,00200.2709,W,1,0,,274.0,M,,M,,*4A
$GPRMC,115831.000,A,5405.1256,N,00200.2709,W,0.000,0.00,160912,,A*68
$GPGGA,115846.000,5405.1153,N,00200.2660,W,1,0,,274.0,M,,M,,*42
$GPRMC,115846.000,A,5405.1153,N,00200.2660,W,0.000,0.00,160912,,A*60
$GPGGA,115901.000,5405.1031,N,00200.2657,W,1,0,,273.0,M,,M,,*46
$GPRMC,115901.000,A,5405.1031,N,00200.2657,W,0.000,0.00,160912,,A*63
$GPGGA,115917.000,5405.0915,N,00200.2549,W,1,0,,273.0,M,,M,,*43
$GPRMC,115917.000,A,5405.0915,N,00200.2549,W,0.000,0.00,160912,,A*66
$GPGGA,115932.000,5405.0803,N,00200.2488,W,1,0,,273.0,M,,M,,*4E
$GPRMC,115932.000,A,5405.0803,N,00200.2488,W,0.000,0.00,160912,,A*6B
$GPGGA,115947.000,5405.0709,N,00200.2428,W,1,0,,273.0,M,,M,,*43
$GPRMC,115947.000,A,5405.0709,N,00200.2428,W,0.000,0.00,160912,,A*66
$GPGGA,120002.000,5405.0617,N,00200.2381,W,1,0,,273.0,M,,M,,*47
$GPRMC,120002.000,A,5405.0617,N,00200.2381,W,0.000,0.00,160912,,A*62
$GPGGA,120018.000,5405.0526,N,00200.2352,W,1,0,,273.0,M,,M,,*43
$GPRMC,120018.000,A,5405.0526,N,00200.2352,W,0.000,0.00,160912,,A*66
$GPGGA,120034.000,5405.0441,N,00200.2306,W,1,0,,273.0,M,,M,,*4C
$GPRMC,120034.000,A,5405.0441,N,00200.2306,W,0.000,0.00,160912,,A*69
$GPGGA,120049.000,5405.0333,N,00200.2267,W,1,0,,272.0,M,,M,,*43
$GPRMC,120049.000,A,5405.0333,N,00200.2267,W,0.000,0.00,160912,,A*67
$GPGGA,120105.000,5405.0272,N,00200.2214,W,1,0,,272.0,M,,M,,*4A
$GPRMC,120105.000,A,5405.0272,N,00200.2214,W,0.000,0.00,160912,,A*6E
$GPGGA,120120.000,5405.0214,N,00200.2150,W,1,0,,273.0,M,,M,,*4F
$GPRMC,120120.000,A,5405.0214,N,00200.2150,W,0.000,0.00,160912,,A*6A
$GPGGA,120135.000,5405.0214,N,00200.2111,W,1,0,,272.0,M,,M,,*4F
$GPRMC,120135.000,A,5405.0214,N,00200.2111,W,0.000,0.00,160912,,A*6B
$GPGGA,120150.000,5405.0187,N,00200.2106,W,1,0,,272.0,M,,M,,*43
$GPRMC,120150.000,A,5405.0187,N,00200.2106,W,0.000,0.00,160912,,A*67
$GPGGA,120205.000,5405.0164,N,00200.2137,W,1,0,,273.0,M,,M,,*4E
$GPRMC,120205.000,A,5405.0164,N,00200.2137,W,0.000,0.00,160912,,A*6B
$GPGGA,120220.000,5405.0178,N,00200.2145,W,1,0,,272.0,M,,M,,*40
$GPRMC,120220.000,A,5405.0178,N,00200.2145,W,0.000,0.00,160912,,A*64
$GPGGA,120235.000,5405.0185,N,00200.2131,W,1,0,,272.0,M,,M,,*45
$GPRMC,120235.000,A,5405.0185,N,00200.2131,W,0.000,0.00,160912,,A*61
$GPGGA,120251.000,5405.0185,N,00200.2145,W,1,0,,272.0,M,,M,,*44
$GPRMC,120251.000,A,5405.0185,N,00200.2145,W,0.000,0.00,160912,,A*60
$GPGGA,120306.000,5405.0178,N,00200.2133,W,1,0,,272.0,M,,M,,*44
$GPRMC,120306.000,A,5405.0178,N,00200.2133,W,0.000,0.00,160912,,A*60
$GPGGA,120322.000,5405.0219,N,00200.2105,W,1,0,,272.0,M,,M,,*43
$GPRMC,120322.000,A,5405.0219,N,00200.2105,W,0.000,0.00,160912,,A*67
$GPGGA,120337.000,5405.0226,N,00200.2128,W,1,0,,271.0,M,,M,,*47
$GPRMC,120337.000,A,5405.0226,N,00200.2128,W,0.000,0.00,160912,,A*60
$GPGGA,120352.000,5405.0191,N,00200.2112,W,1,0,,271.0,M,,M,,*42
$GPRMC,120352.000,A,5405.0191,N,00200.2112,W,0.000,0.00,160912,,A*65
$GPGGA,120407.000,5405.0214,N,00200.2122,W,1,0,,271.0,M,,M,,*48
$GPRMC,120407.000,A,5405.0214,N,00200.2122,W,0.000,0.00,160912,,A*6F
$GPGGA,120423.000,5405.0217,N,00200.2201,W,1,0,,271.0,M,,M,,*4F
$GPRMC,120423.000,A,5405.0217,N,00200.2201,W,0.000,0.00,160912,,A*68
$GPGGA,120438.000,5405.0137,N,00200.2342,W,1,0,,271.0,M,,M,,*42
$GPRMC,120438.000,A,5405.0137,N,00200.2342,W,0.000,0.00,160912,,A*65
$GPGGA,120456.000,5405.0118,N,00200.2456,W,1,0,,270.0,M,,M,,*44
$GPRMC,120456.000,A,5405.0118,N,00200.2456,W,0.000,0.00,160912,,A*62
$GPGGA,120511.000,5405.0056,N,00200.2464,W,1,0,,270.0,M,,M,,*4C
$GPRMC,120511.000,A,5405.0056,N,00200.2464,W,0.000,0.00,160912,,A*6A
$GPGGA,120527.000,5404.9915,N,00200.2383,W,1,0,,270.0,M,,M,,*41
$GPRMC,120527.000,A,5404.9915,N,00200.2383,W,0.000,0.00,160912,,A*67
$GPGGA,120542.000,5404.9839,N,00200.2342,W,1,0,,270.0,M,,M,,*40
$GPRMC,120542.000,A,5404.9839,N,00200.2342,W,0.000,0.00,160912,,A*66
$GPGGA,120557.000,5404.9727,N,00200.2256,W,1,0,,270.0,M,,M,,*40
$GPRMC,120557.000,A,5404.9727,N,00200.2256,W,0.000,0.00,160912,,A*66
$GPGGA,120612.000,5404.9624,N,00200.2185,W,1,0,,269.0,M,,M,,*45
$GPRMC,120612.000,A,5404.9624,N,00200.2185,W,0.000,0.00,160912,,A*6B
$GPGGA,120628.000,5404.9521,N,00200.2147,W,1,0,,269.0,M,,M,,*44
$GPRMC,120628.000,A,5404.9521,N,00200.2147,W,0.000,0.00,160912,,A*6A
$GPGGA,120643.000,5404.9381,N,00200.2109,W,1,0,,268.0,M,,M,,*4E
$GPRMC,120643.000,A,5404.9381,N,00200.2109,W,0.000,0.00,160912,,A*61
$GPGGA,120658.000,5404.9347,N,00200.2087,W,1,0,,268.0,M,,M,,*49
$GPRMC,120658.000,A,5404.9347,N,00200.2087,W,0.000,0.00,160912,,A*66
$GPGGA,120713.000,5404.9271,N,00200.2099,W,1,0,,268.0,M,,M,,*4C
$GPRMC,120713.000,A,5404.9271,N,00200.2099,W,0.000,0.00,160912,,A*63
$GPGGA,120729.000,5404.9182,N,00200.2034,W,1,0,,267.0,M,,M,,*42
$GPRMC,120729.000,A,5404.9182,N,00200.2034,W,0.000,0.00,160912,,A*62
$GPGGA,120745.000,5404.9097,N,00200.2045,W,1,0,,267.0,M,,M,,*4B
$GPRMC,120745.000,A,5404.9097,N,00200.2045,W,0.000,0.00,160912,,A*6B
$GPGGA,120800.000,5404.9065,N,00200.2050,W,1,0,,267.0,M,,M,,*4C
$GPRMC,120800.000,A,5404.9065,N,00200.2050,W,0.000,0.00,160912,,A*6C
$GPGGA,120816.000,5404.9004,N,00200.1931,W,1,0,,267.0,M,,M,,*41
$GPRMC,120816.000,A,5404.9004,N,00200.1931,W,0.000,0.00,160912,,A*61
$GPGGA,120831.000,5404.8910,N,00200.1875,W,1,0,,266.0,M,,M,,*49
$GPRMC,120831.000,A,5404.8910,N,00200.1875,W,0.000,0.00,160912,,A*68
$GPGGA,120847.000,5404.8811,N,00200.1783,W,1,0,,266.0,M,,M,,*4E
$GPRMC,120847.000,A,5404.8811,N,00200.1783,W,0.000,0.00,160912,,A*6F
$GPGGA,120902.000,5404.8704,N,00200.1826,W,1,0,,265.0,M,,M,,*46
$GPRMC,120902.000,A,5404.8704,N,00200.1826,W,0.000,0.00,160912,,A*64
$GPGGA,120917.000,5404.8626,N,00200.1692,W,1,0,,265.0,M,,M,,*42
$GPRMC,120917.000,A,5404.8626,N,00200.1692,W,0.000,0.00,160912,,A*60
$GPGGA,120932.000,5404.8582,N,00200.1615,W,1,0,,264.0,M,,M,,*46
$GPRMC,120932.000,A,5404.8582,N,00200.1615,W,0.000,0.00,160912,,A*65
$GPGGA,120948.000,5404.8528,N,00200.1547,W,1,0,,263.0,M,,M,,*48
$GPRMC,120948.000,A,5404.8528,N,00200.1547,W,0.000,0.00,160912,,A*6C
$GPGGA,121003.000,5404.8420,N,00200.1417,W,1,0,,263.0,M,,M,,*42
$GPRMC,121003.000,A,5404.8420,N,00200.1417,W,0.000,0.00,160912,,A*66
$GPGGA,121018.000,5404.8319,N,00200.1339,W,1,0,,262.0,M,,M,,*4F
$GPRMC,121018.000,A,5404.8319,N,00200.1339,W,0.000,0.00,160912,,A*6A
$GPGGA,121034.000,5404.8358,N,00200.1297,W,1,0,,262.0,M,,M,,*41
$GPRMC,121034.000,A,5404.8358,N,00200.1297,W,0.000,0.00,160912,,A*64
$GPGGA,121049.000,5404.8363,N,00200.1165,W,1,0,,261.0,M,,M,,*4E
$GPRMC,121049.000,A,5404.8363,N,00200.1165,W,0.000,0.00,160912,,A*68
$GPGGA,121104.000,5404.8335,N,00200.1038,W,1,0,,261.0,M,,M,,*4C
$GPRMC,121104.000,A,5404.8335,N,00200.1038,W,0.000,0.00,160912,,A*6A
$GPGGA,121119.000,5404.8315,N,00200.0828,W,1,0,,260.0,M,,M,,*4B
$GPRMC,121119.000,A,5404.8315,N,00200.0828,W,0.000,0.00,160912,,A*6C
$GPGGA,121134.000,5404.8241,N,00200.0797,W,1,0,,260.0,M,,M,,*4F
$GPRMC,121134.000,A,5404.8241,N,00200.0797,W,0.000,0.00,160912,,A*68
$GPGGA,121149.000,5404.8168,N,00200.0789,W,1,0,,259.0,M,,M,,*48
$GPRMC,121149.000,A,5404.8168,N,00200.0789,W,0.000,0.00,160912,,A*65
$GPGGA,121204.000,5404.8143,N,00200.0805,W,1,0,,259.0,M,,M,,*40
$GPRMC,121204.000,A,5404.8143,N,00200.0805,W,0.000,0.00,160912,,A*6D
$GPGGA,121220.000,5404.8070,N,00200.0696,W,1,0,,259.0,M,,M,,*43
$GPRMC,121220.000,A,5404.8070,N,00200.0696,W,0.000,0.00,160912,,A*6E
$GPGGA,121235.000,5404.8026,N,00200.0602,W,1,0,,258.0,M,,M,,*48
$GPRMC,121235.000,A,5404.8026,N,00200.0602,W,0.000,0.00,160912,,A*64
$GPGGA,121250.000,5404.7962,N,00200.0465,W,1,0,,258.0,M,,M,,*4E
$GPRMC,121250.000,A,5404.7962,N,00200.0465,W,0.000,0.00,160912,,A*62
$GPGGA,121306.000,5404.7932,N,00200.0458,W,1,0,,258.0,M,,M,,*47
$GPRMC,121306.000,A,5404.7932,N,00200.0458,W,0.000,0.00,160912,,A*6B
$GPGGA,121321.000,5404.7864,N,00200.0484,W,1,0,,258.0,M,,M,,*41
$GPRMC,121321.000,A,5404.7864,N,00200.0484,W,0.000,0.00,160912,,A*6D
$GPGGA,121336.000,5404.7816,N,00200.0548,W,1,0,,258.0,M,,M,,*43
$GPRMC,121336.000,A,5404.7816,N,00200.0548,W,0.000,0.00,160912,,A*6F
$GPGGA,121351.000,5404.7736,N,00200.0556,W,1,0,,258.0,M,,M,,*40
$GPRMC,121351.000,A,5404.7736,N,00200.0556,W,0.000,0.00,160912,,A*6C
$GPGGA,121407.000,5404.7637,N,00200.0527,W,1,0,,258.0,M,,M,,*42
$GPRMC,121407.000,A,5404.7637,N,00200.0527,W,0.000,0.00,160912,,A*6E
$GPGGA,121422.000,5404.7511,N,00200.0427,W,1,0,,257.0,M,,M,,*4C
$GPRMC,121422.000,A,5404.7511,N,00200.0427,W,0.000,0.00,160912,,A*6F
$GPGGA,121437.000,5404.7353,N,00200.0362,W,1,0,,257.0,M,,M,,*4E
$GPRMC,121437.000,A,5404.7353,N,00200.0362,W,0.000,0.00,160912,,A*6D
$GPGGA,121452.000,5404.7296,N,00200.0326,W,1,0,,257.0,M,,M,,*45
$GPRMC,121452.000,A,5404.7296,N,00200.0326,W,0.000,0.00,160912,,A*66
$GPGGA,121508.000,5404.7200,N,00200.0245,W,1,0,,257.0,M,,M,,*40
$GPRMC,121508.000,A,5404.7200,N,00200.0245,W,0.000,0.00,160912,,A*63
$GPGGA,121523.000,5404.7108,N,00200.0189,W,1,0,,257.0,M,,M,,*41
$GPRMC,121523.000,A,5404.7108,N,00200.0189,W,0.000,0.00,160912,,A*62
$GPGGA,121538.000,5404.7001,N,00200.0130,W,1,0,,256.0,M,,M,,*40
$GPRMC,121538.000,A,5404.7001,N,00200.0130,W,0.000,0.00,160912,,A*62
$GPGGA,121553.000,5404.6937,N,00200.0124,W,1,0,,256.0,M,,M,,*45
$GPRMC,121553.000,A,5404.6937,N,00200.0124,W,0.000,0.00,160912,,A*67
$GPGGA,121609.000,5404.6868,N,00200.0104,W,1,0,,255.0,M,,M,,*43
$GPRMC,121609.000,A,5404.6868,N,00200.0104,W,0.000,0.00,160912,,A*62
$GPGGA,121629.000,5404.6841,N,00200.0084,W,1,0,,255.0,M,,M,,*43
$GPRMC,121629.000,A,5404.6841,N,00200.0084,W,0.000,0.00,160912,,A*62
$GPGGA,121644.000,5404.6845,N,00200.0007,W,1,0,,255.0,M,,M,,*47
$GPRMC,121644.000,A,5404.6845,N,00200.0007,W,0.000,0.00,160912,,A*66
$GPGGA,121659.000,5404.6905,N,00159.9841,W,1,0,,255.0,M,,M,,*42
$GPRMC,121659.000,A,5404.6905,N,00159.9841,W,0.000,0.00,160912,,A*63
$GPGGA,121714.000,5404.6987,N,00159.9658,W,1,0,,254.0,M,,M,,*47
$GPRMC,121714.000,A,5404.6987,N,00159.9658,W,0.000,0.00,160912,,A*67
$GPGGA,121729.000,5404.6928,N,00159.9575,W,1,0,,254.0,M,,M,,*40
$GPRMC,121729.000,A,5404.6928,N,00159.9575,W,0.000,0.00,160912,,A*60
$GPGGA,121744.000,5404.6880,N,00159.9506,W,1,0,,254.0,M,,M,,*4C
$GPRMC,121744.000,A,5404.6880,N,00159.9506,W,0.000,0.00,160912,,A*6C
$GPGGA,121759.000,5404.6829,N,00159.9371,W,1,0,,253.0,M,,M,,*42
$GPRMC,121759.000,A,5404.6829,N,00159.9371,W,0.000,0.00,160912,,A*65
$GPGGA,121815.000,5404.6777,N,00159.9171,W,1,0,,253.0,M,,M,,*43
$GPRMC,121815.000,A,5404.6777,N,00159.9171,W,0.000,0.00,160912,,A*64
$GPGGA,121831.000,5404.6653,N,00159.9014,W,1,0,,253.0,M,,M,,*40
$GPRMC,121831.000,A,5404.6653,N,00159.9014,W,0.000,0.00,160912,,A*67
$GPGGA,121846.000,5404.6630,N,00159.8891,W,1,0,,253.0,M,,M,,*41
$GPRMC,121846.000,A,5404.6630,N,00159.8891,W,0.000,0.00,160912,,A*66
$GPGGA,121902.000,5404.6607,N,00159.8756,W,1,0,,252.0,M,,M,,*41
$GPRMC,121902.000,A,5404.6607,N,00159.8756,W,0.000,0.00,160912,,A*67
$GPGGA,121920.000,5404.6559,N,00159.8649,W,1,0,,252.0,M,,M,,*46
$GPRMC,121920.000,A,5404.6559,N,00159.8649,W,0.000,0.00,160912,,A*60
$GPGGA,121935.000,5404.6543,N,00159.8530,W,1,0,,252.0,M,,M,,*44
$GPRMC,121935.000,A,5404.6543,N,00159.8530,W,0.000,0.00,160912,,A*62
$GPGGA,121950.000,5404.6484,N,00159.8585,W,1,0,,252.0,M,,M,,*43
$GPRMC,121950.000,A,5404.6484,N,00159.8585,W,0.000,0.00,160912,,A*65
$GPGGA,122006.000,5404.6394,N,00159.8646,W,1,0,,252.0,M,,M,,*40
$GPRMC,122006.000,A,5404.6394,N,00159.8646,W,0.000,0.00,160912,,A*66
$GPGGA,122021.000,5404.6310,N,00159.8719,W,1,0,,252.0,M,,M,,*42
$GPRMC,122021.000,A,5404.6310,N,00159.8719,W,0.000,0.00,160912,,A*64
$GPGGA,122036.000,5404.6225,N,00159.8784,W,1,0,,251.0,M,,M,,*44
$GPRMC,122036.000,A,5404.6225,N,00159.8784,W,0.000,0.00,160912,,A*61
$GPGGA,122051.000,5404.6149,N,00159.8829,W,1,0,,251.0,M,,M,,*44
$GPRMC,122051.000,A,5404.6149,N,00159.8829,W,0.000,0.00,160912,,A*61
$GPGGA,122106.000,5404.6037,N,00159.8853,W,1,0,,251.0,M,,M,,*42
$GPRMC,122106.000,A,5404.6037,N,00159.8853,W,0.000,0.00,160912,,A*67
$GPGGA,122126.000,5404.5854,N,00159.8841,W,1,0,,251.0,M,,M,,*4D
$GPRMC,122126.000,A,5404.5854,N,00159.8841,W,0.000,0.00,160912,,A*68
$GPGGA,122141.000,5404.5770,N,00159.8834,W,1,0,,250.0,M,,M,,*46
$GPRMC,122141.000,A,5404.5770,N,00159.8834,W,0.000,0.00,160912,,A*62
$GPGGA,122156.000,5404.5664,N,00159.8815,W,1,0,,250.0,M,,M,,*47
$GPRMC,122156.000,A,5404.5664,N,00159.8815,W,0.000,0.00,160912,,A*63
$GPGGA,122211.000,5404.5566,N,00159.8876,W,1,0,,250.0,M,,M,,*43
$GPRMC,122211.000,A,5404.5566,N,00159.8876,W,0.000,0.00,160912,,A*67
$GPGGA,122226.000,5404.5575,N,00159.8888,W,1,0,,250.0,M,,M,,*44
$GPRMC,122226.000,A,5404.5575,N,00159.8888,W,0.000,0.00,160912,,A*60
$GPGGA,122243.000,5404.5410,N,00159.9034,W,1,0,,249.0,M,,M,,*43
$GPRMC,122243.000,A,5404.5410,N,00159.9034,W,0.000,0.00,160912,,A*6F
$GPGGA,122258.000,5404.5335,N,00159.9001,W,1,0,,249.0,M,,M,,*4F
$GPRMC,122258.000,A,5404.5335,N,00159.9001,W,0.000,0.00,160912,,A*63
$GPGGA,122314.000,5404.5257,N,00159.8935,W,1,0,,249.0,M,,M,,*4C
$GPRMC,122314.000,A,5404.5257,N,00159.8935,W,0.000,0.00,160912,,A*60
$GPGGA,122329.000,5404.5133,N,00159.8733,W,1,0,,248.0,M,,M,,*4A
$GPRMC,122329.000,A,5404.5133,N,00159.8733,W,0.000,0.00,160912,,A*67
$GPGGA,122344.000,5404.5119,N,00159.8640,W,1,0,,248.0,M,,M,,*4C
$GPRMC,122344.000,A,5404.5119,N,00159.8640,W,0.000,0.00,160912,,A*61
$GPGGA,122402.000,5404.5035,N,00159.8557,W,1,0,,248.0,M,,M,,*43
$GPRMC,122402.000,A,5404.5035,N,00159.8557,W,0.000,0.00,160912,,A*6E
$GPGGA,122417.000,5404.4955,N,00159.8426,W,1,0,,248.0,M,,M,,*4E
$GPRMC,122417.000,A,5404.4955,N,00159.8426,W,0.000,0.00,160912,,A*63
$GPGGA,122432.000,5404.4833,N,00159.8278,W,1,0,,248.0,M,,M,,*45
$GPRMC,122432.000,A,5404.4833,N,00159.8278,W,0.000,0.00,160912,,A*68
$GPGGA,122448.000,5404.4774,N,00159.8195,W,1,0,,248.0,M,,M,,*44
$GPRMC,122448.000,A,5404.4774,N,00159.8195,W,0.000,0.00,160912,,A*69
$GPGGA,122503.000,5404.4730,N,00159.8116,W,1,0,,247.0,M,,M,,*4E
$GPRMC,122503.000,A,5404.4730,N,00159.8116,W,0.000,0.00,160912,,A*6C
$GPGGA,122518.000,5404.4604,N,00159.7996,W,1,0,,247.0,M,,M,,*4D
$GPRMC,122518.000,A,5404.4604,N,00159.7996,W,0.000,0.00,160912,,A*6F
$GPGGA,122533.000,5404.4499,N,00159.7906,W,1,0,,247.0,M,,M,,*4B
$GPRMC,122533.000,A,5404.4499,N,00159.7906,W,0.000,0.00,160912,,A*69
$GPGGA,122549.000,5404.4380,N,00159.7751,W,1,0,,247.0,M,,M,,*45
$GPRMC,122549.000,A,5404.4380,N,00159.7751,W,0.000,0.00,160912,,A*67
$GPGGA,122604.000,5404.4236,N,00159.7722,W,1,0,,247.0,M,,M,,*47
$GPRMC,122604.000,A,5404.4236,N,00159.7722,W,0.000,0.00,160912,,A*65
$GPGGA,122619.000,5404.4252,N,00159.7770,W,1,0,,246.0,M,,M,,*4F
$GPRMC,122619.000,A,5404.4252,N,00159.7770,W,0.000,0.00,160912,,A*6C
$GPGGA,122635.000,5404.4170,N,00159.7873,W,1,0,,246.0,M,,M,,*4E
$GPRMC,122635.000,A,5404.4170,N,00159.7873,W,0.000,0.00,160912,,A*6D
$GPGGA,122650.000,5404.4060,N,00159.7970,W,1,0,,245.0,M,,M,,*4C
$GPRMC,122650.000,A,5404.4060,N,00159.7970,W,0.000,0.00,160912,,A*6C
$GPGGA,122705.000,5404.3975,N,00159.7996,W,1,0,,245.0,M,,M,,*4F
$GPRMC,122705.000,A,5404.3975,N,00159.7996,W,0.000,0.00,160912,,A*6F
$GPGGA,122721.000,5404.3863,N,00159.8110,W,1,0,,245.0,M,,M,,*46
$GPRMC,122721.000,A,5404.3863,N,00159.8110,W,0.000,0.00,160912,,A*66
$GPGGA,122737.000,5404.3771,N,00159.8132,W,1,0,,244.0,M,,M,,*4C
$GPRMC,122737.000,A,5404.3771,N,00159.8132,W,0.000,0.00,160912,,A*6D
$GPGGA,122752.000,5404.3673,N,00159.8262,W,1,0,,244.0,M,,M,,*4A
$GPRMC,122752.000,A,5404.3673,N,00159.8262,W,0.000,0.00,160912,,A*6B
$GPGGA,122807.000,5404.3650,N,00159.8292,W,1,0,,244.0,M,,M,,*4B
$GPRMC,122807.000,A,5404.3650,N,00159.8292,W,0.000,0.00,160912,,A*6A
$GPGGA,122822.000,5404.3561,N,00159.8338,W,1,0,,243.0,M,,M,,*4B
$GPRMC,122822.000,A,5404.3561,N,00159.8338,W,0.000,0.00,160912,,A*6D
$GPGGA,122838.000,5404.3348,N,00159.8549,W,1,0,,243.0,M,,M,,*4D
$GPRMC,122838.000,A,5404.3348,N,00159.8549,W,0.000,0.00,160912,,A*6B
$GPGGA,122854.000,5404.3270,N,00159.8501,W,1,0,,243.0,M,,M,,*41
$GPRMC,122854.000,A,5404.3270,N,00159.8501,W,0.000,0.00,160912,,A*67
$GPGGA,122910.000,5404.3334,N,00159.8568,W,1,0,,243.0,M,,M,,*4E
$GPRMC,122910.000,A,5404.3334,N,00159.8568,W,0.000,0.00,160912,,A*68
$GPGGA,122926.000,5404.3293,N,00159.8508,W,1,0,,243.0,M,,M,,*41
$GPRMC,122926.000,A,5404.3293,N,00159.8508,W,0.000,0.00,160912,,A*67
$GPGGA,122941.000,5404.3282,N,00159.8503,W,1,0,,242.0,M,,M,,*4A
$GPRMC,122941.000,A,5404.3282,N,00159.8503,W,0.000,0.00,160912,,A*6D
$GPGGA,122957.000,5404.3270,N,00159.8531,W,1,0,,242.0,M,,M,,*41
$GPRMC,122957.000,A,5404.3270,N,00159.8531,W,0.000,0.00,160912,,A*66
$GPGGA,123012.000,5404.3270,N,00159.8550,W,1,0,,241.0,M,,M,,*4C
$GPRMC,123012.000,A,5404.3270,N,00159.8550,W,0.000,0.00,160912,,A*68
$GPGGA,123027.000,5404.3259,N,00159.8526,W,1,0,,241.0,M,,M,,*40
$GPRMC,123027.000,A,5404.3259,N,00159.8526,W,0.000,0.00,160912,,A*64
$GPGGA,123043.000,5404.3320,N,00159.8499,W,1,0,,241.0,M,,M,,*48
$GPRMC,123043.000,A,5404.3320,N,00159.8499,W,0.000,0.00,160912,,A*6C
$GPGGA,123058.000,5404.3320,N,00159.8512,W,1,0,,241.0,M,,M,,*40
$GPRMC,123058.000,A,5404.3320,N,00159.8512,W,0.000,0.00,160912,,A*64
$GPGGA,123113.000,5404.3311,N,00159.8456,W,1,0,,241.0,M,,M,,*4D
$GPRMC,123113.000,A,5404.3311,N,00159.8456,W,0.000,0.00,160912,,A*69
$GPGGA,123128.000,5404.3302,N,00159.8448,W,1,0,,241.0,M,,M,,*48
$GPRMC,123128.000,A,5404.3302,N,00159.8448,W,0.000,0.00,160912,,A*6C
$GPGGA,123143.000,5404.3275,N,00159.8448,W,1,0,,240.0,M,,M,,*45
$GPRMC,123143.000,A,5404.3275,N,00159.8448,W,0.000,0.00,160912,,A*60
$GPGGA,123158.000,5404.3243,N,00159.8474,W,1,0,,240.0,M,,M,,*45
$GPRMC,123158.000,A,5404.3243,N,00159.8474,W,0.000,0.00,160912,,A*60
$GPGGA,123214.000,5404.3190,N,00159.8578,W,1,0,,240.0,M,,M,,*4E
$GPRMC,123214.000,A,5404.3190,N,00159.8578,W,0.000,0.00,160912,,A*6B
$GPGGA,123229.000,5404.3208,N,00159.8618,W,1,0,,240.0,M,,M,,*47
$GPRMC,123229.000,A,5404.3208,N,00159.8618,W,0.000,0.00,160912,,A*62
$GPGGA,123244.000,5404.3222,N,00159.8602,W,1,0,,240.0,M,,M,,*4F
$GPRMC,123244.000,A,5404.3222,N,00159.8602,W,0.000,0.00,160912,,A*6A
$GPGGA,123259.000,5404.3229,N,00159.8546,W,1,0,,239.0,M,,M,,*45
$GPRMC,123259.000,A,5404.3229,N,00159.8546,W,0.000,0.00,160912,,A*6E
$GPGGA,123316.000,5404.3282,N,00159.8574,W,1,0,,239.0,M,,M,,*4F
$GPRMC,123316.000,A,5404.3282,N,00159.8574,W,0.000,0.00,160912,,A*64
$GPGGA,123332.000,5404.3401,N,00159.8540,W,1,0,,239.0,M,,M,,*43
$GPRMC,123332.000,A,5404.3401,N,00159.8540,W,0.000,0.00,160912,,A*68
$GPGGA,123347.000,5404.3462,N,00159.8441,W,1,0,,239.0,M,,M,,*44
$GPRMC,123347.000,A,5404.3462,N,00159.8441,W,0.000,0.00,160912,,A*6F
